   1              		.cpu cortex-m0
   2              		.fpu softvfp
   3              		.eabi_attribute 20, 1
   4              		.eabi_attribute 21, 1
   5              		.eabi_attribute 23, 3
   6              		.eabi_attribute 24, 1
   7              		.eabi_attribute 25, 1
   8              		.eabi_attribute 26, 1
   9              		.eabi_attribute 30, 6
  10              		.eabi_attribute 34, 0
  11              		.eabi_attribute 18, 4
  12              		.code	16
  13              		.file	"adc16.c"
  14              		.text
  15              	.Ltext0:
  16              		.cfi_sections	.debug_frame
  17              		.section	.text.ADC_Cal,"ax",%progbits
  18              		.align	2
  19              		.global	ADC_Cal
  20              		.code	16
  21              		.thumb_func
  23              	ADC_Cal:
  24              	.LFB0:
  25              		.file 1 "C:/Users/b01252/Documents/Freescale/L4K/software/kinetis_kl46_sc/src/projects/FRDMKL46_De
   1:C:/Users/b01252/Documents/Freescale/L4K/software/kinetis_kl46_sc/src/projects/FRDMKL46_Demo/adc16\adc16.c **** /*
   2:C:/Users/b01252/Documents/Freescale/L4K/software/kinetis_kl46_sc/src/projects/FRDMKL46_Demo/adc16\adc16.c ****  * File:		a16dc.c
   3:C:/Users/b01252/Documents/Freescale/L4K/software/kinetis_kl46_sc/src/projects/FRDMKL46_Demo/adc16\adc16.c ****  * Purpose:		Simple Driver or API for AdC16/PGA
   4:C:/Users/b01252/Documents/Freescale/L4K/software/kinetis_kl46_sc/src/projects/FRDMKL46_Demo/adc16\adc16.c ****  * This file contains the following two functions:
   5:C:/Users/b01252/Documents/Freescale/L4K/software/kinetis_kl46_sc/src/projects/FRDMKL46_Demo/adc16\adc16.c ****  *  1. ADC_Cal: calibrates the ADC
   6:C:/Users/b01252/Documents/Freescale/L4K/software/kinetis_kl46_sc/src/projects/FRDMKL46_Demo/adc16\adc16.c ****  *  2. ADC_Config_Alt: Simply configures an ADC per a structure
   7:C:/Users/b01252/Documents/Freescale/L4K/software/kinetis_kl46_sc/src/projects/FRDMKL46_Demo/adc16\adc16.c ****  *
   8:C:/Users/b01252/Documents/Freescale/L4K/software/kinetis_kl46_sc/src/projects/FRDMKL46_Demo/adc16\adc16.c ****  * Typical usage: Fill the structure with the ADC and PGA register contents 
   9:C:/Users/b01252/Documents/Freescale/L4K/software/kinetis_kl46_sc/src/projects/FRDMKL46_Demo/adc16\adc16.c ****  * needed for the ADC usage.
  10:C:/Users/b01252/Documents/Freescale/L4K/software/kinetis_kl46_sc/src/projects/FRDMKL46_Demo/adc16\adc16.c **** 
  11:C:/Users/b01252/Documents/Freescale/L4K/software/kinetis_kl46_sc/src/projects/FRDMKL46_Demo/adc16\adc16.c ****  * a) Call the ADC_Config_Alt function to configure an ADC, (ADC0 or ADC1)
  12:C:/Users/b01252/Documents/Freescale/L4K/software/kinetis_kl46_sc/src/projects/FRDMKL46_Demo/adc16\adc16.c ****  * b) Call the ADC_Cal function to calibrate that ADC
  13:C:/Users/b01252/Documents/Freescale/L4K/software/kinetis_kl46_sc/src/projects/FRDMKL46_Demo/adc16\adc16.c ****  * c) Call the ADC_Config_Alt function again to restore desired configuation
  14:C:/Users/b01252/Documents/Freescale/L4K/software/kinetis_kl46_sc/src/projects/FRDMKL46_Demo/adc16\adc16.c ****  *    after a calibration
  15:C:/Users/b01252/Documents/Freescale/L4K/software/kinetis_kl46_sc/src/projects/FRDMKL46_Demo/adc16\adc16.c ****  *
  16:C:/Users/b01252/Documents/Freescale/L4K/software/kinetis_kl46_sc/src/projects/FRDMKL46_Demo/adc16\adc16.c ****  *
  17:C:/Users/b01252/Documents/Freescale/L4K/software/kinetis_kl46_sc/src/projects/FRDMKL46_Demo/adc16\adc16.c ****  */
  18:C:/Users/b01252/Documents/Freescale/L4K/software/kinetis_kl46_sc/src/projects/FRDMKL46_Demo/adc16\adc16.c **** 
  19:C:/Users/b01252/Documents/Freescale/L4K/software/kinetis_kl46_sc/src/projects/FRDMKL46_Demo/adc16\adc16.c **** #include "common.h"
  20:C:/Users/b01252/Documents/Freescale/L4K/software/kinetis_kl46_sc/src/projects/FRDMKL46_Demo/adc16\adc16.c **** #include "adc16.h"
  21:C:/Users/b01252/Documents/Freescale/L4K/software/kinetis_kl46_sc/src/projects/FRDMKL46_Demo/adc16\adc16.c **** 
  22:C:/Users/b01252/Documents/Freescale/L4K/software/kinetis_kl46_sc/src/projects/FRDMKL46_Demo/adc16\adc16.c **** 
  23:C:/Users/b01252/Documents/Freescale/L4K/software/kinetis_kl46_sc/src/projects/FRDMKL46_Demo/adc16\adc16.c **** 
  24:C:/Users/b01252/Documents/Freescale/L4K/software/kinetis_kl46_sc/src/projects/FRDMKL46_Demo/adc16\adc16.c **** 
  25:C:/Users/b01252/Documents/Freescale/L4K/software/kinetis_kl46_sc/src/projects/FRDMKL46_Demo/adc16\adc16.c **** /******************************************************************************
  26:C:/Users/b01252/Documents/Freescale/L4K/software/kinetis_kl46_sc/src/projects/FRDMKL46_Demo/adc16\adc16.c **** Function 1. Name	AUTO CAL ROUTINE   
  27:C:/Users/b01252/Documents/Freescale/L4K/software/kinetis_kl46_sc/src/projects/FRDMKL46_Demo/adc16\adc16.c **** 
  28:C:/Users/b01252/Documents/Freescale/L4K/software/kinetis_kl46_sc/src/projects/FRDMKL46_Demo/adc16\adc16.c **** Parameters		ADC module pointer points to adc0 or adc1 register map 
  29:C:/Users/b01252/Documents/Freescale/L4K/software/kinetis_kl46_sc/src/projects/FRDMKL46_Demo/adc16\adc16.c ****                          base address.
  30:C:/Users/b01252/Documents/Freescale/L4K/software/kinetis_kl46_sc/src/projects/FRDMKL46_Demo/adc16\adc16.c **** Returns			Zero indicates success.
  31:C:/Users/b01252/Documents/Freescale/L4K/software/kinetis_kl46_sc/src/projects/FRDMKL46_Demo/adc16\adc16.c **** Notes         		Calibrates the ADC16. Required to meet specifications 
  32:C:/Users/b01252/Documents/Freescale/L4K/software/kinetis_kl46_sc/src/projects/FRDMKL46_Demo/adc16\adc16.c ****                         after reset and before a conversion is initiated.
  33:C:/Users/b01252/Documents/Freescale/L4K/software/kinetis_kl46_sc/src/projects/FRDMKL46_Demo/adc16\adc16.c **** ******************************************************************************/
  34:C:/Users/b01252/Documents/Freescale/L4K/software/kinetis_kl46_sc/src/projects/FRDMKL46_Demo/adc16\adc16.c **** uint8 ADC_Cal(ADC_MemMapPtr adcmap)
  35:C:/Users/b01252/Documents/Freescale/L4K/software/kinetis_kl46_sc/src/projects/FRDMKL46_Demo/adc16\adc16.c **** {
  26              		.loc 1 35 0
  27              		.cfi_startproc
  28 0000 80B5     		push	{r7, lr}
  29              	.LCFI0:
  30              		.cfi_def_cfa_offset 8
  31              		.cfi_offset 7, -8
  32              		.cfi_offset 14, -4
  33 0002 84B0     		sub	sp, sp, #16
  34              	.LCFI1:
  35              		.cfi_def_cfa_offset 24
  36 0004 00AF     		add	r7, sp, #0
  37              	.LCFI2:
  38              		.cfi_def_cfa_register 7
  39 0006 7860     		str	r0, [r7, #4]
  36:C:/Users/b01252/Documents/Freescale/L4K/software/kinetis_kl46_sc/src/projects/FRDMKL46_Demo/adc16\adc16.c **** 
  37:C:/Users/b01252/Documents/Freescale/L4K/software/kinetis_kl46_sc/src/projects/FRDMKL46_Demo/adc16\adc16.c ****   unsigned short cal_var;
  38:C:/Users/b01252/Documents/Freescale/L4K/software/kinetis_kl46_sc/src/projects/FRDMKL46_Demo/adc16\adc16.c ****   
  39:C:/Users/b01252/Documents/Freescale/L4K/software/kinetis_kl46_sc/src/projects/FRDMKL46_Demo/adc16\adc16.c ****   ADC_SC2_REG(adcmap) &=  ~ADC_SC2_ADTRG_MASK ; // Enable Software Conversion Trigger for Calibrati
  40              		.loc 1 39 0
  41 0008 7B68     		ldr	r3, [r7, #4]
  42 000a 1B6A     		ldr	r3, [r3, #32]
  43 000c 4022     		mov	r2, #64
  44 000e 191C     		mov	r1, r3
  45 0010 9143     		bic	r1, r2
  46 0012 0A1C     		mov	r2, r1
  47 0014 7B68     		ldr	r3, [r7, #4]
  48 0016 1A62     		str	r2, [r3, #32]
  40:C:/Users/b01252/Documents/Freescale/L4K/software/kinetis_kl46_sc/src/projects/FRDMKL46_Demo/adc16\adc16.c ****   ADC_SC3_REG(adcmap) &= ( ~ADC_SC3_ADCO_MASK & ~ADC_SC3_AVGS_MASK ); // set single conversion, cle
  49              		.loc 1 40 0
  50 0018 7B68     		ldr	r3, [r7, #4]
  51 001a 5B6A     		ldr	r3, [r3, #36]
  52 001c 0B22     		mov	r2, #11
  53 001e 191C     		mov	r1, r3
  54 0020 9143     		bic	r1, r2
  55 0022 0A1C     		mov	r2, r1
  56 0024 7B68     		ldr	r3, [r7, #4]
  57 0026 5A62     		str	r2, [r3, #36]
  41:C:/Users/b01252/Documents/Freescale/L4K/software/kinetis_kl46_sc/src/projects/FRDMKL46_Demo/adc16\adc16.c ****   ADC_SC3_REG(adcmap) |= ( ADC_SC3_AVGE_MASK | ADC_SC3_AVGS(AVGS_32) );  // Turn averaging ON and s
  58              		.loc 1 41 0
  59 0028 7B68     		ldr	r3, [r7, #4]
  60 002a 5B6A     		ldr	r3, [r3, #36]
  61 002c 0722     		mov	r2, #7
  62 002e 1A43     		orr	r2, r3
  63 0030 7B68     		ldr	r3, [r7, #4]
  64 0032 5A62     		str	r2, [r3, #36]
  42:C:/Users/b01252/Documents/Freescale/L4K/software/kinetis_kl46_sc/src/projects/FRDMKL46_Demo/adc16\adc16.c ****   
  43:C:/Users/b01252/Documents/Freescale/L4K/software/kinetis_kl46_sc/src/projects/FRDMKL46_Demo/adc16\adc16.c ****   
  44:C:/Users/b01252/Documents/Freescale/L4K/software/kinetis_kl46_sc/src/projects/FRDMKL46_Demo/adc16\adc16.c ****   ADC_SC3_REG(adcmap) |= ADC_SC3_CAL_MASK ;      // Start CAL
  65              		.loc 1 44 0
  66 0034 7B68     		ldr	r3, [r7, #4]
  67 0036 5B6A     		ldr	r3, [r3, #36]
  68 0038 8022     		mov	r2, #128
  69 003a 1A43     		orr	r2, r3
  70 003c 7B68     		ldr	r3, [r7, #4]
  71 003e 5A62     		str	r2, [r3, #36]
  45:C:/Users/b01252/Documents/Freescale/L4K/software/kinetis_kl46_sc/src/projects/FRDMKL46_Demo/adc16\adc16.c ****   while ( (ADC_SC1_REG(adcmap,A_) & ADC_SC1_COCO_MASK ) == COCO_NOT ); // Wait calibration end
  72              		.loc 1 45 0
  73 0040 C046     		mov	r8, r8
  74              	.L2:
  75              		.loc 1 45 0 is_stmt 0
  76 0042 7B68     		ldr	r3, [r7, #4]
  77 0044 1A68     		ldr	r2, [r3]
  78 0046 8023     		mov	r3, #128
  79 0048 1340     		and	r3, r2
  80 004a FAD0     		beq	.L2
  46:C:/Users/b01252/Documents/Freescale/L4K/software/kinetis_kl46_sc/src/projects/FRDMKL46_Demo/adc16\adc16.c ****   	
  47:C:/Users/b01252/Documents/Freescale/L4K/software/kinetis_kl46_sc/src/projects/FRDMKL46_Demo/adc16\adc16.c ****   if ((ADC_SC3_REG(adcmap)& ADC_SC3_CALF_MASK) == CALF_FAIL )
  81              		.loc 1 47 0 is_stmt 1
  82 004c 7B68     		ldr	r3, [r7, #4]
  83 004e 5A6A     		ldr	r2, [r3, #36]
  84 0050 4023     		mov	r3, #64
  85 0052 1340     		and	r3, r2
  86 0054 01D0     		beq	.L3
  48:C:/Users/b01252/Documents/Freescale/L4K/software/kinetis_kl46_sc/src/projects/FRDMKL46_Demo/adc16\adc16.c ****   {  
  49:C:/Users/b01252/Documents/Freescale/L4K/software/kinetis_kl46_sc/src/projects/FRDMKL46_Demo/adc16\adc16.c ****    return(1);    // Check for Calibration fail error and return 
  87              		.loc 1 49 0
  88 0056 0123     		mov	r3, #1
  89 0058 A6E0     		b	.L4
  90              	.L3:
  50:C:/Users/b01252/Documents/Freescale/L4K/software/kinetis_kl46_sc/src/projects/FRDMKL46_Demo/adc16\adc16.c ****   }
  51:C:/Users/b01252/Documents/Freescale/L4K/software/kinetis_kl46_sc/src/projects/FRDMKL46_Demo/adc16\adc16.c ****   // Calculate plus-side calibration
  52:C:/Users/b01252/Documents/Freescale/L4K/software/kinetis_kl46_sc/src/projects/FRDMKL46_Demo/adc16\adc16.c ****   cal_var = 0x00;
  91              		.loc 1 52 0
  92 005a 3B1C     		mov	r3, r7
  93 005c 0E33     		add	r3, r3, #14
  94 005e 0022     		mov	r2, #0
  95 0060 1A80     		strh	r2, [r3]
  53:C:/Users/b01252/Documents/Freescale/L4K/software/kinetis_kl46_sc/src/projects/FRDMKL46_Demo/adc16\adc16.c ****   
  54:C:/Users/b01252/Documents/Freescale/L4K/software/kinetis_kl46_sc/src/projects/FRDMKL46_Demo/adc16\adc16.c ****   cal_var =  ADC_CLP0_REG(adcmap); 
  96              		.loc 1 54 0
  97 0062 7B68     		ldr	r3, [r7, #4]
  98 0064 DA6C     		ldr	r2, [r3, #76]
  99 0066 3B1C     		mov	r3, r7
 100 0068 0E33     		add	r3, r3, #14
 101 006a 1A80     		strh	r2, [r3]
  55:C:/Users/b01252/Documents/Freescale/L4K/software/kinetis_kl46_sc/src/projects/FRDMKL46_Demo/adc16\adc16.c ****   cal_var += ADC_CLP1_REG(adcmap);
 102              		.loc 1 55 0
 103 006c 7B68     		ldr	r3, [r7, #4]
 104 006e 9B6C     		ldr	r3, [r3, #72]
 105 0070 99B2     		uxth	r1, r3
 106 0072 3B1C     		mov	r3, r7
 107 0074 0E33     		add	r3, r3, #14
 108 0076 3A1C     		mov	r2, r7
 109 0078 0E32     		add	r2, r2, #14
 110 007a 1288     		ldrh	r2, [r2]
 111 007c 8A18     		add	r2, r1, r2
 112 007e 1A80     		strh	r2, [r3]
  56:C:/Users/b01252/Documents/Freescale/L4K/software/kinetis_kl46_sc/src/projects/FRDMKL46_Demo/adc16\adc16.c ****   cal_var += ADC_CLP2_REG(adcmap);
 113              		.loc 1 56 0
 114 0080 7B68     		ldr	r3, [r7, #4]
 115 0082 5B6C     		ldr	r3, [r3, #68]
 116 0084 99B2     		uxth	r1, r3
 117 0086 3B1C     		mov	r3, r7
 118 0088 0E33     		add	r3, r3, #14
 119 008a 3A1C     		mov	r2, r7
 120 008c 0E32     		add	r2, r2, #14
 121 008e 1288     		ldrh	r2, [r2]
 122 0090 8A18     		add	r2, r1, r2
 123 0092 1A80     		strh	r2, [r3]
  57:C:/Users/b01252/Documents/Freescale/L4K/software/kinetis_kl46_sc/src/projects/FRDMKL46_Demo/adc16\adc16.c ****   cal_var += ADC_CLP3_REG(adcmap);
 124              		.loc 1 57 0
 125 0094 7B68     		ldr	r3, [r7, #4]
 126 0096 1B6C     		ldr	r3, [r3, #64]
 127 0098 99B2     		uxth	r1, r3
 128 009a 3B1C     		mov	r3, r7
 129 009c 0E33     		add	r3, r3, #14
 130 009e 3A1C     		mov	r2, r7
 131 00a0 0E32     		add	r2, r2, #14
 132 00a2 1288     		ldrh	r2, [r2]
 133 00a4 8A18     		add	r2, r1, r2
 134 00a6 1A80     		strh	r2, [r3]
  58:C:/Users/b01252/Documents/Freescale/L4K/software/kinetis_kl46_sc/src/projects/FRDMKL46_Demo/adc16\adc16.c ****   cal_var += ADC_CLP4_REG(adcmap);
 135              		.loc 1 58 0
 136 00a8 7B68     		ldr	r3, [r7, #4]
 137 00aa DB6B     		ldr	r3, [r3, #60]
 138 00ac 99B2     		uxth	r1, r3
 139 00ae 3B1C     		mov	r3, r7
 140 00b0 0E33     		add	r3, r3, #14
 141 00b2 3A1C     		mov	r2, r7
 142 00b4 0E32     		add	r2, r2, #14
 143 00b6 1288     		ldrh	r2, [r2]
 144 00b8 8A18     		add	r2, r1, r2
 145 00ba 1A80     		strh	r2, [r3]
  59:C:/Users/b01252/Documents/Freescale/L4K/software/kinetis_kl46_sc/src/projects/FRDMKL46_Demo/adc16\adc16.c ****   cal_var += ADC_CLPS_REG(adcmap);
 146              		.loc 1 59 0
 147 00bc 7B68     		ldr	r3, [r7, #4]
 148 00be 9B6B     		ldr	r3, [r3, #56]
 149 00c0 99B2     		uxth	r1, r3
 150 00c2 3B1C     		mov	r3, r7
 151 00c4 0E33     		add	r3, r3, #14
 152 00c6 3A1C     		mov	r2, r7
 153 00c8 0E32     		add	r2, r2, #14
 154 00ca 1288     		ldrh	r2, [r2]
 155 00cc 8A18     		add	r2, r1, r2
 156 00ce 1A80     		strh	r2, [r3]
  60:C:/Users/b01252/Documents/Freescale/L4K/software/kinetis_kl46_sc/src/projects/FRDMKL46_Demo/adc16\adc16.c **** 
  61:C:/Users/b01252/Documents/Freescale/L4K/software/kinetis_kl46_sc/src/projects/FRDMKL46_Demo/adc16\adc16.c ****   cal_var = cal_var/2;
 157              		.loc 1 61 0
 158 00d0 3B1C     		mov	r3, r7
 159 00d2 0E33     		add	r3, r3, #14
 160 00d4 3A1C     		mov	r2, r7
 161 00d6 0E32     		add	r2, r2, #14
 162 00d8 1288     		ldrh	r2, [r2]
 163 00da 5208     		lsr	r2, r2, #1
 164 00dc 1A80     		strh	r2, [r3]
  62:C:/Users/b01252/Documents/Freescale/L4K/software/kinetis_kl46_sc/src/projects/FRDMKL46_Demo/adc16\adc16.c ****   cal_var |= 0x8000; // Set MSB
 165              		.loc 1 62 0
 166 00de 3B1C     		mov	r3, r7
 167 00e0 0E33     		add	r3, r3, #14
 168 00e2 3A1C     		mov	r2, r7
 169 00e4 0E32     		add	r2, r2, #14
 170 00e6 1288     		ldrh	r2, [r2]
 171 00e8 3149     		ldr	r1, .L5
 172 00ea 0A43     		orr	r2, r1
 173 00ec 1A80     		strh	r2, [r3]
  63:C:/Users/b01252/Documents/Freescale/L4K/software/kinetis_kl46_sc/src/projects/FRDMKL46_Demo/adc16\adc16.c **** 
  64:C:/Users/b01252/Documents/Freescale/L4K/software/kinetis_kl46_sc/src/projects/FRDMKL46_Demo/adc16\adc16.c ****   ADC_PG_REG(adcmap) = ADC_PG_PG(cal_var);
 174              		.loc 1 64 0
 175 00ee 3B1C     		mov	r3, r7
 176 00f0 0E33     		add	r3, r3, #14
 177 00f2 1A88     		ldrh	r2, [r3]
 178 00f4 7B68     		ldr	r3, [r7, #4]
 179 00f6 DA62     		str	r2, [r3, #44]
  65:C:/Users/b01252/Documents/Freescale/L4K/software/kinetis_kl46_sc/src/projects/FRDMKL46_Demo/adc16\adc16.c ****  
  66:C:/Users/b01252/Documents/Freescale/L4K/software/kinetis_kl46_sc/src/projects/FRDMKL46_Demo/adc16\adc16.c **** 
  67:C:/Users/b01252/Documents/Freescale/L4K/software/kinetis_kl46_sc/src/projects/FRDMKL46_Demo/adc16\adc16.c ****   // Calculate minus-side calibration
  68:C:/Users/b01252/Documents/Freescale/L4K/software/kinetis_kl46_sc/src/projects/FRDMKL46_Demo/adc16\adc16.c ****   cal_var = 0x00;
 180              		.loc 1 68 0
 181 00f8 3B1C     		mov	r3, r7
 182 00fa 0E33     		add	r3, r3, #14
 183 00fc 0022     		mov	r2, #0
 184 00fe 1A80     		strh	r2, [r3]
  69:C:/Users/b01252/Documents/Freescale/L4K/software/kinetis_kl46_sc/src/projects/FRDMKL46_Demo/adc16\adc16.c **** 
  70:C:/Users/b01252/Documents/Freescale/L4K/software/kinetis_kl46_sc/src/projects/FRDMKL46_Demo/adc16\adc16.c ****   cal_var =  ADC_CLM0_REG(adcmap); 
 185              		.loc 1 70 0
 186 0100 7B68     		ldr	r3, [r7, #4]
 187 0102 DA6E     		ldr	r2, [r3, #108]
 188 0104 3B1C     		mov	r3, r7
 189 0106 0E33     		add	r3, r3, #14
 190 0108 1A80     		strh	r2, [r3]
  71:C:/Users/b01252/Documents/Freescale/L4K/software/kinetis_kl46_sc/src/projects/FRDMKL46_Demo/adc16\adc16.c ****   cal_var += ADC_CLM1_REG(adcmap);
 191              		.loc 1 71 0
 192 010a 7B68     		ldr	r3, [r7, #4]
 193 010c 9B6E     		ldr	r3, [r3, #104]
 194 010e 99B2     		uxth	r1, r3
 195 0110 3B1C     		mov	r3, r7
 196 0112 0E33     		add	r3, r3, #14
 197 0114 3A1C     		mov	r2, r7
 198 0116 0E32     		add	r2, r2, #14
 199 0118 1288     		ldrh	r2, [r2]
 200 011a 8A18     		add	r2, r1, r2
 201 011c 1A80     		strh	r2, [r3]
  72:C:/Users/b01252/Documents/Freescale/L4K/software/kinetis_kl46_sc/src/projects/FRDMKL46_Demo/adc16\adc16.c ****   cal_var += ADC_CLM2_REG(adcmap);
 202              		.loc 1 72 0
 203 011e 7B68     		ldr	r3, [r7, #4]
 204 0120 5B6E     		ldr	r3, [r3, #100]
 205 0122 99B2     		uxth	r1, r3
 206 0124 3B1C     		mov	r3, r7
 207 0126 0E33     		add	r3, r3, #14
 208 0128 3A1C     		mov	r2, r7
 209 012a 0E32     		add	r2, r2, #14
 210 012c 1288     		ldrh	r2, [r2]
 211 012e 8A18     		add	r2, r1, r2
 212 0130 1A80     		strh	r2, [r3]
  73:C:/Users/b01252/Documents/Freescale/L4K/software/kinetis_kl46_sc/src/projects/FRDMKL46_Demo/adc16\adc16.c ****   cal_var += ADC_CLM3_REG(adcmap);
 213              		.loc 1 73 0
 214 0132 7B68     		ldr	r3, [r7, #4]
 215 0134 1B6E     		ldr	r3, [r3, #96]
 216 0136 99B2     		uxth	r1, r3
 217 0138 3B1C     		mov	r3, r7
 218 013a 0E33     		add	r3, r3, #14
 219 013c 3A1C     		mov	r2, r7
 220 013e 0E32     		add	r2, r2, #14
 221 0140 1288     		ldrh	r2, [r2]
 222 0142 8A18     		add	r2, r1, r2
 223 0144 1A80     		strh	r2, [r3]
  74:C:/Users/b01252/Documents/Freescale/L4K/software/kinetis_kl46_sc/src/projects/FRDMKL46_Demo/adc16\adc16.c ****   cal_var += ADC_CLM4_REG(adcmap);
 224              		.loc 1 74 0
 225 0146 7B68     		ldr	r3, [r7, #4]
 226 0148 DB6D     		ldr	r3, [r3, #92]
 227 014a 99B2     		uxth	r1, r3
 228 014c 3B1C     		mov	r3, r7
 229 014e 0E33     		add	r3, r3, #14
 230 0150 3A1C     		mov	r2, r7
 231 0152 0E32     		add	r2, r2, #14
 232 0154 1288     		ldrh	r2, [r2]
 233 0156 8A18     		add	r2, r1, r2
 234 0158 1A80     		strh	r2, [r3]
  75:C:/Users/b01252/Documents/Freescale/L4K/software/kinetis_kl46_sc/src/projects/FRDMKL46_Demo/adc16\adc16.c ****   cal_var += ADC_CLMS_REG(adcmap);
 235              		.loc 1 75 0
 236 015a 7B68     		ldr	r3, [r7, #4]
 237 015c 9B6D     		ldr	r3, [r3, #88]
 238 015e 99B2     		uxth	r1, r3
 239 0160 3B1C     		mov	r3, r7
 240 0162 0E33     		add	r3, r3, #14
 241 0164 3A1C     		mov	r2, r7
 242 0166 0E32     		add	r2, r2, #14
 243 0168 1288     		ldrh	r2, [r2]
 244 016a 8A18     		add	r2, r1, r2
 245 016c 1A80     		strh	r2, [r3]
  76:C:/Users/b01252/Documents/Freescale/L4K/software/kinetis_kl46_sc/src/projects/FRDMKL46_Demo/adc16\adc16.c **** 
  77:C:/Users/b01252/Documents/Freescale/L4K/software/kinetis_kl46_sc/src/projects/FRDMKL46_Demo/adc16\adc16.c ****   cal_var = cal_var/2;
 246              		.loc 1 77 0
 247 016e 3B1C     		mov	r3, r7
 248 0170 0E33     		add	r3, r3, #14
 249 0172 3A1C     		mov	r2, r7
 250 0174 0E32     		add	r2, r2, #14
 251 0176 1288     		ldrh	r2, [r2]
 252 0178 5208     		lsr	r2, r2, #1
 253 017a 1A80     		strh	r2, [r3]
  78:C:/Users/b01252/Documents/Freescale/L4K/software/kinetis_kl46_sc/src/projects/FRDMKL46_Demo/adc16\adc16.c **** 
  79:C:/Users/b01252/Documents/Freescale/L4K/software/kinetis_kl46_sc/src/projects/FRDMKL46_Demo/adc16\adc16.c ****   cal_var |= 0x8000; // Set MSB
 254              		.loc 1 79 0
 255 017c 3B1C     		mov	r3, r7
 256 017e 0E33     		add	r3, r3, #14
 257 0180 3A1C     		mov	r2, r7
 258 0182 0E32     		add	r2, r2, #14
 259 0184 1288     		ldrh	r2, [r2]
 260 0186 0A49     		ldr	r1, .L5
 261 0188 0A43     		orr	r2, r1
 262 018a 1A80     		strh	r2, [r3]
  80:C:/Users/b01252/Documents/Freescale/L4K/software/kinetis_kl46_sc/src/projects/FRDMKL46_Demo/adc16\adc16.c **** 
  81:C:/Users/b01252/Documents/Freescale/L4K/software/kinetis_kl46_sc/src/projects/FRDMKL46_Demo/adc16\adc16.c ****   ADC_MG_REG(adcmap) = ADC_MG_MG(cal_var); 
 263              		.loc 1 81 0
 264 018c 3B1C     		mov	r3, r7
 265 018e 0E33     		add	r3, r3, #14
 266 0190 1A88     		ldrh	r2, [r3]
 267 0192 7B68     		ldr	r3, [r7, #4]
 268 0194 1A63     		str	r2, [r3, #48]
  82:C:/Users/b01252/Documents/Freescale/L4K/software/kinetis_kl46_sc/src/projects/FRDMKL46_Demo/adc16\adc16.c ****   
  83:C:/Users/b01252/Documents/Freescale/L4K/software/kinetis_kl46_sc/src/projects/FRDMKL46_Demo/adc16\adc16.c ****   ADC_SC3_REG(adcmap) &= ~ADC_SC3_CAL_MASK ; /* Clear CAL bit */
 269              		.loc 1 83 0
 270 0196 7B68     		ldr	r3, [r7, #4]
 271 0198 5B6A     		ldr	r3, [r3, #36]
 272 019a 8022     		mov	r2, #128
 273 019c 191C     		mov	r1, r3
 274 019e 9143     		bic	r1, r2
 275 01a0 0A1C     		mov	r2, r1
 276 01a2 7B68     		ldr	r3, [r7, #4]
 277 01a4 5A62     		str	r2, [r3, #36]
  84:C:/Users/b01252/Documents/Freescale/L4K/software/kinetis_kl46_sc/src/projects/FRDMKL46_Demo/adc16\adc16.c **** 
  85:C:/Users/b01252/Documents/Freescale/L4K/software/kinetis_kl46_sc/src/projects/FRDMKL46_Demo/adc16\adc16.c ****   return(0);
 278              		.loc 1 85 0
 279 01a6 0023     		mov	r3, #0
 280              	.L4:
  86:C:/Users/b01252/Documents/Freescale/L4K/software/kinetis_kl46_sc/src/projects/FRDMKL46_Demo/adc16\adc16.c **** }
 281              		.loc 1 86 0
 282 01a8 181C     		mov	r0, r3
 283 01aa BD46     		mov	sp, r7
 284 01ac 04B0     		add	sp, sp, #16
 285              		@ sp needed for prologue
 286 01ae 80BD     		pop	{r7, pc}
 287              	.L6:
 288              		.align	2
 289              	.L5:
 290 01b0 0080FFFF 		.word	-32768
 291              		.cfi_endproc
 292              	.LFE0:
 294              		.section	.text.ADC_Config_Alt,"ax",%progbits
 295              		.align	2
 296              		.global	ADC_Config_Alt
 297              		.code	16
 298              		.thumb_func
 300              	ADC_Config_Alt:
 301              	.LFB1:
  87:C:/Users/b01252/Documents/Freescale/L4K/software/kinetis_kl46_sc/src/projects/FRDMKL46_Demo/adc16\adc16.c **** 
  88:C:/Users/b01252/Documents/Freescale/L4K/software/kinetis_kl46_sc/src/projects/FRDMKL46_Demo/adc16\adc16.c **** 
  89:C:/Users/b01252/Documents/Freescale/L4K/software/kinetis_kl46_sc/src/projects/FRDMKL46_Demo/adc16\adc16.c **** 
  90:C:/Users/b01252/Documents/Freescale/L4K/software/kinetis_kl46_sc/src/projects/FRDMKL46_Demo/adc16\adc16.c **** 
  91:C:/Users/b01252/Documents/Freescale/L4K/software/kinetis_kl46_sc/src/projects/FRDMKL46_Demo/adc16\adc16.c **** /******************************************************************************
  92:C:/Users/b01252/Documents/Freescale/L4K/software/kinetis_kl46_sc/src/projects/FRDMKL46_Demo/adc16\adc16.c **** Function 2 Name 	ADC_Config_Alt 
  93:C:/Users/b01252/Documents/Freescale/L4K/software/kinetis_kl46_sc/src/projects/FRDMKL46_Demo/adc16\adc16.c **** Parameters		the register values to be set in the adc in a structure
  94:C:/Users/b01252/Documents/Freescale/L4K/software/kinetis_kl46_sc/src/projects/FRDMKL46_Demo/adc16\adc16.c **** Returns			NONE
  95:C:/Users/b01252/Documents/Freescale/L4K/software/kinetis_kl46_sc/src/projects/FRDMKL46_Demo/adc16\adc16.c **** Notes         		Configures ADC0 or ADC1 depending on adcmap
  96:C:/Users/b01252/Documents/Freescale/L4K/software/kinetis_kl46_sc/src/projects/FRDMKL46_Demo/adc16\adc16.c ****                         Prior to calling this function populate the structure
  97:C:/Users/b01252/Documents/Freescale/L4K/software/kinetis_kl46_sc/src/projects/FRDMKL46_Demo/adc16\adc16.c ****                         elements with the desired ADC configuration.
  98:C:/Users/b01252/Documents/Freescale/L4K/software/kinetis_kl46_sc/src/projects/FRDMKL46_Demo/adc16\adc16.c **** ******************************************************************************/
  99:C:/Users/b01252/Documents/Freescale/L4K/software/kinetis_kl46_sc/src/projects/FRDMKL46_Demo/adc16\adc16.c **** 
 100:C:/Users/b01252/Documents/Freescale/L4K/software/kinetis_kl46_sc/src/projects/FRDMKL46_Demo/adc16\adc16.c **** 
 101:C:/Users/b01252/Documents/Freescale/L4K/software/kinetis_kl46_sc/src/projects/FRDMKL46_Demo/adc16\adc16.c **** void ADC_Config_Alt(ADC_MemMapPtr adcmap, tADC_ConfigPtr ADC_CfgPtr)
 102:C:/Users/b01252/Documents/Freescale/L4K/software/kinetis_kl46_sc/src/projects/FRDMKL46_Demo/adc16\adc16.c **** {
 302              		.loc 1 102 0
 303              		.cfi_startproc
 304 0000 80B5     		push	{r7, lr}
 305              	.LCFI3:
 306              		.cfi_def_cfa_offset 8
 307              		.cfi_offset 7, -8
 308              		.cfi_offset 14, -4
 309 0002 82B0     		sub	sp, sp, #8
 310              	.LCFI4:
 311              		.cfi_def_cfa_offset 16
 312 0004 00AF     		add	r7, sp, #0
 313              	.LCFI5:
 314              		.cfi_def_cfa_register 7
 315 0006 7860     		str	r0, [r7, #4]
 316 0008 3960     		str	r1, [r7]
 103:C:/Users/b01252/Documents/Freescale/L4K/software/kinetis_kl46_sc/src/projects/FRDMKL46_Demo/adc16\adc16.c ****  ADC_CFG1_REG(adcmap) = ADC_CfgPtr->CONFIG1;
 317              		.loc 1 103 0
 318 000a 3B68     		ldr	r3, [r7]
 319 000c 1B78     		ldrb	r3, [r3]
 320 000e 1A1C     		mov	r2, r3
 321 0010 7B68     		ldr	r3, [r7, #4]
 322 0012 9A60     		str	r2, [r3, #8]
 104:C:/Users/b01252/Documents/Freescale/L4K/software/kinetis_kl46_sc/src/projects/FRDMKL46_Demo/adc16\adc16.c ****  ADC_CFG2_REG(adcmap) = ADC_CfgPtr->CONFIG2;
 323              		.loc 1 104 0
 324 0014 3B68     		ldr	r3, [r7]
 325 0016 5B78     		ldrb	r3, [r3, #1]
 326 0018 1A1C     		mov	r2, r3
 327 001a 7B68     		ldr	r3, [r7, #4]
 328 001c DA60     		str	r2, [r3, #12]
 105:C:/Users/b01252/Documents/Freescale/L4K/software/kinetis_kl46_sc/src/projects/FRDMKL46_Demo/adc16\adc16.c ****  ADC_CV1_REG(adcmap)  = ADC_CfgPtr->COMPARE1; 
 329              		.loc 1 105 0
 330 001e 3B68     		ldr	r3, [r7]
 331 0020 5B88     		ldrh	r3, [r3, #2]
 332 0022 1A1C     		mov	r2, r3
 333 0024 7B68     		ldr	r3, [r7, #4]
 334 0026 9A61     		str	r2, [r3, #24]
 106:C:/Users/b01252/Documents/Freescale/L4K/software/kinetis_kl46_sc/src/projects/FRDMKL46_Demo/adc16\adc16.c ****  ADC_CV2_REG(adcmap)  = ADC_CfgPtr->COMPARE2;
 335              		.loc 1 106 0
 336 0028 3B68     		ldr	r3, [r7]
 337 002a 9B88     		ldrh	r3, [r3, #4]
 338 002c 1A1C     		mov	r2, r3
 339 002e 7B68     		ldr	r3, [r7, #4]
 340 0030 DA61     		str	r2, [r3, #28]
 107:C:/Users/b01252/Documents/Freescale/L4K/software/kinetis_kl46_sc/src/projects/FRDMKL46_Demo/adc16\adc16.c ****  ADC_SC2_REG(adcmap)  = ADC_CfgPtr->STATUS2;
 341              		.loc 1 107 0
 342 0032 3B68     		ldr	r3, [r7]
 343 0034 9B79     		ldrb	r3, [r3, #6]
 344 0036 1A1C     		mov	r2, r3
 345 0038 7B68     		ldr	r3, [r7, #4]
 346 003a 1A62     		str	r2, [r3, #32]
 108:C:/Users/b01252/Documents/Freescale/L4K/software/kinetis_kl46_sc/src/projects/FRDMKL46_Demo/adc16\adc16.c ****  ADC_SC3_REG(adcmap)  = ADC_CfgPtr->STATUS3;
 347              		.loc 1 108 0
 348 003c 3B68     		ldr	r3, [r7]
 349 003e DB79     		ldrb	r3, [r3, #7]
 350 0040 1A1C     		mov	r2, r3
 351 0042 7B68     		ldr	r3, [r7, #4]
 352 0044 5A62     		str	r2, [r3, #36]
 109:C:/Users/b01252/Documents/Freescale/L4K/software/kinetis_kl46_sc/src/projects/FRDMKL46_Demo/adc16\adc16.c ****  ADC_SC1_REG(adcmap,A_)= ADC_CfgPtr->STATUS1A;       
 353              		.loc 1 109 0
 354 0046 3B68     		ldr	r3, [r7]
 355 0048 1B7A     		ldrb	r3, [r3, #8]
 356 004a 1A1C     		mov	r2, r3
 357 004c 7B68     		ldr	r3, [r7, #4]
 358 004e 1A60     		str	r2, [r3]
 110:C:/Users/b01252/Documents/Freescale/L4K/software/kinetis_kl46_sc/src/projects/FRDMKL46_Demo/adc16\adc16.c ****  ADC_SC1_REG(adcmap,B_)= ADC_CfgPtr->STATUS1B;
 359              		.loc 1 110 0
 360 0050 3B68     		ldr	r3, [r7]
 361 0052 5B7A     		ldrb	r3, [r3, #9]
 362 0054 1A1C     		mov	r2, r3
 363 0056 7B68     		ldr	r3, [r7, #4]
 364 0058 5A60     		str	r2, [r3, #4]
 111:C:/Users/b01252/Documents/Freescale/L4K/software/kinetis_kl46_sc/src/projects/FRDMKL46_Demo/adc16\adc16.c **** }
 365              		.loc 1 111 0
 366 005a BD46     		mov	sp, r7
 367 005c 02B0     		add	sp, sp, #8
 368              		@ sp needed for prologue
 369 005e 80BD     		pop	{r7, pc}
 370              		.cfi_endproc
 371              	.LFE1:
 373              		.section	.text.ADC_Read_Cal,"ax",%progbits
 374              		.align	2
 375              		.global	ADC_Read_Cal
 376              		.code	16
 377              		.thumb_func
 379              	ADC_Read_Cal:
 380              	.LFB2:
 112:C:/Users/b01252/Documents/Freescale/L4K/software/kinetis_kl46_sc/src/projects/FRDMKL46_Demo/adc16\adc16.c **** 
 113:C:/Users/b01252/Documents/Freescale/L4K/software/kinetis_kl46_sc/src/projects/FRDMKL46_Demo/adc16\adc16.c **** 
 114:C:/Users/b01252/Documents/Freescale/L4K/software/kinetis_kl46_sc/src/projects/FRDMKL46_Demo/adc16\adc16.c **** void ADC_Read_Cal(ADC_MemMapPtr adcmap, tADC_Cal_Blk *blk)
 115:C:/Users/b01252/Documents/Freescale/L4K/software/kinetis_kl46_sc/src/projects/FRDMKL46_Demo/adc16\adc16.c **** {
 381              		.loc 1 115 0
 382              		.cfi_startproc
 383 0000 80B5     		push	{r7, lr}
 384              	.LCFI6:
 385              		.cfi_def_cfa_offset 8
 386              		.cfi_offset 7, -8
 387              		.cfi_offset 14, -4
 388 0002 82B0     		sub	sp, sp, #8
 389              	.LCFI7:
 390              		.cfi_def_cfa_offset 16
 391 0004 00AF     		add	r7, sp, #0
 392              	.LCFI8:
 393              		.cfi_def_cfa_register 7
 394 0006 7860     		str	r0, [r7, #4]
 395 0008 3960     		str	r1, [r7]
 116:C:/Users/b01252/Documents/Freescale/L4K/software/kinetis_kl46_sc/src/projects/FRDMKL46_Demo/adc16\adc16.c ****   blk->OFS  = ADC_OFS_REG(adcmap);
 396              		.loc 1 116 0
 397 000a 7B68     		ldr	r3, [r7, #4]
 398 000c 9B6A     		ldr	r3, [r3, #40]
 399 000e 9AB2     		uxth	r2, r3
 400 0010 3B68     		ldr	r3, [r7]
 401 0012 1A80     		strh	r2, [r3]
 117:C:/Users/b01252/Documents/Freescale/L4K/software/kinetis_kl46_sc/src/projects/FRDMKL46_Demo/adc16\adc16.c ****   blk->PG   = ADC_PG_REG(adcmap); 
 402              		.loc 1 117 0
 403 0014 7B68     		ldr	r3, [r7, #4]
 404 0016 DB6A     		ldr	r3, [r3, #44]
 405 0018 9AB2     		uxth	r2, r3
 406 001a 3B68     		ldr	r3, [r7]
 407 001c 5A80     		strh	r2, [r3, #2]
 118:C:/Users/b01252/Documents/Freescale/L4K/software/kinetis_kl46_sc/src/projects/FRDMKL46_Demo/adc16\adc16.c ****   blk->MG   = ADC_MG_REG(adcmap); 
 408              		.loc 1 118 0
 409 001e 7B68     		ldr	r3, [r7, #4]
 410 0020 1B6B     		ldr	r3, [r3, #48]
 411 0022 9AB2     		uxth	r2, r3
 412 0024 3B68     		ldr	r3, [r7]
 413 0026 9A80     		strh	r2, [r3, #4]
 119:C:/Users/b01252/Documents/Freescale/L4K/software/kinetis_kl46_sc/src/projects/FRDMKL46_Demo/adc16\adc16.c ****   blk->CLPD = ADC_CLPD_REG(adcmap); 
 414              		.loc 1 119 0
 415 0028 7B68     		ldr	r3, [r7, #4]
 416 002a 5B6B     		ldr	r3, [r3, #52]
 417 002c DAB2     		uxtb	r2, r3
 418 002e 3B68     		ldr	r3, [r7]
 419 0030 9A71     		strb	r2, [r3, #6]
 120:C:/Users/b01252/Documents/Freescale/L4K/software/kinetis_kl46_sc/src/projects/FRDMKL46_Demo/adc16\adc16.c ****   blk->CLPS = ADC_CLPS_REG(adcmap); 
 420              		.loc 1 120 0
 421 0032 7B68     		ldr	r3, [r7, #4]
 422 0034 9B6B     		ldr	r3, [r3, #56]
 423 0036 DAB2     		uxtb	r2, r3
 424 0038 3B68     		ldr	r3, [r7]
 425 003a DA71     		strb	r2, [r3, #7]
 121:C:/Users/b01252/Documents/Freescale/L4K/software/kinetis_kl46_sc/src/projects/FRDMKL46_Demo/adc16\adc16.c ****   blk->CLP4 = ADC_CLP4_REG(adcmap);
 426              		.loc 1 121 0
 427 003c 7B68     		ldr	r3, [r7, #4]
 428 003e DB6B     		ldr	r3, [r3, #60]
 429 0040 9AB2     		uxth	r2, r3
 430 0042 3B68     		ldr	r3, [r7]
 431 0044 1A81     		strh	r2, [r3, #8]
 122:C:/Users/b01252/Documents/Freescale/L4K/software/kinetis_kl46_sc/src/projects/FRDMKL46_Demo/adc16\adc16.c ****   blk->CLP3 = ADC_CLP3_REG(adcmap); 
 432              		.loc 1 122 0
 433 0046 7B68     		ldr	r3, [r7, #4]
 434 0048 1B6C     		ldr	r3, [r3, #64]
 435 004a 9AB2     		uxth	r2, r3
 436 004c 3B68     		ldr	r3, [r7]
 437 004e 5A81     		strh	r2, [r3, #10]
 123:C:/Users/b01252/Documents/Freescale/L4K/software/kinetis_kl46_sc/src/projects/FRDMKL46_Demo/adc16\adc16.c ****   blk->CLP2 = ADC_CLP2_REG(adcmap); 
 438              		.loc 1 123 0
 439 0050 7B68     		ldr	r3, [r7, #4]
 440 0052 5B6C     		ldr	r3, [r3, #68]
 441 0054 DAB2     		uxtb	r2, r3
 442 0056 3B68     		ldr	r3, [r7]
 443 0058 1A73     		strb	r2, [r3, #12]
 124:C:/Users/b01252/Documents/Freescale/L4K/software/kinetis_kl46_sc/src/projects/FRDMKL46_Demo/adc16\adc16.c ****   blk->CLP1 = ADC_CLP1_REG(adcmap);
 444              		.loc 1 124 0
 445 005a 7B68     		ldr	r3, [r7, #4]
 446 005c 9B6C     		ldr	r3, [r3, #72]
 447 005e DAB2     		uxtb	r2, r3
 448 0060 3B68     		ldr	r3, [r7]
 449 0062 5A73     		strb	r2, [r3, #13]
 125:C:/Users/b01252/Documents/Freescale/L4K/software/kinetis_kl46_sc/src/projects/FRDMKL46_Demo/adc16\adc16.c ****   blk->CLP0 = ADC_CLP0_REG(adcmap);
 450              		.loc 1 125 0
 451 0064 7B68     		ldr	r3, [r7, #4]
 452 0066 DB6C     		ldr	r3, [r3, #76]
 453 0068 DAB2     		uxtb	r2, r3
 454 006a 3B68     		ldr	r3, [r7]
 455 006c 9A73     		strb	r2, [r3, #14]
 126:C:/Users/b01252/Documents/Freescale/L4K/software/kinetis_kl46_sc/src/projects/FRDMKL46_Demo/adc16\adc16.c ****   blk->CLMD = ADC_CLMD_REG(adcmap); 
 456              		.loc 1 126 0
 457 006e 7B68     		ldr	r3, [r7, #4]
 458 0070 5B6D     		ldr	r3, [r3, #84]
 459 0072 DAB2     		uxtb	r2, r3
 460 0074 3B68     		ldr	r3, [r7]
 461 0076 1A74     		strb	r2, [r3, #16]
 127:C:/Users/b01252/Documents/Freescale/L4K/software/kinetis_kl46_sc/src/projects/FRDMKL46_Demo/adc16\adc16.c ****   blk->CLMS = ADC_CLMS_REG(adcmap); 
 462              		.loc 1 127 0
 463 0078 7B68     		ldr	r3, [r7, #4]
 464 007a 9B6D     		ldr	r3, [r3, #88]
 465 007c DAB2     		uxtb	r2, r3
 466 007e 3B68     		ldr	r3, [r7]
 467 0080 5A74     		strb	r2, [r3, #17]
 128:C:/Users/b01252/Documents/Freescale/L4K/software/kinetis_kl46_sc/src/projects/FRDMKL46_Demo/adc16\adc16.c ****   blk->CLM4 = ADC_CLM4_REG(adcmap);
 468              		.loc 1 128 0
 469 0082 7B68     		ldr	r3, [r7, #4]
 470 0084 DB6D     		ldr	r3, [r3, #92]
 471 0086 9AB2     		uxth	r2, r3
 472 0088 3B68     		ldr	r3, [r7]
 473 008a 5A82     		strh	r2, [r3, #18]
 129:C:/Users/b01252/Documents/Freescale/L4K/software/kinetis_kl46_sc/src/projects/FRDMKL46_Demo/adc16\adc16.c ****   blk->CLM3 = ADC_CLM3_REG(adcmap); 
 474              		.loc 1 129 0
 475 008c 7B68     		ldr	r3, [r7, #4]
 476 008e 1B6E     		ldr	r3, [r3, #96]
 477 0090 9AB2     		uxth	r2, r3
 478 0092 3B68     		ldr	r3, [r7]
 479 0094 9A82     		strh	r2, [r3, #20]
 130:C:/Users/b01252/Documents/Freescale/L4K/software/kinetis_kl46_sc/src/projects/FRDMKL46_Demo/adc16\adc16.c ****   blk->CLM2 = ADC_CLM2_REG(adcmap); 
 480              		.loc 1 130 0
 481 0096 7B68     		ldr	r3, [r7, #4]
 482 0098 5B6E     		ldr	r3, [r3, #100]
 483 009a DAB2     		uxtb	r2, r3
 484 009c 3B68     		ldr	r3, [r7]
 485 009e 9A75     		strb	r2, [r3, #22]
 131:C:/Users/b01252/Documents/Freescale/L4K/software/kinetis_kl46_sc/src/projects/FRDMKL46_Demo/adc16\adc16.c ****   blk->CLM1 = ADC_CLM1_REG(adcmap);
 486              		.loc 1 131 0
 487 00a0 7B68     		ldr	r3, [r7, #4]
 488 00a2 9B6E     		ldr	r3, [r3, #104]
 489 00a4 DAB2     		uxtb	r2, r3
 490 00a6 3B68     		ldr	r3, [r7]
 491 00a8 DA75     		strb	r2, [r3, #23]
 132:C:/Users/b01252/Documents/Freescale/L4K/software/kinetis_kl46_sc/src/projects/FRDMKL46_Demo/adc16\adc16.c ****   blk->CLM0 = ADC_CLM0_REG(adcmap);
 492              		.loc 1 132 0
 493 00aa 7B68     		ldr	r3, [r7, #4]
 494 00ac DB6E     		ldr	r3, [r3, #108]
 495 00ae DAB2     		uxtb	r2, r3
 496 00b0 3B68     		ldr	r3, [r7]
 497 00b2 1A76     		strb	r2, [r3, #24]
 133:C:/Users/b01252/Documents/Freescale/L4K/software/kinetis_kl46_sc/src/projects/FRDMKL46_Demo/adc16\adc16.c ****   
 134:C:/Users/b01252/Documents/Freescale/L4K/software/kinetis_kl46_sc/src/projects/FRDMKL46_Demo/adc16\adc16.c **** }
 498              		.loc 1 134 0
 499 00b4 BD46     		mov	sp, r7
 500 00b6 02B0     		add	sp, sp, #8
 501              		@ sp needed for prologue
 502 00b8 80BD     		pop	{r7, pc}
 503              		.cfi_endproc
 504              	.LFE2:
 506 00ba C046     		.text
 507              	.Letext0:
 508              		.file 2 "C:/Users/b01252/Documents/Freescale/L4K/software/kinetis_kl46_sc/src/cpu/arm_cm0.h"
 509              		.file 3 "C:/Freescale/CW MCU v10.4/MCU/ARM_GCC_Support/ewl/EWL_C/include/cstdint"
 510              		.file 4 "C:/Users/b01252/Documents/Freescale/L4K/software/kinetis_kl46_sc/src/cpu/headers/MKL46Z4.
 511              		.file 5 "C:/Users/b01252/Documents/Freescale/L4K/software/kinetis_kl46_sc/src/projects/FRDMKL46_De
DEFINED SYMBOLS
                            *ABS*:00000000 adc16.c
C:\Users\b01252\AppData\Local\Temp\ccNDA1TR.s:18     .text.ADC_Cal:00000000 $t
C:\Users\b01252\AppData\Local\Temp\ccNDA1TR.s:23     .text.ADC_Cal:00000000 ADC_Cal
C:\Users\b01252\AppData\Local\Temp\ccNDA1TR.s:290    .text.ADC_Cal:000001b0 $d
C:\Users\b01252\AppData\Local\Temp\ccNDA1TR.s:295    .text.ADC_Config_Alt:00000000 $t
C:\Users\b01252\AppData\Local\Temp\ccNDA1TR.s:300    .text.ADC_Config_Alt:00000000 ADC_Config_Alt
C:\Users\b01252\AppData\Local\Temp\ccNDA1TR.s:374    .text.ADC_Read_Cal:00000000 $t
C:\Users\b01252\AppData\Local\Temp\ccNDA1TR.s:379    .text.ADC_Read_Cal:00000000 ADC_Read_Cal
                     .debug_frame:00000010 $d

NO UNDEFINED SYMBOLS
