   1              		.cpu cortex-m0
   2              		.fpu softvfp
   3              		.eabi_attribute 20, 1
   4              		.eabi_attribute 21, 1
   5              		.eabi_attribute 23, 3
   6              		.eabi_attribute 24, 1
   7              		.eabi_attribute 25, 1
   8              		.eabi_attribute 26, 1
   9              		.eabi_attribute 30, 6
  10              		.eabi_attribute 34, 0
  11              		.eabi_attribute 18, 4
  12              		.code	16
  13              		.file	"uif.c"
  14              		.text
  15              	.Ltext0:
  16              		.cfi_sections	.debug_frame
  17              		.global	HELPMSG
  18              		.section	.rodata.HELPMSG,"a",%progbits
  19              		.align	2
  22              	HELPMSG:
  23 0000 456E7465 		.ascii	"Enter 'help' for help.\012\000"
  23      72202768 
  23      656C7027 
  23      20666F72 
  23      2068656C 
  24              		.global	INVARG
  25              		.section	.rodata.INVARG,"a",%progbits
  26              		.align	2
  29              	INVARG:
  30 0000 4572726F 		.ascii	"Error: Invalid argument: %s\012\000"
  30      723A2049 
  30      6E76616C 
  30      69642061 
  30      7267756D 
  31              		.global	INVALUE
  32 001d 000000   		.section	.rodata.INVALUE,"a",%progbits
  33              		.align	2
  36              	INVALUE:
  37 0000 4572726F 		.ascii	"Error: Invalid value: %s\012\000"
  37      723A2049 
  37      6E76616C 
  37      69642076 
  37      616C7565 
  38 001a 0000     		.section	.rodata.INVCMD,"a",%progbits
  39              		.align	2
  42              	INVCMD:
  43 0000 4572726F 		.ascii	"Error: No such command: %s\012\000"
  43      723A204E 
  43      6F207375 
  43      63682063 
  43      6F6D6D61 
  44              		.section	.rodata.HELPFORMAT,"a",%progbits
  45              		.align	2
  48              	HELPFORMAT:
  49 0000 25387320 		.ascii	"%8s  %-25s %s %s\012\000"
  49      20252D32 
  49      35732025 
  49      73202573 
  49      0A00
  50 0012 0000     		.section	.rodata.SYNTAX,"a",%progbits
  51              		.align	2
  54              	SYNTAX:
  55 0000 4572726F 		.ascii	"Error: Invalid syntax for: %s\012\000"
  55      723A2049 
  55      6E76616C 
  55      69642073 
  55      796E7461 
  56 001f 00       		.section	.rodata.INVOPT,"a",%progbits
  57              		.align	2
  60              	INVOPT:
  61 0000 4572726F 		.ascii	"Error:  Invalid set/show option: %s\012\000"
  61      723A2020 
  61      496E7661 
  61      6C696420 
  61      7365742F 
  62 0025 000000   		.section	.rodata.OPTFMT,"a",%progbits
  63              		.align	2
  66              	OPTFMT:
  67 0000 25313273 		.ascii	"%12s: \000"
  67      3A2000
  68 0007 00       		.section	.bss.cmdline1,"aw",%nobits
  69              		.align	2
  72              	cmdline1:
  73 0000 00000000 		.space	80
  73      00000000 
  73      00000000 
  73      00000000 
  73      00000000 
  74              		.section	.bss.cmdline2,"aw",%nobits
  75              		.align	2
  78              	cmdline2:
  79 0000 00000000 		.space	80
  79      00000000 
  79      00000000 
  79      00000000 
  79      00000000 
  80              		.section	.text.get_line,"ax",%progbits
  81              		.align	2
  82              		.global	get_line
  83              		.code	16
  84              		.thumb_func
  86              	get_line:
  87              	.LFB0:
  88              		.file 1 "C:/Users/b01252/Documents/Freescale/L4K/software/kinetis_kl46_sc/src/common/uif.c"
   1:C:/Users/b01252/Documents/Freescale/L4K/software/kinetis_kl46_sc/src/common\uif.c **** /*
   2:C:/Users/b01252/Documents/Freescale/L4K/software/kinetis_kl46_sc/src/common\uif.c ****  * File:    uif.c
   3:C:/Users/b01252/Documents/Freescale/L4K/software/kinetis_kl46_sc/src/common\uif.c ****  * Purpose: Provide an interactive user interface
   4:C:/Users/b01252/Documents/Freescale/L4K/software/kinetis_kl46_sc/src/common\uif.c ****  *              
   5:C:/Users/b01252/Documents/Freescale/L4K/software/kinetis_kl46_sc/src/common\uif.c ****  * Notes:   The commands, set/show parameters, and prompt are configured 
   6:C:/Users/b01252/Documents/Freescale/L4K/software/kinetis_kl46_sc/src/common\uif.c ****  *          at the project level
   7:C:/Users/b01252/Documents/Freescale/L4K/software/kinetis_kl46_sc/src/common\uif.c ****  */
   8:C:/Users/b01252/Documents/Freescale/L4K/software/kinetis_kl46_sc/src/common\uif.c **** 
   9:C:/Users/b01252/Documents/Freescale/L4K/software/kinetis_kl46_sc/src/common\uif.c **** #include "common.h"
  10:C:/Users/b01252/Documents/Freescale/L4K/software/kinetis_kl46_sc/src/common\uif.c **** #include "uif.h"
  11:C:/Users/b01252/Documents/Freescale/L4K/software/kinetis_kl46_sc/src/common\uif.c **** /********************************************************************/
  12:C:/Users/b01252/Documents/Freescale/L4K/software/kinetis_kl46_sc/src/common\uif.c **** /*
  13:C:/Users/b01252/Documents/Freescale/L4K/software/kinetis_kl46_sc/src/common\uif.c ****  * Global messages -- constant strings
  14:C:/Users/b01252/Documents/Freescale/L4K/software/kinetis_kl46_sc/src/common\uif.c ****  */
  15:C:/Users/b01252/Documents/Freescale/L4K/software/kinetis_kl46_sc/src/common\uif.c **** const char HELPMSG[] =
  16:C:/Users/b01252/Documents/Freescale/L4K/software/kinetis_kl46_sc/src/common\uif.c ****     "Enter 'help' for help.\n";
  17:C:/Users/b01252/Documents/Freescale/L4K/software/kinetis_kl46_sc/src/common\uif.c **** 
  18:C:/Users/b01252/Documents/Freescale/L4K/software/kinetis_kl46_sc/src/common\uif.c **** const char INVARG[] =
  19:C:/Users/b01252/Documents/Freescale/L4K/software/kinetis_kl46_sc/src/common\uif.c ****     "Error: Invalid argument: %s\n";
  20:C:/Users/b01252/Documents/Freescale/L4K/software/kinetis_kl46_sc/src/common\uif.c **** 
  21:C:/Users/b01252/Documents/Freescale/L4K/software/kinetis_kl46_sc/src/common\uif.c **** const char INVALUE[] = 
  22:C:/Users/b01252/Documents/Freescale/L4K/software/kinetis_kl46_sc/src/common\uif.c ****     "Error: Invalid value: %s\n";
  23:C:/Users/b01252/Documents/Freescale/L4K/software/kinetis_kl46_sc/src/common\uif.c **** 
  24:C:/Users/b01252/Documents/Freescale/L4K/software/kinetis_kl46_sc/src/common\uif.c **** /*
  25:C:/Users/b01252/Documents/Freescale/L4K/software/kinetis_kl46_sc/src/common\uif.c ****  * Strings used by this file only
  26:C:/Users/b01252/Documents/Freescale/L4K/software/kinetis_kl46_sc/src/common\uif.c ****  */
  27:C:/Users/b01252/Documents/Freescale/L4K/software/kinetis_kl46_sc/src/common\uif.c **** static const char INVCMD[] =
  28:C:/Users/b01252/Documents/Freescale/L4K/software/kinetis_kl46_sc/src/common\uif.c ****     "Error: No such command: %s\n";
  29:C:/Users/b01252/Documents/Freescale/L4K/software/kinetis_kl46_sc/src/common\uif.c **** 
  30:C:/Users/b01252/Documents/Freescale/L4K/software/kinetis_kl46_sc/src/common\uif.c **** static const char HELPFORMAT[] = 
  31:C:/Users/b01252/Documents/Freescale/L4K/software/kinetis_kl46_sc/src/common\uif.c ****     "%8s  %-25s %s %s\n";
  32:C:/Users/b01252/Documents/Freescale/L4K/software/kinetis_kl46_sc/src/common\uif.c **** 
  33:C:/Users/b01252/Documents/Freescale/L4K/software/kinetis_kl46_sc/src/common\uif.c **** static const char SYNTAX[] = 
  34:C:/Users/b01252/Documents/Freescale/L4K/software/kinetis_kl46_sc/src/common\uif.c ****     "Error: Invalid syntax for: %s\n";
  35:C:/Users/b01252/Documents/Freescale/L4K/software/kinetis_kl46_sc/src/common\uif.c **** 
  36:C:/Users/b01252/Documents/Freescale/L4K/software/kinetis_kl46_sc/src/common\uif.c **** static const char INVOPT[] = 
  37:C:/Users/b01252/Documents/Freescale/L4K/software/kinetis_kl46_sc/src/common\uif.c ****     "Error:  Invalid set/show option: %s\n";
  38:C:/Users/b01252/Documents/Freescale/L4K/software/kinetis_kl46_sc/src/common\uif.c **** 
  39:C:/Users/b01252/Documents/Freescale/L4K/software/kinetis_kl46_sc/src/common\uif.c **** static const char OPTFMT[] = 
  40:C:/Users/b01252/Documents/Freescale/L4K/software/kinetis_kl46_sc/src/common\uif.c ****     "%12s: ";
  41:C:/Users/b01252/Documents/Freescale/L4K/software/kinetis_kl46_sc/src/common\uif.c **** 
  42:C:/Users/b01252/Documents/Freescale/L4K/software/kinetis_kl46_sc/src/common\uif.c **** static char cmdline1 [UIF_MAX_LINE];
  43:C:/Users/b01252/Documents/Freescale/L4K/software/kinetis_kl46_sc/src/common\uif.c **** static char cmdline2 [UIF_MAX_LINE];
  44:C:/Users/b01252/Documents/Freescale/L4K/software/kinetis_kl46_sc/src/common\uif.c **** 
  45:C:/Users/b01252/Documents/Freescale/L4K/software/kinetis_kl46_sc/src/common\uif.c **** /********************************************************************/
  46:C:/Users/b01252/Documents/Freescale/L4K/software/kinetis_kl46_sc/src/common\uif.c **** char *
  47:C:/Users/b01252/Documents/Freescale/L4K/software/kinetis_kl46_sc/src/common\uif.c **** get_line (char *line)
  48:C:/Users/b01252/Documents/Freescale/L4K/software/kinetis_kl46_sc/src/common\uif.c **** {
  89              		.loc 1 48 0
  90              		.cfi_startproc
  91 0000 80B5     		push	{r7, lr}
  92              	.LCFI0:
  93              		.cfi_def_cfa_offset 8
  94              		.cfi_offset 7, -8
  95              		.cfi_offset 14, -4
  96 0002 84B0     		sub	sp, sp, #16
  97              	.LCFI1:
  98              		.cfi_def_cfa_offset 24
  99 0004 00AF     		add	r7, sp, #0
 100              	.LCFI2:
 101              		.cfi_def_cfa_register 7
 102 0006 7860     		str	r0, [r7, #4]
  49:C:/Users/b01252/Documents/Freescale/L4K/software/kinetis_kl46_sc/src/common\uif.c ****     int pos;
  50:C:/Users/b01252/Documents/Freescale/L4K/software/kinetis_kl46_sc/src/common\uif.c ****     int ch;
  51:C:/Users/b01252/Documents/Freescale/L4K/software/kinetis_kl46_sc/src/common\uif.c **** 
  52:C:/Users/b01252/Documents/Freescale/L4K/software/kinetis_kl46_sc/src/common\uif.c ****     pos = 0;
 103              		.loc 1 52 0
 104 0008 0023     		mov	r3, #0
 105 000a FB60     		str	r3, [r7, #12]
  53:C:/Users/b01252/Documents/Freescale/L4K/software/kinetis_kl46_sc/src/common\uif.c ****     ch = (int)in_char();
 106              		.loc 1 53 0
 107 000c FFF7FEFF 		bl	in_char
 108 0010 031C     		mov	r3, r0
 109 0012 BB60     		str	r3, [r7, #8]
  54:C:/Users/b01252/Documents/Freescale/L4K/software/kinetis_kl46_sc/src/common\uif.c ****     while ( (ch != 0x0D /* CR */) &&
 110              		.loc 1 54 0
 111 0014 34E0     		b	.L2
 112              	.L9:
  55:C:/Users/b01252/Documents/Freescale/L4K/software/kinetis_kl46_sc/src/common\uif.c ****             (ch != 0x0A /* LF/NL */) &&
  56:C:/Users/b01252/Documents/Freescale/L4K/software/kinetis_kl46_sc/src/common\uif.c ****             (pos < UIF_MAX_LINE))
  57:C:/Users/b01252/Documents/Freescale/L4K/software/kinetis_kl46_sc/src/common\uif.c ****     {
  58:C:/Users/b01252/Documents/Freescale/L4K/software/kinetis_kl46_sc/src/common\uif.c ****         switch (ch)
 113              		.loc 1 58 0
 114 0016 BB68     		ldr	r3, [r7, #8]
 115 0018 082B     		cmp	r3, #8
 116 001a 01D0     		beq	.L4
 117 001c 7F2B     		cmp	r3, #127
 118 001e 0FD1     		bne	.L11
 119              	.L4:
  59:C:/Users/b01252/Documents/Freescale/L4K/software/kinetis_kl46_sc/src/common\uif.c ****         {
  60:C:/Users/b01252/Documents/Freescale/L4K/software/kinetis_kl46_sc/src/common\uif.c ****             case 0x08:      /* Backspace */
  61:C:/Users/b01252/Documents/Freescale/L4K/software/kinetis_kl46_sc/src/common\uif.c ****             case 0x7F:      /* Delete */
  62:C:/Users/b01252/Documents/Freescale/L4K/software/kinetis_kl46_sc/src/common\uif.c ****                 if (pos > 0)
 120              		.loc 1 62 0
 121 0020 FB68     		ldr	r3, [r7, #12]
 122 0022 002B     		cmp	r3, #0
 123 0024 25DD     		ble	.L12
  63:C:/Users/b01252/Documents/Freescale/L4K/software/kinetis_kl46_sc/src/common\uif.c ****                 {
  64:C:/Users/b01252/Documents/Freescale/L4K/software/kinetis_kl46_sc/src/common\uif.c ****                     pos -= 1;
 124              		.loc 1 64 0
 125 0026 FB68     		ldr	r3, [r7, #12]
 126 0028 013B     		sub	r3, r3, #1
 127 002a FB60     		str	r3, [r7, #12]
  65:C:/Users/b01252/Documents/Freescale/L4K/software/kinetis_kl46_sc/src/common\uif.c ****                     out_char(0x08);    /* backspace */
 128              		.loc 1 65 0
 129 002c 0820     		mov	r0, #8
 130 002e FFF7FEFF 		bl	out_char
  66:C:/Users/b01252/Documents/Freescale/L4K/software/kinetis_kl46_sc/src/common\uif.c ****                     out_char(' ');
 131              		.loc 1 66 0
 132 0032 2020     		mov	r0, #32
 133 0034 FFF7FEFF 		bl	out_char
  67:C:/Users/b01252/Documents/Freescale/L4K/software/kinetis_kl46_sc/src/common\uif.c ****                     out_char(0x08);    /* backspace */
 134              		.loc 1 67 0
 135 0038 0820     		mov	r0, #8
 136 003a FFF7FEFF 		bl	out_char
  68:C:/Users/b01252/Documents/Freescale/L4K/software/kinetis_kl46_sc/src/common\uif.c ****                 }
  69:C:/Users/b01252/Documents/Freescale/L4K/software/kinetis_kl46_sc/src/common\uif.c ****                 break;
 137              		.loc 1 69 0
 138 003e 18E0     		b	.L12
 139              	.L11:
  70:C:/Users/b01252/Documents/Freescale/L4K/software/kinetis_kl46_sc/src/common\uif.c ****             default:
  71:C:/Users/b01252/Documents/Freescale/L4K/software/kinetis_kl46_sc/src/common\uif.c ****                 if ((pos+1) < UIF_MAX_LINE)
 140              		.loc 1 71 0
 141 0040 FB68     		ldr	r3, [r7, #12]
 142 0042 0133     		add	r3, r3, #1
 143 0044 4F2B     		cmp	r3, #79
 144 0046 16DC     		bgt	.L13
  72:C:/Users/b01252/Documents/Freescale/L4K/software/kinetis_kl46_sc/src/common\uif.c ****                 {
  73:C:/Users/b01252/Documents/Freescale/L4K/software/kinetis_kl46_sc/src/common\uif.c ****                     if ((ch > 0x1f) && (ch < 0x80))
 145              		.loc 1 73 0
 146 0048 BB68     		ldr	r3, [r7, #8]
 147 004a 1F2B     		cmp	r3, #31
 148 004c 13DD     		ble	.L13
 149              		.loc 1 73 0 is_stmt 0
 150 004e BB68     		ldr	r3, [r7, #8]
 151 0050 7F2B     		cmp	r3, #127
 152 0052 10DC     		bgt	.L13
  74:C:/Users/b01252/Documents/Freescale/L4K/software/kinetis_kl46_sc/src/common\uif.c ****                     {
  75:C:/Users/b01252/Documents/Freescale/L4K/software/kinetis_kl46_sc/src/common\uif.c ****                         line[pos++] = (char)ch;
 153              		.loc 1 75 0 is_stmt 1
 154 0054 FB68     		ldr	r3, [r7, #12]
 155 0056 7A68     		ldr	r2, [r7, #4]
 156 0058 D318     		add	r3, r2, r3
 157 005a BA68     		ldr	r2, [r7, #8]
 158 005c D2B2     		uxtb	r2, r2
 159 005e 1A70     		strb	r2, [r3]
 160 0060 FB68     		ldr	r3, [r7, #12]
 161 0062 0133     		add	r3, r3, #1
 162 0064 FB60     		str	r3, [r7, #12]
  76:C:/Users/b01252/Documents/Freescale/L4K/software/kinetis_kl46_sc/src/common\uif.c ****                         out_char((char)ch);
 163              		.loc 1 76 0
 164 0066 BB68     		ldr	r3, [r7, #8]
 165 0068 DBB2     		uxtb	r3, r3
 166 006a 181C     		mov	r0, r3
 167 006c FFF7FEFF 		bl	out_char
  77:C:/Users/b01252/Documents/Freescale/L4K/software/kinetis_kl46_sc/src/common\uif.c ****                     }
  78:C:/Users/b01252/Documents/Freescale/L4K/software/kinetis_kl46_sc/src/common\uif.c ****                 }
  79:C:/Users/b01252/Documents/Freescale/L4K/software/kinetis_kl46_sc/src/common\uif.c ****                 break;
 168              		.loc 1 79 0
 169 0070 01E0     		b	.L13
 170              	.L12:
  69:C:/Users/b01252/Documents/Freescale/L4K/software/kinetis_kl46_sc/src/common\uif.c ****                 break;
 171              		.loc 1 69 0
 172 0072 C046     		mov	r8, r8
 173 0074 00E0     		b	.L6
 174              	.L13:
 175              		.loc 1 79 0
 176 0076 C046     		mov	r8, r8
 177              	.L6:
  80:C:/Users/b01252/Documents/Freescale/L4K/software/kinetis_kl46_sc/src/common\uif.c ****         }
  81:C:/Users/b01252/Documents/Freescale/L4K/software/kinetis_kl46_sc/src/common\uif.c ****         ch = (int)in_char();
 178              		.loc 1 81 0
 179 0078 FFF7FEFF 		bl	in_char
 180 007c 031C     		mov	r3, r0
 181 007e BB60     		str	r3, [r7, #8]
 182              	.L2:
  54:C:/Users/b01252/Documents/Freescale/L4K/software/kinetis_kl46_sc/src/common\uif.c ****     while ( (ch != 0x0D /* CR */) &&
 183              		.loc 1 54 0
 184 0080 BB68     		ldr	r3, [r7, #8]
 185 0082 0D2B     		cmp	r3, #13
 186 0084 05D0     		beq	.L8
  54:C:/Users/b01252/Documents/Freescale/L4K/software/kinetis_kl46_sc/src/common\uif.c ****     while ( (ch != 0x0D /* CR */) &&
 187              		.loc 1 54 0 is_stmt 0
 188 0086 BB68     		ldr	r3, [r7, #8]
 189 0088 0A2B     		cmp	r3, #10
 190 008a 02D0     		beq	.L8
  55:C:/Users/b01252/Documents/Freescale/L4K/software/kinetis_kl46_sc/src/common\uif.c ****             (ch != 0x0A /* LF/NL */) &&
 191              		.loc 1 55 0 is_stmt 1
 192 008c FB68     		ldr	r3, [r7, #12]
 193 008e 4F2B     		cmp	r3, #79
 194 0090 C1DD     		ble	.L9
 195              	.L8:
  82:C:/Users/b01252/Documents/Freescale/L4K/software/kinetis_kl46_sc/src/common\uif.c ****     }
  83:C:/Users/b01252/Documents/Freescale/L4K/software/kinetis_kl46_sc/src/common\uif.c ****     line[pos] = '\0';
 196              		.loc 1 83 0
 197 0092 FB68     		ldr	r3, [r7, #12]
 198 0094 7A68     		ldr	r2, [r7, #4]
 199 0096 D318     		add	r3, r2, r3
 200 0098 0022     		mov	r2, #0
 201 009a 1A70     		strb	r2, [r3]
  84:C:/Users/b01252/Documents/Freescale/L4K/software/kinetis_kl46_sc/src/common\uif.c ****     out_char(0x0D);    /* CR */
 202              		.loc 1 84 0
 203 009c 0D20     		mov	r0, #13
 204 009e FFF7FEFF 		bl	out_char
  85:C:/Users/b01252/Documents/Freescale/L4K/software/kinetis_kl46_sc/src/common\uif.c ****     out_char(0x0A);    /* LF */
 205              		.loc 1 85 0
 206 00a2 0A20     		mov	r0, #10
 207 00a4 FFF7FEFF 		bl	out_char
  86:C:/Users/b01252/Documents/Freescale/L4K/software/kinetis_kl46_sc/src/common\uif.c **** 
  87:C:/Users/b01252/Documents/Freescale/L4K/software/kinetis_kl46_sc/src/common\uif.c ****     return line;
 208              		.loc 1 87 0
 209 00a8 7B68     		ldr	r3, [r7, #4]
  88:C:/Users/b01252/Documents/Freescale/L4K/software/kinetis_kl46_sc/src/common\uif.c **** }
 210              		.loc 1 88 0
 211 00aa 181C     		mov	r0, r3
 212 00ac BD46     		mov	sp, r7
 213 00ae 04B0     		add	sp, sp, #16
 214              		@ sp needed for prologue
 215 00b0 80BD     		pop	{r7, pc}
 216              		.cfi_endproc
 217              	.LFE0:
 219 00b2 C046     		.section	.text.make_argv,"ax",%progbits
 220              		.align	2
 221              		.global	make_argv
 222              		.code	16
 223              		.thumb_func
 225              	make_argv:
 226              	.LFB1:
  89:C:/Users/b01252/Documents/Freescale/L4K/software/kinetis_kl46_sc/src/common\uif.c **** 
  90:C:/Users/b01252/Documents/Freescale/L4K/software/kinetis_kl46_sc/src/common\uif.c **** /********************************************************************/
  91:C:/Users/b01252/Documents/Freescale/L4K/software/kinetis_kl46_sc/src/common\uif.c **** int
  92:C:/Users/b01252/Documents/Freescale/L4K/software/kinetis_kl46_sc/src/common\uif.c **** make_argv (char *cmdline, char *argv[])
  93:C:/Users/b01252/Documents/Freescale/L4K/software/kinetis_kl46_sc/src/common\uif.c **** {
 227              		.loc 1 93 0
 228              		.cfi_startproc
 229 0000 80B5     		push	{r7, lr}
 230              	.LCFI3:
 231              		.cfi_def_cfa_offset 8
 232              		.cfi_offset 7, -8
 233              		.cfi_offset 14, -4
 234 0002 86B0     		sub	sp, sp, #24
 235              	.LCFI4:
 236              		.cfi_def_cfa_offset 32
 237 0004 00AF     		add	r7, sp, #0
 238              	.LCFI5:
 239              		.cfi_def_cfa_register 7
 240 0006 7860     		str	r0, [r7, #4]
 241 0008 3960     		str	r1, [r7]
  94:C:/Users/b01252/Documents/Freescale/L4K/software/kinetis_kl46_sc/src/common\uif.c ****     int argc, i, in_text;
  95:C:/Users/b01252/Documents/Freescale/L4K/software/kinetis_kl46_sc/src/common\uif.c **** 
  96:C:/Users/b01252/Documents/Freescale/L4K/software/kinetis_kl46_sc/src/common\uif.c ****     /* 
  97:C:/Users/b01252/Documents/Freescale/L4K/software/kinetis_kl46_sc/src/common\uif.c ****      * Break cmdline into strings and argv
  98:C:/Users/b01252/Documents/Freescale/L4K/software/kinetis_kl46_sc/src/common\uif.c ****      * It is permissible for argv to be NULL, in which case
  99:C:/Users/b01252/Documents/Freescale/L4K/software/kinetis_kl46_sc/src/common\uif.c ****      * the purpose of this routine becomes to count args
 100:C:/Users/b01252/Documents/Freescale/L4K/software/kinetis_kl46_sc/src/common\uif.c ****      */
 101:C:/Users/b01252/Documents/Freescale/L4K/software/kinetis_kl46_sc/src/common\uif.c ****     argc = 0;
 242              		.loc 1 101 0
 243 000a 0023     		mov	r3, #0
 244 000c 7B61     		str	r3, [r7, #20]
 102:C:/Users/b01252/Documents/Freescale/L4K/software/kinetis_kl46_sc/src/common\uif.c ****     i = 0;
 245              		.loc 1 102 0
 246 000e 0023     		mov	r3, #0
 247 0010 3B61     		str	r3, [r7, #16]
 103:C:/Users/b01252/Documents/Freescale/L4K/software/kinetis_kl46_sc/src/common\uif.c ****     in_text = FALSE;
 248              		.loc 1 103 0
 249 0012 0023     		mov	r3, #0
 250 0014 FB60     		str	r3, [r7, #12]
 104:C:/Users/b01252/Documents/Freescale/L4K/software/kinetis_kl46_sc/src/common\uif.c ****     while (cmdline[i] != '\0')  /* getline() must place 0x00 on end */
 251              		.loc 1 104 0
 252 0016 2FE0     		b	.L15
 253              	.L23:
 105:C:/Users/b01252/Documents/Freescale/L4K/software/kinetis_kl46_sc/src/common\uif.c ****     {
 106:C:/Users/b01252/Documents/Freescale/L4K/software/kinetis_kl46_sc/src/common\uif.c ****         if (((cmdline[i] == ' ')   ||
 254              		.loc 1 106 0
 255 0018 3B69     		ldr	r3, [r7, #16]
 256 001a 7A68     		ldr	r2, [r7, #4]
 257 001c D318     		add	r3, r2, r3
 258 001e 1B78     		ldrb	r3, [r3]
 259 0020 202B     		cmp	r3, #32
 260 0022 05D0     		beq	.L16
 107:C:/Users/b01252/Documents/Freescale/L4K/software/kinetis_kl46_sc/src/common\uif.c ****              (cmdline[i] == '\t')) )
 261              		.loc 1 107 0
 262 0024 3B69     		ldr	r3, [r7, #16]
 263 0026 7A68     		ldr	r2, [r7, #4]
 264 0028 D318     		add	r3, r2, r3
 265 002a 1B78     		ldrb	r3, [r3]
 106:C:/Users/b01252/Documents/Freescale/L4K/software/kinetis_kl46_sc/src/common\uif.c ****         if (((cmdline[i] == ' ')   ||
 266              		.loc 1 106 0
 267 002c 092B     		cmp	r3, #9
 268 002e 0AD1     		bne	.L17
 269              	.L16:
 108:C:/Users/b01252/Documents/Freescale/L4K/software/kinetis_kl46_sc/src/common\uif.c ****         {
 109:C:/Users/b01252/Documents/Freescale/L4K/software/kinetis_kl46_sc/src/common\uif.c ****             if (in_text)
 270              		.loc 1 109 0
 271 0030 FB68     		ldr	r3, [r7, #12]
 272 0032 002B     		cmp	r3, #0
 273 0034 1DD0     		beq	.L19
 110:C:/Users/b01252/Documents/Freescale/L4K/software/kinetis_kl46_sc/src/common\uif.c ****             {
 111:C:/Users/b01252/Documents/Freescale/L4K/software/kinetis_kl46_sc/src/common\uif.c ****                 /* end of command line argument */
 112:C:/Users/b01252/Documents/Freescale/L4K/software/kinetis_kl46_sc/src/common\uif.c ****                 cmdline[i] = '\0';
 274              		.loc 1 112 0
 275 0036 3B69     		ldr	r3, [r7, #16]
 276 0038 7A68     		ldr	r2, [r7, #4]
 277 003a D318     		add	r3, r2, r3
 278 003c 0022     		mov	r2, #0
 279 003e 1A70     		strb	r2, [r3]
 113:C:/Users/b01252/Documents/Freescale/L4K/software/kinetis_kl46_sc/src/common\uif.c ****                 in_text = FALSE;
 280              		.loc 1 113 0
 281 0040 0023     		mov	r3, #0
 282 0042 FB60     		str	r3, [r7, #12]
 109:C:/Users/b01252/Documents/Freescale/L4K/software/kinetis_kl46_sc/src/common\uif.c ****             if (in_text)
 283              		.loc 1 109 0
 284 0044 15E0     		b	.L19
 285              	.L17:
 114:C:/Users/b01252/Documents/Freescale/L4K/software/kinetis_kl46_sc/src/common\uif.c ****             }
 115:C:/Users/b01252/Documents/Freescale/L4K/software/kinetis_kl46_sc/src/common\uif.c ****             else
 116:C:/Users/b01252/Documents/Freescale/L4K/software/kinetis_kl46_sc/src/common\uif.c ****             {
 117:C:/Users/b01252/Documents/Freescale/L4K/software/kinetis_kl46_sc/src/common\uif.c ****                 /* still looking for next argument */
 118:C:/Users/b01252/Documents/Freescale/L4K/software/kinetis_kl46_sc/src/common\uif.c ****                 
 119:C:/Users/b01252/Documents/Freescale/L4K/software/kinetis_kl46_sc/src/common\uif.c ****             }
 120:C:/Users/b01252/Documents/Freescale/L4K/software/kinetis_kl46_sc/src/common\uif.c ****         }
 121:C:/Users/b01252/Documents/Freescale/L4K/software/kinetis_kl46_sc/src/common\uif.c ****         else
 122:C:/Users/b01252/Documents/Freescale/L4K/software/kinetis_kl46_sc/src/common\uif.c ****         {
 123:C:/Users/b01252/Documents/Freescale/L4K/software/kinetis_kl46_sc/src/common\uif.c ****             /* got non-whitespace character */
 124:C:/Users/b01252/Documents/Freescale/L4K/software/kinetis_kl46_sc/src/common\uif.c ****             if (in_text)
 286              		.loc 1 124 0
 287 0046 FB68     		ldr	r3, [r7, #12]
 288 0048 002B     		cmp	r3, #0
 289 004a 12D1     		bne	.L19
 125:C:/Users/b01252/Documents/Freescale/L4K/software/kinetis_kl46_sc/src/common\uif.c ****             {
 126:C:/Users/b01252/Documents/Freescale/L4K/software/kinetis_kl46_sc/src/common\uif.c ****             }
 127:C:/Users/b01252/Documents/Freescale/L4K/software/kinetis_kl46_sc/src/common\uif.c ****             else
 128:C:/Users/b01252/Documents/Freescale/L4K/software/kinetis_kl46_sc/src/common\uif.c ****             {
 129:C:/Users/b01252/Documents/Freescale/L4K/software/kinetis_kl46_sc/src/common\uif.c ****                 /* start of an argument */
 130:C:/Users/b01252/Documents/Freescale/L4K/software/kinetis_kl46_sc/src/common\uif.c ****                 in_text = TRUE;
 290              		.loc 1 130 0
 291 004c 0123     		mov	r3, #1
 292 004e FB60     		str	r3, [r7, #12]
 131:C:/Users/b01252/Documents/Freescale/L4K/software/kinetis_kl46_sc/src/common\uif.c ****                 if (argc < UIF_MAX_ARGS)
 293              		.loc 1 131 0
 294 0050 7B69     		ldr	r3, [r7, #20]
 295 0052 092B     		cmp	r3, #9
 296 0054 17DC     		bgt	.L26
 132:C:/Users/b01252/Documents/Freescale/L4K/software/kinetis_kl46_sc/src/common\uif.c ****                 {
 133:C:/Users/b01252/Documents/Freescale/L4K/software/kinetis_kl46_sc/src/common\uif.c ****                     if (argv != NULL)
 297              		.loc 1 133 0
 298 0056 3B68     		ldr	r3, [r7]
 299 0058 002B     		cmp	r3, #0
 300 005a 07D0     		beq	.L21
 134:C:/Users/b01252/Documents/Freescale/L4K/software/kinetis_kl46_sc/src/common\uif.c ****                         argv[argc] = &cmdline[i];
 301              		.loc 1 134 0
 302 005c 7B69     		ldr	r3, [r7, #20]
 303 005e 9B00     		lsl	r3, r3, #2
 304 0060 3A68     		ldr	r2, [r7]
 305 0062 D318     		add	r3, r2, r3
 306 0064 3A69     		ldr	r2, [r7, #16]
 307 0066 7968     		ldr	r1, [r7, #4]
 308 0068 8A18     		add	r2, r1, r2
 309 006a 1A60     		str	r2, [r3]
 310              	.L21:
 135:C:/Users/b01252/Documents/Freescale/L4K/software/kinetis_kl46_sc/src/common\uif.c ****                     argc++;
 311              		.loc 1 135 0
 312 006c 7B69     		ldr	r3, [r7, #20]
 313 006e 0133     		add	r3, r3, #1
 314 0070 7B61     		str	r3, [r7, #20]
 315              	.L19:
 136:C:/Users/b01252/Documents/Freescale/L4K/software/kinetis_kl46_sc/src/common\uif.c ****                 }
 137:C:/Users/b01252/Documents/Freescale/L4K/software/kinetis_kl46_sc/src/common\uif.c ****                 else
 138:C:/Users/b01252/Documents/Freescale/L4K/software/kinetis_kl46_sc/src/common\uif.c ****                     /*return argc;*/
 139:C:/Users/b01252/Documents/Freescale/L4K/software/kinetis_kl46_sc/src/common\uif.c ****                     break;
 140:C:/Users/b01252/Documents/Freescale/L4K/software/kinetis_kl46_sc/src/common\uif.c ****             }
 141:C:/Users/b01252/Documents/Freescale/L4K/software/kinetis_kl46_sc/src/common\uif.c **** 
 142:C:/Users/b01252/Documents/Freescale/L4K/software/kinetis_kl46_sc/src/common\uif.c ****         }
 143:C:/Users/b01252/Documents/Freescale/L4K/software/kinetis_kl46_sc/src/common\uif.c ****         i++;    /* proceed to next character */
 316              		.loc 1 143 0
 317 0072 3B69     		ldr	r3, [r7, #16]
 318 0074 0133     		add	r3, r3, #1
 319 0076 3B61     		str	r3, [r7, #16]
 320              	.L15:
 104:C:/Users/b01252/Documents/Freescale/L4K/software/kinetis_kl46_sc/src/common\uif.c ****     while (cmdline[i] != '\0')  /* getline() must place 0x00 on end */
 321              		.loc 1 104 0
 322 0078 3B69     		ldr	r3, [r7, #16]
 323 007a 7A68     		ldr	r2, [r7, #4]
 324 007c D318     		add	r3, r2, r3
 325 007e 1B78     		ldrb	r3, [r3]
 326 0080 002B     		cmp	r3, #0
 327 0082 C9D1     		bne	.L23
 328 0084 00E0     		b	.L22
 329              	.L26:
 139:C:/Users/b01252/Documents/Freescale/L4K/software/kinetis_kl46_sc/src/common\uif.c ****                     break;
 330              		.loc 1 139 0
 331 0086 C046     		mov	r8, r8
 332              	.L22:
 144:C:/Users/b01252/Documents/Freescale/L4K/software/kinetis_kl46_sc/src/common\uif.c ****     }
 145:C:/Users/b01252/Documents/Freescale/L4K/software/kinetis_kl46_sc/src/common\uif.c ****     if (argv != NULL)
 333              		.loc 1 145 0
 334 0088 3B68     		ldr	r3, [r7]
 335 008a 002B     		cmp	r3, #0
 336 008c 05D0     		beq	.L24
 146:C:/Users/b01252/Documents/Freescale/L4K/software/kinetis_kl46_sc/src/common\uif.c ****         argv[argc] = NULL;
 337              		.loc 1 146 0
 338 008e 7B69     		ldr	r3, [r7, #20]
 339 0090 9B00     		lsl	r3, r3, #2
 340 0092 3A68     		ldr	r2, [r7]
 341 0094 D318     		add	r3, r2, r3
 342 0096 0022     		mov	r2, #0
 343 0098 1A60     		str	r2, [r3]
 344              	.L24:
 147:C:/Users/b01252/Documents/Freescale/L4K/software/kinetis_kl46_sc/src/common\uif.c ****     return argc;
 345              		.loc 1 147 0
 346 009a 7B69     		ldr	r3, [r7, #20]
 148:C:/Users/b01252/Documents/Freescale/L4K/software/kinetis_kl46_sc/src/common\uif.c **** }
 347              		.loc 1 148 0
 348 009c 181C     		mov	r0, r3
 349 009e BD46     		mov	sp, r7
 350 00a0 06B0     		add	sp, sp, #24
 351              		@ sp needed for prologue
 352 00a2 80BD     		pop	{r7, pc}
 353              		.cfi_endproc
 354              	.LFE1:
 356              		.section	.rodata
 357              		.align	2
 358              	.LC6:
 359 0000 456E7465 		.ascii	"Enter 'help' for help.\000"
 359      72202768 
 359      656C7027 
 359      20666F72 
 359      2068656C 
 360              		.section	.text.run_cmd,"ax",%progbits
 361              		.align	2
 362              		.global	run_cmd
 363              		.code	16
 364              		.thumb_func
 366              	run_cmd:
 367              	.LFB2:
 149:C:/Users/b01252/Documents/Freescale/L4K/software/kinetis_kl46_sc/src/common\uif.c **** 
 150:C:/Users/b01252/Documents/Freescale/L4K/software/kinetis_kl46_sc/src/common\uif.c **** /********************************************************************/
 151:C:/Users/b01252/Documents/Freescale/L4K/software/kinetis_kl46_sc/src/common\uif.c **** void
 152:C:/Users/b01252/Documents/Freescale/L4K/software/kinetis_kl46_sc/src/common\uif.c **** run_cmd (void)
 153:C:/Users/b01252/Documents/Freescale/L4K/software/kinetis_kl46_sc/src/common\uif.c **** {
 368              		.loc 1 153 0
 369              		.cfi_startproc
 370 0000 80B5     		push	{r7, lr}
 371              	.LCFI6:
 372              		.cfi_def_cfa_offset 8
 373              		.cfi_offset 7, -8
 374              		.cfi_offset 14, -4
 375 0002 8EB0     		sub	sp, sp, #56
 376              	.LCFI7:
 377              		.cfi_def_cfa_offset 64
 378 0004 00AF     		add	r7, sp, #0
 379              	.LCFI8:
 380              		.cfi_def_cfa_register 7
 154:C:/Users/b01252/Documents/Freescale/L4K/software/kinetis_kl46_sc/src/common\uif.c ****     /*
 155:C:/Users/b01252/Documents/Freescale/L4K/software/kinetis_kl46_sc/src/common\uif.c ****      * Global array of pointers to emulate C argc,argv interface
 156:C:/Users/b01252/Documents/Freescale/L4K/software/kinetis_kl46_sc/src/common\uif.c ****      */
 157:C:/Users/b01252/Documents/Freescale/L4K/software/kinetis_kl46_sc/src/common\uif.c ****     int argc;
 158:C:/Users/b01252/Documents/Freescale/L4K/software/kinetis_kl46_sc/src/common\uif.c ****     char *argv[UIF_MAX_ARGS + 1];   /* one extra for null terminator */
 159:C:/Users/b01252/Documents/Freescale/L4K/software/kinetis_kl46_sc/src/common\uif.c **** 
 160:C:/Users/b01252/Documents/Freescale/L4K/software/kinetis_kl46_sc/src/common\uif.c ****     get_line(cmdline1);
 381              		.loc 1 160 0
 382 0006 484B     		ldr	r3, .L37
 383 0008 181C     		mov	r0, r3
 384 000a FFF7FEFF 		bl	get_line
 161:C:/Users/b01252/Documents/Freescale/L4K/software/kinetis_kl46_sc/src/common\uif.c **** 
 162:C:/Users/b01252/Documents/Freescale/L4K/software/kinetis_kl46_sc/src/common\uif.c ****     if (!(argc = make_argv(cmdline1,argv)))
 385              		.loc 1 162 0
 386 000e 464A     		ldr	r2, .L37
 387 0010 3B1D     		add	r3, r7, #4
 388 0012 101C     		mov	r0, r2
 389 0014 191C     		mov	r1, r3
 390 0016 FFF7FEFF 		bl	make_argv
 391 001a 031C     		mov	r3, r0
 392 001c 7B63     		str	r3, [r7, #52]
 393 001e 7B6B     		ldr	r3, [r7, #52]
 394 0020 002B     		cmp	r3, #0
 395 0022 0DD1     		bne	.L28
 163:C:/Users/b01252/Documents/Freescale/L4K/software/kinetis_kl46_sc/src/common\uif.c ****     {
 164:C:/Users/b01252/Documents/Freescale/L4K/software/kinetis_kl46_sc/src/common\uif.c ****         /* no command entered, just a blank line */
 165:C:/Users/b01252/Documents/Freescale/L4K/software/kinetis_kl46_sc/src/common\uif.c ****         strcpy(cmdline1,cmdline2);
 396              		.loc 1 165 0
 397 0024 404A     		ldr	r2, .L37
 398 0026 414B     		ldr	r3, .L37+4
 399 0028 101C     		mov	r0, r2
 400 002a 191C     		mov	r1, r3
 401 002c FFF7FEFF 		bl	strcpy
 166:C:/Users/b01252/Documents/Freescale/L4K/software/kinetis_kl46_sc/src/common\uif.c ****         argc = make_argv(cmdline1,argv);
 402              		.loc 1 166 0
 403 0030 3D4A     		ldr	r2, .L37
 404 0032 3B1D     		add	r3, r7, #4
 405 0034 101C     		mov	r0, r2
 406 0036 191C     		mov	r1, r3
 407 0038 FFF7FEFF 		bl	make_argv
 408 003c 031C     		mov	r3, r0
 409 003e 7B63     		str	r3, [r7, #52]
 410              	.L28:
 167:C:/Users/b01252/Documents/Freescale/L4K/software/kinetis_kl46_sc/src/common\uif.c ****     }
 168:C:/Users/b01252/Documents/Freescale/L4K/software/kinetis_kl46_sc/src/common\uif.c ****     cmdline2[0] = '\0';
 411              		.loc 1 168 0
 412 0040 3A4B     		ldr	r3, .L37+4
 413 0042 0022     		mov	r2, #0
 414 0044 1A70     		strb	r2, [r3]
 169:C:/Users/b01252/Documents/Freescale/L4K/software/kinetis_kl46_sc/src/common\uif.c **** 
 170:C:/Users/b01252/Documents/Freescale/L4K/software/kinetis_kl46_sc/src/common\uif.c ****     if (argc)
 415              		.loc 1 170 0
 416 0046 7B6B     		ldr	r3, [r7, #52]
 417 0048 002B     		cmp	r3, #0
 418 004a 69D0     		beq	.L27
 419              	.LBB2:
 171:C:/Users/b01252/Documents/Freescale/L4K/software/kinetis_kl46_sc/src/common\uif.c ****     {
 172:C:/Users/b01252/Documents/Freescale/L4K/software/kinetis_kl46_sc/src/common\uif.c ****         int i;
 173:C:/Users/b01252/Documents/Freescale/L4K/software/kinetis_kl46_sc/src/common\uif.c ****         for (i = 0; i < UIF_NUM_CMD; i++)
 420              		.loc 1 173 0
 421 004c 0023     		mov	r3, #0
 422 004e 3B63     		str	r3, [r7, #48]
 423 0050 56E0     		b	.L30
 424              	.L35:
 174:C:/Users/b01252/Documents/Freescale/L4K/software/kinetis_kl46_sc/src/common\uif.c ****         {
 175:C:/Users/b01252/Documents/Freescale/L4K/software/kinetis_kl46_sc/src/common\uif.c ****             if (strcasecmp(UIF_CMDTAB[i].cmd,argv[0]) == 0)
 425              		.loc 1 175 0
 426 0052 3749     		ldr	r1, .L37+8
 427 0054 3A6B     		ldr	r2, [r7, #48]
 428 0056 131C     		mov	r3, r2
 429 0058 DB00     		lsl	r3, r3, #3
 430 005a 9B1A     		sub	r3, r3, r2
 431 005c 9B00     		lsl	r3, r3, #2
 432 005e 5A58     		ldr	r2, [r3, r1]
 433 0060 3B1D     		add	r3, r7, #4
 434 0062 1B68     		ldr	r3, [r3]
 435 0064 101C     		mov	r0, r2
 436 0066 191C     		mov	r1, r3
 437 0068 FFF7FEFF 		bl	strcasecmp
 438 006c 031C     		mov	r3, r0
 439 006e 002B     		cmp	r3, #0
 440 0070 43D1     		bne	.L31
 176:C:/Users/b01252/Documents/Freescale/L4K/software/kinetis_kl46_sc/src/common\uif.c ****             {
 177:C:/Users/b01252/Documents/Freescale/L4K/software/kinetis_kl46_sc/src/common\uif.c ****                 if (((argc-1) >= UIF_CMDTAB[i].min_args) &&
 441              		.loc 1 177 0
 442 0072 7B6B     		ldr	r3, [r7, #52]
 443 0074 591E     		sub	r1, r3, #1
 444 0076 2E48     		ldr	r0, .L37+8
 445 0078 3A6B     		ldr	r2, [r7, #48]
 446 007a 131C     		mov	r3, r2
 447 007c DB00     		lsl	r3, r3, #3
 448 007e 9B1A     		sub	r3, r3, r2
 449 0080 9B00     		lsl	r3, r3, #2
 450 0082 C318     		add	r3, r0, r3
 451 0084 0433     		add	r3, r3, #4
 452 0086 1B68     		ldr	r3, [r3]
 453 0088 9942     		cmp	r1, r3
 454 008a 2EDB     		blt	.L32
 178:C:/Users/b01252/Documents/Freescale/L4K/software/kinetis_kl46_sc/src/common\uif.c ****                     ((argc-1) <= UIF_CMDTAB[i].max_args))
 455              		.loc 1 178 0
 456 008c 7B6B     		ldr	r3, [r7, #52]
 457 008e 591E     		sub	r1, r3, #1
 458 0090 2748     		ldr	r0, .L37+8
 459 0092 3A6B     		ldr	r2, [r7, #48]
 460 0094 131C     		mov	r3, r2
 461 0096 DB00     		lsl	r3, r3, #3
 462 0098 9B1A     		sub	r3, r3, r2
 463 009a 9B00     		lsl	r3, r3, #2
 464 009c C318     		add	r3, r0, r3
 465 009e 0833     		add	r3, r3, #8
 466 00a0 1B68     		ldr	r3, [r3]
 177:C:/Users/b01252/Documents/Freescale/L4K/software/kinetis_kl46_sc/src/common\uif.c ****                 if (((argc-1) >= UIF_CMDTAB[i].min_args) &&
 467              		.loc 1 177 0
 468 00a2 9942     		cmp	r1, r3
 469 00a4 21DC     		bgt	.L32
 179:C:/Users/b01252/Documents/Freescale/L4K/software/kinetis_kl46_sc/src/common\uif.c ****                 {
 180:C:/Users/b01252/Documents/Freescale/L4K/software/kinetis_kl46_sc/src/common\uif.c ****                     if (UIF_CMDTAB[i].flags & UIF_CMD_FLAG_REPEAT)
 470              		.loc 1 180 0
 471 00a6 2249     		ldr	r1, .L37+8
 472 00a8 3A6B     		ldr	r2, [r7, #48]
 473 00aa 131C     		mov	r3, r2
 474 00ac DB00     		lsl	r3, r3, #3
 475 00ae 9B1A     		sub	r3, r3, r2
 476 00b0 9B00     		lsl	r3, r3, #2
 477 00b2 CB18     		add	r3, r1, r3
 478 00b4 0C33     		add	r3, r3, #12
 479 00b6 1A68     		ldr	r2, [r3]
 480 00b8 0123     		mov	r3, #1
 481 00ba 1340     		and	r3, r2
 482 00bc 06D0     		beq	.L33
 181:C:/Users/b01252/Documents/Freescale/L4K/software/kinetis_kl46_sc/src/common\uif.c ****                     {
 182:C:/Users/b01252/Documents/Freescale/L4K/software/kinetis_kl46_sc/src/common\uif.c ****                         strcpy(cmdline2,argv[0]);
 483              		.loc 1 182 0
 484 00be 3B1D     		add	r3, r7, #4
 485 00c0 1B68     		ldr	r3, [r3]
 486 00c2 1A4A     		ldr	r2, .L37+4
 487 00c4 101C     		mov	r0, r2
 488 00c6 191C     		mov	r1, r3
 489 00c8 FFF7FEFF 		bl	strcpy
 490              	.L33:
 183:C:/Users/b01252/Documents/Freescale/L4K/software/kinetis_kl46_sc/src/common\uif.c ****                     }
 184:C:/Users/b01252/Documents/Freescale/L4K/software/kinetis_kl46_sc/src/common\uif.c ****                     UIF_CMDTAB[i].func(argc,argv);
 491              		.loc 1 184 0
 492 00cc 1849     		ldr	r1, .L37+8
 493 00ce 3A6B     		ldr	r2, [r7, #48]
 494 00d0 131C     		mov	r3, r2
 495 00d2 DB00     		lsl	r3, r3, #3
 496 00d4 9B1A     		sub	r3, r3, r2
 497 00d6 9B00     		lsl	r3, r3, #2
 498 00d8 CB18     		add	r3, r1, r3
 499 00da 1033     		add	r3, r3, #16
 500 00dc 1B68     		ldr	r3, [r3]
 501 00de 796B     		ldr	r1, [r7, #52]
 502 00e0 3A1D     		add	r2, r7, #4
 503 00e2 081C     		mov	r0, r1
 504 00e4 111C     		mov	r1, r2
 505 00e6 9847     		blx	r3
 506 00e8 1AE0     		b	.L27
 507              	.L32:
 185:C:/Users/b01252/Documents/Freescale/L4K/software/kinetis_kl46_sc/src/common\uif.c ****                     return;
 186:C:/Users/b01252/Documents/Freescale/L4K/software/kinetis_kl46_sc/src/common\uif.c ****                 }
 187:C:/Users/b01252/Documents/Freescale/L4K/software/kinetis_kl46_sc/src/common\uif.c ****                 else
 188:C:/Users/b01252/Documents/Freescale/L4K/software/kinetis_kl46_sc/src/common\uif.c ****                 {
 189:C:/Users/b01252/Documents/Freescale/L4K/software/kinetis_kl46_sc/src/common\uif.c ****                     printf(SYNTAX,argv[0]);
 508              		.loc 1 189 0
 509 00ea 3B1D     		add	r3, r7, #4
 510 00ec 1B68     		ldr	r3, [r3]
 511 00ee 114A     		ldr	r2, .L37+12
 512 00f0 101C     		mov	r0, r2
 513 00f2 191C     		mov	r1, r3
 514 00f4 FFF7FEFF 		bl	printf
 515 00f8 12E0     		b	.L27
 516              	.L31:
 173:C:/Users/b01252/Documents/Freescale/L4K/software/kinetis_kl46_sc/src/common\uif.c ****         for (i = 0; i < UIF_NUM_CMD; i++)
 517              		.loc 1 173 0
 518 00fa 3B6B     		ldr	r3, [r7, #48]
 519 00fc 0133     		add	r3, r3, #1
 520 00fe 3B63     		str	r3, [r7, #48]
 521              	.L30:
 173:C:/Users/b01252/Documents/Freescale/L4K/software/kinetis_kl46_sc/src/common\uif.c ****         for (i = 0; i < UIF_NUM_CMD; i++)
 522              		.loc 1 173 0 is_stmt 0
 523 0100 0D4B     		ldr	r3, .L37+16
 524 0102 1B68     		ldr	r3, [r3]
 525 0104 3A6B     		ldr	r2, [r7, #48]
 526 0106 9A42     		cmp	r2, r3
 527 0108 A3DB     		blt	.L35
 190:C:/Users/b01252/Documents/Freescale/L4K/software/kinetis_kl46_sc/src/common\uif.c ****                     return;
 191:C:/Users/b01252/Documents/Freescale/L4K/software/kinetis_kl46_sc/src/common\uif.c ****                 }
 192:C:/Users/b01252/Documents/Freescale/L4K/software/kinetis_kl46_sc/src/common\uif.c ****             }
 193:C:/Users/b01252/Documents/Freescale/L4K/software/kinetis_kl46_sc/src/common\uif.c ****         }
 194:C:/Users/b01252/Documents/Freescale/L4K/software/kinetis_kl46_sc/src/common\uif.c ****         printf(INVCMD,argv[0]);
 528              		.loc 1 194 0 is_stmt 1
 529 010a 3B1D     		add	r3, r7, #4
 530 010c 1B68     		ldr	r3, [r3]
 531 010e 0B4A     		ldr	r2, .L37+20
 532 0110 101C     		mov	r0, r2
 533 0112 191C     		mov	r1, r3
 534 0114 FFF7FEFF 		bl	printf
 195:C:/Users/b01252/Documents/Freescale/L4K/software/kinetis_kl46_sc/src/common\uif.c ****         printf(HELPMSG);
 535              		.loc 1 195 0
 536 0118 094B     		ldr	r3, .L37+24
 537 011a 181C     		mov	r0, r3
 538 011c FFF7FEFF 		bl	puts
 539              	.L27:
 540              	.LBE2:
 196:C:/Users/b01252/Documents/Freescale/L4K/software/kinetis_kl46_sc/src/common\uif.c ****     }
 197:C:/Users/b01252/Documents/Freescale/L4K/software/kinetis_kl46_sc/src/common\uif.c **** }
 541              		.loc 1 197 0
 542 0120 BD46     		mov	sp, r7
 543 0122 0EB0     		add	sp, sp, #56
 544              		@ sp needed for prologue
 545 0124 80BD     		pop	{r7, pc}
 546              	.L38:
 547 0126 C046     		.align	2
 548              	.L37:
 549 0128 00000000 		.word	cmdline1
 550 012c 00000000 		.word	cmdline2
 551 0130 00000000 		.word	UIF_CMDTAB
 552 0134 00000000 		.word	SYNTAX
 553 0138 00000000 		.word	UIF_NUM_CMD
 554 013c 00000000 		.word	INVCMD
 555 0140 00000000 		.word	.LC6
 556              		.cfi_endproc
 557              	.LFE2:
 559              		.section	.text.get_value,"ax",%progbits
 560              		.align	2
 561              		.global	get_value
 562              		.code	16
 563              		.thumb_func
 565              	get_value:
 566              	.LFB3:
 198:C:/Users/b01252/Documents/Freescale/L4K/software/kinetis_kl46_sc/src/common\uif.c **** /********************************************************************/
 199:C:/Users/b01252/Documents/Freescale/L4K/software/kinetis_kl46_sc/src/common\uif.c **** uint32
 200:C:/Users/b01252/Documents/Freescale/L4K/software/kinetis_kl46_sc/src/common\uif.c **** get_value (char *s, int *success, int base)
 201:C:/Users/b01252/Documents/Freescale/L4K/software/kinetis_kl46_sc/src/common\uif.c **** {
 567              		.loc 1 201 0
 568              		.cfi_startproc
 569 0000 80B5     		push	{r7, lr}
 570              	.LCFI9:
 571              		.cfi_def_cfa_offset 8
 572              		.cfi_offset 7, -8
 573              		.cfi_offset 14, -4
 574 0002 86B0     		sub	sp, sp, #24
 575              	.LCFI10:
 576              		.cfi_def_cfa_offset 32
 577 0004 00AF     		add	r7, sp, #0
 578              	.LCFI11:
 579              		.cfi_def_cfa_register 7
 580 0006 F860     		str	r0, [r7, #12]
 581 0008 B960     		str	r1, [r7, #8]
 582 000a 7A60     		str	r2, [r7, #4]
 202:C:/Users/b01252/Documents/Freescale/L4K/software/kinetis_kl46_sc/src/common\uif.c ****     uint32 value;
 203:C:/Users/b01252/Documents/Freescale/L4K/software/kinetis_kl46_sc/src/common\uif.c ****     char *p;
 204:C:/Users/b01252/Documents/Freescale/L4K/software/kinetis_kl46_sc/src/common\uif.c **** 
 205:C:/Users/b01252/Documents/Freescale/L4K/software/kinetis_kl46_sc/src/common\uif.c ****     value = strtoul(s,&p,base);
 583              		.loc 1 205 0
 584 000c F968     		ldr	r1, [r7, #12]
 585 000e 3A1C     		mov	r2, r7
 586 0010 1032     		add	r2, r2, #16
 587 0012 7B68     		ldr	r3, [r7, #4]
 588 0014 081C     		mov	r0, r1
 589 0016 111C     		mov	r1, r2
 590 0018 1A1C     		mov	r2, r3
 591 001a FFF7FEFF 		bl	strtoul
 592 001e 031C     		mov	r3, r0
 593 0020 7B61     		str	r3, [r7, #20]
 206:C:/Users/b01252/Documents/Freescale/L4K/software/kinetis_kl46_sc/src/common\uif.c ****     if ((value == 0) && (p == s))
 594              		.loc 1 206 0
 595 0022 7B69     		ldr	r3, [r7, #20]
 596 0024 002B     		cmp	r3, #0
 597 0026 08D1     		bne	.L40
 598              		.loc 1 206 0 is_stmt 0
 599 0028 3A69     		ldr	r2, [r7, #16]
 600 002a FB68     		ldr	r3, [r7, #12]
 601 002c 9A42     		cmp	r2, r3
 602 002e 04D1     		bne	.L40
 207:C:/Users/b01252/Documents/Freescale/L4K/software/kinetis_kl46_sc/src/common\uif.c ****     {
 208:C:/Users/b01252/Documents/Freescale/L4K/software/kinetis_kl46_sc/src/common\uif.c ****         *success = FALSE;
 603              		.loc 1 208 0 is_stmt 1
 604 0030 BB68     		ldr	r3, [r7, #8]
 605 0032 0022     		mov	r2, #0
 606 0034 1A60     		str	r2, [r3]
 209:C:/Users/b01252/Documents/Freescale/L4K/software/kinetis_kl46_sc/src/common\uif.c ****         return 0;
 607              		.loc 1 209 0
 608 0036 0023     		mov	r3, #0
 609 0038 03E0     		b	.L42
 610              	.L40:
 210:C:/Users/b01252/Documents/Freescale/L4K/software/kinetis_kl46_sc/src/common\uif.c ****     }
 211:C:/Users/b01252/Documents/Freescale/L4K/software/kinetis_kl46_sc/src/common\uif.c ****     else
 212:C:/Users/b01252/Documents/Freescale/L4K/software/kinetis_kl46_sc/src/common\uif.c ****     {
 213:C:/Users/b01252/Documents/Freescale/L4K/software/kinetis_kl46_sc/src/common\uif.c ****         *success = TRUE;
 611              		.loc 1 213 0
 612 003a BB68     		ldr	r3, [r7, #8]
 613 003c 0122     		mov	r2, #1
 614 003e 1A60     		str	r2, [r3]
 214:C:/Users/b01252/Documents/Freescale/L4K/software/kinetis_kl46_sc/src/common\uif.c ****         return value;
 615              		.loc 1 214 0
 616 0040 7B69     		ldr	r3, [r7, #20]
 617              	.L42:
 215:C:/Users/b01252/Documents/Freescale/L4K/software/kinetis_kl46_sc/src/common\uif.c ****     }
 216:C:/Users/b01252/Documents/Freescale/L4K/software/kinetis_kl46_sc/src/common\uif.c **** }
 618              		.loc 1 216 0
 619 0042 181C     		mov	r0, r3
 620 0044 BD46     		mov	sp, r7
 621 0046 06B0     		add	sp, sp, #24
 622              		@ sp needed for prologue
 623 0048 80BD     		pop	{r7, pc}
 624              		.cfi_endproc
 625              	.LFE3:
 627 004a C046     		.section	.text.uif_cmd_help,"ax",%progbits
 628              		.align	2
 629              		.global	uif_cmd_help
 630              		.code	16
 631              		.thumb_func
 633              	uif_cmd_help:
 634              	.LFB4:
 217:C:/Users/b01252/Documents/Freescale/L4K/software/kinetis_kl46_sc/src/common\uif.c **** /********************************************************************/
 218:C:/Users/b01252/Documents/Freescale/L4K/software/kinetis_kl46_sc/src/common\uif.c **** void
 219:C:/Users/b01252/Documents/Freescale/L4K/software/kinetis_kl46_sc/src/common\uif.c **** uif_cmd_help (int argc, char **argv)
 220:C:/Users/b01252/Documents/Freescale/L4K/software/kinetis_kl46_sc/src/common\uif.c **** {
 635              		.loc 1 220 0
 636              		.cfi_startproc
 637 0000 B0B5     		push	{r4, r5, r7, lr}
 638              	.LCFI12:
 639              		.cfi_def_cfa_offset 16
 640              		.cfi_offset 4, -16
 641              		.cfi_offset 5, -12
 642              		.cfi_offset 7, -8
 643              		.cfi_offset 14, -4
 644 0002 86B0     		sub	sp, sp, #24
 645              	.LCFI13:
 646              		.cfi_def_cfa_offset 40
 647 0004 02AF     		add	r7, sp, #8
 648              	.LCFI14:
 649              		.cfi_def_cfa 7, 32
 650 0006 7860     		str	r0, [r7, #4]
 651 0008 3960     		str	r1, [r7]
 221:C:/Users/b01252/Documents/Freescale/L4K/software/kinetis_kl46_sc/src/common\uif.c ****     int index;
 222:C:/Users/b01252/Documents/Freescale/L4K/software/kinetis_kl46_sc/src/common\uif.c ****     
 223:C:/Users/b01252/Documents/Freescale/L4K/software/kinetis_kl46_sc/src/common\uif.c ****     (void)argc;
 224:C:/Users/b01252/Documents/Freescale/L4K/software/kinetis_kl46_sc/src/common\uif.c ****     (void)argv;
 225:C:/Users/b01252/Documents/Freescale/L4K/software/kinetis_kl46_sc/src/common\uif.c ****     
 226:C:/Users/b01252/Documents/Freescale/L4K/software/kinetis_kl46_sc/src/common\uif.c ****     printf("\n");
 652              		.loc 1 226 0
 653 000a 0A20     		mov	r0, #10
 654 000c FFF7FEFF 		bl	putchar
 227:C:/Users/b01252/Documents/Freescale/L4K/software/kinetis_kl46_sc/src/common\uif.c ****     for (index = 0; index < UIF_NUM_CMD; index++)
 655              		.loc 1 227 0
 656 0010 0023     		mov	r3, #0
 657 0012 FB60     		str	r3, [r7, #12]
 658 0014 29E0     		b	.L44
 659              	.L45:
 228:C:/Users/b01252/Documents/Freescale/L4K/software/kinetis_kl46_sc/src/common\uif.c ****     {
 229:C:/Users/b01252/Documents/Freescale/L4K/software/kinetis_kl46_sc/src/common\uif.c ****         printf(HELPFORMAT,
 660              		.loc 1 229 0
 661 0016 1A49     		ldr	r1, .L46
 662 0018 FA68     		ldr	r2, [r7, #12]
 663 001a 131C     		mov	r3, r2
 664 001c DB00     		lsl	r3, r3, #3
 665 001e 9B1A     		sub	r3, r3, r2
 666 0020 9B00     		lsl	r3, r3, #2
 667 0022 5958     		ldr	r1, [r3, r1]
 668 0024 1648     		ldr	r0, .L46
 669 0026 FA68     		ldr	r2, [r7, #12]
 670 0028 131C     		mov	r3, r2
 671 002a DB00     		lsl	r3, r3, #3
 672 002c 9B1A     		sub	r3, r3, r2
 673 002e 9B00     		lsl	r3, r3, #2
 674 0030 C318     		add	r3, r0, r3
 675 0032 1433     		add	r3, r3, #20
 676 0034 1D68     		ldr	r5, [r3]
 677 0036 1248     		ldr	r0, .L46
 678 0038 FA68     		ldr	r2, [r7, #12]
 679 003a 131C     		mov	r3, r2
 680 003c DB00     		lsl	r3, r3, #3
 681 003e 9B1A     		sub	r3, r3, r2
 682 0040 9B00     		lsl	r3, r3, #2
 683 0042 1C58     		ldr	r4, [r3, r0]
 684 0044 0E48     		ldr	r0, .L46
 685 0046 FA68     		ldr	r2, [r7, #12]
 686 0048 131C     		mov	r3, r2
 687 004a DB00     		lsl	r3, r3, #3
 688 004c 9B1A     		sub	r3, r3, r2
 689 004e 9B00     		lsl	r3, r3, #2
 690 0050 C318     		add	r3, r0, r3
 691 0052 1833     		add	r3, r3, #24
 692 0054 1A68     		ldr	r2, [r3]
 693 0056 0B4B     		ldr	r3, .L46+4
 694 0058 0092     		str	r2, [sp]
 695 005a 181C     		mov	r0, r3
 696 005c 2A1C     		mov	r2, r5
 697 005e 231C     		mov	r3, r4
 698 0060 FFF7FEFF 		bl	printf
 227:C:/Users/b01252/Documents/Freescale/L4K/software/kinetis_kl46_sc/src/common\uif.c ****     for (index = 0; index < UIF_NUM_CMD; index++)
 699              		.loc 1 227 0
 700 0064 FB68     		ldr	r3, [r7, #12]
 701 0066 0133     		add	r3, r3, #1
 702 0068 FB60     		str	r3, [r7, #12]
 703              	.L44:
 227:C:/Users/b01252/Documents/Freescale/L4K/software/kinetis_kl46_sc/src/common\uif.c ****     for (index = 0; index < UIF_NUM_CMD; index++)
 704              		.loc 1 227 0 is_stmt 0
 705 006a 074B     		ldr	r3, .L46+8
 706 006c 1B68     		ldr	r3, [r3]
 707 006e FA68     		ldr	r2, [r7, #12]
 708 0070 9A42     		cmp	r2, r3
 709 0072 D0DB     		blt	.L45
 230:C:/Users/b01252/Documents/Freescale/L4K/software/kinetis_kl46_sc/src/common\uif.c ****             UIF_CMDTAB[index].cmd,
 231:C:/Users/b01252/Documents/Freescale/L4K/software/kinetis_kl46_sc/src/common\uif.c ****             UIF_CMDTAB[index].description,
 232:C:/Users/b01252/Documents/Freescale/L4K/software/kinetis_kl46_sc/src/common\uif.c ****             UIF_CMDTAB[index].cmd,
 233:C:/Users/b01252/Documents/Freescale/L4K/software/kinetis_kl46_sc/src/common\uif.c ****             UIF_CMDTAB[index].syntax);
 234:C:/Users/b01252/Documents/Freescale/L4K/software/kinetis_kl46_sc/src/common\uif.c ****     }
 235:C:/Users/b01252/Documents/Freescale/L4K/software/kinetis_kl46_sc/src/common\uif.c ****     printf("\n");
 710              		.loc 1 235 0 is_stmt 1
 711 0074 0A20     		mov	r0, #10
 712 0076 FFF7FEFF 		bl	putchar
 236:C:/Users/b01252/Documents/Freescale/L4K/software/kinetis_kl46_sc/src/common\uif.c **** }
 713              		.loc 1 236 0
 714 007a BD46     		mov	sp, r7
 715 007c 04B0     		add	sp, sp, #16
 716              		@ sp needed for prologue
 717 007e B0BD     		pop	{r4, r5, r7, pc}
 718              	.L47:
 719              		.align	2
 720              	.L46:
 721 0080 00000000 		.word	UIF_CMDTAB
 722 0084 00000000 		.word	HELPFORMAT
 723 0088 00000000 		.word	UIF_NUM_CMD
 724              		.cfi_endproc
 725              	.LFE4:
 727              		.section	.rodata
 728 0017 00       		.align	2
 729              	.LC11:
 730 0018 56616C69 		.ascii	"Valid 'set' options:\000"
 730      64202773 
 730      65742720 
 730      6F707469 
 730      6F6E733A 
 731 002d 000000   		.align	2
 732              	.LC16:
 733 0030 4572726F 		.ascii	"Error: Invalid argument list\000"
 733      723A2049 
 733      6E76616C 
 733      69642061 
 733      7267756D 
 734              		.section	.text.uif_cmd_set,"ax",%progbits
 735              		.align	2
 736              		.global	uif_cmd_set
 737              		.code	16
 738              		.thumb_func
 740              	uif_cmd_set:
 741              	.LFB5:
 237:C:/Users/b01252/Documents/Freescale/L4K/software/kinetis_kl46_sc/src/common\uif.c **** /********************************************************************/
 238:C:/Users/b01252/Documents/Freescale/L4K/software/kinetis_kl46_sc/src/common\uif.c **** void
 239:C:/Users/b01252/Documents/Freescale/L4K/software/kinetis_kl46_sc/src/common\uif.c **** uif_cmd_set (int argc, char **argv)
 240:C:/Users/b01252/Documents/Freescale/L4K/software/kinetis_kl46_sc/src/common\uif.c **** {
 742              		.loc 1 240 0
 743              		.cfi_startproc
 744 0000 80B5     		push	{r7, lr}
 745              	.LCFI15:
 746              		.cfi_def_cfa_offset 8
 747              		.cfi_offset 7, -8
 748              		.cfi_offset 14, -4
 749 0002 84B0     		sub	sp, sp, #16
 750              	.LCFI16:
 751              		.cfi_def_cfa_offset 24
 752 0004 00AF     		add	r7, sp, #0
 753              	.LCFI17:
 754              		.cfi_def_cfa_register 7
 755 0006 7860     		str	r0, [r7, #4]
 756 0008 3960     		str	r1, [r7]
 241:C:/Users/b01252/Documents/Freescale/L4K/software/kinetis_kl46_sc/src/common\uif.c ****     int index;
 242:C:/Users/b01252/Documents/Freescale/L4K/software/kinetis_kl46_sc/src/common\uif.c **** 
 243:C:/Users/b01252/Documents/Freescale/L4K/software/kinetis_kl46_sc/src/common\uif.c ****     printf("\n");
 757              		.loc 1 243 0
 758 000a 0A20     		mov	r0, #10
 759 000c FFF7FEFF 		bl	putchar
 244:C:/Users/b01252/Documents/Freescale/L4K/software/kinetis_kl46_sc/src/common\uif.c ****     if (argc == 1)
 760              		.loc 1 244 0
 761 0010 7B68     		ldr	r3, [r7, #4]
 762 0012 012B     		cmp	r3, #1
 763 0014 2AD1     		bne	.L49
 245:C:/Users/b01252/Documents/Freescale/L4K/software/kinetis_kl46_sc/src/common\uif.c ****     {
 246:C:/Users/b01252/Documents/Freescale/L4K/software/kinetis_kl46_sc/src/common\uif.c ****         printf("Valid 'set' options:\n");
 764              		.loc 1 246 0
 765 0016 464B     		ldr	r3, .L58
 766 0018 181C     		mov	r0, r3
 767 001a FFF7FEFF 		bl	puts
 247:C:/Users/b01252/Documents/Freescale/L4K/software/kinetis_kl46_sc/src/common\uif.c ****         for (index = 0; index < UIF_NUM_SETCMD; ++index)
 768              		.loc 1 247 0
 769 001e 0023     		mov	r3, #0
 770 0020 FB60     		str	r3, [r7, #12]
 771 0022 1AE0     		b	.L50
 772              	.L51:
 248:C:/Users/b01252/Documents/Freescale/L4K/software/kinetis_kl46_sc/src/common\uif.c ****         {
 249:C:/Users/b01252/Documents/Freescale/L4K/software/kinetis_kl46_sc/src/common\uif.c ****             printf(OPTFMT,UIF_SETCMDTAB[index].option);
 773              		.loc 1 249 0
 774 0024 4349     		ldr	r1, .L58+4
 775 0026 FA68     		ldr	r2, [r7, #12]
 776 0028 131C     		mov	r3, r2
 777 002a 9B00     		lsl	r3, r3, #2
 778 002c 9B18     		add	r3, r3, r2
 779 002e 9B00     		lsl	r3, r3, #2
 780 0030 5B58     		ldr	r3, [r3, r1]
 781 0032 414A     		ldr	r2, .L58+8
 782 0034 101C     		mov	r0, r2
 783 0036 191C     		mov	r1, r3
 784 0038 FFF7FEFF 		bl	printf
 250:C:/Users/b01252/Documents/Freescale/L4K/software/kinetis_kl46_sc/src/common\uif.c ****             printf("%s\n",UIF_SETCMDTAB[index].syntax);
 785              		.loc 1 250 0
 786 003c 3D49     		ldr	r1, .L58+4
 787 003e FA68     		ldr	r2, [r7, #12]
 788 0040 131C     		mov	r3, r2
 789 0042 9B00     		lsl	r3, r3, #2
 790 0044 9B18     		add	r3, r3, r2
 791 0046 9B00     		lsl	r3, r3, #2
 792 0048 CB18     		add	r3, r1, r3
 793 004a 1033     		add	r3, r3, #16
 794 004c 1B68     		ldr	r3, [r3]
 795 004e 181C     		mov	r0, r3
 796 0050 FFF7FEFF 		bl	puts
 247:C:/Users/b01252/Documents/Freescale/L4K/software/kinetis_kl46_sc/src/common\uif.c ****         for (index = 0; index < UIF_NUM_SETCMD; ++index)
 797              		.loc 1 247 0
 798 0054 FB68     		ldr	r3, [r7, #12]
 799 0056 0133     		add	r3, r3, #1
 800 0058 FB60     		str	r3, [r7, #12]
 801              	.L50:
 247:C:/Users/b01252/Documents/Freescale/L4K/software/kinetis_kl46_sc/src/common\uif.c ****         for (index = 0; index < UIF_NUM_SETCMD; ++index)
 802              		.loc 1 247 0 is_stmt 0
 803 005a 384B     		ldr	r3, .L58+12
 804 005c 1B68     		ldr	r3, [r3]
 805 005e FA68     		ldr	r2, [r7, #12]
 806 0060 9A42     		cmp	r2, r3
 807 0062 DFDB     		blt	.L51
 251:C:/Users/b01252/Documents/Freescale/L4K/software/kinetis_kl46_sc/src/common\uif.c ****         }
 252:C:/Users/b01252/Documents/Freescale/L4K/software/kinetis_kl46_sc/src/common\uif.c ****         printf("\n");
 808              		.loc 1 252 0 is_stmt 1
 809 0064 0A20     		mov	r0, #10
 810 0066 FFF7FEFF 		bl	putchar
 253:C:/Users/b01252/Documents/Freescale/L4K/software/kinetis_kl46_sc/src/common\uif.c ****         return;
 811              		.loc 1 253 0
 812 006a 5DE0     		b	.L48
 813              	.L49:
 254:C:/Users/b01252/Documents/Freescale/L4K/software/kinetis_kl46_sc/src/common\uif.c ****     }
 255:C:/Users/b01252/Documents/Freescale/L4K/software/kinetis_kl46_sc/src/common\uif.c **** 
 256:C:/Users/b01252/Documents/Freescale/L4K/software/kinetis_kl46_sc/src/common\uif.c ****     if (argc != 3)
 814              		.loc 1 256 0
 815 006c 7B68     		ldr	r3, [r7, #4]
 816 006e 032B     		cmp	r3, #3
 817 0070 04D0     		beq	.L53
 257:C:/Users/b01252/Documents/Freescale/L4K/software/kinetis_kl46_sc/src/common\uif.c ****     {
 258:C:/Users/b01252/Documents/Freescale/L4K/software/kinetis_kl46_sc/src/common\uif.c ****         printf("Error: Invalid argument list\n");
 818              		.loc 1 258 0
 819 0072 334B     		ldr	r3, .L58+16
 820 0074 181C     		mov	r0, r3
 821 0076 FFF7FEFF 		bl	puts
 259:C:/Users/b01252/Documents/Freescale/L4K/software/kinetis_kl46_sc/src/common\uif.c ****         return;
 822              		.loc 1 259 0
 823 007a 55E0     		b	.L48
 824              	.L53:
 260:C:/Users/b01252/Documents/Freescale/L4K/software/kinetis_kl46_sc/src/common\uif.c ****     }
 261:C:/Users/b01252/Documents/Freescale/L4K/software/kinetis_kl46_sc/src/common\uif.c **** 
 262:C:/Users/b01252/Documents/Freescale/L4K/software/kinetis_kl46_sc/src/common\uif.c ****     for (index = 0; index < UIF_NUM_SETCMD; index++)
 825              		.loc 1 262 0
 826 007c 0023     		mov	r3, #0
 827 007e FB60     		str	r3, [r7, #12]
 828 0080 45E0     		b	.L54
 829              	.L57:
 263:C:/Users/b01252/Documents/Freescale/L4K/software/kinetis_kl46_sc/src/common\uif.c ****     {
 264:C:/Users/b01252/Documents/Freescale/L4K/software/kinetis_kl46_sc/src/common\uif.c ****         if (strcasecmp(UIF_SETCMDTAB[index].option,argv[1]) == 0)
 830              		.loc 1 264 0
 831 0082 2C49     		ldr	r1, .L58+4
 832 0084 FA68     		ldr	r2, [r7, #12]
 833 0086 131C     		mov	r3, r2
 834 0088 9B00     		lsl	r3, r3, #2
 835 008a 9B18     		add	r3, r3, r2
 836 008c 9B00     		lsl	r3, r3, #2
 837 008e 5A58     		ldr	r2, [r3, r1]
 838 0090 3B68     		ldr	r3, [r7]
 839 0092 0433     		add	r3, r3, #4
 840 0094 1B68     		ldr	r3, [r3]
 841 0096 101C     		mov	r0, r2
 842 0098 191C     		mov	r1, r3
 843 009a FFF7FEFF 		bl	strcasecmp
 844 009e 031C     		mov	r3, r0
 845 00a0 002B     		cmp	r3, #0
 846 00a2 31D1     		bne	.L55
 265:C:/Users/b01252/Documents/Freescale/L4K/software/kinetis_kl46_sc/src/common\uif.c ****         {
 266:C:/Users/b01252/Documents/Freescale/L4K/software/kinetis_kl46_sc/src/common\uif.c ****             if (((argc-1-1) >= UIF_SETCMDTAB[index].min_args) &&
 847              		.loc 1 266 0
 848 00a4 7B68     		ldr	r3, [r7, #4]
 849 00a6 991E     		sub	r1, r3, #2
 850 00a8 2248     		ldr	r0, .L58+4
 851 00aa FA68     		ldr	r2, [r7, #12]
 852 00ac 131C     		mov	r3, r2
 853 00ae 9B00     		lsl	r3, r3, #2
 854 00b0 9B18     		add	r3, r3, r2
 855 00b2 9B00     		lsl	r3, r3, #2
 856 00b4 C318     		add	r3, r0, r3
 857 00b6 0433     		add	r3, r3, #4
 858 00b8 1B68     		ldr	r3, [r3]
 859 00ba 9942     		cmp	r1, r3
 860 00bc 1BDB     		blt	.L56
 267:C:/Users/b01252/Documents/Freescale/L4K/software/kinetis_kl46_sc/src/common\uif.c ****                 ((argc-1-1) <= UIF_SETCMDTAB[index].max_args))
 861              		.loc 1 267 0
 862 00be 7B68     		ldr	r3, [r7, #4]
 863 00c0 991E     		sub	r1, r3, #2
 864 00c2 1C48     		ldr	r0, .L58+4
 865 00c4 FA68     		ldr	r2, [r7, #12]
 866 00c6 131C     		mov	r3, r2
 867 00c8 9B00     		lsl	r3, r3, #2
 868 00ca 9B18     		add	r3, r3, r2
 869 00cc 9B00     		lsl	r3, r3, #2
 870 00ce C318     		add	r3, r0, r3
 871 00d0 0833     		add	r3, r3, #8
 872 00d2 1B68     		ldr	r3, [r3]
 266:C:/Users/b01252/Documents/Freescale/L4K/software/kinetis_kl46_sc/src/common\uif.c ****             if (((argc-1-1) >= UIF_SETCMDTAB[index].min_args) &&
 873              		.loc 1 266 0
 874 00d4 9942     		cmp	r1, r3
 875 00d6 0EDC     		bgt	.L56
 268:C:/Users/b01252/Documents/Freescale/L4K/software/kinetis_kl46_sc/src/common\uif.c ****             {
 269:C:/Users/b01252/Documents/Freescale/L4K/software/kinetis_kl46_sc/src/common\uif.c ****                 UIF_SETCMDTAB[index].func(argc,argv);
 876              		.loc 1 269 0
 877 00d8 1649     		ldr	r1, .L58+4
 878 00da FA68     		ldr	r2, [r7, #12]
 879 00dc 131C     		mov	r3, r2
 880 00de 9B00     		lsl	r3, r3, #2
 881 00e0 9B18     		add	r3, r3, r2
 882 00e2 9B00     		lsl	r3, r3, #2
 883 00e4 CB18     		add	r3, r1, r3
 884 00e6 0C33     		add	r3, r3, #12
 885 00e8 1B68     		ldr	r3, [r3]
 886 00ea 7968     		ldr	r1, [r7, #4]
 887 00ec 3A68     		ldr	r2, [r7]
 888 00ee 081C     		mov	r0, r1
 889 00f0 111C     		mov	r1, r2
 890 00f2 9847     		blx	r3
 270:C:/Users/b01252/Documents/Freescale/L4K/software/kinetis_kl46_sc/src/common\uif.c ****                 return;
 891              		.loc 1 270 0
 892 00f4 18E0     		b	.L48
 893              	.L56:
 271:C:/Users/b01252/Documents/Freescale/L4K/software/kinetis_kl46_sc/src/common\uif.c ****             }
 272:C:/Users/b01252/Documents/Freescale/L4K/software/kinetis_kl46_sc/src/common\uif.c ****             else
 273:C:/Users/b01252/Documents/Freescale/L4K/software/kinetis_kl46_sc/src/common\uif.c ****             {
 274:C:/Users/b01252/Documents/Freescale/L4K/software/kinetis_kl46_sc/src/common\uif.c ****                 printf(INVARG,argv[1]);
 894              		.loc 1 274 0
 895 00f6 3B68     		ldr	r3, [r7]
 896 00f8 0433     		add	r3, r3, #4
 897 00fa 1B68     		ldr	r3, [r3]
 898 00fc 114A     		ldr	r2, .L58+20
 899 00fe 101C     		mov	r0, r2
 900 0100 191C     		mov	r1, r3
 901 0102 FFF7FEFF 		bl	printf
 275:C:/Users/b01252/Documents/Freescale/L4K/software/kinetis_kl46_sc/src/common\uif.c ****                 return;
 902              		.loc 1 275 0
 903 0106 0FE0     		b	.L48
 904              	.L55:
 262:C:/Users/b01252/Documents/Freescale/L4K/software/kinetis_kl46_sc/src/common\uif.c ****     for (index = 0; index < UIF_NUM_SETCMD; index++)
 905              		.loc 1 262 0
 906 0108 FB68     		ldr	r3, [r7, #12]
 907 010a 0133     		add	r3, r3, #1
 908 010c FB60     		str	r3, [r7, #12]
 909              	.L54:
 262:C:/Users/b01252/Documents/Freescale/L4K/software/kinetis_kl46_sc/src/common\uif.c ****     for (index = 0; index < UIF_NUM_SETCMD; index++)
 910              		.loc 1 262 0 is_stmt 0
 911 010e 0B4B     		ldr	r3, .L58+12
 912 0110 1B68     		ldr	r3, [r3]
 913 0112 FA68     		ldr	r2, [r7, #12]
 914 0114 9A42     		cmp	r2, r3
 915 0116 B4DB     		blt	.L57
 276:C:/Users/b01252/Documents/Freescale/L4K/software/kinetis_kl46_sc/src/common\uif.c ****             }
 277:C:/Users/b01252/Documents/Freescale/L4K/software/kinetis_kl46_sc/src/common\uif.c ****         }
 278:C:/Users/b01252/Documents/Freescale/L4K/software/kinetis_kl46_sc/src/common\uif.c ****     }
 279:C:/Users/b01252/Documents/Freescale/L4K/software/kinetis_kl46_sc/src/common\uif.c ****     printf(INVOPT,argv[1]);
 916              		.loc 1 279 0 is_stmt 1
 917 0118 3B68     		ldr	r3, [r7]
 918 011a 0433     		add	r3, r3, #4
 919 011c 1B68     		ldr	r3, [r3]
 920 011e 0A4A     		ldr	r2, .L58+24
 921 0120 101C     		mov	r0, r2
 922 0122 191C     		mov	r1, r3
 923 0124 FFF7FEFF 		bl	printf
 924              	.L48:
 280:C:/Users/b01252/Documents/Freescale/L4K/software/kinetis_kl46_sc/src/common\uif.c **** }
 925              		.loc 1 280 0
 926 0128 BD46     		mov	sp, r7
 927 012a 04B0     		add	sp, sp, #16
 928              		@ sp needed for prologue
 929 012c 80BD     		pop	{r7, pc}
 930              	.L59:
 931 012e C046     		.align	2
 932              	.L58:
 933 0130 18000000 		.word	.LC11
 934 0134 00000000 		.word	UIF_SETCMDTAB
 935 0138 00000000 		.word	OPTFMT
 936 013c 00000000 		.word	UIF_NUM_SETCMD
 937 0140 30000000 		.word	.LC16
 938 0144 00000000 		.word	INVARG
 939 0148 00000000 		.word	INVOPT
 940              		.cfi_endproc
 941              	.LFE5:
 943              		.section	.rodata
 944 004d 000000   		.align	2
 945              	.LC23:
 946 0050 0A00     		.ascii	"\012\000"
 947 0052 0000     		.section	.text.uif_cmd_show,"ax",%progbits
 948              		.align	2
 949              		.global	uif_cmd_show
 950              		.code	16
 951              		.thumb_func
 953              	uif_cmd_show:
 954              	.LFB6:
 281:C:/Users/b01252/Documents/Freescale/L4K/software/kinetis_kl46_sc/src/common\uif.c **** 
 282:C:/Users/b01252/Documents/Freescale/L4K/software/kinetis_kl46_sc/src/common\uif.c **** /********************************************************************/
 283:C:/Users/b01252/Documents/Freescale/L4K/software/kinetis_kl46_sc/src/common\uif.c **** void
 284:C:/Users/b01252/Documents/Freescale/L4K/software/kinetis_kl46_sc/src/common\uif.c **** uif_cmd_show (int argc, char **argv)
 285:C:/Users/b01252/Documents/Freescale/L4K/software/kinetis_kl46_sc/src/common\uif.c **** {
 955              		.loc 1 285 0
 956              		.cfi_startproc
 957 0000 80B5     		push	{r7, lr}
 958              	.LCFI18:
 959              		.cfi_def_cfa_offset 8
 960              		.cfi_offset 7, -8
 961              		.cfi_offset 14, -4
 962 0002 84B0     		sub	sp, sp, #16
 963              	.LCFI19:
 964              		.cfi_def_cfa_offset 24
 965 0004 00AF     		add	r7, sp, #0
 966              	.LCFI20:
 967              		.cfi_def_cfa_register 7
 968 0006 7860     		str	r0, [r7, #4]
 969 0008 3960     		str	r1, [r7]
 286:C:/Users/b01252/Documents/Freescale/L4K/software/kinetis_kl46_sc/src/common\uif.c ****     int index;
 287:C:/Users/b01252/Documents/Freescale/L4K/software/kinetis_kl46_sc/src/common\uif.c **** 
 288:C:/Users/b01252/Documents/Freescale/L4K/software/kinetis_kl46_sc/src/common\uif.c ****     printf("\n");
 970              		.loc 1 288 0
 971 000a 0A20     		mov	r0, #10
 972 000c FFF7FEFF 		bl	putchar
 289:C:/Users/b01252/Documents/Freescale/L4K/software/kinetis_kl46_sc/src/common\uif.c ****     if (argc == 1)
 973              		.loc 1 289 0
 974 0010 7B68     		ldr	r3, [r7, #4]
 975 0012 012B     		cmp	r3, #1
 976 0014 31D1     		bne	.L61
 290:C:/Users/b01252/Documents/Freescale/L4K/software/kinetis_kl46_sc/src/common\uif.c ****     {
 291:C:/Users/b01252/Documents/Freescale/L4K/software/kinetis_kl46_sc/src/common\uif.c ****         /*
 292:C:/Users/b01252/Documents/Freescale/L4K/software/kinetis_kl46_sc/src/common\uif.c ****          * Show all Option settings
 293:C:/Users/b01252/Documents/Freescale/L4K/software/kinetis_kl46_sc/src/common\uif.c ****          */
 294:C:/Users/b01252/Documents/Freescale/L4K/software/kinetis_kl46_sc/src/common\uif.c ****         argc = 2;
 977              		.loc 1 294 0
 978 0016 0223     		mov	r3, #2
 979 0018 7B60     		str	r3, [r7, #4]
 295:C:/Users/b01252/Documents/Freescale/L4K/software/kinetis_kl46_sc/src/common\uif.c ****         argv[2] = NULL;
 980              		.loc 1 295 0
 981 001a 3B68     		ldr	r3, [r7]
 982 001c 0833     		add	r3, r3, #8
 983 001e 0022     		mov	r2, #0
 984 0020 1A60     		str	r2, [r3]
 296:C:/Users/b01252/Documents/Freescale/L4K/software/kinetis_kl46_sc/src/common\uif.c ****         for (index = 0; index < UIF_NUM_SETCMD; index++)
 985              		.loc 1 296 0
 986 0022 0023     		mov	r3, #0
 987 0024 FB60     		str	r3, [r7, #12]
 988 0026 1FE0     		b	.L62
 989              	.L63:
 297:C:/Users/b01252/Documents/Freescale/L4K/software/kinetis_kl46_sc/src/common\uif.c ****         {
 298:C:/Users/b01252/Documents/Freescale/L4K/software/kinetis_kl46_sc/src/common\uif.c ****             printf(OPTFMT,UIF_SETCMDTAB[index].option);
 990              		.loc 1 298 0
 991 0028 4849     		ldr	r1, .L69
 992 002a FA68     		ldr	r2, [r7, #12]
 993 002c 131C     		mov	r3, r2
 994 002e 9B00     		lsl	r3, r3, #2
 995 0030 9B18     		add	r3, r3, r2
 996 0032 9B00     		lsl	r3, r3, #2
 997 0034 5B58     		ldr	r3, [r3, r1]
 998 0036 464A     		ldr	r2, .L69+4
 999 0038 101C     		mov	r0, r2
 1000 003a 191C     		mov	r1, r3
 1001 003c FFF7FEFF 		bl	printf
 299:C:/Users/b01252/Documents/Freescale/L4K/software/kinetis_kl46_sc/src/common\uif.c ****             UIF_SETCMDTAB[index].func(argc,argv);
 1002              		.loc 1 299 0
 1003 0040 4249     		ldr	r1, .L69
 1004 0042 FA68     		ldr	r2, [r7, #12]
 1005 0044 131C     		mov	r3, r2
 1006 0046 9B00     		lsl	r3, r3, #2
 1007 0048 9B18     		add	r3, r3, r2
 1008 004a 9B00     		lsl	r3, r3, #2
 1009 004c CB18     		add	r3, r1, r3
 1010 004e 0C33     		add	r3, r3, #12
 1011 0050 1B68     		ldr	r3, [r3]
 1012 0052 7968     		ldr	r1, [r7, #4]
 1013 0054 3A68     		ldr	r2, [r7]
 1014 0056 081C     		mov	r0, r1
 1015 0058 111C     		mov	r1, r2
 1016 005a 9847     		blx	r3
 300:C:/Users/b01252/Documents/Freescale/L4K/software/kinetis_kl46_sc/src/common\uif.c ****             printf("\n");
 1017              		.loc 1 300 0
 1018 005c 0A20     		mov	r0, #10
 1019 005e FFF7FEFF 		bl	putchar
 296:C:/Users/b01252/Documents/Freescale/L4K/software/kinetis_kl46_sc/src/common\uif.c ****         for (index = 0; index < UIF_NUM_SETCMD; index++)
 1020              		.loc 1 296 0
 1021 0062 FB68     		ldr	r3, [r7, #12]
 1022 0064 0133     		add	r3, r3, #1
 1023 0066 FB60     		str	r3, [r7, #12]
 1024              	.L62:
 296:C:/Users/b01252/Documents/Freescale/L4K/software/kinetis_kl46_sc/src/common\uif.c ****         for (index = 0; index < UIF_NUM_SETCMD; index++)
 1025              		.loc 1 296 0 is_stmt 0
 1026 0068 3A4B     		ldr	r3, .L69+8
 1027 006a 1B68     		ldr	r3, [r3]
 1028 006c FA68     		ldr	r2, [r7, #12]
 1029 006e 9A42     		cmp	r2, r3
 1030 0070 DADB     		blt	.L63
 301:C:/Users/b01252/Documents/Freescale/L4K/software/kinetis_kl46_sc/src/common\uif.c ****         }
 302:C:/Users/b01252/Documents/Freescale/L4K/software/kinetis_kl46_sc/src/common\uif.c ****         printf("\n");
 1031              		.loc 1 302 0 is_stmt 1
 1032 0072 0A20     		mov	r0, #10
 1033 0074 FFF7FEFF 		bl	putchar
 303:C:/Users/b01252/Documents/Freescale/L4K/software/kinetis_kl46_sc/src/common\uif.c ****         return;
 1034              		.loc 1 303 0
 1035 0078 65E0     		b	.L60
 1036              	.L61:
 304:C:/Users/b01252/Documents/Freescale/L4K/software/kinetis_kl46_sc/src/common\uif.c ****     }
 305:C:/Users/b01252/Documents/Freescale/L4K/software/kinetis_kl46_sc/src/common\uif.c **** 
 306:C:/Users/b01252/Documents/Freescale/L4K/software/kinetis_kl46_sc/src/common\uif.c ****     for (index = 0; index < UIF_NUM_SETCMD; index++)
 1037              		.loc 1 306 0
 1038 007a 0023     		mov	r3, #0
 1039 007c FB60     		str	r3, [r7, #12]
 1040 007e 55E0     		b	.L65
 1041              	.L68:
 307:C:/Users/b01252/Documents/Freescale/L4K/software/kinetis_kl46_sc/src/common\uif.c ****     {
 308:C:/Users/b01252/Documents/Freescale/L4K/software/kinetis_kl46_sc/src/common\uif.c ****         if (strcasecmp(UIF_SETCMDTAB[index].option,argv[1]) == 0)
 1042              		.loc 1 308 0
 1043 0080 3249     		ldr	r1, .L69
 1044 0082 FA68     		ldr	r2, [r7, #12]
 1045 0084 131C     		mov	r3, r2
 1046 0086 9B00     		lsl	r3, r3, #2
 1047 0088 9B18     		add	r3, r3, r2
 1048 008a 9B00     		lsl	r3, r3, #2
 1049 008c 5A58     		ldr	r2, [r3, r1]
 1050 008e 3B68     		ldr	r3, [r7]
 1051 0090 0433     		add	r3, r3, #4
 1052 0092 1B68     		ldr	r3, [r3]
 1053 0094 101C     		mov	r0, r2
 1054 0096 191C     		mov	r1, r3
 1055 0098 FFF7FEFF 		bl	strcasecmp
 1056 009c 031C     		mov	r3, r0
 1057 009e 002B     		cmp	r3, #0
 1058 00a0 41D1     		bne	.L66
 309:C:/Users/b01252/Documents/Freescale/L4K/software/kinetis_kl46_sc/src/common\uif.c ****         {
 310:C:/Users/b01252/Documents/Freescale/L4K/software/kinetis_kl46_sc/src/common\uif.c ****             if (((argc-1-1) >= UIF_SETCMDTAB[index].min_args) &&
 1059              		.loc 1 310 0
 1060 00a2 7B68     		ldr	r3, [r7, #4]
 1061 00a4 991E     		sub	r1, r3, #2
 1062 00a6 2948     		ldr	r0, .L69
 1063 00a8 FA68     		ldr	r2, [r7, #12]
 1064 00aa 131C     		mov	r3, r2
 1065 00ac 9B00     		lsl	r3, r3, #2
 1066 00ae 9B18     		add	r3, r3, r2
 1067 00b0 9B00     		lsl	r3, r3, #2
 1068 00b2 C318     		add	r3, r0, r3
 1069 00b4 0433     		add	r3, r3, #4
 1070 00b6 1B68     		ldr	r3, [r3]
 1071 00b8 9942     		cmp	r1, r3
 1072 00ba 2BDB     		blt	.L67
 311:C:/Users/b01252/Documents/Freescale/L4K/software/kinetis_kl46_sc/src/common\uif.c ****                 ((argc-1-1) <= UIF_SETCMDTAB[index].max_args))
 1073              		.loc 1 311 0
 1074 00bc 7B68     		ldr	r3, [r7, #4]
 1075 00be 991E     		sub	r1, r3, #2
 1076 00c0 2248     		ldr	r0, .L69
 1077 00c2 FA68     		ldr	r2, [r7, #12]
 1078 00c4 131C     		mov	r3, r2
 1079 00c6 9B00     		lsl	r3, r3, #2
 1080 00c8 9B18     		add	r3, r3, r2
 1081 00ca 9B00     		lsl	r3, r3, #2
 1082 00cc C318     		add	r3, r0, r3
 1083 00ce 0833     		add	r3, r3, #8
 1084 00d0 1B68     		ldr	r3, [r3]
 310:C:/Users/b01252/Documents/Freescale/L4K/software/kinetis_kl46_sc/src/common\uif.c ****             if (((argc-1-1) >= UIF_SETCMDTAB[index].min_args) &&
 1085              		.loc 1 310 0
 1086 00d2 9942     		cmp	r1, r3
 1087 00d4 1EDC     		bgt	.L67
 312:C:/Users/b01252/Documents/Freescale/L4K/software/kinetis_kl46_sc/src/common\uif.c ****             {
 313:C:/Users/b01252/Documents/Freescale/L4K/software/kinetis_kl46_sc/src/common\uif.c ****                 printf(OPTFMT,UIF_SETCMDTAB[index].option);
 1088              		.loc 1 313 0
 1089 00d6 1D49     		ldr	r1, .L69
 1090 00d8 FA68     		ldr	r2, [r7, #12]
 1091 00da 131C     		mov	r3, r2
 1092 00dc 9B00     		lsl	r3, r3, #2
 1093 00de 9B18     		add	r3, r3, r2
 1094 00e0 9B00     		lsl	r3, r3, #2
 1095 00e2 5B58     		ldr	r3, [r3, r1]
 1096 00e4 1A4A     		ldr	r2, .L69+4
 1097 00e6 101C     		mov	r0, r2
 1098 00e8 191C     		mov	r1, r3
 1099 00ea FFF7FEFF 		bl	printf
 314:C:/Users/b01252/Documents/Freescale/L4K/software/kinetis_kl46_sc/src/common\uif.c ****                 UIF_SETCMDTAB[index].func(argc,argv);
 1100              		.loc 1 314 0
 1101 00ee 1749     		ldr	r1, .L69
 1102 00f0 FA68     		ldr	r2, [r7, #12]
 1103 00f2 131C     		mov	r3, r2
 1104 00f4 9B00     		lsl	r3, r3, #2
 1105 00f6 9B18     		add	r3, r3, r2
 1106 00f8 9B00     		lsl	r3, r3, #2
 1107 00fa CB18     		add	r3, r1, r3
 1108 00fc 0C33     		add	r3, r3, #12
 1109 00fe 1B68     		ldr	r3, [r3]
 1110 0100 7968     		ldr	r1, [r7, #4]
 1111 0102 3A68     		ldr	r2, [r7]
 1112 0104 081C     		mov	r0, r1
 1113 0106 111C     		mov	r1, r2
 1114 0108 9847     		blx	r3
 315:C:/Users/b01252/Documents/Freescale/L4K/software/kinetis_kl46_sc/src/common\uif.c ****                 printf("\n\n");
 1115              		.loc 1 315 0
 1116 010a 134B     		ldr	r3, .L69+12
 1117 010c 181C     		mov	r0, r3
 1118 010e FFF7FEFF 		bl	puts
 316:C:/Users/b01252/Documents/Freescale/L4K/software/kinetis_kl46_sc/src/common\uif.c ****                 return;
 1119              		.loc 1 316 0
 1120 0112 18E0     		b	.L60
 1121              	.L67:
 317:C:/Users/b01252/Documents/Freescale/L4K/software/kinetis_kl46_sc/src/common\uif.c ****             }
 318:C:/Users/b01252/Documents/Freescale/L4K/software/kinetis_kl46_sc/src/common\uif.c ****             else
 319:C:/Users/b01252/Documents/Freescale/L4K/software/kinetis_kl46_sc/src/common\uif.c ****             {
 320:C:/Users/b01252/Documents/Freescale/L4K/software/kinetis_kl46_sc/src/common\uif.c ****                 printf(INVARG,argv[1]);
 1122              		.loc 1 320 0
 1123 0114 3B68     		ldr	r3, [r7]
 1124 0116 0433     		add	r3, r3, #4
 1125 0118 1B68     		ldr	r3, [r3]
 1126 011a 104A     		ldr	r2, .L69+16
 1127 011c 101C     		mov	r0, r2
 1128 011e 191C     		mov	r1, r3
 1129 0120 FFF7FEFF 		bl	printf
 321:C:/Users/b01252/Documents/Freescale/L4K/software/kinetis_kl46_sc/src/common\uif.c ****                 return;
 1130              		.loc 1 321 0
 1131 0124 0FE0     		b	.L60
 1132              	.L66:
 306:C:/Users/b01252/Documents/Freescale/L4K/software/kinetis_kl46_sc/src/common\uif.c ****     for (index = 0; index < UIF_NUM_SETCMD; index++)
 1133              		.loc 1 306 0
 1134 0126 FB68     		ldr	r3, [r7, #12]
 1135 0128 0133     		add	r3, r3, #1
 1136 012a FB60     		str	r3, [r7, #12]
 1137              	.L65:
 306:C:/Users/b01252/Documents/Freescale/L4K/software/kinetis_kl46_sc/src/common\uif.c ****     for (index = 0; index < UIF_NUM_SETCMD; index++)
 1138              		.loc 1 306 0 is_stmt 0
 1139 012c 094B     		ldr	r3, .L69+8
 1140 012e 1B68     		ldr	r3, [r3]
 1141 0130 FA68     		ldr	r2, [r7, #12]
 1142 0132 9A42     		cmp	r2, r3
 1143 0134 A4DB     		blt	.L68
 322:C:/Users/b01252/Documents/Freescale/L4K/software/kinetis_kl46_sc/src/common\uif.c ****             }
 323:C:/Users/b01252/Documents/Freescale/L4K/software/kinetis_kl46_sc/src/common\uif.c ****         }
 324:C:/Users/b01252/Documents/Freescale/L4K/software/kinetis_kl46_sc/src/common\uif.c ****     }
 325:C:/Users/b01252/Documents/Freescale/L4K/software/kinetis_kl46_sc/src/common\uif.c ****     printf(INVOPT,argv[1]);
 1144              		.loc 1 325 0 is_stmt 1
 1145 0136 3B68     		ldr	r3, [r7]
 1146 0138 0433     		add	r3, r3, #4
 1147 013a 1B68     		ldr	r3, [r3]
 1148 013c 084A     		ldr	r2, .L69+20
 1149 013e 101C     		mov	r0, r2
 1150 0140 191C     		mov	r1, r3
 1151 0142 FFF7FEFF 		bl	printf
 1152              	.L60:
 326:C:/Users/b01252/Documents/Freescale/L4K/software/kinetis_kl46_sc/src/common\uif.c **** }
 1153              		.loc 1 326 0
 1154 0146 BD46     		mov	sp, r7
 1155 0148 04B0     		add	sp, sp, #16
 1156              		@ sp needed for prologue
 1157 014a 80BD     		pop	{r7, pc}
 1158              	.L70:
 1159              		.align	2
 1160              	.L69:
 1161 014c 00000000 		.word	UIF_SETCMDTAB
 1162 0150 00000000 		.word	OPTFMT
 1163 0154 00000000 		.word	UIF_NUM_SETCMD
 1164 0158 50000000 		.word	.LC23
 1165 015c 00000000 		.word	INVARG
 1166 0160 00000000 		.word	INVOPT
 1167              		.cfi_endproc
 1168              	.LFE6:
 1170              		.text
 1171              	.Letext0:
 1172              		.file 2 "C:/Users/b01252/Documents/Freescale/L4K/software/kinetis_kl46_sc/src/common/uif.h"
 1173              		.file 3 "C:/Users/b01252/Documents/Freescale/L4K/software/kinetis_kl46_sc/src/cpu/arm_cm0.h"
DEFINED SYMBOLS
                            *ABS*:00000000 uif.c
C:\Users\b01252\AppData\Local\Temp\ccwlQA3l.s:22     .rodata.HELPMSG:00000000 HELPMSG
C:\Users\b01252\AppData\Local\Temp\ccwlQA3l.s:19     .rodata.HELPMSG:00000000 $d
C:\Users\b01252\AppData\Local\Temp\ccwlQA3l.s:29     .rodata.INVARG:00000000 INVARG
C:\Users\b01252\AppData\Local\Temp\ccwlQA3l.s:26     .rodata.INVARG:00000000 $d
C:\Users\b01252\AppData\Local\Temp\ccwlQA3l.s:36     .rodata.INVALUE:00000000 INVALUE
C:\Users\b01252\AppData\Local\Temp\ccwlQA3l.s:33     .rodata.INVALUE:00000000 $d
C:\Users\b01252\AppData\Local\Temp\ccwlQA3l.s:39     .rodata.INVCMD:00000000 $d
C:\Users\b01252\AppData\Local\Temp\ccwlQA3l.s:42     .rodata.INVCMD:00000000 INVCMD
C:\Users\b01252\AppData\Local\Temp\ccwlQA3l.s:45     .rodata.HELPFORMAT:00000000 $d
C:\Users\b01252\AppData\Local\Temp\ccwlQA3l.s:48     .rodata.HELPFORMAT:00000000 HELPFORMAT
C:\Users\b01252\AppData\Local\Temp\ccwlQA3l.s:51     .rodata.SYNTAX:00000000 $d
C:\Users\b01252\AppData\Local\Temp\ccwlQA3l.s:54     .rodata.SYNTAX:00000000 SYNTAX
C:\Users\b01252\AppData\Local\Temp\ccwlQA3l.s:57     .rodata.INVOPT:00000000 $d
C:\Users\b01252\AppData\Local\Temp\ccwlQA3l.s:60     .rodata.INVOPT:00000000 INVOPT
C:\Users\b01252\AppData\Local\Temp\ccwlQA3l.s:63     .rodata.OPTFMT:00000000 $d
C:\Users\b01252\AppData\Local\Temp\ccwlQA3l.s:66     .rodata.OPTFMT:00000000 OPTFMT
C:\Users\b01252\AppData\Local\Temp\ccwlQA3l.s:69     .bss.cmdline1:00000000 $d
C:\Users\b01252\AppData\Local\Temp\ccwlQA3l.s:72     .bss.cmdline1:00000000 cmdline1
C:\Users\b01252\AppData\Local\Temp\ccwlQA3l.s:75     .bss.cmdline2:00000000 $d
C:\Users\b01252\AppData\Local\Temp\ccwlQA3l.s:78     .bss.cmdline2:00000000 cmdline2
C:\Users\b01252\AppData\Local\Temp\ccwlQA3l.s:81     .text.get_line:00000000 $t
C:\Users\b01252\AppData\Local\Temp\ccwlQA3l.s:86     .text.get_line:00000000 get_line
C:\Users\b01252\AppData\Local\Temp\ccwlQA3l.s:220    .text.make_argv:00000000 $t
C:\Users\b01252\AppData\Local\Temp\ccwlQA3l.s:225    .text.make_argv:00000000 make_argv
C:\Users\b01252\AppData\Local\Temp\ccwlQA3l.s:357    .rodata:00000000 $d
C:\Users\b01252\AppData\Local\Temp\ccwlQA3l.s:361    .text.run_cmd:00000000 $t
C:\Users\b01252\AppData\Local\Temp\ccwlQA3l.s:366    .text.run_cmd:00000000 run_cmd
C:\Users\b01252\AppData\Local\Temp\ccwlQA3l.s:549    .text.run_cmd:00000128 $d
C:\Users\b01252\AppData\Local\Temp\ccwlQA3l.s:560    .text.get_value:00000000 $t
C:\Users\b01252\AppData\Local\Temp\ccwlQA3l.s:565    .text.get_value:00000000 get_value
C:\Users\b01252\AppData\Local\Temp\ccwlQA3l.s:628    .text.uif_cmd_help:00000000 $t
C:\Users\b01252\AppData\Local\Temp\ccwlQA3l.s:633    .text.uif_cmd_help:00000000 uif_cmd_help
C:\Users\b01252\AppData\Local\Temp\ccwlQA3l.s:721    .text.uif_cmd_help:00000080 $d
C:\Users\b01252\AppData\Local\Temp\ccwlQA3l.s:735    .text.uif_cmd_set:00000000 $t
C:\Users\b01252\AppData\Local\Temp\ccwlQA3l.s:740    .text.uif_cmd_set:00000000 uif_cmd_set
C:\Users\b01252\AppData\Local\Temp\ccwlQA3l.s:933    .text.uif_cmd_set:00000130 $d
C:\Users\b01252\AppData\Local\Temp\ccwlQA3l.s:948    .text.uif_cmd_show:00000000 $t
C:\Users\b01252\AppData\Local\Temp\ccwlQA3l.s:953    .text.uif_cmd_show:00000000 uif_cmd_show
C:\Users\b01252\AppData\Local\Temp\ccwlQA3l.s:1161   .text.uif_cmd_show:0000014c $d
                     .debug_frame:00000010 $d

UNDEFINED SYMBOLS
in_char
out_char
strcpy
strcasecmp
printf
puts
UIF_CMDTAB
UIF_NUM_CMD
strtoul
putchar
UIF_SETCMDTAB
UIF_NUM_SETCMD
