   1              		.cpu cortex-m0
   2              		.fpu softvfp
   3              		.eabi_attribute 20, 1
   4              		.eabi_attribute 21, 1
   5              		.eabi_attribute 23, 3
   6              		.eabi_attribute 24, 1
   7              		.eabi_attribute 25, 1
   8              		.eabi_attribute 26, 1
   9              		.eabi_attribute 30, 6
  10              		.eabi_attribute 34, 0
  11              		.eabi_attribute 18, 4
  12              		.code	16
  13              		.file	"pit.c"
  14              		.text
  15              	.Ltext0:
  16              		.cfi_sections	.debug_frame
  17              		.section	.text.Pit_init,"ax",%progbits
  18              		.align	2
  19              		.global	Pit_init
  20              		.code	16
  21              		.thumb_func
  23              	Pit_init:
  24              	.LFB0:
  25              		.file 1 "C:/Users/b01252/Documents/Freescale/L4K/software/kinetis_kl46_sc/src/projects/FRDMKL46_De
   1:C:/Users/b01252/Documents/Freescale/L4K/software/kinetis_kl46_sc/src/projects/FRDMKL46_Demo/pit\pit.c **** /******************************************************************************
   2:C:/Users/b01252/Documents/Freescale/L4K/software/kinetis_kl46_sc/src/projects/FRDMKL46_Demo/pit\pit.c **** *
   3:C:/Users/b01252/Documents/Freescale/L4K/software/kinetis_kl46_sc/src/projects/FRDMKL46_Demo/pit\pit.c **** * Freescale Semiconductor Inc.
   4:C:/Users/b01252/Documents/Freescale/L4K/software/kinetis_kl46_sc/src/projects/FRDMKL46_Demo/pit\pit.c **** * (c) Copyright 2004-2005 Freescale Semiconductor, Inc.
   5:C:/Users/b01252/Documents/Freescale/L4K/software/kinetis_kl46_sc/src/projects/FRDMKL46_Demo/pit\pit.c **** * (c) Copyright 2001-2004 Motorola, Inc.
   6:C:/Users/b01252/Documents/Freescale/L4K/software/kinetis_kl46_sc/src/projects/FRDMKL46_Demo/pit\pit.c **** * ALL RIGHTS RESERVED.
   7:C:/Users/b01252/Documents/Freescale/L4K/software/kinetis_kl46_sc/src/projects/FRDMKL46_Demo/pit\pit.c **** *
   8:C:/Users/b01252/Documents/Freescale/L4K/software/kinetis_kl46_sc/src/projects/FRDMKL46_Demo/pit\pit.c **** ***************************************************************************//*!
   9:C:/Users/b01252/Documents/Freescale/L4K/software/kinetis_kl46_sc/src/projects/FRDMKL46_Demo/pit\pit.c **** *
  10:C:/Users/b01252/Documents/Freescale/L4K/software/kinetis_kl46_sc/src/projects/FRDMKL46_Demo/pit\pit.c **** * @file main.c
  11:C:/Users/b01252/Documents/Freescale/L4K/software/kinetis_kl46_sc/src/projects/FRDMKL46_Demo/pit\pit.c **** *
  12:C:/Users/b01252/Documents/Freescale/L4K/software/kinetis_kl46_sc/src/projects/FRDMKL46_Demo/pit\pit.c **** * @author b01252
  13:C:/Users/b01252/Documents/Freescale/L4K/software/kinetis_kl46_sc/src/projects/FRDMKL46_Demo/pit\pit.c **** *
  14:C:/Users/b01252/Documents/Freescale/L4K/software/kinetis_kl46_sc/src/projects/FRDMKL46_Demo/pit\pit.c **** * @version 1.0
  15:C:/Users/b01252/Documents/Freescale/L4K/software/kinetis_kl46_sc/src/projects/FRDMKL46_Demo/pit\pit.c **** *
  16:C:/Users/b01252/Documents/Freescale/L4K/software/kinetis_kl46_sc/src/projects/FRDMKL46_Demo/pit\pit.c **** * @date Mar-10-2004
  17:C:/Users/b01252/Documents/Freescale/L4K/software/kinetis_kl46_sc/src/projects/FRDMKL46_Demo/pit\pit.c **** *
  18:C:/Users/b01252/Documents/Freescale/L4K/software/kinetis_kl46_sc/src/projects/FRDMKL46_Demo/pit\pit.c **** * @brief Brief description of the file
  19:C:/Users/b01252/Documents/Freescale/L4K/software/kinetis_kl46_sc/src/projects/FRDMKL46_Demo/pit\pit.c **** *
  20:C:/Users/b01252/Documents/Freescale/L4K/software/kinetis_kl46_sc/src/projects/FRDMKL46_Demo/pit\pit.c **** *******************************************************************************
  21:C:/Users/b01252/Documents/Freescale/L4K/software/kinetis_kl46_sc/src/projects/FRDMKL46_Demo/pit\pit.c **** *
  22:C:/Users/b01252/Documents/Freescale/L4K/software/kinetis_kl46_sc/src/projects/FRDMKL46_Demo/pit\pit.c **** *  Provides initialization and interrupt service for PIT 
  23:C:/Users/b01252/Documents/Freescale/L4K/software/kinetis_kl46_sc/src/projects/FRDMKL46_Demo/pit\pit.c **** *   
  24:C:/Users/b01252/Documents/Freescale/L4K/software/kinetis_kl46_sc/src/projects/FRDMKL46_Demo/pit\pit.c **** ******************************************************************************/
  25:C:/Users/b01252/Documents/Freescale/L4K/software/kinetis_kl46_sc/src/projects/FRDMKL46_Demo/pit\pit.c **** 
  26:C:/Users/b01252/Documents/Freescale/L4K/software/kinetis_kl46_sc/src/projects/FRDMKL46_Demo/pit\pit.c **** #include "common.h"
  27:C:/Users/b01252/Documents/Freescale/L4K/software/kinetis_kl46_sc/src/projects/FRDMKL46_Demo/pit\pit.c **** #include "global.h"
  28:C:/Users/b01252/Documents/Freescale/L4K/software/kinetis_kl46_sc/src/projects/FRDMKL46_Demo/pit\pit.c **** 
  29:C:/Users/b01252/Documents/Freescale/L4K/software/kinetis_kl46_sc/src/projects/FRDMKL46_Demo/pit\pit.c **** /**   PIT_init
  30:C:/Users/b01252/Documents/Freescale/L4K/software/kinetis_kl46_sc/src/projects/FRDMKL46_Demo/pit\pit.c ****  * \brief    Initialize Periodic interrupt timer,
  31:C:/Users/b01252/Documents/Freescale/L4K/software/kinetis_kl46_sc/src/projects/FRDMKL46_Demo/pit\pit.c ****  * \brief    PIT1 is used for tone/buzzer time control
  32:C:/Users/b01252/Documents/Freescale/L4K/software/kinetis_kl46_sc/src/projects/FRDMKL46_Demo/pit\pit.c ****  * \author   b01252
  33:C:/Users/b01252/Documents/Freescale/L4K/software/kinetis_kl46_sc/src/projects/FRDMKL46_Demo/pit\pit.c ****  * \param    none
  34:C:/Users/b01252/Documents/Freescale/L4K/software/kinetis_kl46_sc/src/projects/FRDMKL46_Demo/pit\pit.c ****  * \return   none
  35:C:/Users/b01252/Documents/Freescale/L4K/software/kinetis_kl46_sc/src/projects/FRDMKL46_Demo/pit\pit.c ****  */  
  36:C:/Users/b01252/Documents/Freescale/L4K/software/kinetis_kl46_sc/src/projects/FRDMKL46_Demo/pit\pit.c **** void Pit_init(void)
  37:C:/Users/b01252/Documents/Freescale/L4K/software/kinetis_kl46_sc/src/projects/FRDMKL46_Demo/pit\pit.c **** {
  26              		.loc 1 37 0
  27              		.cfi_startproc
  28 0000 80B5     		push	{r7, lr}
  29              	.LCFI0:
  30              		.cfi_def_cfa_offset 8
  31              		.cfi_offset 7, -8
  32              		.cfi_offset 14, -4
  33 0002 00AF     		add	r7, sp, #0
  34              	.LCFI1:
  35              		.cfi_def_cfa_register 7
  38:C:/Users/b01252/Documents/Freescale/L4K/software/kinetis_kl46_sc/src/projects/FRDMKL46_Demo/pit\pit.c ****     SIM_SCGC6 |= SIM_SCGC6_PIT_MASK; // enable PIT module
  36              		.loc 1 38 0
  37 0004 174A     		ldr	r2, .L2
  38 0006 1749     		ldr	r1, .L2
  39 0008 174B     		ldr	r3, .L2+4
  40 000a CB58     		ldr	r3, [r1, r3]
  41 000c 8021     		mov	r1, #128
  42 000e 0904     		lsl	r1, r1, #16
  43 0010 1943     		orr	r1, r3
  44 0012 154B     		ldr	r3, .L2+4
  45 0014 D150     		str	r1, [r2, r3]
  39:C:/Users/b01252/Documents/Freescale/L4K/software/kinetis_kl46_sc/src/projects/FRDMKL46_Demo/pit\pit.c ****     
  40:C:/Users/b01252/Documents/Freescale/L4K/software/kinetis_kl46_sc/src/projects/FRDMKL46_Demo/pit\pit.c ****     /* Enable PIT Interrupt in NVIC*/   
  41:C:/Users/b01252/Documents/Freescale/L4K/software/kinetis_kl46_sc/src/projects/FRDMKL46_Demo/pit\pit.c ****     enable_irq(INT_PIT - 16);
  46              		.loc 1 41 0
  47 0016 1620     		mov	r0, #22
  48 0018 FFF7FEFF 		bl	enable_irq
  42:C:/Users/b01252/Documents/Freescale/L4K/software/kinetis_kl46_sc/src/projects/FRDMKL46_Demo/pit\pit.c ****        
  43:C:/Users/b01252/Documents/Freescale/L4K/software/kinetis_kl46_sc/src/projects/FRDMKL46_Demo/pit\pit.c ****     PIT_MCR = 0x00;  // MDIS = 0  enables timer
  49              		.loc 1 43 0
  50 001c 134B     		ldr	r3, .L2+8
  51 001e 0022     		mov	r2, #0
  52 0020 1A60     		str	r2, [r3]
  44:C:/Users/b01252/Documents/Freescale/L4K/software/kinetis_kl46_sc/src/projects/FRDMKL46_Demo/pit\pit.c ****     PIT_TCTRL1 = 0x00; // disable PIT0
  53              		.loc 1 44 0
  54 0022 124A     		ldr	r2, .L2+8
  55 0024 8C23     		mov	r3, #140
  56 0026 5B00     		lsl	r3, r3, #1
  57 0028 0021     		mov	r1, #0
  58 002a D150     		str	r1, [r2, r3]
  45:C:/Users/b01252/Documents/Freescale/L4K/software/kinetis_kl46_sc/src/projects/FRDMKL46_Demo/pit\pit.c ****     PIT_LDVAL1 = 48000; // 
  59              		.loc 1 45 0
  60 002c 0F4A     		ldr	r2, .L2+8
  61 002e 8823     		mov	r3, #136
  62 0030 5B00     		lsl	r3, r3, #1
  63 0032 0F49     		ldr	r1, .L2+12
  64 0034 D150     		str	r1, [r2, r3]
  46:C:/Users/b01252/Documents/Freescale/L4K/software/kinetis_kl46_sc/src/projects/FRDMKL46_Demo/pit\pit.c ****     PIT_TCTRL1 = PIT_TCTRL_TIE_MASK; // enable PIT0 and interrupt
  65              		.loc 1 46 0
  66 0036 0D4A     		ldr	r2, .L2+8
  67 0038 8C23     		mov	r3, #140
  68 003a 5B00     		lsl	r3, r3, #1
  69 003c 0221     		mov	r1, #2
  70 003e D150     		str	r1, [r2, r3]
  47:C:/Users/b01252/Documents/Freescale/L4K/software/kinetis_kl46_sc/src/projects/FRDMKL46_Demo/pit\pit.c ****     PIT_TFLG1 = 0x01; // clear flag
  71              		.loc 1 47 0
  72 0040 0A4A     		ldr	r2, .L2+8
  73 0042 8E23     		mov	r3, #142
  74 0044 5B00     		lsl	r3, r3, #1
  75 0046 0121     		mov	r1, #1
  76 0048 D150     		str	r1, [r2, r3]
  48:C:/Users/b01252/Documents/Freescale/L4K/software/kinetis_kl46_sc/src/projects/FRDMKL46_Demo/pit\pit.c ****     PIT_TCTRL1 |= PIT_TCTRL_TEN_MASK;
  77              		.loc 1 48 0
  78 004a 084A     		ldr	r2, .L2+8
  79 004c 0749     		ldr	r1, .L2+8
  80 004e 8C23     		mov	r3, #140
  81 0050 5B00     		lsl	r3, r3, #1
  82 0052 CB58     		ldr	r3, [r1, r3]
  83 0054 0121     		mov	r1, #1
  84 0056 1943     		orr	r1, r3
  85 0058 8C23     		mov	r3, #140
  86 005a 5B00     		lsl	r3, r3, #1
  87 005c D150     		str	r1, [r2, r3]
  49:C:/Users/b01252/Documents/Freescale/L4K/software/kinetis_kl46_sc/src/projects/FRDMKL46_Demo/pit\pit.c ****    
  50:C:/Users/b01252/Documents/Freescale/L4K/software/kinetis_kl46_sc/src/projects/FRDMKL46_Demo/pit\pit.c **** }
  88              		.loc 1 50 0
  89 005e BD46     		mov	sp, r7
  90              		@ sp needed for prologue
  91 0060 80BD     		pop	{r7, pc}
  92              	.L3:
  93 0062 C046     		.align	2
  94              	.L2:
  95 0064 00700440 		.word	1074032640
  96 0068 3C100000 		.word	4156
  97 006c 00700340 		.word	1073967104
  98 0070 80BB0000 		.word	48000
  99              		.cfi_endproc
 100              	.LFE0:
 102              		.section	.text.Pit1_isrv,"ax",%progbits
 103              		.align	2
 104              		.global	Pit1_isrv
 105              		.code	16
 106              		.thumb_func
 108              	Pit1_isrv:
 109              	.LFB1:
  51:C:/Users/b01252/Documents/Freescale/L4K/software/kinetis_kl46_sc/src/projects/FRDMKL46_Demo/pit\pit.c **** 
  52:C:/Users/b01252/Documents/Freescale/L4K/software/kinetis_kl46_sc/src/projects/FRDMKL46_Demo/pit\pit.c **** /**   PIT_init
  53:C:/Users/b01252/Documents/Freescale/L4K/software/kinetis_kl46_sc/src/projects/FRDMKL46_Demo/pit\pit.c ****  * \brief    Periodic interrupt Timer 1.  Interrupt service
  54:C:/Users/b01252/Documents/Freescale/L4K/software/kinetis_kl46_sc/src/projects/FRDMKL46_Demo/pit\pit.c ****  * \brief    PIT1 is used for tone/buzzer time control
  55:C:/Users/b01252/Documents/Freescale/L4K/software/kinetis_kl46_sc/src/projects/FRDMKL46_Demo/pit\pit.c ****  * \author   b01252
  56:C:/Users/b01252/Documents/Freescale/L4K/software/kinetis_kl46_sc/src/projects/FRDMKL46_Demo/pit\pit.c ****  * \param    none
  57:C:/Users/b01252/Documents/Freescale/L4K/software/kinetis_kl46_sc/src/projects/FRDMKL46_Demo/pit\pit.c ****  * \return   none
  58:C:/Users/b01252/Documents/Freescale/L4K/software/kinetis_kl46_sc/src/projects/FRDMKL46_Demo/pit\pit.c ****  */  
  59:C:/Users/b01252/Documents/Freescale/L4K/software/kinetis_kl46_sc/src/projects/FRDMKL46_Demo/pit\pit.c **** 
  60:C:/Users/b01252/Documents/Freescale/L4K/software/kinetis_kl46_sc/src/projects/FRDMKL46_Demo/pit\pit.c **** void Pit1_isrv(void)
  61:C:/Users/b01252/Documents/Freescale/L4K/software/kinetis_kl46_sc/src/projects/FRDMKL46_Demo/pit\pit.c **** {  
 110              		.loc 1 61 0
 111              		.cfi_startproc
 112 0000 80B5     		push	{r7, lr}
 113              	.LCFI2:
 114              		.cfi_def_cfa_offset 8
 115              		.cfi_offset 7, -8
 116              		.cfi_offset 14, -4
 117 0002 00AF     		add	r7, sp, #0
 118              	.LCFI3:
 119              		.cfi_def_cfa_register 7
  62:C:/Users/b01252/Documents/Freescale/L4K/software/kinetis_kl46_sc/src/projects/FRDMKL46_Demo/pit\pit.c ****     static char count_mseg=125;
  63:C:/Users/b01252/Documents/Freescale/L4K/software/kinetis_kl46_sc/src/projects/FRDMKL46_Demo/pit\pit.c ****     PIT_TFLG1 = 0x01; // clear flag
 120              		.loc 1 63 0
 121 0004 264A     		ldr	r2, .L12
 122 0006 8E23     		mov	r3, #142
 123 0008 5B00     		lsl	r3, r3, #1
 124 000a 0121     		mov	r1, #1
 125 000c D150     		str	r1, [r2, r3]
  64:C:/Users/b01252/Documents/Freescale/L4K/software/kinetis_kl46_sc/src/projects/FRDMKL46_Demo/pit\pit.c ****     if (count_mseg)count_mseg--;
 126              		.loc 1 64 0
 127 000e 254B     		ldr	r3, .L12+4
 128 0010 1B78     		ldrb	r3, [r3]
 129 0012 002B     		cmp	r3, #0
 130 0014 05D0     		beq	.L5
 131              		.loc 1 64 0 is_stmt 0
 132 0016 234B     		ldr	r3, .L12+4
 133 0018 1B78     		ldrb	r3, [r3]
 134 001a 013B     		sub	r3, r3, #1
 135 001c DAB2     		uxtb	r2, r3
 136 001e 214B     		ldr	r3, .L12+4
 137 0020 1A70     		strb	r2, [r3]
 138              	.L5:
  65:C:/Users/b01252/Documents/Freescale/L4K/software/kinetis_kl46_sc/src/projects/FRDMKL46_Demo/pit\pit.c ****     if (ti_accel_sampling) ti_accel_sampling--;
 139              		.loc 1 65 0 is_stmt 1
 140 0022 214B     		ldr	r3, .L12+8
 141 0024 1B88     		ldrh	r3, [r3]
 142 0026 002B     		cmp	r3, #0
 143 0028 06D0     		beq	.L6
 144              		.loc 1 65 0 is_stmt 0
 145 002a 1F4B     		ldr	r3, .L12+8
 146 002c 1B88     		ldrh	r3, [r3]
 147 002e 013B     		sub	r3, r3, #1
 148 0030 9AB2     		uxth	r2, r3
 149 0032 1D4B     		ldr	r3, .L12+8
 150 0034 1A80     		strh	r2, [r3]
 151 0036 08E0     		b	.L7
 152              	.L6:
  66:C:/Users/b01252/Documents/Freescale/L4K/software/kinetis_kl46_sc/src/projects/FRDMKL46_Demo/pit\pit.c ****     else
  67:C:/Users/b01252/Documents/Freescale/L4K/software/kinetis_kl46_sc/src/projects/FRDMKL46_Demo/pit\pit.c ****     {
  68:C:/Users/b01252/Documents/Freescale/L4K/software/kinetis_kl46_sc/src/projects/FRDMKL46_Demo/pit\pit.c ****      count_mseg=125;
 153              		.loc 1 68 0 is_stmt 1
 154 0038 1A4B     		ldr	r3, .L12+4
 155 003a 7D22     		mov	r2, #125
 156 003c 1A70     		strb	r2, [r3]
  69:C:/Users/b01252/Documents/Freescale/L4K/software/kinetis_kl46_sc/src/projects/FRDMKL46_Demo/pit\pit.c ****      base_time125m++; 
 157              		.loc 1 69 0
 158 003e 1B4B     		ldr	r3, .L12+12
 159 0040 1B88     		ldrh	r3, [r3]
 160 0042 0133     		add	r3, r3, #1
 161 0044 9AB2     		uxth	r2, r3
 162 0046 194B     		ldr	r3, .L12+12
 163 0048 1A80     		strh	r2, [r3]
 164              	.L7:
  70:C:/Users/b01252/Documents/Freescale/L4K/software/kinetis_kl46_sc/src/projects/FRDMKL46_Demo/pit\pit.c ****     }
  71:C:/Users/b01252/Documents/Freescale/L4K/software/kinetis_kl46_sc/src/projects/FRDMKL46_Demo/pit\pit.c ****    if (ti_task) ti_task--;
 165              		.loc 1 71 0
 166 004a 194B     		ldr	r3, .L12+16
 167 004c 1B88     		ldrh	r3, [r3]
 168 004e 002B     		cmp	r3, #0
 169 0050 05D0     		beq	.L8
 170              		.loc 1 71 0 is_stmt 0
 171 0052 174B     		ldr	r3, .L12+16
 172 0054 1B88     		ldrh	r3, [r3]
 173 0056 013B     		sub	r3, r3, #1
 174 0058 9AB2     		uxth	r2, r3
 175 005a 154B     		ldr	r3, .L12+16
 176 005c 1A80     		strh	r2, [r3]
 177              	.L8:
  72:C:/Users/b01252/Documents/Freescale/L4K/software/kinetis_kl46_sc/src/projects/FRDMKL46_Demo/pit\pit.c ****    if (ti_delay) ti_delay--;
 178              		.loc 1 72 0 is_stmt 1
 179 005e 154B     		ldr	r3, .L12+20
 180 0060 1B88     		ldrh	r3, [r3]
 181 0062 002B     		cmp	r3, #0
 182 0064 05D0     		beq	.L9
 183              		.loc 1 72 0 is_stmt 0
 184 0066 134B     		ldr	r3, .L12+20
 185 0068 1B88     		ldrh	r3, [r3]
 186 006a 013B     		sub	r3, r3, #1
 187 006c 9AB2     		uxth	r2, r3
 188 006e 114B     		ldr	r3, .L12+20
 189 0070 1A80     		strh	r2, [r3]
 190              	.L9:
  73:C:/Users/b01252/Documents/Freescale/L4K/software/kinetis_kl46_sc/src/projects/FRDMKL46_Demo/pit\pit.c ****    if (ti_print) ti_print--;
 191              		.loc 1 73 0 is_stmt 1
 192 0072 114B     		ldr	r3, .L12+24
 193 0074 1B88     		ldrh	r3, [r3]
 194 0076 002B     		cmp	r3, #0
 195 0078 05D0     		beq	.L10
 196              		.loc 1 73 0 is_stmt 0
 197 007a 0F4B     		ldr	r3, .L12+24
 198 007c 1B88     		ldrh	r3, [r3]
 199 007e 013B     		sub	r3, r3, #1
 200 0080 9AB2     		uxth	r2, r3
 201 0082 0D4B     		ldr	r3, .L12+24
 202 0084 1A80     		strh	r2, [r3]
 203              	.L10:
  74:C:/Users/b01252/Documents/Freescale/L4K/software/kinetis_kl46_sc/src/projects/FRDMKL46_Demo/pit\pit.c ****    if (ti_console) ti_console--;
 204              		.loc 1 74 0 is_stmt 1
 205 0086 0D4B     		ldr	r3, .L12+28
 206 0088 1B88     		ldrh	r3, [r3]
 207 008a 002B     		cmp	r3, #0
 208 008c 05D0     		beq	.L4
 209              		.loc 1 74 0 is_stmt 0
 210 008e 0B4B     		ldr	r3, .L12+28
 211 0090 1B88     		ldrh	r3, [r3]
 212 0092 013B     		sub	r3, r3, #1
 213 0094 9AB2     		uxth	r2, r3
 214 0096 094B     		ldr	r3, .L12+28
 215 0098 1A80     		strh	r2, [r3]
 216              	.L4:
  75:C:/Users/b01252/Documents/Freescale/L4K/software/kinetis_kl46_sc/src/projects/FRDMKL46_Demo/pit\pit.c **** }
 217              		.loc 1 75 0 is_stmt 1
 218 009a BD46     		mov	sp, r7
 219              		@ sp needed for prologue
 220 009c 80BD     		pop	{r7, pc}
 221              	.L13:
 222 009e C046     		.align	2
 223              	.L12:
 224 00a0 00700340 		.word	1073967104
 225 00a4 00000000 		.word	count_mseg.4847
 226 00a8 00000000 		.word	ti_accel_sampling
 227 00ac 00000000 		.word	base_time125m
 228 00b0 00000000 		.word	ti_task
 229 00b4 00000000 		.word	ti_delay
 230 00b8 00000000 		.word	ti_print
 231 00bc 00000000 		.word	ti_console
 232              		.cfi_endproc
 233              	.LFE1:
 235              		.section	.data.count_mseg.4847,"aw",%progbits
 238              	count_mseg.4847:
 239 0000 7D       		.byte	125
 240              		.text
 241              	.Letext0:
 242              		.file 2 "C:/Users/b01252/Documents/Freescale/L4K/software/kinetis_kl46_sc/src/cpu/arm_cm0.h"
 243              		.file 3 "C:/Freescale/CW MCU v10.4/MCU/ARM_GCC_Support/ewl/EWL_C/include/cstdint"
 244              		.file 4 "C:/Users/b01252/Documents/Freescale/L4K/software/kinetis_kl46_sc/src/cpu/headers/MKL46Z4.
 245              		.file 5 "C:/Users/b01252/Documents/Freescale/L4K/software/kinetis_kl46_sc/src/projects/FRDMKL46_De
DEFINED SYMBOLS
                            *ABS*:00000000 pit.c
C:\Users\b01252\AppData\Local\Temp\cc9ZHPW0.s:18     .text.Pit_init:00000000 $t
C:\Users\b01252\AppData\Local\Temp\cc9ZHPW0.s:23     .text.Pit_init:00000000 Pit_init
C:\Users\b01252\AppData\Local\Temp\cc9ZHPW0.s:95     .text.Pit_init:00000064 $d
C:\Users\b01252\AppData\Local\Temp\cc9ZHPW0.s:103    .text.Pit1_isrv:00000000 $t
C:\Users\b01252\AppData\Local\Temp\cc9ZHPW0.s:108    .text.Pit1_isrv:00000000 Pit1_isrv
C:\Users\b01252\AppData\Local\Temp\cc9ZHPW0.s:224    .text.Pit1_isrv:000000a0 $d
C:\Users\b01252\AppData\Local\Temp\cc9ZHPW0.s:238    .data.count_mseg.4847:00000000 count_mseg.4847
                     .debug_frame:00000010 $d

UNDEFINED SYMBOLS
enable_irq
ti_accel_sampling
base_time125m
ti_task
ti_delay
ti_print
ti_console
