   1              		.cpu cortex-m0
   2              		.fpu softvfp
   3              		.eabi_attribute 20, 1
   4              		.eabi_attribute 21, 1
   5              		.eabi_attribute 23, 3
   6              		.eabi_attribute 24, 1
   7              		.eabi_attribute 25, 1
   8              		.eabi_attribute 26, 1
   9              		.eabi_attribute 30, 6
  10              		.eabi_attribute 34, 0
  11              		.eabi_attribute 18, 4
  12              		.code	16
  13              		.file	"TSIDrv.c"
  14              		.text
  15              	.Ltext0:
  16              		.cfi_sections	.debug_frame
  17              		.global	total_electrode
  18              		.section	.data.total_electrode,"aw",%progbits
  21              	total_electrode:
  22 0000 02       		.byte	2
  23              		.global	elec_array
  24              		.section	.data.elec_array,"aw",%progbits
  25              		.align	2
  28              	elec_array:
  29 0000 09       		.byte	9
  30 0001 0A       		.byte	10
  31 0002 00       		.byte	0
  32 0003 01       		.byte	1
  33 0004 02       		.byte	2
  34 0005 03       		.byte	3
  35 0006 04       		.byte	4
  36 0007 05       		.byte	5
  37 0008 06       		.byte	6
  38 0009 07       		.byte	7
  39 000a 08       		.byte	8
  40 000b 0B       		.byte	11
  41 000c 0C       		.byte	12
  42 000d 0D       		.byte	13
  43 000e 0E       		.byte	14
  44 000f 0F       		.byte	15
  45              		.comm	gu16TSICount,32,4
  46              		.comm	gu16Baseline,32,4
  47              		.global	gu16Threshold
  48              		.section	.data.gu16Threshold,"aw",%progbits
  49              		.align	2
  52              	gu16Threshold:
  53 0000 6400     		.short	100
  54 0002 6400     		.short	100
  55 0004 6400     		.short	100
  56 0006 6400     		.short	100
  57 0008 6400     		.short	100
  58 000a 6400     		.short	100
  59 000c 6400     		.short	100
  60 000e 6400     		.short	100
  61 0010 6400     		.short	100
  62 0012 6400     		.short	100
  63 0014 6400     		.short	100
  64 0016 6400     		.short	100
  65 0018 6400     		.short	100
  66 001a 6400     		.short	100
  67 001c 6400     		.short	100
  68 001e 6400     		.short	100
  69              		.comm	gu16Delta,32,4
  70              		.comm	ongoing_elec,1,1
  71              		.global	end_flag
  72              		.section	.data.end_flag,"aw",%progbits
  75              	end_flag:
  76 0000 01       		.byte	1
  77              		.global	SliderPercentegePosition
  78              		.section	.bss.SliderPercentegePosition,"aw",%nobits
  79              		.align	2
  82              	SliderPercentegePosition:
  83 0000 0000     		.space	2
  84              		.global	SliderDistancePosition
  85 0002 0000     		.section	.bss.SliderDistancePosition,"aw",%nobits
  86              		.align	2
  89              	SliderDistancePosition:
  90 0000 0000     		.space	2
  91              		.global	AbsolutePercentegePosition
  92 0002 0000     		.section	.bss.AbsolutePercentegePosition,"aw",%nobits
  95              	AbsolutePercentegePosition:
  96 0000 00       		.space	1
  97              		.global	AbsoluteDistancePosition
  98              		.section	.bss.AbsoluteDistancePosition,"aw",%nobits
 101              	AbsoluteDistancePosition:
 102 0000 00       		.space	1
 103              		.section	.text.TSI_SelfCalibration,"ax",%progbits
 104              		.align	2
 105              		.global	TSI_SelfCalibration
 106              		.code	16
 107              		.thumb_func
 109              	TSI_SelfCalibration:
 110              	.LFB0:
 111              		.file 1 "C:/Users/b01252/Documents/Freescale/L4K/software/kinetis_kl46_sc/src/projects/FRDMKL46_De
   1:C:/Users/b01252/Documents/Freescale/L4K/software/kinetis_kl46_sc/src/projects/FRDMKL46_Demo/tsi\TSIDrv.c **** #include "TSIDrv.h"
   2:C:/Users/b01252/Documents/Freescale/L4K/software/kinetis_kl46_sc/src/projects/FRDMKL46_Demo/tsi\TSIDrv.c **** 
   3:C:/Users/b01252/Documents/Freescale/L4K/software/kinetis_kl46_sc/src/projects/FRDMKL46_Demo/tsi\TSIDrv.c **** 
   4:C:/Users/b01252/Documents/Freescale/L4K/software/kinetis_kl46_sc/src/projects/FRDMKL46_Demo/tsi\TSIDrv.c **** uint8 total_electrode = TOTAL_ELECTRODE;
   5:C:/Users/b01252/Documents/Freescale/L4K/software/kinetis_kl46_sc/src/projects/FRDMKL46_Demo/tsi\TSIDrv.c **** uint8 elec_array[16]={ELECTRODE0,ELECTRODE1,ELECTRODE2,ELECTRODE3,ELECTRODE4,ELECTRODE5,
   6:C:/Users/b01252/Documents/Freescale/L4K/software/kinetis_kl46_sc/src/projects/FRDMKL46_Demo/tsi\TSIDrv.c **** 		                ELECTRODE6,ELECTRODE7,ELECTRODE8,ELECTRODE9,ELECTRODE10,ELECTRODE11,
   7:C:/Users/b01252/Documents/Freescale/L4K/software/kinetis_kl46_sc/src/projects/FRDMKL46_Demo/tsi\TSIDrv.c **** 		                ELECTRODE12,ELECTRODE13,ELECTRODE14,ELECTRODE15};
   8:C:/Users/b01252/Documents/Freescale/L4K/software/kinetis_kl46_sc/src/projects/FRDMKL46_Demo/tsi\TSIDrv.c **** uint16 gu16TSICount[16];
   9:C:/Users/b01252/Documents/Freescale/L4K/software/kinetis_kl46_sc/src/projects/FRDMKL46_Demo/tsi\TSIDrv.c **** uint16 gu16Baseline[16];
  10:C:/Users/b01252/Documents/Freescale/L4K/software/kinetis_kl46_sc/src/projects/FRDMKL46_Demo/tsi\TSIDrv.c **** uint16 gu16Threshold[16]={THRESHOLD0,THRESHOLD1,THRESHOLD2,THRESHOLD3,THRESHOLD4,THRESHOLD5,
  11:C:/Users/b01252/Documents/Freescale/L4K/software/kinetis_kl46_sc/src/projects/FRDMKL46_Demo/tsi\TSIDrv.c ****                                 THRESHOLD6,THRESHOLD7,THRESHOLD8,THRESHOLD9,THRESHOLD10,THRESHOLD11
  12:C:/Users/b01252/Documents/Freescale/L4K/software/kinetis_kl46_sc/src/projects/FRDMKL46_Demo/tsi\TSIDrv.c ****                                 THRESHOLD12,THRESHOLD13,THRESHOLD14,THRESHOLD15};
  13:C:/Users/b01252/Documents/Freescale/L4K/software/kinetis_kl46_sc/src/projects/FRDMKL46_Demo/tsi\TSIDrv.c **** uint16 gu16Delta[16];
  14:C:/Users/b01252/Documents/Freescale/L4K/software/kinetis_kl46_sc/src/projects/FRDMKL46_Demo/tsi\TSIDrv.c **** uint8 ongoing_elec;
  15:C:/Users/b01252/Documents/Freescale/L4K/software/kinetis_kl46_sc/src/projects/FRDMKL46_Demo/tsi\TSIDrv.c **** 
  16:C:/Users/b01252/Documents/Freescale/L4K/software/kinetis_kl46_sc/src/projects/FRDMKL46_Demo/tsi\TSIDrv.c **** uint8 end_flag = TRUE;
  17:C:/Users/b01252/Documents/Freescale/L4K/software/kinetis_kl46_sc/src/projects/FRDMKL46_Demo/tsi\TSIDrv.c **** 
  18:C:/Users/b01252/Documents/Freescale/L4K/software/kinetis_kl46_sc/src/projects/FRDMKL46_Demo/tsi\TSIDrv.c **** uint8 SliderPercentegePosition[2] = {NO_TOUCH,NO_TOUCH};
  19:C:/Users/b01252/Documents/Freescale/L4K/software/kinetis_kl46_sc/src/projects/FRDMKL46_Demo/tsi\TSIDrv.c **** uint8 SliderDistancePosition[2] = {NO_TOUCH,NO_TOUCH};
  20:C:/Users/b01252/Documents/Freescale/L4K/software/kinetis_kl46_sc/src/projects/FRDMKL46_Demo/tsi\TSIDrv.c **** 
  21:C:/Users/b01252/Documents/Freescale/L4K/software/kinetis_kl46_sc/src/projects/FRDMKL46_Demo/tsi\TSIDrv.c **** 
  22:C:/Users/b01252/Documents/Freescale/L4K/software/kinetis_kl46_sc/src/projects/FRDMKL46_Demo/tsi\TSIDrv.c **** uint8 AbsolutePercentegePosition = NO_TOUCH;
  23:C:/Users/b01252/Documents/Freescale/L4K/software/kinetis_kl46_sc/src/projects/FRDMKL46_Demo/tsi\TSIDrv.c **** uint8 AbsoluteDistancePosition = NO_TOUCH;
  24:C:/Users/b01252/Documents/Freescale/L4K/software/kinetis_kl46_sc/src/projects/FRDMKL46_Demo/tsi\TSIDrv.c **** 
  25:C:/Users/b01252/Documents/Freescale/L4K/software/kinetis_kl46_sc/src/projects/FRDMKL46_Demo/tsi\TSIDrv.c **** 
  26:C:/Users/b01252/Documents/Freescale/L4K/software/kinetis_kl46_sc/src/projects/FRDMKL46_Demo/tsi\TSIDrv.c **** void TSI_SelfCalibration(void)
  27:C:/Users/b01252/Documents/Freescale/L4K/software/kinetis_kl46_sc/src/projects/FRDMKL46_Demo/tsi\TSIDrv.c **** {
 112              		.loc 1 27 0
 113              		.cfi_startproc
 114 0000 80B5     		push	{r7, lr}
 115              	.LCFI0:
 116              		.cfi_def_cfa_offset 8
 117              		.cfi_offset 7, -8
 118              		.cfi_offset 14, -4
 119 0002 82B0     		sub	sp, sp, #8
 120              	.LCFI1:
 121              		.cfi_def_cfa_offset 16
 122 0004 00AF     		add	r7, sp, #0
 123              	.LCFI2:
 124              		.cfi_def_cfa_register 7
  28:C:/Users/b01252/Documents/Freescale/L4K/software/kinetis_kl46_sc/src/projects/FRDMKL46_Demo/tsi\TSIDrv.c ****   unsigned char cnt;
  29:C:/Users/b01252/Documents/Freescale/L4K/software/kinetis_kl46_sc/src/projects/FRDMKL46_Demo/tsi\TSIDrv.c ****   unsigned char trigger_backup;
  30:C:/Users/b01252/Documents/Freescale/L4K/software/kinetis_kl46_sc/src/projects/FRDMKL46_Demo/tsi\TSIDrv.c ****   
  31:C:/Users/b01252/Documents/Freescale/L4K/software/kinetis_kl46_sc/src/projects/FRDMKL46_Demo/tsi\TSIDrv.c ****   
  32:C:/Users/b01252/Documents/Freescale/L4K/software/kinetis_kl46_sc/src/projects/FRDMKL46_Demo/tsi\TSIDrv.c ****   TSI0_GENCS |= TSI_GENCS_EOSF_MASK;      // Clear End of Scan Flag 
 125              		.loc 1 32 0
 126 0006 464B     		ldr	r3, .L9
 127 0008 454A     		ldr	r2, .L9
 128 000a 1268     		ldr	r2, [r2]
 129 000c 0421     		mov	r1, #4
 130 000e 0A43     		orr	r2, r1
 131 0010 1A60     		str	r2, [r3]
  33:C:/Users/b01252/Documents/Freescale/L4K/software/kinetis_kl46_sc/src/projects/FRDMKL46_Demo/tsi\TSIDrv.c ****   TSI0_GENCS &= ~TSI_GENCS_TSIEN_MASK;    // Disable TSI module
 132              		.loc 1 33 0
 133 0012 434B     		ldr	r3, .L9
 134 0014 424A     		ldr	r2, .L9
 135 0016 1268     		ldr	r2, [r2]
 136 0018 8021     		mov	r1, #128
 137 001a 8A43     		bic	r2, r1
 138 001c 1A60     		str	r2, [r3]
  34:C:/Users/b01252/Documents/Freescale/L4K/software/kinetis_kl46_sc/src/projects/FRDMKL46_Demo/tsi\TSIDrv.c ****   
  35:C:/Users/b01252/Documents/Freescale/L4K/software/kinetis_kl46_sc/src/projects/FRDMKL46_Demo/tsi\TSIDrv.c ****   if(TSI0_GENCS & TSI_GENCS_STM_MASK)     // Back-up TSI Trigger mode from Application 
 139              		.loc 1 35 0
 140 001e 404B     		ldr	r3, .L9
 141 0020 1A68     		ldr	r2, [r3]
 142 0022 1023     		mov	r3, #16
 143 0024 1340     		and	r3, r2
 144 0026 03D0     		beq	.L2
  36:C:/Users/b01252/Documents/Freescale/L4K/software/kinetis_kl46_sc/src/projects/FRDMKL46_Demo/tsi\TSIDrv.c ****        trigger_backup = TRUE;
 145              		.loc 1 36 0
 146 0028 BB1D     		add	r3, r7, #6
 147 002a 0122     		mov	r2, #1
 148 002c 1A70     		strb	r2, [r3]
 149 002e 02E0     		b	.L3
 150              	.L2:
  37:C:/Users/b01252/Documents/Freescale/L4K/software/kinetis_kl46_sc/src/projects/FRDMKL46_Demo/tsi\TSIDrv.c ****   else
  38:C:/Users/b01252/Documents/Freescale/L4K/software/kinetis_kl46_sc/src/projects/FRDMKL46_Demo/tsi\TSIDrv.c ****        trigger_backup = FALSE;
 151              		.loc 1 38 0
 152 0030 BB1D     		add	r3, r7, #6
 153 0032 0022     		mov	r2, #0
 154 0034 1A70     		strb	r2, [r3]
 155              	.L3:
  39:C:/Users/b01252/Documents/Freescale/L4K/software/kinetis_kl46_sc/src/projects/FRDMKL46_Demo/tsi\TSIDrv.c ****   
  40:C:/Users/b01252/Documents/Freescale/L4K/software/kinetis_kl46_sc/src/projects/FRDMKL46_Demo/tsi\TSIDrv.c ****   TSI0_GENCS &= ~TSI_GENCS_STM_MASK;      // Use SW trigger
 156              		.loc 1 40 0
 157 0036 3A4B     		ldr	r3, .L9
 158 0038 394A     		ldr	r2, .L9
 159 003a 1268     		ldr	r2, [r2]
 160 003c 1021     		mov	r1, #16
 161 003e 8A43     		bic	r2, r1
 162 0040 1A60     		str	r2, [r3]
  41:C:/Users/b01252/Documents/Freescale/L4K/software/kinetis_kl46_sc/src/projects/FRDMKL46_Demo/tsi\TSIDrv.c ****   TSI0_GENCS &= ~TSI_GENCS_TSIIEN_MASK;    // Enable TSI interrupts
 163              		.loc 1 41 0
 164 0042 374B     		ldr	r3, .L9
 165 0044 364A     		ldr	r2, .L9
 166 0046 1268     		ldr	r2, [r2]
 167 0048 4021     		mov	r1, #64
 168 004a 8A43     		bic	r2, r1
 169 004c 1A60     		str	r2, [r3]
  42:C:/Users/b01252/Documents/Freescale/L4K/software/kinetis_kl46_sc/src/projects/FRDMKL46_Demo/tsi\TSIDrv.c ****   
  43:C:/Users/b01252/Documents/Freescale/L4K/software/kinetis_kl46_sc/src/projects/FRDMKL46_Demo/tsi\TSIDrv.c ****   TSI0_GENCS |= TSI_GENCS_TSIEN_MASK;     // Enable TSI module
 170              		.loc 1 43 0
 171 004e 344B     		ldr	r3, .L9
 172 0050 334A     		ldr	r2, .L9
 173 0052 1268     		ldr	r2, [r2]
 174 0054 8021     		mov	r1, #128
 175 0056 0A43     		orr	r2, r1
 176 0058 1A60     		str	r2, [r3]
  44:C:/Users/b01252/Documents/Freescale/L4K/software/kinetis_kl46_sc/src/projects/FRDMKL46_Demo/tsi\TSIDrv.c ****   
  45:C:/Users/b01252/Documents/Freescale/L4K/software/kinetis_kl46_sc/src/projects/FRDMKL46_Demo/tsi\TSIDrv.c ****   for(cnt=0; cnt < total_electrode; cnt++)  // Get Counts when Electrode not pressed
 177              		.loc 1 45 0
 178 005a FB1D     		add	r3, r7, #7
 179 005c 0022     		mov	r2, #0
 180 005e 1A70     		strb	r2, [r3]
 181 0060 26E0     		b	.L4
 182              	.L6:
  46:C:/Users/b01252/Documents/Freescale/L4K/software/kinetis_kl46_sc/src/projects/FRDMKL46_Demo/tsi\TSIDrv.c ****   {
  47:C:/Users/b01252/Documents/Freescale/L4K/software/kinetis_kl46_sc/src/projects/FRDMKL46_Demo/tsi\TSIDrv.c ****     TSI0_DATA = ((elec_array[cnt] << TSI_DATA_TSICH_SHIFT) );
 183              		.loc 1 47 0
 184 0062 2F4B     		ldr	r3, .L9
 185 0064 FA1D     		add	r2, r7, #7
 186 0066 1278     		ldrb	r2, [r2]
 187 0068 2E49     		ldr	r1, .L9+4
 188 006a 8A5C     		ldrb	r2, [r1, r2]
 189 006c 1207     		lsl	r2, r2, #28
 190 006e 5A60     		str	r2, [r3, #4]
  48:C:/Users/b01252/Documents/Freescale/L4K/software/kinetis_kl46_sc/src/projects/FRDMKL46_Demo/tsi\TSIDrv.c ****     TSI0_DATA |= TSI_DATA_SWTS_MASK;
 191              		.loc 1 48 0
 192 0070 2B4B     		ldr	r3, .L9
 193 0072 2B4A     		ldr	r2, .L9
 194 0074 5268     		ldr	r2, [r2, #4]
 195 0076 8021     		mov	r1, #128
 196 0078 C903     		lsl	r1, r1, #15
 197 007a 0A43     		orr	r2, r1
 198 007c 5A60     		str	r2, [r3, #4]
  49:C:/Users/b01252/Documents/Freescale/L4K/software/kinetis_kl46_sc/src/projects/FRDMKL46_Demo/tsi\TSIDrv.c ****     while(!(TSI0_GENCS & TSI_GENCS_EOSF_MASK));
 199              		.loc 1 49 0
 200 007e C046     		mov	r8, r8
 201              	.L5:
 202              		.loc 1 49 0 is_stmt 0
 203 0080 274B     		ldr	r3, .L9
 204 0082 1A68     		ldr	r2, [r3]
 205 0084 0423     		mov	r3, #4
 206 0086 1340     		and	r3, r2
 207 0088 FAD0     		beq	.L5
  50:C:/Users/b01252/Documents/Freescale/L4K/software/kinetis_kl46_sc/src/projects/FRDMKL46_Demo/tsi\TSIDrv.c ****     TSI0_GENCS |= TSI_GENCS_EOSF_MASK;
 208              		.loc 1 50 0 is_stmt 1
 209 008a 254B     		ldr	r3, .L9
 210 008c 244A     		ldr	r2, .L9
 211 008e 1268     		ldr	r2, [r2]
 212 0090 0421     		mov	r1, #4
 213 0092 0A43     		orr	r2, r1
 214 0094 1A60     		str	r2, [r3]
  51:C:/Users/b01252/Documents/Freescale/L4K/software/kinetis_kl46_sc/src/projects/FRDMKL46_Demo/tsi\TSIDrv.c ****     gu16Baseline[cnt] = (TSI0_DATA & TSI_DATA_TSICNT_MASK); 
 215              		.loc 1 51 0
 216 0096 FB1D     		add	r3, r7, #7
 217 0098 1A78     		ldrb	r2, [r3]
 218 009a 214B     		ldr	r3, .L9
 219 009c 5B68     		ldr	r3, [r3, #4]
 220 009e 99B2     		uxth	r1, r3
 221 00a0 214B     		ldr	r3, .L9+8
 222 00a2 5200     		lsl	r2, r2, #1
 223 00a4 D152     		strh	r1, [r2, r3]
  45:C:/Users/b01252/Documents/Freescale/L4K/software/kinetis_kl46_sc/src/projects/FRDMKL46_Demo/tsi\TSIDrv.c ****   for(cnt=0; cnt < total_electrode; cnt++)  // Get Counts when Electrode not pressed
 224              		.loc 1 45 0
 225 00a6 FB1D     		add	r3, r7, #7
 226 00a8 FA1D     		add	r2, r7, #7
 227 00aa 1278     		ldrb	r2, [r2]
 228 00ac 0132     		add	r2, r2, #1
 229 00ae 1A70     		strb	r2, [r3]
 230              	.L4:
  45:C:/Users/b01252/Documents/Freescale/L4K/software/kinetis_kl46_sc/src/projects/FRDMKL46_Demo/tsi\TSIDrv.c ****   for(cnt=0; cnt < total_electrode; cnt++)  // Get Counts when Electrode not pressed
 231              		.loc 1 45 0 is_stmt 0
 232 00b0 1E4B     		ldr	r3, .L9+12
 233 00b2 1B78     		ldrb	r3, [r3]
 234 00b4 FA1D     		add	r2, r7, #7
 235 00b6 1278     		ldrb	r2, [r2]
 236 00b8 9A42     		cmp	r2, r3
 237 00ba D2D3     		bcc	.L6
  52:C:/Users/b01252/Documents/Freescale/L4K/software/kinetis_kl46_sc/src/projects/FRDMKL46_Demo/tsi\TSIDrv.c ****   }
  53:C:/Users/b01252/Documents/Freescale/L4K/software/kinetis_kl46_sc/src/projects/FRDMKL46_Demo/tsi\TSIDrv.c ****   
  54:C:/Users/b01252/Documents/Freescale/L4K/software/kinetis_kl46_sc/src/projects/FRDMKL46_Demo/tsi\TSIDrv.c ****   TSI0_GENCS &= ~TSI_GENCS_TSIEN_MASK;    // Disable TSI module
 238              		.loc 1 54 0 is_stmt 1
 239 00bc 184B     		ldr	r3, .L9
 240 00be 184A     		ldr	r2, .L9
 241 00c0 1268     		ldr	r2, [r2]
 242 00c2 8021     		mov	r1, #128
 243 00c4 8A43     		bic	r2, r1
 244 00c6 1A60     		str	r2, [r3]
  55:C:/Users/b01252/Documents/Freescale/L4K/software/kinetis_kl46_sc/src/projects/FRDMKL46_Demo/tsi\TSIDrv.c ****   TSI0_GENCS |= TSI_GENCS_TSIIEN_MASK;     // Enale TSI interrupt
 245              		.loc 1 55 0
 246 00c8 154B     		ldr	r3, .L9
 247 00ca 154A     		ldr	r2, .L9
 248 00cc 1268     		ldr	r2, [r2]
 249 00ce 4021     		mov	r1, #64
 250 00d0 0A43     		orr	r2, r1
 251 00d2 1A60     		str	r2, [r3]
  56:C:/Users/b01252/Documents/Freescale/L4K/software/kinetis_kl46_sc/src/projects/FRDMKL46_Demo/tsi\TSIDrv.c ****   if(trigger_backup)                      // Restore trigger mode
 252              		.loc 1 56 0
 253 00d4 BB1D     		add	r3, r7, #6
 254 00d6 1B78     		ldrb	r3, [r3]
 255 00d8 002B     		cmp	r3, #0
 256 00da 06D0     		beq	.L7
  57:C:/Users/b01252/Documents/Freescale/L4K/software/kinetis_kl46_sc/src/projects/FRDMKL46_Demo/tsi\TSIDrv.c ****     TSI0_GENCS |= TSI_GENCS_STM_MASK;
 257              		.loc 1 57 0
 258 00dc 104B     		ldr	r3, .L9
 259 00de 104A     		ldr	r2, .L9
 260 00e0 1268     		ldr	r2, [r2]
 261 00e2 1021     		mov	r1, #16
 262 00e4 0A43     		orr	r2, r1
 263 00e6 1A60     		str	r2, [r3]
 264 00e8 05E0     		b	.L8
 265              	.L7:
  58:C:/Users/b01252/Documents/Freescale/L4K/software/kinetis_kl46_sc/src/projects/FRDMKL46_Demo/tsi\TSIDrv.c ****   else
  59:C:/Users/b01252/Documents/Freescale/L4K/software/kinetis_kl46_sc/src/projects/FRDMKL46_Demo/tsi\TSIDrv.c ****     TSI0_GENCS &= ~TSI_GENCS_STM_MASK;
 266              		.loc 1 59 0
 267 00ea 0D4B     		ldr	r3, .L9
 268 00ec 0C4A     		ldr	r2, .L9
 269 00ee 1268     		ldr	r2, [r2]
 270 00f0 1021     		mov	r1, #16
 271 00f2 8A43     		bic	r2, r1
 272 00f4 1A60     		str	r2, [r3]
 273              	.L8:
  60:C:/Users/b01252/Documents/Freescale/L4K/software/kinetis_kl46_sc/src/projects/FRDMKL46_Demo/tsi\TSIDrv.c ****   
  61:C:/Users/b01252/Documents/Freescale/L4K/software/kinetis_kl46_sc/src/projects/FRDMKL46_Demo/tsi\TSIDrv.c ****   TSI0_GENCS |= TSI_GENCS_TSIEN_MASK;     // Enable TSI module
 274              		.loc 1 61 0
 275 00f6 0A4B     		ldr	r3, .L9
 276 00f8 094A     		ldr	r2, .L9
 277 00fa 1268     		ldr	r2, [r2]
 278 00fc 8021     		mov	r1, #128
 279 00fe 0A43     		orr	r2, r1
 280 0100 1A60     		str	r2, [r3]
  62:C:/Users/b01252/Documents/Freescale/L4K/software/kinetis_kl46_sc/src/projects/FRDMKL46_Demo/tsi\TSIDrv.c ****   
  63:C:/Users/b01252/Documents/Freescale/L4K/software/kinetis_kl46_sc/src/projects/FRDMKL46_Demo/tsi\TSIDrv.c ****    TSI0_DATA = ((elec_array[0]<<TSI_DATA_TSICH_SHIFT) );
 281              		.loc 1 63 0
 282 0102 074B     		ldr	r3, .L9
 283 0104 074A     		ldr	r2, .L9+4
 284 0106 1278     		ldrb	r2, [r2]
 285 0108 1207     		lsl	r2, r2, #28
 286 010a 5A60     		str	r2, [r3, #4]
  64:C:/Users/b01252/Documents/Freescale/L4K/software/kinetis_kl46_sc/src/projects/FRDMKL46_Demo/tsi\TSIDrv.c ****    TSI0_DATA |= TSI_DATA_SWTS_MASK;
 287              		.loc 1 64 0
 288 010c 044B     		ldr	r3, .L9
 289 010e 044A     		ldr	r2, .L9
 290 0110 5268     		ldr	r2, [r2, #4]
 291 0112 8021     		mov	r1, #128
 292 0114 C903     		lsl	r1, r1, #15
 293 0116 0A43     		orr	r2, r1
 294 0118 5A60     		str	r2, [r3, #4]
  65:C:/Users/b01252/Documents/Freescale/L4K/software/kinetis_kl46_sc/src/projects/FRDMKL46_Demo/tsi\TSIDrv.c ****   
  66:C:/Users/b01252/Documents/Freescale/L4K/software/kinetis_kl46_sc/src/projects/FRDMKL46_Demo/tsi\TSIDrv.c **** }
 295              		.loc 1 66 0
 296 011a BD46     		mov	sp, r7
 297 011c 02B0     		add	sp, sp, #8
 298              		@ sp needed for prologue
 299 011e 80BD     		pop	{r7, pc}
 300              	.L10:
 301              		.align	2
 302              	.L9:
 303 0120 00500440 		.word	1074024448
 304 0124 00000000 		.word	elec_array
 305 0128 00000000 		.word	gu16Baseline
 306 012c 00000000 		.word	total_electrode
 307              		.cfi_endproc
 308              	.LFE0:
 310              		.section	.text.TSI_Init,"ax",%progbits
 311              		.align	2
 312              		.global	TSI_Init
 313              		.code	16
 314              		.thumb_func
 316              	TSI_Init:
 317              	.LFB1:
  67:C:/Users/b01252/Documents/Freescale/L4K/software/kinetis_kl46_sc/src/projects/FRDMKL46_Demo/tsi\TSIDrv.c **** 
  68:C:/Users/b01252/Documents/Freescale/L4K/software/kinetis_kl46_sc/src/projects/FRDMKL46_Demo/tsi\TSIDrv.c **** void TSI_Init (void)
  69:C:/Users/b01252/Documents/Freescale/L4K/software/kinetis_kl46_sc/src/projects/FRDMKL46_Demo/tsi\TSIDrv.c **** {
 318              		.loc 1 69 0
 319              		.cfi_startproc
 320 0000 80B5     		push	{r7, lr}
 321              	.LCFI3:
 322              		.cfi_def_cfa_offset 8
 323              		.cfi_offset 7, -8
 324              		.cfi_offset 14, -4
 325 0002 00AF     		add	r7, sp, #0
 326              	.LCFI4:
 327              		.cfi_def_cfa_register 7
  70:C:/Users/b01252/Documents/Freescale/L4K/software/kinetis_kl46_sc/src/projects/FRDMKL46_Demo/tsi\TSIDrv.c ****   SIM_SCGC5 |= SIM_SCGC5_TSI_MASK;  // Enable clock gating for TSI
 328              		.loc 1 70 0
 329 0004 104A     		ldr	r2, .L12
 330 0006 1049     		ldr	r1, .L12
 331 0008 104B     		ldr	r3, .L12+4
 332 000a CB58     		ldr	r3, [r1, r3]
 333 000c 2021     		mov	r1, #32
 334 000e 1943     		orr	r1, r3
 335 0010 0E4B     		ldr	r3, .L12+4
 336 0012 D150     		str	r1, [r2, r3]
  71:C:/Users/b01252/Documents/Freescale/L4K/software/kinetis_kl46_sc/src/projects/FRDMKL46_Demo/tsi\TSIDrv.c ****   
  72:C:/Users/b01252/Documents/Freescale/L4K/software/kinetis_kl46_sc/src/projects/FRDMKL46_Demo/tsi\TSIDrv.c ****   /* Enable proper GPIO as TSI channels */
  73:C:/Users/b01252/Documents/Freescale/L4K/software/kinetis_kl46_sc/src/projects/FRDMKL46_Demo/tsi\TSIDrv.c **** #ifdef FRDM_REVA
  74:C:/Users/b01252/Documents/Freescale/L4K/software/kinetis_kl46_sc/src/projects/FRDMKL46_Demo/tsi\TSIDrv.c ****   PORTA_PCR1 =  PORT_PCR_MUX(0);   // PTA1 as TSI channel 2
  75:C:/Users/b01252/Documents/Freescale/L4K/software/kinetis_kl46_sc/src/projects/FRDMKL46_Demo/tsi\TSIDrv.c ****   PORTA_PCR2 =  PORT_PCR_MUX(0);   // PTA2 as TSI channel 3
  76:C:/Users/b01252/Documents/Freescale/L4K/software/kinetis_kl46_sc/src/projects/FRDMKL46_Demo/tsi\TSIDrv.c **** #else
  77:C:/Users/b01252/Documents/Freescale/L4K/software/kinetis_kl46_sc/src/projects/FRDMKL46_Demo/tsi\TSIDrv.c ****   PORTB_PCR16 =  PORT_PCR_MUX(0);   // PTB16 as TSI channel 9
 337              		.loc 1 77 0
 338 0014 0E4B     		ldr	r3, .L12+8
 339 0016 0022     		mov	r2, #0
 340 0018 1A64     		str	r2, [r3, #64]
  78:C:/Users/b01252/Documents/Freescale/L4K/software/kinetis_kl46_sc/src/projects/FRDMKL46_Demo/tsi\TSIDrv.c ****   PORTB_PCR17 =  PORT_PCR_MUX(0);   // PTB17 as TSI channel 10
 341              		.loc 1 78 0
 342 001a 0D4B     		ldr	r3, .L12+8
 343 001c 0022     		mov	r2, #0
 344 001e 5A64     		str	r2, [r3, #68]
  79:C:/Users/b01252/Documents/Freescale/L4K/software/kinetis_kl46_sc/src/projects/FRDMKL46_Demo/tsi\TSIDrv.c ****   
  80:C:/Users/b01252/Documents/Freescale/L4K/software/kinetis_kl46_sc/src/projects/FRDMKL46_Demo/tsi\TSIDrv.c **** #endif
  81:C:/Users/b01252/Documents/Freescale/L4K/software/kinetis_kl46_sc/src/projects/FRDMKL46_Demo/tsi\TSIDrv.c ****   
  82:C:/Users/b01252/Documents/Freescale/L4K/software/kinetis_kl46_sc/src/projects/FRDMKL46_Demo/tsi\TSIDrv.c **** 
  83:C:/Users/b01252/Documents/Freescale/L4K/software/kinetis_kl46_sc/src/projects/FRDMKL46_Demo/tsi\TSIDrv.c ****   enable_irq(TSI_irq_no);
 345              		.loc 1 83 0
 346 0020 1A20     		mov	r0, #26
 347 0022 FFF7FEFF 		bl	enable_irq
  84:C:/Users/b01252/Documents/Freescale/L4K/software/kinetis_kl46_sc/src/projects/FRDMKL46_Demo/tsi\TSIDrv.c ****   
  85:C:/Users/b01252/Documents/Freescale/L4K/software/kinetis_kl46_sc/src/projects/FRDMKL46_Demo/tsi\TSIDrv.c ****   TSI0_GENCS |= (TSI_GENCS_ESOR_MASK
 348              		.loc 1 85 0
 349 0026 0B4B     		ldr	r3, .L12+12
 350 0028 0A4A     		ldr	r2, .L12+12
 351 002a 1268     		ldr	r2, [r2]
 352 002c 0A49     		ldr	r1, .L12+16
 353 002e 0A43     		orr	r2, r1
 354 0030 1A60     		str	r2, [r3]
  86:C:/Users/b01252/Documents/Freescale/L4K/software/kinetis_kl46_sc/src/projects/FRDMKL46_Demo/tsi\TSIDrv.c ****                    | TSI_GENCS_MODE(0)
  87:C:/Users/b01252/Documents/Freescale/L4K/software/kinetis_kl46_sc/src/projects/FRDMKL46_Demo/tsi\TSIDrv.c ****                    | TSI_GENCS_REFCHRG(4)
  88:C:/Users/b01252/Documents/Freescale/L4K/software/kinetis_kl46_sc/src/projects/FRDMKL46_Demo/tsi\TSIDrv.c ****                    | TSI_GENCS_DVOLT(0)
  89:C:/Users/b01252/Documents/Freescale/L4K/software/kinetis_kl46_sc/src/projects/FRDMKL46_Demo/tsi\TSIDrv.c ****                    | TSI_GENCS_EXTCHRG(7)  
  90:C:/Users/b01252/Documents/Freescale/L4K/software/kinetis_kl46_sc/src/projects/FRDMKL46_Demo/tsi\TSIDrv.c ****                    | TSI_GENCS_PS(4)
  91:C:/Users/b01252/Documents/Freescale/L4K/software/kinetis_kl46_sc/src/projects/FRDMKL46_Demo/tsi\TSIDrv.c ****                    | TSI_GENCS_NSCN(11)
  92:C:/Users/b01252/Documents/Freescale/L4K/software/kinetis_kl46_sc/src/projects/FRDMKL46_Demo/tsi\TSIDrv.c ****                    | TSI_GENCS_TSIIEN_MASK 
  93:C:/Users/b01252/Documents/Freescale/L4K/software/kinetis_kl46_sc/src/projects/FRDMKL46_Demo/tsi\TSIDrv.c ****                    | TSI_GENCS_STPE_MASK
  94:C:/Users/b01252/Documents/Freescale/L4K/software/kinetis_kl46_sc/src/projects/FRDMKL46_Demo/tsi\TSIDrv.c ****                    //| TSI_GENCS_STM_MASK     //Trigger for the module 0=Sofware 
  95:C:/Users/b01252/Documents/Freescale/L4K/software/kinetis_kl46_sc/src/projects/FRDMKL46_Demo/tsi\TSIDrv.c ****                    );
  96:C:/Users/b01252/Documents/Freescale/L4K/software/kinetis_kl46_sc/src/projects/FRDMKL46_Demo/tsi\TSIDrv.c ****   
  97:C:/Users/b01252/Documents/Freescale/L4K/software/kinetis_kl46_sc/src/projects/FRDMKL46_Demo/tsi\TSIDrv.c ****   TSI0_GENCS |= TSI_GENCS_TSIEN_MASK; 
 355              		.loc 1 97 0
 356 0032 084B     		ldr	r3, .L12+12
 357 0034 074A     		ldr	r2, .L12+12
 358 0036 1268     		ldr	r2, [r2]
 359 0038 8021     		mov	r1, #128
 360 003a 0A43     		orr	r2, r1
 361 003c 1A60     		str	r2, [r3]
  98:C:/Users/b01252/Documents/Freescale/L4K/software/kinetis_kl46_sc/src/projects/FRDMKL46_Demo/tsi\TSIDrv.c ****   
  99:C:/Users/b01252/Documents/Freescale/L4K/software/kinetis_kl46_sc/src/projects/FRDMKL46_Demo/tsi\TSIDrv.c ****   TSI_SelfCalibration();
 362              		.loc 1 99 0
 363 003e FFF7FEFF 		bl	TSI_SelfCalibration
 100:C:/Users/b01252/Documents/Freescale/L4K/software/kinetis_kl46_sc/src/projects/FRDMKL46_Demo/tsi\TSIDrv.c **** }
 364              		.loc 1 100 0
 365 0042 BD46     		mov	sp, r7
 366              		@ sp needed for prologue
 367 0044 80BD     		pop	{r7, pc}
 368              	.L13:
 369 0046 C046     		.align	2
 370              	.L12:
 371 0048 00700440 		.word	1074032640
 372 004c 38100000 		.word	4152
 373 0050 00A00440 		.word	1074044928
 374 0054 00500440 		.word	1074024448
 375 0058 608B8710 		.word	277318496
 376              		.cfi_endproc
 377              	.LFE1:
 379              		.section	.text.change_electrode,"ax",%progbits
 380              		.align	2
 381              		.global	change_electrode
 382              		.code	16
 383              		.thumb_func
 385              	change_electrode:
 386              	.LFB2:
 101:C:/Users/b01252/Documents/Freescale/L4K/software/kinetis_kl46_sc/src/projects/FRDMKL46_Demo/tsi\TSIDrv.c **** 
 102:C:/Users/b01252/Documents/Freescale/L4K/software/kinetis_kl46_sc/src/projects/FRDMKL46_Demo/tsi\TSIDrv.c **** 
 103:C:/Users/b01252/Documents/Freescale/L4K/software/kinetis_kl46_sc/src/projects/FRDMKL46_Demo/tsi\TSIDrv.c **** void change_electrode(void)
 104:C:/Users/b01252/Documents/Freescale/L4K/software/kinetis_kl46_sc/src/projects/FRDMKL46_Demo/tsi\TSIDrv.c **** {
 387              		.loc 1 104 0
 388              		.cfi_startproc
 389 0000 80B5     		push	{r7, lr}
 390              	.LCFI5:
 391              		.cfi_def_cfa_offset 8
 392              		.cfi_offset 7, -8
 393              		.cfi_offset 14, -4
 394 0002 82B0     		sub	sp, sp, #8
 395              	.LCFI6:
 396              		.cfi_def_cfa_offset 16
 397 0004 00AF     		add	r7, sp, #0
 398              	.LCFI7:
 399              		.cfi_def_cfa_register 7
 105:C:/Users/b01252/Documents/Freescale/L4K/software/kinetis_kl46_sc/src/projects/FRDMKL46_Demo/tsi\TSIDrv.c ****     int16_t u16temp_delta;
 106:C:/Users/b01252/Documents/Freescale/L4K/software/kinetis_kl46_sc/src/projects/FRDMKL46_Demo/tsi\TSIDrv.c ****     
 107:C:/Users/b01252/Documents/Freescale/L4K/software/kinetis_kl46_sc/src/projects/FRDMKL46_Demo/tsi\TSIDrv.c ****     gu16TSICount[ongoing_elec] = (TSI0_DATA & TSI_DATA_TSICNT_MASK);          // Save Counts for cu
 400              		.loc 1 107 0
 401 0006 2A4B     		ldr	r3, .L20
 402 0008 1B78     		ldrb	r3, [r3]
 403 000a 1A1C     		mov	r2, r3
 404 000c 294B     		ldr	r3, .L20+4
 405 000e 5B68     		ldr	r3, [r3, #4]
 406 0010 99B2     		uxth	r1, r3
 407 0012 294B     		ldr	r3, .L20+8
 408 0014 5200     		lsl	r2, r2, #1
 409 0016 D152     		strh	r1, [r2, r3]
 108:C:/Users/b01252/Documents/Freescale/L4K/software/kinetis_kl46_sc/src/projects/FRDMKL46_Demo/tsi\TSIDrv.c ****     u16temp_delta = gu16TSICount[ongoing_elec] - gu16Baseline[ongoing_elec];  // Obtains Counts Del
 410              		.loc 1 108 0
 411 0018 254B     		ldr	r3, .L20
 412 001a 1B78     		ldrb	r3, [r3]
 413 001c 1A1C     		mov	r2, r3
 414 001e 264B     		ldr	r3, .L20+8
 415 0020 5200     		lsl	r2, r2, #1
 416 0022 D25A     		ldrh	r2, [r2, r3]
 417 0024 224B     		ldr	r3, .L20
 418 0026 1B78     		ldrb	r3, [r3]
 419 0028 191C     		mov	r1, r3
 420 002a 244B     		ldr	r3, .L20+12
 421 002c 4900     		lsl	r1, r1, #1
 422 002e CB5A     		ldrh	r3, [r1, r3]
 423 0030 D31A     		sub	r3, r2, r3
 424 0032 9AB2     		uxth	r2, r3
 425 0034 BB1D     		add	r3, r7, #6
 426 0036 1A80     		strh	r2, [r3]
 109:C:/Users/b01252/Documents/Freescale/L4K/software/kinetis_kl46_sc/src/projects/FRDMKL46_Demo/tsi\TSIDrv.c ****     if( u16temp_delta < 0)
 427              		.loc 1 109 0
 428 0038 BB1D     		add	r3, r7, #6
 429 003a 0022     		mov	r2, #0
 430 003c 9B5E     		ldrsh	r3, [r3, r2]
 431 003e 002B     		cmp	r3, #0
 432 0040 07DA     		bge	.L15
 110:C:/Users/b01252/Documents/Freescale/L4K/software/kinetis_kl46_sc/src/projects/FRDMKL46_Demo/tsi\TSIDrv.c ****             gu16Delta[ongoing_elec] = 0;
 433              		.loc 1 110 0
 434 0042 1B4B     		ldr	r3, .L20
 435 0044 1B78     		ldrb	r3, [r3]
 436 0046 1A1C     		mov	r2, r3
 437 0048 1D4B     		ldr	r3, .L20+16
 438 004a 5200     		lsl	r2, r2, #1
 439 004c 0021     		mov	r1, #0
 440 004e D152     		strh	r1, [r2, r3]
 441 0050 07E0     		b	.L16
 442              	.L15:
 111:C:/Users/b01252/Documents/Freescale/L4K/software/kinetis_kl46_sc/src/projects/FRDMKL46_Demo/tsi\TSIDrv.c ****     else
 112:C:/Users/b01252/Documents/Freescale/L4K/software/kinetis_kl46_sc/src/projects/FRDMKL46_Demo/tsi\TSIDrv.c ****             gu16Delta[ongoing_elec] = u16temp_delta;
 443              		.loc 1 112 0
 444 0052 174B     		ldr	r3, .L20
 445 0054 1B78     		ldrb	r3, [r3]
 446 0056 1A1C     		mov	r2, r3
 447 0058 BB1D     		add	r3, r7, #6
 448 005a 1988     		ldrh	r1, [r3]
 449 005c 184B     		ldr	r3, .L20+16
 450 005e 5200     		lsl	r2, r2, #1
 451 0060 D152     		strh	r1, [r2, r3]
 452              	.L16:
 113:C:/Users/b01252/Documents/Freescale/L4K/software/kinetis_kl46_sc/src/projects/FRDMKL46_Demo/tsi\TSIDrv.c ****     
 114:C:/Users/b01252/Documents/Freescale/L4K/software/kinetis_kl46_sc/src/projects/FRDMKL46_Demo/tsi\TSIDrv.c ****     if(total_electrode > 1)  //Change Electrode to Scan
 453              		.loc 1 114 0
 454 0062 184B     		ldr	r3, .L20+20
 455 0064 1B78     		ldrb	r3, [r3]
 456 0066 012B     		cmp	r3, #1
 457 0068 1ED9     		bls	.L14
 115:C:/Users/b01252/Documents/Freescale/L4K/software/kinetis_kl46_sc/src/projects/FRDMKL46_Demo/tsi\TSIDrv.c ****     {
 116:C:/Users/b01252/Documents/Freescale/L4K/software/kinetis_kl46_sc/src/projects/FRDMKL46_Demo/tsi\TSIDrv.c ****             if((total_electrode-1) > ongoing_elec) ongoing_elec++;
 458              		.loc 1 116 0
 459 006a 164B     		ldr	r3, .L20+20
 460 006c 1B78     		ldrb	r3, [r3]
 461 006e 5A1E     		sub	r2, r3, #1
 462 0070 0F4B     		ldr	r3, .L20
 463 0072 1B78     		ldrb	r3, [r3]
 464 0074 9A42     		cmp	r2, r3
 465 0076 06DD     		ble	.L18
 466              		.loc 1 116 0 is_stmt 0
 467 0078 0D4B     		ldr	r3, .L20
 468 007a 1B78     		ldrb	r3, [r3]
 469 007c 0133     		add	r3, r3, #1
 470 007e DAB2     		uxtb	r2, r3
 471 0080 0B4B     		ldr	r3, .L20
 472 0082 1A70     		strb	r2, [r3]
 473 0084 02E0     		b	.L19
 474              	.L18:
 117:C:/Users/b01252/Documents/Freescale/L4K/software/kinetis_kl46_sc/src/projects/FRDMKL46_Demo/tsi\TSIDrv.c ****             else   ongoing_elec = 0;
 475              		.loc 1 117 0 is_stmt 1
 476 0086 0A4B     		ldr	r3, .L20
 477 0088 0022     		mov	r2, #0
 478 008a 1A70     		strb	r2, [r3]
 479              	.L19:
 118:C:/Users/b01252/Documents/Freescale/L4K/software/kinetis_kl46_sc/src/projects/FRDMKL46_Demo/tsi\TSIDrv.c ****             
 119:C:/Users/b01252/Documents/Freescale/L4K/software/kinetis_kl46_sc/src/projects/FRDMKL46_Demo/tsi\TSIDrv.c ****             TSI0_DATA = ((elec_array[ongoing_elec]<<TSI_DATA_TSICH_SHIFT) );
 480              		.loc 1 119 0
 481 008c 094B     		ldr	r3, .L20+4
 482 008e 084A     		ldr	r2, .L20
 483 0090 1278     		ldrb	r2, [r2]
 484 0092 0D49     		ldr	r1, .L20+24
 485 0094 8A5C     		ldrb	r2, [r1, r2]
 486 0096 1207     		lsl	r2, r2, #28
 487 0098 5A60     		str	r2, [r3, #4]
 120:C:/Users/b01252/Documents/Freescale/L4K/software/kinetis_kl46_sc/src/projects/FRDMKL46_Demo/tsi\TSIDrv.c ****             TSI0_DATA |= TSI_DATA_SWTS_MASK; 
 488              		.loc 1 120 0
 489 009a 064B     		ldr	r3, .L20+4
 490 009c 054A     		ldr	r2, .L20+4
 491 009e 5268     		ldr	r2, [r2, #4]
 492 00a0 8021     		mov	r1, #128
 493 00a2 C903     		lsl	r1, r1, #15
 494 00a4 0A43     		orr	r2, r1
 495 00a6 5A60     		str	r2, [r3, #4]
 496              	.L14:
 121:C:/Users/b01252/Documents/Freescale/L4K/software/kinetis_kl46_sc/src/projects/FRDMKL46_Demo/tsi\TSIDrv.c ****     }
 122:C:/Users/b01252/Documents/Freescale/L4K/software/kinetis_kl46_sc/src/projects/FRDMKL46_Demo/tsi\TSIDrv.c **** }
 497              		.loc 1 122 0
 498 00a8 BD46     		mov	sp, r7
 499 00aa 02B0     		add	sp, sp, #8
 500              		@ sp needed for prologue
 501 00ac 80BD     		pop	{r7, pc}
 502              	.L21:
 503 00ae C046     		.align	2
 504              	.L20:
 505 00b0 00000000 		.word	ongoing_elec
 506 00b4 00500440 		.word	1074024448
 507 00b8 00000000 		.word	gu16TSICount
 508 00bc 00000000 		.word	gu16Baseline
 509 00c0 00000000 		.word	gu16Delta
 510 00c4 00000000 		.word	total_electrode
 511 00c8 00000000 		.word	elec_array
 512              		.cfi_endproc
 513              	.LFE2:
 515              		.section	.text.TSI_SimpleApp,"ax",%progbits
 516              		.align	2
 517              		.global	TSI_SimpleApp
 518              		.code	16
 519              		.thumb_func
 521              	TSI_SimpleApp:
 522              	.LFB3:
 123:C:/Users/b01252/Documents/Freescale/L4K/software/kinetis_kl46_sc/src/projects/FRDMKL46_Demo/tsi\TSIDrv.c **** 
 124:C:/Users/b01252/Documents/Freescale/L4K/software/kinetis_kl46_sc/src/projects/FRDMKL46_Demo/tsi\TSIDrv.c **** void TSI_SimpleApp (void)
 125:C:/Users/b01252/Documents/Freescale/L4K/software/kinetis_kl46_sc/src/projects/FRDMKL46_Demo/tsi\TSIDrv.c **** {
 523              		.loc 1 125 0
 524              		.cfi_startproc
 525 0000 80B5     		push	{r7, lr}
 526              	.LCFI8:
 527              		.cfi_def_cfa_offset 8
 528              		.cfi_offset 7, -8
 529              		.cfi_offset 14, -4
 530 0002 00AF     		add	r7, sp, #0
 531              	.LCFI9:
 532              		.cfi_def_cfa_register 7
 533 0004 00E0     		b	.L25
 534              	.L26:
 126:C:/Users/b01252/Documents/Freescale/L4K/software/kinetis_kl46_sc/src/projects/FRDMKL46_Demo/tsi\TSIDrv.c ****    while(1)
 127:C:/Users/b01252/Documents/Freescale/L4K/software/kinetis_kl46_sc/src/projects/FRDMKL46_Demo/tsi\TSIDrv.c ****   {
 128:C:/Users/b01252/Documents/Freescale/L4K/software/kinetis_kl46_sc/src/projects/FRDMKL46_Demo/tsi\TSIDrv.c ****       if(end_flag)
 129:C:/Users/b01252/Documents/Freescale/L4K/software/kinetis_kl46_sc/src/projects/FRDMKL46_Demo/tsi\TSIDrv.c ****       {
 130:C:/Users/b01252/Documents/Freescale/L4K/software/kinetis_kl46_sc/src/projects/FRDMKL46_Demo/tsi\TSIDrv.c ****          end_flag = FALSE;
 131:C:/Users/b01252/Documents/Freescale/L4K/software/kinetis_kl46_sc/src/projects/FRDMKL46_Demo/tsi\TSIDrv.c ****          if(gu16Delta[0] > gu16Threshold[0])
 132:C:/Users/b01252/Documents/Freescale/L4K/software/kinetis_kl46_sc/src/projects/FRDMKL46_Demo/tsi\TSIDrv.c ****            asm ("NOP"); // Toggle LED1
 133:C:/Users/b01252/Documents/Freescale/L4K/software/kinetis_kl46_sc/src/projects/FRDMKL46_Demo/tsi\TSIDrv.c ****            
 134:C:/Users/b01252/Documents/Freescale/L4K/software/kinetis_kl46_sc/src/projects/FRDMKL46_Demo/tsi\TSIDrv.c ****         
 135:C:/Users/b01252/Documents/Freescale/L4K/software/kinetis_kl46_sc/src/projects/FRDMKL46_Demo/tsi\TSIDrv.c ****          if(gu16Delta[1] > gu16Threshold[1])
 136:C:/Users/b01252/Documents/Freescale/L4K/software/kinetis_kl46_sc/src/projects/FRDMKL46_Demo/tsi\TSIDrv.c ****            asm ("NOP"); // Toggle LED2
 137:C:/Users/b01252/Documents/Freescale/L4K/software/kinetis_kl46_sc/src/projects/FRDMKL46_Demo/tsi\TSIDrv.c ****       }
 138:C:/Users/b01252/Documents/Freescale/L4K/software/kinetis_kl46_sc/src/projects/FRDMKL46_Demo/tsi\TSIDrv.c ****   } 
 535              		.loc 1 138 0
 536 0006 C046     		mov	r8, r8
 537              	.L25:
 128:C:/Users/b01252/Documents/Freescale/L4K/software/kinetis_kl46_sc/src/projects/FRDMKL46_Demo/tsi\TSIDrv.c ****       if(end_flag)
 538              		.loc 1 128 0
 539 0008 0A4B     		ldr	r3, .L27
 540 000a 1B78     		ldrb	r3, [r3]
 541 000c 002B     		cmp	r3, #0
 542 000e FAD0     		beq	.L26
 130:C:/Users/b01252/Documents/Freescale/L4K/software/kinetis_kl46_sc/src/projects/FRDMKL46_Demo/tsi\TSIDrv.c ****          end_flag = FALSE;
 543              		.loc 1 130 0
 544 0010 084B     		ldr	r3, .L27
 545 0012 0022     		mov	r2, #0
 546 0014 1A70     		strb	r2, [r3]
 131:C:/Users/b01252/Documents/Freescale/L4K/software/kinetis_kl46_sc/src/projects/FRDMKL46_Demo/tsi\TSIDrv.c ****          if(gu16Delta[0] > gu16Threshold[0])
 547              		.loc 1 131 0
 548 0016 084B     		ldr	r3, .L27+4
 549 0018 1A88     		ldrh	r2, [r3]
 550 001a 084B     		ldr	r3, .L27+8
 551 001c 1B88     		ldrh	r3, [r3]
 552 001e 9A42     		cmp	r2, r3
 553 0020 00D9     		bls	.L24
 132:C:/Users/b01252/Documents/Freescale/L4K/software/kinetis_kl46_sc/src/projects/FRDMKL46_Demo/tsi\TSIDrv.c ****            asm ("NOP"); // Toggle LED1
 554              		.loc 1 132 0
 555              	@ 132 "C:/Users/b01252/Documents/Freescale/L4K/software/kinetis_kl46_sc/src/projects/FRDMKL46_Demo/
 556 0022 C046     		NOP
 557              	@ 0 "" 2
 558              		.code	16
 559              	.L24:
 135:C:/Users/b01252/Documents/Freescale/L4K/software/kinetis_kl46_sc/src/projects/FRDMKL46_Demo/tsi\TSIDrv.c ****          if(gu16Delta[1] > gu16Threshold[1])
 560              		.loc 1 135 0
 561 0024 044B     		ldr	r3, .L27+4
 562 0026 5A88     		ldrh	r2, [r3, #2]
 563 0028 044B     		ldr	r3, .L27+8
 564 002a 5B88     		ldrh	r3, [r3, #2]
 565 002c 9A42     		cmp	r2, r3
 566 002e EAD9     		bls	.L26
 136:C:/Users/b01252/Documents/Freescale/L4K/software/kinetis_kl46_sc/src/projects/FRDMKL46_Demo/tsi\TSIDrv.c ****            asm ("NOP"); // Toggle LED2
 567              		.loc 1 136 0
 568              	@ 136 "C:/Users/b01252/Documents/Freescale/L4K/software/kinetis_kl46_sc/src/projects/FRDMKL46_Demo/
 569 0030 C046     		NOP
 570              	@ 0 "" 2
 571              		.loc 1 138 0
 572              		.code	16
 573 0032 E8E7     		b	.L26
 574              	.L28:
 575              		.align	2
 576              	.L27:
 577 0034 00000000 		.word	end_flag
 578 0038 00000000 		.word	gu16Delta
 579 003c 00000000 		.word	gu16Threshold
 580              		.cfi_endproc
 581              	.LFE3:
 583              		.section	.rodata
 584              		.align	2
 585              	.LC15:
 586 0000 20506572 		.ascii	" Percentage = %d %           Distance = %d mm      "
 586      63656E74 
 586      61676520 
 586      3D202564 
 586      20252020 
 587 0033 20202020 		.ascii	"    \015\000"
 587      0D00
 588              		.global	__aeabi_idiv
 589 0039 000000   		.section	.text.TSI_SliderApp,"ax",%progbits
 590              		.align	2
 591              		.global	TSI_SliderApp
 592              		.code	16
 593              		.thumb_func
 595              	TSI_SliderApp:
 596              	.LFB4:
 139:C:/Users/b01252/Documents/Freescale/L4K/software/kinetis_kl46_sc/src/projects/FRDMKL46_Demo/tsi\TSIDrv.c **** }
 140:C:/Users/b01252/Documents/Freescale/L4K/software/kinetis_kl46_sc/src/projects/FRDMKL46_Demo/tsi\TSIDrv.c **** 
 141:C:/Users/b01252/Documents/Freescale/L4K/software/kinetis_kl46_sc/src/projects/FRDMKL46_Demo/tsi\TSIDrv.c **** 
 142:C:/Users/b01252/Documents/Freescale/L4K/software/kinetis_kl46_sc/src/projects/FRDMKL46_Demo/tsi\TSIDrv.c **** void TSI_SliderApp (void)
 143:C:/Users/b01252/Documents/Freescale/L4K/software/kinetis_kl46_sc/src/projects/FRDMKL46_Demo/tsi\TSIDrv.c **** {
 597              		.loc 1 143 0
 598              		.cfi_startproc
 599 0000 80B5     		push	{r7, lr}
 600              	.LCFI10:
 601              		.cfi_def_cfa_offset 8
 602              		.cfi_offset 7, -8
 603              		.cfi_offset 14, -4
 604 0002 00AF     		add	r7, sp, #0
 605              	.LCFI11:
 606              		.cfi_def_cfa_register 7
 607 0004 00E0     		b	.L35
 608              	.L36:
 144:C:/Users/b01252/Documents/Freescale/L4K/software/kinetis_kl46_sc/src/projects/FRDMKL46_Demo/tsi\TSIDrv.c ****   while(1)
 145:C:/Users/b01252/Documents/Freescale/L4K/software/kinetis_kl46_sc/src/projects/FRDMKL46_Demo/tsi\TSIDrv.c ****   {
 146:C:/Users/b01252/Documents/Freescale/L4K/software/kinetis_kl46_sc/src/projects/FRDMKL46_Demo/tsi\TSIDrv.c **** 
 147:C:/Users/b01252/Documents/Freescale/L4K/software/kinetis_kl46_sc/src/projects/FRDMKL46_Demo/tsi\TSIDrv.c ****       if(end_flag)
 148:C:/Users/b01252/Documents/Freescale/L4K/software/kinetis_kl46_sc/src/projects/FRDMKL46_Demo/tsi\TSIDrv.c ****       {    
 149:C:/Users/b01252/Documents/Freescale/L4K/software/kinetis_kl46_sc/src/projects/FRDMKL46_Demo/tsi\TSIDrv.c ****         printf(" Percentage = %d %           Distance = %d mm          \r", AbsolutePercentegePosit
 150:C:/Users/b01252/Documents/Freescale/L4K/software/kinetis_kl46_sc/src/projects/FRDMKL46_Demo/tsi\TSIDrv.c ****         
 151:C:/Users/b01252/Documents/Freescale/L4K/software/kinetis_kl46_sc/src/projects/FRDMKL46_Demo/tsi\TSIDrv.c ****         end_flag = FALSE;
 152:C:/Users/b01252/Documents/Freescale/L4K/software/kinetis_kl46_sc/src/projects/FRDMKL46_Demo/tsi\TSIDrv.c ****          
 153:C:/Users/b01252/Documents/Freescale/L4K/software/kinetis_kl46_sc/src/projects/FRDMKL46_Demo/tsi\TSIDrv.c ****          
 154:C:/Users/b01252/Documents/Freescale/L4K/software/kinetis_kl46_sc/src/projects/FRDMKL46_Demo/tsi\TSIDrv.c ****          if((gu16Delta[0] > gu16Threshold[0])||(gu16Delta[1] > gu16Threshold[1]))
 155:C:/Users/b01252/Documents/Freescale/L4K/software/kinetis_kl46_sc/src/projects/FRDMKL46_Demo/tsi\TSIDrv.c ****          {
 156:C:/Users/b01252/Documents/Freescale/L4K/software/kinetis_kl46_sc/src/projects/FRDMKL46_Demo/tsi\TSIDrv.c ****            SliderPercentegePosition[0] = (gu16Delta[0]*100)/(gu16Delta[0]+gu16Delta[1]);
 157:C:/Users/b01252/Documents/Freescale/L4K/software/kinetis_kl46_sc/src/projects/FRDMKL46_Demo/tsi\TSIDrv.c ****            
 158:C:/Users/b01252/Documents/Freescale/L4K/software/kinetis_kl46_sc/src/projects/FRDMKL46_Demo/tsi\TSIDrv.c ****            SliderPercentegePosition[1] = (gu16Delta[1]*100)/(gu16Delta[0]+gu16Delta[1]);
 159:C:/Users/b01252/Documents/Freescale/L4K/software/kinetis_kl46_sc/src/projects/FRDMKL46_Demo/tsi\TSIDrv.c ****            
 160:C:/Users/b01252/Documents/Freescale/L4K/software/kinetis_kl46_sc/src/projects/FRDMKL46_Demo/tsi\TSIDrv.c ****            SliderDistancePosition[0] = (SliderPercentegePosition[0]* SLIDER_LENGTH)/100;
 161:C:/Users/b01252/Documents/Freescale/L4K/software/kinetis_kl46_sc/src/projects/FRDMKL46_Demo/tsi\TSIDrv.c ****              
 162:C:/Users/b01252/Documents/Freescale/L4K/software/kinetis_kl46_sc/src/projects/FRDMKL46_Demo/tsi\TSIDrv.c ****            SliderDistancePosition[1] = (SliderPercentegePosition[1]* SLIDER_LENGTH)/100;
 163:C:/Users/b01252/Documents/Freescale/L4K/software/kinetis_kl46_sc/src/projects/FRDMKL46_Demo/tsi\TSIDrv.c ****            
 164:C:/Users/b01252/Documents/Freescale/L4K/software/kinetis_kl46_sc/src/projects/FRDMKL46_Demo/tsi\TSIDrv.c ****           AbsolutePercentegePosition = ((100 - SliderPercentegePosition[0]) + SliderPercentegePosit
 165:C:/Users/b01252/Documents/Freescale/L4K/software/kinetis_kl46_sc/src/projects/FRDMKL46_Demo/tsi\TSIDrv.c ****           AbsoluteDistancePosition = ((SLIDER_LENGTH - SliderDistancePosition[0]) + SliderDistanceP
 166:C:/Users/b01252/Documents/Freescale/L4K/software/kinetis_kl46_sc/src/projects/FRDMKL46_Demo/tsi\TSIDrv.c ****            
 167:C:/Users/b01252/Documents/Freescale/L4K/software/kinetis_kl46_sc/src/projects/FRDMKL46_Demo/tsi\TSIDrv.c ****          }else
 168:C:/Users/b01252/Documents/Freescale/L4K/software/kinetis_kl46_sc/src/projects/FRDMKL46_Demo/tsi\TSIDrv.c ****          {
 169:C:/Users/b01252/Documents/Freescale/L4K/software/kinetis_kl46_sc/src/projects/FRDMKL46_Demo/tsi\TSIDrv.c ****             SliderPercentegePosition[0] = NO_TOUCH;  
 170:C:/Users/b01252/Documents/Freescale/L4K/software/kinetis_kl46_sc/src/projects/FRDMKL46_Demo/tsi\TSIDrv.c ****             SliderPercentegePosition[1] = NO_TOUCH; 
 171:C:/Users/b01252/Documents/Freescale/L4K/software/kinetis_kl46_sc/src/projects/FRDMKL46_Demo/tsi\TSIDrv.c ****             SliderDistancePosition[0] = NO_TOUCH; 
 172:C:/Users/b01252/Documents/Freescale/L4K/software/kinetis_kl46_sc/src/projects/FRDMKL46_Demo/tsi\TSIDrv.c ****             SliderDistancePosition[1] = NO_TOUCH; 
 173:C:/Users/b01252/Documents/Freescale/L4K/software/kinetis_kl46_sc/src/projects/FRDMKL46_Demo/tsi\TSIDrv.c ****             AbsolutePercentegePosition = NO_TOUCH; 
 174:C:/Users/b01252/Documents/Freescale/L4K/software/kinetis_kl46_sc/src/projects/FRDMKL46_Demo/tsi\TSIDrv.c ****             AbsoluteDistancePosition = NO_TOUCH; 
 175:C:/Users/b01252/Documents/Freescale/L4K/software/kinetis_kl46_sc/src/projects/FRDMKL46_Demo/tsi\TSIDrv.c ****          }
 176:C:/Users/b01252/Documents/Freescale/L4K/software/kinetis_kl46_sc/src/projects/FRDMKL46_Demo/tsi\TSIDrv.c ****          
 177:C:/Users/b01252/Documents/Freescale/L4K/software/kinetis_kl46_sc/src/projects/FRDMKL46_Demo/tsi\TSIDrv.c ****       }
 178:C:/Users/b01252/Documents/Freescale/L4K/software/kinetis_kl46_sc/src/projects/FRDMKL46_Demo/tsi\TSIDrv.c ****     
 179:C:/Users/b01252/Documents/Freescale/L4K/software/kinetis_kl46_sc/src/projects/FRDMKL46_Demo/tsi\TSIDrv.c ****   } 
 609              		.loc 1 179 0
 610 0006 C046     		mov	r8, r8
 611              	.L35:
 147:C:/Users/b01252/Documents/Freescale/L4K/software/kinetis_kl46_sc/src/projects/FRDMKL46_Demo/tsi\TSIDrv.c ****       if(end_flag)
 612              		.loc 1 147 0
 613 0008 474B     		ldr	r3, .L37
 614 000a 1B78     		ldrb	r3, [r3]
 615 000c 002B     		cmp	r3, #0
 616 000e FAD0     		beq	.L36
 149:C:/Users/b01252/Documents/Freescale/L4K/software/kinetis_kl46_sc/src/projects/FRDMKL46_Demo/tsi\TSIDrv.c ****         printf(" Percentage = %d %           Distance = %d mm          \r", AbsolutePercentegePosit
 617              		.loc 1 149 0
 618 0010 464B     		ldr	r3, .L37+4
 619 0012 1B78     		ldrb	r3, [r3]
 620 0014 1A1C     		mov	r2, r3
 621 0016 464B     		ldr	r3, .L37+8
 622 0018 1B78     		ldrb	r3, [r3]
 623 001a 4649     		ldr	r1, .L37+12
 624 001c 081C     		mov	r0, r1
 625 001e 111C     		mov	r1, r2
 626 0020 1A1C     		mov	r2, r3
 627 0022 FFF7FEFF 		bl	printf
 151:C:/Users/b01252/Documents/Freescale/L4K/software/kinetis_kl46_sc/src/projects/FRDMKL46_Demo/tsi\TSIDrv.c ****         end_flag = FALSE;
 628              		.loc 1 151 0
 629 0026 404B     		ldr	r3, .L37
 630 0028 0022     		mov	r2, #0
 631 002a 1A70     		strb	r2, [r3]
 154:C:/Users/b01252/Documents/Freescale/L4K/software/kinetis_kl46_sc/src/projects/FRDMKL46_Demo/tsi\TSIDrv.c ****          if((gu16Delta[0] > gu16Threshold[0])||(gu16Delta[1] > gu16Threshold[1]))
 632              		.loc 1 154 0
 633 002c 424B     		ldr	r3, .L37+16
 634 002e 1A88     		ldrh	r2, [r3]
 635 0030 424B     		ldr	r3, .L37+20
 636 0032 1B88     		ldrh	r3, [r3]
 637 0034 9A42     		cmp	r2, r3
 638 0036 05D8     		bhi	.L31
 154:C:/Users/b01252/Documents/Freescale/L4K/software/kinetis_kl46_sc/src/projects/FRDMKL46_Demo/tsi\TSIDrv.c ****          if((gu16Delta[0] > gu16Threshold[0])||(gu16Delta[1] > gu16Threshold[1]))
 639              		.loc 1 154 0 is_stmt 0
 640 0038 3F4B     		ldr	r3, .L37+16
 641 003a 5A88     		ldrh	r2, [r3, #2]
 642 003c 3F4B     		ldr	r3, .L37+20
 643 003e 5B88     		ldrh	r3, [r3, #2]
 644 0040 9A42     		cmp	r2, r3
 645 0042 5ED9     		bls	.L32
 646              	.L31:
 156:C:/Users/b01252/Documents/Freescale/L4K/software/kinetis_kl46_sc/src/projects/FRDMKL46_Demo/tsi\TSIDrv.c ****            SliderPercentegePosition[0] = (gu16Delta[0]*100)/(gu16Delta[0]+gu16Delta[1]);
 647              		.loc 1 156 0 is_stmt 1
 648 0044 3C4B     		ldr	r3, .L37+16
 649 0046 1B88     		ldrh	r3, [r3]
 650 0048 6422     		mov	r2, #100
 651 004a 5A43     		mul	r2, r3
 652 004c 3A4B     		ldr	r3, .L37+16
 653 004e 1B88     		ldrh	r3, [r3]
 654 0050 191C     		mov	r1, r3
 655 0052 394B     		ldr	r3, .L37+16
 656 0054 5B88     		ldrh	r3, [r3, #2]
 657 0056 CB18     		add	r3, r1, r3
 658 0058 101C     		mov	r0, r2
 659 005a 191C     		mov	r1, r3
 660 005c FFF7FEFF 		bl	__aeabi_idiv
 661 0060 031C     		mov	r3, r0
 662 0062 DAB2     		uxtb	r2, r3
 663 0064 364B     		ldr	r3, .L37+24
 664 0066 1A70     		strb	r2, [r3]
 158:C:/Users/b01252/Documents/Freescale/L4K/software/kinetis_kl46_sc/src/projects/FRDMKL46_Demo/tsi\TSIDrv.c ****            SliderPercentegePosition[1] = (gu16Delta[1]*100)/(gu16Delta[0]+gu16Delta[1]);
 665              		.loc 1 158 0
 666 0068 334B     		ldr	r3, .L37+16
 667 006a 5B88     		ldrh	r3, [r3, #2]
 668 006c 6422     		mov	r2, #100
 669 006e 5A43     		mul	r2, r3
 670 0070 314B     		ldr	r3, .L37+16
 671 0072 1B88     		ldrh	r3, [r3]
 672 0074 191C     		mov	r1, r3
 673 0076 304B     		ldr	r3, .L37+16
 674 0078 5B88     		ldrh	r3, [r3, #2]
 675 007a CB18     		add	r3, r1, r3
 676 007c 101C     		mov	r0, r2
 677 007e 191C     		mov	r1, r3
 678 0080 FFF7FEFF 		bl	__aeabi_idiv
 679 0084 031C     		mov	r3, r0
 680 0086 DAB2     		uxtb	r2, r3
 681 0088 2D4B     		ldr	r3, .L37+24
 682 008a 5A70     		strb	r2, [r3, #1]
 160:C:/Users/b01252/Documents/Freescale/L4K/software/kinetis_kl46_sc/src/projects/FRDMKL46_Demo/tsi\TSIDrv.c ****            SliderDistancePosition[0] = (SliderPercentegePosition[0]* SLIDER_LENGTH)/100;
 683              		.loc 1 160 0
 684 008c 2C4B     		ldr	r3, .L37+24
 685 008e 1B78     		ldrb	r3, [r3]
 686 0090 1A1C     		mov	r2, r3
 687 0092 131C     		mov	r3, r2
 688 0094 9B00     		lsl	r3, r3, #2
 689 0096 9B18     		add	r3, r3, r2
 690 0098 DB00     		lsl	r3, r3, #3
 691 009a 181C     		mov	r0, r3
 692 009c 6421     		mov	r1, #100
 693 009e FFF7FEFF 		bl	__aeabi_idiv
 694 00a2 031C     		mov	r3, r0
 695 00a4 DAB2     		uxtb	r2, r3
 696 00a6 274B     		ldr	r3, .L37+28
 697 00a8 1A70     		strb	r2, [r3]
 162:C:/Users/b01252/Documents/Freescale/L4K/software/kinetis_kl46_sc/src/projects/FRDMKL46_Demo/tsi\TSIDrv.c ****            SliderDistancePosition[1] = (SliderPercentegePosition[1]* SLIDER_LENGTH)/100;
 698              		.loc 1 162 0
 699 00aa 254B     		ldr	r3, .L37+24
 700 00ac 5B78     		ldrb	r3, [r3, #1]
 701 00ae 1A1C     		mov	r2, r3
 702 00b0 131C     		mov	r3, r2
 703 00b2 9B00     		lsl	r3, r3, #2
 704 00b4 9B18     		add	r3, r3, r2
 705 00b6 DB00     		lsl	r3, r3, #3
 706 00b8 181C     		mov	r0, r3
 707 00ba 6421     		mov	r1, #100
 708 00bc FFF7FEFF 		bl	__aeabi_idiv
 709 00c0 031C     		mov	r3, r0
 710 00c2 DAB2     		uxtb	r2, r3
 711 00c4 1F4B     		ldr	r3, .L37+28
 712 00c6 5A70     		strb	r2, [r3, #1]
 164:C:/Users/b01252/Documents/Freescale/L4K/software/kinetis_kl46_sc/src/projects/FRDMKL46_Demo/tsi\TSIDrv.c ****           AbsolutePercentegePosition = ((100 - SliderPercentegePosition[0]) + SliderPercentegePosit
 713              		.loc 1 164 0
 714 00c8 1D4B     		ldr	r3, .L37+24
 715 00ca 1B78     		ldrb	r3, [r3]
 716 00cc 6422     		mov	r2, #100
 717 00ce D21A     		sub	r2, r2, r3
 718 00d0 1B4B     		ldr	r3, .L37+24
 719 00d2 5B78     		ldrb	r3, [r3, #1]
 720 00d4 D318     		add	r3, r2, r3
 721 00d6 002B     		cmp	r3, #0
 722 00d8 00DA     		bge	.L33
 723 00da 0133     		add	r3, r3, #1
 724              	.L33:
 725 00dc 5B10     		asr	r3, r3, #1
 726 00de DAB2     		uxtb	r2, r3
 727 00e0 124B     		ldr	r3, .L37+4
 728 00e2 1A70     		strb	r2, [r3]
 165:C:/Users/b01252/Documents/Freescale/L4K/software/kinetis_kl46_sc/src/projects/FRDMKL46_Demo/tsi\TSIDrv.c ****           AbsoluteDistancePosition = ((SLIDER_LENGTH - SliderDistancePosition[0]) + SliderDistanceP
 729              		.loc 1 165 0
 730 00e4 174B     		ldr	r3, .L37+28
 731 00e6 1B78     		ldrb	r3, [r3]
 732 00e8 2822     		mov	r2, #40
 733 00ea D21A     		sub	r2, r2, r3
 734 00ec 154B     		ldr	r3, .L37+28
 735 00ee 5B78     		ldrb	r3, [r3, #1]
 736 00f0 D318     		add	r3, r2, r3
 737 00f2 002B     		cmp	r3, #0
 738 00f4 00DA     		bge	.L34
 739 00f6 0133     		add	r3, r3, #1
 740              	.L34:
 741 00f8 5B10     		asr	r3, r3, #1
 742 00fa DAB2     		uxtb	r2, r3
 743 00fc 0C4B     		ldr	r3, .L37+8
 744 00fe 1A70     		strb	r2, [r3]
 745              		.loc 1 179 0
 746 0100 81E7     		b	.L36
 747              	.L32:
 169:C:/Users/b01252/Documents/Freescale/L4K/software/kinetis_kl46_sc/src/projects/FRDMKL46_Demo/tsi\TSIDrv.c ****             SliderPercentegePosition[0] = NO_TOUCH;  
 748              		.loc 1 169 0
 749 0102 0F4B     		ldr	r3, .L37+24
 750 0104 0022     		mov	r2, #0
 751 0106 1A70     		strb	r2, [r3]
 170:C:/Users/b01252/Documents/Freescale/L4K/software/kinetis_kl46_sc/src/projects/FRDMKL46_Demo/tsi\TSIDrv.c ****             SliderPercentegePosition[1] = NO_TOUCH; 
 752              		.loc 1 170 0
 753 0108 0D4B     		ldr	r3, .L37+24
 754 010a 0022     		mov	r2, #0
 755 010c 5A70     		strb	r2, [r3, #1]
 171:C:/Users/b01252/Documents/Freescale/L4K/software/kinetis_kl46_sc/src/projects/FRDMKL46_Demo/tsi\TSIDrv.c ****             SliderDistancePosition[0] = NO_TOUCH; 
 756              		.loc 1 171 0
 757 010e 0D4B     		ldr	r3, .L37+28
 758 0110 0022     		mov	r2, #0
 759 0112 1A70     		strb	r2, [r3]
 172:C:/Users/b01252/Documents/Freescale/L4K/software/kinetis_kl46_sc/src/projects/FRDMKL46_Demo/tsi\TSIDrv.c ****             SliderDistancePosition[1] = NO_TOUCH; 
 760              		.loc 1 172 0
 761 0114 0B4B     		ldr	r3, .L37+28
 762 0116 0022     		mov	r2, #0
 763 0118 5A70     		strb	r2, [r3, #1]
 173:C:/Users/b01252/Documents/Freescale/L4K/software/kinetis_kl46_sc/src/projects/FRDMKL46_Demo/tsi\TSIDrv.c ****             AbsolutePercentegePosition = NO_TOUCH; 
 764              		.loc 1 173 0
 765 011a 044B     		ldr	r3, .L37+4
 766 011c 0022     		mov	r2, #0
 767 011e 1A70     		strb	r2, [r3]
 174:C:/Users/b01252/Documents/Freescale/L4K/software/kinetis_kl46_sc/src/projects/FRDMKL46_Demo/tsi\TSIDrv.c ****             AbsoluteDistancePosition = NO_TOUCH; 
 768              		.loc 1 174 0
 769 0120 034B     		ldr	r3, .L37+8
 770 0122 0022     		mov	r2, #0
 771 0124 1A70     		strb	r2, [r3]
 772              		.loc 1 179 0
 773 0126 6EE7     		b	.L36
 774              	.L38:
 775              		.align	2
 776              	.L37:
 777 0128 00000000 		.word	end_flag
 778 012c 00000000 		.word	AbsolutePercentegePosition
 779 0130 00000000 		.word	AbsoluteDistancePosition
 780 0134 00000000 		.word	.LC15
 781 0138 00000000 		.word	gu16Delta
 782 013c 00000000 		.word	gu16Threshold
 783 0140 00000000 		.word	SliderPercentegePosition
 784 0144 00000000 		.word	SliderDistancePosition
 785              		.cfi_endproc
 786              	.LFE4:
 788              		.section	.text.TSI_SliderRead,"ax",%progbits
 789              		.align	2
 790              		.global	TSI_SliderRead
 791              		.code	16
 792              		.thumb_func
 794              	TSI_SliderRead:
 795              	.LFB5:
 180:C:/Users/b01252/Documents/Freescale/L4K/software/kinetis_kl46_sc/src/projects/FRDMKL46_Demo/tsi\TSIDrv.c **** }
 181:C:/Users/b01252/Documents/Freescale/L4K/software/kinetis_kl46_sc/src/projects/FRDMKL46_Demo/tsi\TSIDrv.c **** 
 182:C:/Users/b01252/Documents/Freescale/L4K/software/kinetis_kl46_sc/src/projects/FRDMKL46_Demo/tsi\TSIDrv.c **** /*
 183:C:/Users/b01252/Documents/Freescale/L4K/software/kinetis_kl46_sc/src/projects/FRDMKL46_Demo/tsi\TSIDrv.c ****  TSI_Sliderread
 184:C:/Users/b01252/Documents/Freescale/L4K/software/kinetis_kl46_sc/src/projects/FRDMKL46_Demo/tsi\TSIDrv.c ****    return  AbsolutePercentegePosition  0-100  or if not 
 185:C:/Users/b01252/Documents/Freescale/L4K/software/kinetis_kl46_sc/src/projects/FRDMKL46_Demo/tsi\TSIDrv.c ****           AbsoluteDistancePosition
 186:C:/Users/b01252/Documents/Freescale/L4K/software/kinetis_kl46_sc/src/projects/FRDMKL46_Demo/tsi\TSIDrv.c **** 
 187:C:/Users/b01252/Documents/Freescale/L4K/software/kinetis_kl46_sc/src/projects/FRDMKL46_Demo/tsi\TSIDrv.c **** */
 188:C:/Users/b01252/Documents/Freescale/L4K/software/kinetis_kl46_sc/src/projects/FRDMKL46_Demo/tsi\TSIDrv.c **** 
 189:C:/Users/b01252/Documents/Freescale/L4K/software/kinetis_kl46_sc/src/projects/FRDMKL46_Demo/tsi\TSIDrv.c **** void TSI_SliderRead(void )
 190:C:/Users/b01252/Documents/Freescale/L4K/software/kinetis_kl46_sc/src/projects/FRDMKL46_Demo/tsi\TSIDrv.c **** {
 796              		.loc 1 190 0
 797              		.cfi_startproc
 798 0000 80B5     		push	{r7, lr}
 799              	.LCFI12:
 800              		.cfi_def_cfa_offset 8
 801              		.cfi_offset 7, -8
 802              		.cfi_offset 14, -4
 803 0002 00AF     		add	r7, sp, #0
 804              	.LCFI13:
 805              		.cfi_def_cfa_register 7
 191:C:/Users/b01252/Documents/Freescale/L4K/software/kinetis_kl46_sc/src/projects/FRDMKL46_Demo/tsi\TSIDrv.c ****      if(end_flag)
 806              		.loc 1 191 0
 807 0004 434B     		ldr	r3, .L45
 808 0006 1B78     		ldrb	r3, [r3]
 809 0008 002B     		cmp	r3, #0
 810 000a 00D1     		bne	.LCB628
 811 000c 7FE0     		b	.L39	@long jump
 812              	.LCB628:
 192:C:/Users/b01252/Documents/Freescale/L4K/software/kinetis_kl46_sc/src/projects/FRDMKL46_Demo/tsi\TSIDrv.c ****       {    
 193:C:/Users/b01252/Documents/Freescale/L4K/software/kinetis_kl46_sc/src/projects/FRDMKL46_Demo/tsi\TSIDrv.c ****        // printf(" Percentage = %d %           Distance = %d mm          \r", AbsolutePercentegePos
 194:C:/Users/b01252/Documents/Freescale/L4K/software/kinetis_kl46_sc/src/projects/FRDMKL46_Demo/tsi\TSIDrv.c ****         end_flag = FALSE;
 813              		.loc 1 194 0
 814 000e 414B     		ldr	r3, .L45
 815 0010 0022     		mov	r2, #0
 816 0012 1A70     		strb	r2, [r3]
 195:C:/Users/b01252/Documents/Freescale/L4K/software/kinetis_kl46_sc/src/projects/FRDMKL46_Demo/tsi\TSIDrv.c **** 
 196:C:/Users/b01252/Documents/Freescale/L4K/software/kinetis_kl46_sc/src/projects/FRDMKL46_Demo/tsi\TSIDrv.c ****         if((gu16Delta[0] > gu16Threshold[0])||(gu16Delta[1] > gu16Threshold[1]))
 817              		.loc 1 196 0
 818 0014 404B     		ldr	r3, .L45+4
 819 0016 1A88     		ldrh	r2, [r3]
 820 0018 404B     		ldr	r3, .L45+8
 821 001a 1B88     		ldrh	r3, [r3]
 822 001c 9A42     		cmp	r2, r3
 823 001e 05D8     		bhi	.L41
 824              		.loc 1 196 0 is_stmt 0
 825 0020 3D4B     		ldr	r3, .L45+4
 826 0022 5A88     		ldrh	r2, [r3, #2]
 827 0024 3D4B     		ldr	r3, .L45+8
 828 0026 5B88     		ldrh	r3, [r3, #2]
 829 0028 9A42     		cmp	r2, r3
 830 002a 5ED9     		bls	.L42
 831              	.L41:
 197:C:/Users/b01252/Documents/Freescale/L4K/software/kinetis_kl46_sc/src/projects/FRDMKL46_Demo/tsi\TSIDrv.c ****          {
 198:C:/Users/b01252/Documents/Freescale/L4K/software/kinetis_kl46_sc/src/projects/FRDMKL46_Demo/tsi\TSIDrv.c ****            SliderPercentegePosition[0] = (gu16Delta[0]*100)/(gu16Delta[0]+gu16Delta[1]);
 832              		.loc 1 198 0 is_stmt 1
 833 002c 3A4B     		ldr	r3, .L45+4
 834 002e 1B88     		ldrh	r3, [r3]
 835 0030 6422     		mov	r2, #100
 836 0032 5A43     		mul	r2, r3
 837 0034 384B     		ldr	r3, .L45+4
 838 0036 1B88     		ldrh	r3, [r3]
 839 0038 191C     		mov	r1, r3
 840 003a 374B     		ldr	r3, .L45+4
 841 003c 5B88     		ldrh	r3, [r3, #2]
 842 003e CB18     		add	r3, r1, r3
 843 0040 101C     		mov	r0, r2
 844 0042 191C     		mov	r1, r3
 845 0044 FFF7FEFF 		bl	__aeabi_idiv
 846 0048 031C     		mov	r3, r0
 847 004a DAB2     		uxtb	r2, r3
 848 004c 344B     		ldr	r3, .L45+12
 849 004e 1A70     		strb	r2, [r3]
 199:C:/Users/b01252/Documents/Freescale/L4K/software/kinetis_kl46_sc/src/projects/FRDMKL46_Demo/tsi\TSIDrv.c ****            
 200:C:/Users/b01252/Documents/Freescale/L4K/software/kinetis_kl46_sc/src/projects/FRDMKL46_Demo/tsi\TSIDrv.c ****            SliderPercentegePosition[1] = (gu16Delta[1]*100)/(gu16Delta[0]+gu16Delta[1]);
 850              		.loc 1 200 0
 851 0050 314B     		ldr	r3, .L45+4
 852 0052 5B88     		ldrh	r3, [r3, #2]
 853 0054 6422     		mov	r2, #100
 854 0056 5A43     		mul	r2, r3
 855 0058 2F4B     		ldr	r3, .L45+4
 856 005a 1B88     		ldrh	r3, [r3]
 857 005c 191C     		mov	r1, r3
 858 005e 2E4B     		ldr	r3, .L45+4
 859 0060 5B88     		ldrh	r3, [r3, #2]
 860 0062 CB18     		add	r3, r1, r3
 861 0064 101C     		mov	r0, r2
 862 0066 191C     		mov	r1, r3
 863 0068 FFF7FEFF 		bl	__aeabi_idiv
 864 006c 031C     		mov	r3, r0
 865 006e DAB2     		uxtb	r2, r3
 866 0070 2B4B     		ldr	r3, .L45+12
 867 0072 5A70     		strb	r2, [r3, #1]
 201:C:/Users/b01252/Documents/Freescale/L4K/software/kinetis_kl46_sc/src/projects/FRDMKL46_Demo/tsi\TSIDrv.c ****            
 202:C:/Users/b01252/Documents/Freescale/L4K/software/kinetis_kl46_sc/src/projects/FRDMKL46_Demo/tsi\TSIDrv.c ****            SliderDistancePosition[0] = (SliderPercentegePosition[0]* SLIDER_LENGTH)/100;
 868              		.loc 1 202 0
 869 0074 2A4B     		ldr	r3, .L45+12
 870 0076 1B78     		ldrb	r3, [r3]
 871 0078 1A1C     		mov	r2, r3
 872 007a 131C     		mov	r3, r2
 873 007c 9B00     		lsl	r3, r3, #2
 874 007e 9B18     		add	r3, r3, r2
 875 0080 DB00     		lsl	r3, r3, #3
 876 0082 181C     		mov	r0, r3
 877 0084 6421     		mov	r1, #100
 878 0086 FFF7FEFF 		bl	__aeabi_idiv
 879 008a 031C     		mov	r3, r0
 880 008c DAB2     		uxtb	r2, r3
 881 008e 254B     		ldr	r3, .L45+16
 882 0090 1A70     		strb	r2, [r3]
 203:C:/Users/b01252/Documents/Freescale/L4K/software/kinetis_kl46_sc/src/projects/FRDMKL46_Demo/tsi\TSIDrv.c ****              
 204:C:/Users/b01252/Documents/Freescale/L4K/software/kinetis_kl46_sc/src/projects/FRDMKL46_Demo/tsi\TSIDrv.c ****            SliderDistancePosition[1] = (SliderPercentegePosition[1]* SLIDER_LENGTH)/100;
 883              		.loc 1 204 0
 884 0092 234B     		ldr	r3, .L45+12
 885 0094 5B78     		ldrb	r3, [r3, #1]
 886 0096 1A1C     		mov	r2, r3
 887 0098 131C     		mov	r3, r2
 888 009a 9B00     		lsl	r3, r3, #2
 889 009c 9B18     		add	r3, r3, r2
 890 009e DB00     		lsl	r3, r3, #3
 891 00a0 181C     		mov	r0, r3
 892 00a2 6421     		mov	r1, #100
 893 00a4 FFF7FEFF 		bl	__aeabi_idiv
 894 00a8 031C     		mov	r3, r0
 895 00aa DAB2     		uxtb	r2, r3
 896 00ac 1D4B     		ldr	r3, .L45+16
 897 00ae 5A70     		strb	r2, [r3, #1]
 205:C:/Users/b01252/Documents/Freescale/L4K/software/kinetis_kl46_sc/src/projects/FRDMKL46_Demo/tsi\TSIDrv.c ****            
 206:C:/Users/b01252/Documents/Freescale/L4K/software/kinetis_kl46_sc/src/projects/FRDMKL46_Demo/tsi\TSIDrv.c ****           AbsolutePercentegePosition = ((100 - SliderPercentegePosition[0]) + SliderPercentegePosit
 898              		.loc 1 206 0
 899 00b0 1B4B     		ldr	r3, .L45+12
 900 00b2 1B78     		ldrb	r3, [r3]
 901 00b4 6422     		mov	r2, #100
 902 00b6 D21A     		sub	r2, r2, r3
 903 00b8 194B     		ldr	r3, .L45+12
 904 00ba 5B78     		ldrb	r3, [r3, #1]
 905 00bc D318     		add	r3, r2, r3
 906 00be 002B     		cmp	r3, #0
 907 00c0 00DA     		bge	.L43
 908 00c2 0133     		add	r3, r3, #1
 909              	.L43:
 910 00c4 5B10     		asr	r3, r3, #1
 911 00c6 DAB2     		uxtb	r2, r3
 912 00c8 174B     		ldr	r3, .L45+20
 913 00ca 1A70     		strb	r2, [r3]
 207:C:/Users/b01252/Documents/Freescale/L4K/software/kinetis_kl46_sc/src/projects/FRDMKL46_Demo/tsi\TSIDrv.c ****           AbsoluteDistancePosition = ((SLIDER_LENGTH - SliderDistancePosition[0]) + SliderDistanceP
 914              		.loc 1 207 0
 915 00cc 154B     		ldr	r3, .L45+16
 916 00ce 1B78     		ldrb	r3, [r3]
 917 00d0 2822     		mov	r2, #40
 918 00d2 D21A     		sub	r2, r2, r3
 919 00d4 134B     		ldr	r3, .L45+16
 920 00d6 5B78     		ldrb	r3, [r3, #1]
 921 00d8 D318     		add	r3, r2, r3
 922 00da 002B     		cmp	r3, #0
 923 00dc 00DA     		bge	.L44
 924 00de 0133     		add	r3, r3, #1
 925              	.L44:
 926 00e0 5B10     		asr	r3, r3, #1
 927 00e2 DAB2     		uxtb	r2, r3
 928 00e4 114B     		ldr	r3, .L45+24
 929 00e6 1A70     		strb	r2, [r3]
 930 00e8 11E0     		b	.L39
 931              	.L42:
 208:C:/Users/b01252/Documents/Freescale/L4K/software/kinetis_kl46_sc/src/projects/FRDMKL46_Demo/tsi\TSIDrv.c ****            
 209:C:/Users/b01252/Documents/Freescale/L4K/software/kinetis_kl46_sc/src/projects/FRDMKL46_Demo/tsi\TSIDrv.c ****          }else
 210:C:/Users/b01252/Documents/Freescale/L4K/software/kinetis_kl46_sc/src/projects/FRDMKL46_Demo/tsi\TSIDrv.c ****          {
 211:C:/Users/b01252/Documents/Freescale/L4K/software/kinetis_kl46_sc/src/projects/FRDMKL46_Demo/tsi\TSIDrv.c ****             SliderPercentegePosition[0] = NO_TOUCH;  
 932              		.loc 1 211 0
 933 00ea 0D4B     		ldr	r3, .L45+12
 934 00ec 0022     		mov	r2, #0
 935 00ee 1A70     		strb	r2, [r3]
 212:C:/Users/b01252/Documents/Freescale/L4K/software/kinetis_kl46_sc/src/projects/FRDMKL46_Demo/tsi\TSIDrv.c ****             SliderPercentegePosition[1] = NO_TOUCH; 
 936              		.loc 1 212 0
 937 00f0 0B4B     		ldr	r3, .L45+12
 938 00f2 0022     		mov	r2, #0
 939 00f4 5A70     		strb	r2, [r3, #1]
 213:C:/Users/b01252/Documents/Freescale/L4K/software/kinetis_kl46_sc/src/projects/FRDMKL46_Demo/tsi\TSIDrv.c ****             SliderDistancePosition[0] = NO_TOUCH; 
 940              		.loc 1 213 0
 941 00f6 0B4B     		ldr	r3, .L45+16
 942 00f8 0022     		mov	r2, #0
 943 00fa 1A70     		strb	r2, [r3]
 214:C:/Users/b01252/Documents/Freescale/L4K/software/kinetis_kl46_sc/src/projects/FRDMKL46_Demo/tsi\TSIDrv.c ****             SliderDistancePosition[1] = NO_TOUCH; 
 944              		.loc 1 214 0
 945 00fc 094B     		ldr	r3, .L45+16
 946 00fe 0022     		mov	r2, #0
 947 0100 5A70     		strb	r2, [r3, #1]
 215:C:/Users/b01252/Documents/Freescale/L4K/software/kinetis_kl46_sc/src/projects/FRDMKL46_Demo/tsi\TSIDrv.c ****             AbsolutePercentegePosition = NO_TOUCH; 
 948              		.loc 1 215 0
 949 0102 094B     		ldr	r3, .L45+20
 950 0104 0022     		mov	r2, #0
 951 0106 1A70     		strb	r2, [r3]
 216:C:/Users/b01252/Documents/Freescale/L4K/software/kinetis_kl46_sc/src/projects/FRDMKL46_Demo/tsi\TSIDrv.c ****             AbsoluteDistancePosition = NO_TOUCH; 
 952              		.loc 1 216 0
 953 0108 084B     		ldr	r3, .L45+24
 954 010a 0022     		mov	r2, #0
 955 010c 1A70     		strb	r2, [r3]
 956              	.L39:
 217:C:/Users/b01252/Documents/Freescale/L4K/software/kinetis_kl46_sc/src/projects/FRDMKL46_Demo/tsi\TSIDrv.c ****          }
 218:C:/Users/b01252/Documents/Freescale/L4K/software/kinetis_kl46_sc/src/projects/FRDMKL46_Demo/tsi\TSIDrv.c ****       }
 219:C:/Users/b01252/Documents/Freescale/L4K/software/kinetis_kl46_sc/src/projects/FRDMKL46_Demo/tsi\TSIDrv.c ****  
 220:C:/Users/b01252/Documents/Freescale/L4K/software/kinetis_kl46_sc/src/projects/FRDMKL46_Demo/tsi\TSIDrv.c **** }
 957              		.loc 1 220 0
 958 010e BD46     		mov	sp, r7
 959              		@ sp needed for prologue
 960 0110 80BD     		pop	{r7, pc}
 961              	.L46:
 962 0112 C046     		.align	2
 963              	.L45:
 964 0114 00000000 		.word	end_flag
 965 0118 00000000 		.word	gu16Delta
 966 011c 00000000 		.word	gu16Threshold
 967 0120 00000000 		.word	SliderPercentegePosition
 968 0124 00000000 		.word	SliderDistancePosition
 969 0128 00000000 		.word	AbsolutePercentegePosition
 970 012c 00000000 		.word	AbsoluteDistancePosition
 971              		.cfi_endproc
 972              	.LFE5:
 974              		.section	.text.TSI_ISR,"ax",%progbits
 975              		.align	2
 976              		.global	TSI_ISR
 977              		.code	16
 978              		.thumb_func
 980              	TSI_ISR:
 981              	.LFB6:
 221:C:/Users/b01252/Documents/Freescale/L4K/software/kinetis_kl46_sc/src/projects/FRDMKL46_Demo/tsi\TSIDrv.c **** 
 222:C:/Users/b01252/Documents/Freescale/L4K/software/kinetis_kl46_sc/src/projects/FRDMKL46_Demo/tsi\TSIDrv.c **** 
 223:C:/Users/b01252/Documents/Freescale/L4K/software/kinetis_kl46_sc/src/projects/FRDMKL46_Demo/tsi\TSIDrv.c **** 
 224:C:/Users/b01252/Documents/Freescale/L4K/software/kinetis_kl46_sc/src/projects/FRDMKL46_Demo/tsi\TSIDrv.c **** void TSI_ISR(void)
 225:C:/Users/b01252/Documents/Freescale/L4K/software/kinetis_kl46_sc/src/projects/FRDMKL46_Demo/tsi\TSIDrv.c **** {
 982              		.loc 1 225 0
 983              		.cfi_startproc
 984 0000 80B5     		push	{r7, lr}
 985              	.LCFI14:
 986              		.cfi_def_cfa_offset 8
 987              		.cfi_offset 7, -8
 988              		.cfi_offset 14, -4
 989 0002 00AF     		add	r7, sp, #0
 990              	.LCFI15:
 991              		.cfi_def_cfa_register 7
 226:C:/Users/b01252/Documents/Freescale/L4K/software/kinetis_kl46_sc/src/projects/FRDMKL46_Demo/tsi\TSIDrv.c ****   end_flag = TRUE;
 992              		.loc 1 226 0
 993 0004 064B     		ldr	r3, .L48
 994 0006 0122     		mov	r2, #1
 995 0008 1A70     		strb	r2, [r3]
 227:C:/Users/b01252/Documents/Freescale/L4K/software/kinetis_kl46_sc/src/projects/FRDMKL46_Demo/tsi\TSIDrv.c ****   TSI0_GENCS |= TSI_GENCS_EOSF_MASK; // Clear End of Scan Flag
 996              		.loc 1 227 0
 997 000a 064B     		ldr	r3, .L48+4
 998 000c 054A     		ldr	r2, .L48+4
 999 000e 1268     		ldr	r2, [r2]
 1000 0010 0421     		mov	r1, #4
 1001 0012 0A43     		orr	r2, r1
 1002 0014 1A60     		str	r2, [r3]
 228:C:/Users/b01252/Documents/Freescale/L4K/software/kinetis_kl46_sc/src/projects/FRDMKL46_Demo/tsi\TSIDrv.c ****   change_electrode();
 1003              		.loc 1 228 0
 1004 0016 FFF7FEFF 		bl	change_electrode
 229:C:/Users/b01252/Documents/Freescale/L4K/software/kinetis_kl46_sc/src/projects/FRDMKL46_Demo/tsi\TSIDrv.c **** 
 230:C:/Users/b01252/Documents/Freescale/L4K/software/kinetis_kl46_sc/src/projects/FRDMKL46_Demo/tsi\TSIDrv.c **** }...
 1005              		.loc 1 230 0
 1006 001a BD46     		mov	sp, r7
 1007              		@ sp needed for prologue
 1008 001c 80BD     		pop	{r7, pc}
 1009              	.L49:
 1010 001e C046     		.align	2
 1011              	.L48:
 1012 0020 00000000 		.word	end_flag
 1013 0024 00500440 		.word	1074024448
 1014              		.cfi_endproc
 1015              	.LFE6:
 1017              		.text
 1018              	.Letext0:
 1019              		.file 2 "C:/Users/b01252/Documents/Freescale/L4K/software/kinetis_kl46_sc/src/cpu/arm_cm0.h"
 1020              		.file 3 "C:/Freescale/CW MCU v10.4/MCU/ARM_GCC_Support/ewl/EWL_C/include/cstdint"
 1021              		.file 4 "C:/Users/b01252/Documents/Freescale/L4K/software/kinetis_kl46_sc/src/cpu/headers/MKL46Z4.
DEFINED SYMBOLS
                            *ABS*:00000000 TSIDrv.c
C:\Users\b01252\AppData\Local\Temp\ccT3ThJB.s:21     .data.total_electrode:00000000 total_electrode
C:\Users\b01252\AppData\Local\Temp\ccT3ThJB.s:28     .data.elec_array:00000000 elec_array
C:\Users\b01252\AppData\Local\Temp\ccT3ThJB.s:25     .data.elec_array:00000000 $d
                            *COM*:00000020 gu16TSICount
                            *COM*:00000020 gu16Baseline
C:\Users\b01252\AppData\Local\Temp\ccT3ThJB.s:52     .data.gu16Threshold:00000000 gu16Threshold
C:\Users\b01252\AppData\Local\Temp\ccT3ThJB.s:49     .data.gu16Threshold:00000000 $d
                            *COM*:00000020 gu16Delta
                            *COM*:00000001 ongoing_elec
C:\Users\b01252\AppData\Local\Temp\ccT3ThJB.s:75     .data.end_flag:00000000 end_flag
C:\Users\b01252\AppData\Local\Temp\ccT3ThJB.s:82     .bss.SliderPercentegePosition:00000000 SliderPercentegePosition
C:\Users\b01252\AppData\Local\Temp\ccT3ThJB.s:79     .bss.SliderPercentegePosition:00000000 $d
C:\Users\b01252\AppData\Local\Temp\ccT3ThJB.s:89     .bss.SliderDistancePosition:00000000 SliderDistancePosition
C:\Users\b01252\AppData\Local\Temp\ccT3ThJB.s:86     .bss.SliderDistancePosition:00000000 $d
C:\Users\b01252\AppData\Local\Temp\ccT3ThJB.s:95     .bss.AbsolutePercentegePosition:00000000 AbsolutePercentegePosition
C:\Users\b01252\AppData\Local\Temp\ccT3ThJB.s:96     .bss.AbsolutePercentegePosition:00000000 $d
C:\Users\b01252\AppData\Local\Temp\ccT3ThJB.s:101    .bss.AbsoluteDistancePosition:00000000 AbsoluteDistancePosition
C:\Users\b01252\AppData\Local\Temp\ccT3ThJB.s:102    .bss.AbsoluteDistancePosition:00000000 $d
C:\Users\b01252\AppData\Local\Temp\ccT3ThJB.s:104    .text.TSI_SelfCalibration:00000000 $t
C:\Users\b01252\AppData\Local\Temp\ccT3ThJB.s:109    .text.TSI_SelfCalibration:00000000 TSI_SelfCalibration
C:\Users\b01252\AppData\Local\Temp\ccT3ThJB.s:303    .text.TSI_SelfCalibration:00000120 $d
C:\Users\b01252\AppData\Local\Temp\ccT3ThJB.s:311    .text.TSI_Init:00000000 $t
C:\Users\b01252\AppData\Local\Temp\ccT3ThJB.s:316    .text.TSI_Init:00000000 TSI_Init
C:\Users\b01252\AppData\Local\Temp\ccT3ThJB.s:371    .text.TSI_Init:00000048 $d
C:\Users\b01252\AppData\Local\Temp\ccT3ThJB.s:380    .text.change_electrode:00000000 $t
C:\Users\b01252\AppData\Local\Temp\ccT3ThJB.s:385    .text.change_electrode:00000000 change_electrode
C:\Users\b01252\AppData\Local\Temp\ccT3ThJB.s:505    .text.change_electrode:000000b0 $d
C:\Users\b01252\AppData\Local\Temp\ccT3ThJB.s:516    .text.TSI_SimpleApp:00000000 $t
C:\Users\b01252\AppData\Local\Temp\ccT3ThJB.s:521    .text.TSI_SimpleApp:00000000 TSI_SimpleApp
C:\Users\b01252\AppData\Local\Temp\ccT3ThJB.s:577    .text.TSI_SimpleApp:00000034 $d
C:\Users\b01252\AppData\Local\Temp\ccT3ThJB.s:584    .rodata:00000000 $d
C:\Users\b01252\AppData\Local\Temp\ccT3ThJB.s:590    .text.TSI_SliderApp:00000000 $t
C:\Users\b01252\AppData\Local\Temp\ccT3ThJB.s:595    .text.TSI_SliderApp:00000000 TSI_SliderApp
C:\Users\b01252\AppData\Local\Temp\ccT3ThJB.s:777    .text.TSI_SliderApp:00000128 $d
C:\Users\b01252\AppData\Local\Temp\ccT3ThJB.s:789    .text.TSI_SliderRead:00000000 $t
C:\Users\b01252\AppData\Local\Temp\ccT3ThJB.s:794    .text.TSI_SliderRead:00000000 TSI_SliderRead
C:\Users\b01252\AppData\Local\Temp\ccT3ThJB.s:964    .text.TSI_SliderRead:00000114 $d
C:\Users\b01252\AppData\Local\Temp\ccT3ThJB.s:975    .text.TSI_ISR:00000000 $t
C:\Users\b01252\AppData\Local\Temp\ccT3ThJB.s:980    .text.TSI_ISR:00000000 TSI_ISR
C:\Users\b01252\AppData\Local\Temp\ccT3ThJB.s:1012   .text.TSI_ISR:00000020 $d
                     .debug_frame:00000010 $d

UNDEFINED SYMBOLS
enable_irq
__aeabi_idiv
printf
