   1              		.cpu cortex-m0
   2              		.fpu softvfp
   3              		.eabi_attribute 20, 1
   4              		.eabi_attribute 21, 1
   5              		.eabi_attribute 23, 3
   6              		.eabi_attribute 24, 1
   7              		.eabi_attribute 25, 1
   8              		.eabi_attribute 26, 1
   9              		.eabi_attribute 30, 6
  10              		.eabi_attribute 34, 0
  11              		.eabi_attribute 18, 4
  12              		.code	16
  13              		.file	"nmi_isr_handler.c"
  14              		.text
  15              	.Ltext0:
  16              		.cfi_sections	.debug_frame
  17              		.section	.text.nmi_isr,"ax",%progbits
  18              		.align	2
  19              		.global	nmi_isr
  20              		.code	16
  21              		.thumb_func
  23              	nmi_isr:
  24              	.LFB0:
  25              		.file 1 "C:/Users/b01252/Documents/Freescale/L4K/software/kinetis_kl46_sc/src/cpu/nmi_isr_handler.
   1:C:/Users/b01252/Documents/Freescale/L4K/software/kinetis_kl46_sc/src/cpu\nmi_isr_handler.c **** /* File:         nmi_isr_handler.c
   2:C:/Users/b01252/Documents/Freescale/L4K/software/kinetis_kl46_sc/src/cpu\nmi_isr_handler.c ****  * Purpose:     Provides routines for handling nmi isr.
   3:C:/Users/b01252/Documents/Freescale/L4K/software/kinetis_kl46_sc/src/cpu\nmi_isr_handler.c ****  *
   4:C:/Users/b01252/Documents/Freescale/L4K/software/kinetis_kl46_sc/src/cpu\nmi_isr_handler.c ****  * Notes:	
   5:C:/Users/b01252/Documents/Freescale/L4K/software/kinetis_kl46_sc/src/cpu\nmi_isr_handler.c ****  *              
   6:C:/Users/b01252/Documents/Freescale/L4K/software/kinetis_kl46_sc/src/cpu\nmi_isr_handler.c ****  */
   7:C:/Users/b01252/Documents/Freescale/L4K/software/kinetis_kl46_sc/src/cpu\nmi_isr_handler.c **** void nmi_isr(void);
   8:C:/Users/b01252/Documents/Freescale/L4K/software/kinetis_kl46_sc/src/cpu\nmi_isr_handler.c **** 
   9:C:/Users/b01252/Documents/Freescale/L4K/software/kinetis_kl46_sc/src/cpu\nmi_isr_handler.c **** #include "common.h"
  10:C:/Users/b01252/Documents/Freescale/L4K/software/kinetis_kl46_sc/src/cpu\nmi_isr_handler.c **** #include "nmi_isr_handler.h"
  11:C:/Users/b01252/Documents/Freescale/L4K/software/kinetis_kl46_sc/src/cpu\nmi_isr_handler.c **** 
  12:C:/Users/b01252/Documents/Freescale/L4K/software/kinetis_kl46_sc/src/cpu\nmi_isr_handler.c **** #ifdef CMSIS
  13:C:/Users/b01252/Documents/Freescale/L4K/software/kinetis_kl46_sc/src/cpu\nmi_isr_handler.c **** void NMI_Handler(void)
  14:C:/Users/b01252/Documents/Freescale/L4K/software/kinetis_kl46_sc/src/cpu\nmi_isr_handler.c **** #else
  15:C:/Users/b01252/Documents/Freescale/L4K/software/kinetis_kl46_sc/src/cpu\nmi_isr_handler.c **** void nmi_isr(void)
  16:C:/Users/b01252/Documents/Freescale/L4K/software/kinetis_kl46_sc/src/cpu\nmi_isr_handler.c **** #endif
  17:C:/Users/b01252/Documents/Freescale/L4K/software/kinetis_kl46_sc/src/cpu\nmi_isr_handler.c **** {
  26              		.loc 1 17 0
  27              		.cfi_startproc
  28 0000 80B5     		push	{r7, lr}
  29              	.LCFI0:
  30              		.cfi_def_cfa_offset 8
  31              		.cfi_offset 7, -8
  32              		.cfi_offset 14, -4
  33 0002 82B0     		sub	sp, sp, #8
  34              	.LCFI1:
  35              		.cfi_def_cfa_offset 16
  36 0004 00AF     		add	r7, sp, #0
  37              	.LCFI2:
  38              		.cfi_def_cfa_register 7
  18:C:/Users/b01252/Documents/Freescale/L4K/software/kinetis_kl46_sc/src/cpu\nmi_isr_handler.c ****   int i;
  19:C:/Users/b01252/Documents/Freescale/L4K/software/kinetis_kl46_sc/src/cpu\nmi_isr_handler.c **** /*    issue with rev 0 silicon - if in CPO and NMI taken, exit CPO */
  20:C:/Users/b01252/Documents/Freescale/L4K/software/kinetis_kl46_sc/src/cpu\nmi_isr_handler.c ****   if(MCM_CPO & MCM_CPO_CPOACK_MASK){
  39              		.loc 1 20 0
  40 0006 134B     		ldr	r3, .L10
  41 0008 1A6C     		ldr	r2, [r3, #64]
  42 000a 0223     		mov	r3, #2
  43 000c 1340     		and	r3, r2
  44 000e 0CD0     		beq	.L2
  21:C:/Users/b01252/Documents/Freescale/L4K/software/kinetis_kl46_sc/src/cpu\nmi_isr_handler.c ****       MCM_CPO &= ~MCM_CPO_CPOREQ_MASK;
  45              		.loc 1 21 0
  46 0010 104B     		ldr	r3, .L10
  47 0012 104A     		ldr	r2, .L10
  48 0014 126C     		ldr	r2, [r2, #64]
  49 0016 0121     		mov	r1, #1
  50 0018 8A43     		bic	r2, r1
  51 001a 1A64     		str	r2, [r3, #64]
  22:C:/Users/b01252/Documents/Freescale/L4K/software/kinetis_kl46_sc/src/cpu\nmi_isr_handler.c ****       while (MCM_CPO & MCM_CPO_CPOACK_MASK);                
  52              		.loc 1 22 0
  53 001c C046     		mov	r8, r8
  54              	.L3:
  55              		.loc 1 22 0 is_stmt 0
  56 001e 0D4B     		ldr	r3, .L10
  57 0020 1A6C     		ldr	r2, [r3, #64]
  58 0022 0223     		mov	r3, #2
  59 0024 1340     		and	r3, r2
  60 0026 FAD1     		bne	.L3
  61              		.loc 1 22 0
  62 0028 10E0     		b	.L4
  63              	.L2:
  23:C:/Users/b01252/Documents/Freescale/L4K/software/kinetis_kl46_sc/src/cpu\nmi_isr_handler.c ****   } else 
  24:C:/Users/b01252/Documents/Freescale/L4K/software/kinetis_kl46_sc/src/cpu\nmi_isr_handler.c ****   for(i= 0;i<0x1ffff;i++){
  64              		.loc 1 24 0 is_stmt 1
  65 002a 0023     		mov	r3, #0
  66 002c 7B60     		str	r3, [r7, #4]
  67 002e 07E0     		b	.L5
  68              	.L7:
  25:C:/Users/b01252/Documents/Freescale/L4K/software/kinetis_kl46_sc/src/cpu\nmi_isr_handler.c ****      if ((FGPIOA_PDIR & 0x00000010) == 0x10)   // if pin returns high stop
  69              		.loc 1 25 0
  70 0030 094B     		ldr	r3, .L10+4
  71 0032 1A69     		ldr	r2, [r3, #16]
  72 0034 1023     		mov	r3, #16
  73 0036 1340     		and	r3, r2
  74 0038 07D1     		bne	.L9
  75              	.L6:
  24:C:/Users/b01252/Documents/Freescale/L4K/software/kinetis_kl46_sc/src/cpu\nmi_isr_handler.c ****   for(i= 0;i<0x1ffff;i++){
  76              		.loc 1 24 0
  77 003a 7B68     		ldr	r3, [r7, #4]
  78 003c 0133     		add	r3, r3, #1
  79 003e 7B60     		str	r3, [r7, #4]
  80              	.L5:
  24:C:/Users/b01252/Documents/Freescale/L4K/software/kinetis_kl46_sc/src/cpu\nmi_isr_handler.c ****   for(i= 0;i<0x1ffff;i++){
  81              		.loc 1 24 0 is_stmt 0
  82 0040 7A68     		ldr	r2, [r7, #4]
  83 0042 064B     		ldr	r3, .L10+8
  84 0044 9A42     		cmp	r2, r3
  85 0046 F3DD     		ble	.L7
  26:C:/Users/b01252/Documents/Freescale/L4K/software/kinetis_kl46_sc/src/cpu\nmi_isr_handler.c ****        break;  // debounce
  27:C:/Users/b01252/Documents/Freescale/L4K/software/kinetis_kl46_sc/src/cpu\nmi_isr_handler.c ****   }
  28:C:/Users/b01252/Documents/Freescale/L4K/software/kinetis_kl46_sc/src/cpu\nmi_isr_handler.c ****    return;  
  86              		.loc 1 28 0 is_stmt 1
  87 0048 01E0     		b	.L1
  88              	.L9:
  26:C:/Users/b01252/Documents/Freescale/L4K/software/kinetis_kl46_sc/src/cpu\nmi_isr_handler.c ****        break;  // debounce
  89              		.loc 1 26 0
  90 004a C046     		mov	r8, r8
  91              	.L4:
  92              		.loc 1 28 0
  93 004c C046     		mov	r8, r8
  94              	.L1:
  29:C:/Users/b01252/Documents/Freescale/L4K/software/kinetis_kl46_sc/src/cpu\nmi_isr_handler.c **** }
  95              		.loc 1 29 0
  96 004e BD46     		mov	sp, r7
  97 0050 02B0     		add	sp, sp, #8
  98              		@ sp needed for prologue
  99 0052 80BD     		pop	{r7, pc}
 100              	.L11:
 101              		.align	2
 102              	.L10:
 103 0054 003000F0 		.word	-268423168
 104 0058 00F00FF8 		.word	-133173248
 105 005c FEFF0100 		.word	131070
 106              		.cfi_endproc
 107              	.LFE0:
 109              		.section	.text.enable_NMI_button,"ax",%progbits
 110              		.align	2
 111              		.global	enable_NMI_button
 112              		.code	16
 113              		.thumb_func
 115              	enable_NMI_button:
 116              	.LFB1:
  30:C:/Users/b01252/Documents/Freescale/L4K/software/kinetis_kl46_sc/src/cpu\nmi_isr_handler.c **** 
  31:C:/Users/b01252/Documents/Freescale/L4K/software/kinetis_kl46_sc/src/cpu\nmi_isr_handler.c **** void enable_NMI_button(void)
  32:C:/Users/b01252/Documents/Freescale/L4K/software/kinetis_kl46_sc/src/cpu\nmi_isr_handler.c **** {
 117              		.loc 1 32 0
 118              		.cfi_startproc
 119 0000 80B5     		push	{r7, lr}
 120              	.LCFI3:
 121              		.cfi_def_cfa_offset 8
 122              		.cfi_offset 7, -8
 123              		.cfi_offset 14, -4
 124 0002 00AF     		add	r7, sp, #0
 125              	.LCFI4:
 126              		.cfi_def_cfa_register 7
  33:C:/Users/b01252/Documents/Freescale/L4K/software/kinetis_kl46_sc/src/cpu\nmi_isr_handler.c ****     /* Configure the PTA4 pin for its NMI function */
  34:C:/Users/b01252/Documents/Freescale/L4K/software/kinetis_kl46_sc/src/cpu\nmi_isr_handler.c ****   
  35:C:/Users/b01252/Documents/Freescale/L4K/software/kinetis_kl46_sc/src/cpu\nmi_isr_handler.c ****   PORTA_PCR4 =  PORT_PCR_PS_MASK |
 127              		.loc 1 35 0
 128 0004 024B     		ldr	r3, .L13
 129 0006 034A     		ldr	r2, .L13+4
 130 0008 1A61     		str	r2, [r3, #16]
  36:C:/Users/b01252/Documents/Freescale/L4K/software/kinetis_kl46_sc/src/cpu\nmi_isr_handler.c ****                 PORT_PCR_PE_MASK | 
  37:C:/Users/b01252/Documents/Freescale/L4K/software/kinetis_kl46_sc/src/cpu\nmi_isr_handler.c ****                 PORT_PCR_PFE_MASK |
  38:C:/Users/b01252/Documents/Freescale/L4K/software/kinetis_kl46_sc/src/cpu\nmi_isr_handler.c ****                 PORT_PCR_MUX(7); /* NMI Falling edge */    
  39:C:/Users/b01252/Documents/Freescale/L4K/software/kinetis_kl46_sc/src/cpu\nmi_isr_handler.c ****    // NMI is alt7 function for this pin
  40:C:/Users/b01252/Documents/Freescale/L4K/software/kinetis_kl46_sc/src/cpu\nmi_isr_handler.c ****     
  41:C:/Users/b01252/Documents/Freescale/L4K/software/kinetis_kl46_sc/src/cpu\nmi_isr_handler.c **** }
 131              		.loc 1 41 0
 132 000a BD46     		mov	sp, r7
 133              		@ sp needed for prologue
 134 000c 80BD     		pop	{r7, pc}
 135              	.L14:
 136 000e C046     		.align	2
 137              	.L13:
 138 0010 00900440 		.word	1074040832
 139 0014 13070000 		.word	1811
 140              		.cfi_endproc
 141              	.LFE1:
 143              		.text
 144              	.Letext0:
 145              		.file 2 "C:/Freescale/CW MCU v10.4/MCU/ARM_GCC_Support/ewl/EWL_C/include/cstdint"
 146              		.file 3 "C:/Users/b01252/Documents/Freescale/L4K/software/kinetis_kl46_sc/src/cpu/headers/MKL46Z4.
DEFINED SYMBOLS
                            *ABS*:00000000 nmi_isr_handler.c
C:\Users\b01252\AppData\Local\Temp\ccVY40ei.s:18     .text.nmi_isr:00000000 $t
C:\Users\b01252\AppData\Local\Temp\ccVY40ei.s:23     .text.nmi_isr:00000000 nmi_isr
C:\Users\b01252\AppData\Local\Temp\ccVY40ei.s:103    .text.nmi_isr:00000054 $d
C:\Users\b01252\AppData\Local\Temp\ccVY40ei.s:110    .text.enable_NMI_button:00000000 $t
C:\Users\b01252\AppData\Local\Temp\ccVY40ei.s:115    .text.enable_NMI_button:00000000 enable_NMI_button
C:\Users\b01252\AppData\Local\Temp\ccVY40ei.s:138    .text.enable_NMI_button:00000010 $d
                     .debug_frame:00000010 $d

NO UNDEFINED SYMBOLS
