   1              		.cpu cortex-m0
   2              		.fpu softvfp
   3              		.eabi_attribute 20, 1
   4              		.eabi_attribute 21, 1
   5              		.eabi_attribute 23, 3
   6              		.eabi_attribute 24, 1
   7              		.eabi_attribute 25, 1
   8              		.eabi_attribute 26, 1
   9              		.eabi_attribute 30, 6
  10              		.eabi_attribute 34, 0
  11              		.eabi_attribute 18, 4
  12              		.code	16
  13              		.file	"usb_cdc.c"
  14              		.text
  15              	.Ltext0:
  16              		.cfi_sections	.debug_frame
  17              		.comm	LineCoding,8,4
  18              		.global	u8CDCState
  19              		.section	.bss.u8CDCState,"aw",%nobits
  22              	u8CDCState:
  23 0000 00       		.space	1
  24              		.comm	CDC_OUT_Data,128,4
  25              		.section	.text.CDC_Init,"ax",%progbits
  26              		.align	2
  27              		.global	CDC_Init
  28              		.code	16
  29              		.thumb_func
  31              	CDC_Init:
  32              	.LFB0:
  33              		.file 1 "C:/Users/b01252/Documents/Freescale/L4K/software/kinetis_kl46_sc/src/projects/TWRKL46_Dem
   1:C:/Users/b01252/Documents/Freescale/L4K/software/kinetis_kl46_sc/src/projects/TWRKL46_Demo/usb\usb_cdc.c **** #include"usb_cdc.h"
   2:C:/Users/b01252/Documents/Freescale/L4K/software/kinetis_kl46_sc/src/projects/TWRKL46_Demo/usb\usb_cdc.c **** 
   3:C:/Users/b01252/Documents/Freescale/L4K/software/kinetis_kl46_sc/src/projects/TWRKL46_Demo/usb\usb_cdc.c **** 
   4:C:/Users/b01252/Documents/Freescale/L4K/software/kinetis_kl46_sc/src/projects/TWRKL46_Demo/usb\usb_cdc.c **** 
   5:C:/Users/b01252/Documents/Freescale/L4K/software/kinetis_kl46_sc/src/projects/TWRKL46_Demo/usb\usb_cdc.c **** /* CDC Global Structures */
   6:C:/Users/b01252/Documents/Freescale/L4K/software/kinetis_kl46_sc/src/projects/TWRKL46_Demo/usb\usb_cdc.c **** CDC_Line_Coding LineCoding;
   7:C:/Users/b01252/Documents/Freescale/L4K/software/kinetis_kl46_sc/src/projects/TWRKL46_Demo/usb\usb_cdc.c **** uint8 u8CDCState=WAITING_FOR_ENUMERATION;
   8:C:/Users/b01252/Documents/Freescale/L4K/software/kinetis_kl46_sc/src/projects/TWRKL46_Demo/usb\usb_cdc.c **** uint8 CDC_OUT_Data[CDC_BUFFER_SIZE];
   9:C:/Users/b01252/Documents/Freescale/L4K/software/kinetis_kl46_sc/src/projects/TWRKL46_Demo/usb\usb_cdc.c **** 
  10:C:/Users/b01252/Documents/Freescale/L4K/software/kinetis_kl46_sc/src/projects/TWRKL46_Demo/usb\usb_cdc.c **** 
  11:C:/Users/b01252/Documents/Freescale/L4K/software/kinetis_kl46_sc/src/projects/TWRKL46_Demo/usb\usb_cdc.c **** /* USB Variables & Flags */
  12:C:/Users/b01252/Documents/Freescale/L4K/software/kinetis_kl46_sc/src/projects/TWRKL46_Demo/usb\usb_cdc.c **** extern uint8 gu8USB_Flags; 
  13:C:/Users/b01252/Documents/Freescale/L4K/software/kinetis_kl46_sc/src/projects/TWRKL46_Demo/usb\usb_cdc.c **** extern uint8 gu8USB_State;              
  14:C:/Users/b01252/Documents/Freescale/L4K/software/kinetis_kl46_sc/src/projects/TWRKL46_Demo/usb\usb_cdc.c **** extern tUSB_Setup *Setup_Pkt;
  15:C:/Users/b01252/Documents/Freescale/L4K/software/kinetis_kl46_sc/src/projects/TWRKL46_Demo/usb\usb_cdc.c **** extern uint8 gu8EP2_IN_ODD_Buffer[];
  16:C:/Users/b01252/Documents/Freescale/L4K/software/kinetis_kl46_sc/src/projects/TWRKL46_Demo/usb\usb_cdc.c **** extern uint8 gu8EP3_OUT_ODD_Buffer[];
  17:C:/Users/b01252/Documents/Freescale/L4K/software/kinetis_kl46_sc/src/projects/TWRKL46_Demo/usb\usb_cdc.c **** 
  18:C:/Users/b01252/Documents/Freescale/L4K/software/kinetis_kl46_sc/src/projects/TWRKL46_Demo/usb\usb_cdc.c **** 
  19:C:/Users/b01252/Documents/Freescale/L4K/software/kinetis_kl46_sc/src/projects/TWRKL46_Demo/usb\usb_cdc.c **** extern tBDT tBDTtable[];
  20:C:/Users/b01252/Documents/Freescale/L4K/software/kinetis_kl46_sc/src/projects/TWRKL46_Demo/usb\usb_cdc.c **** extern uint8 gu8Interface;
  21:C:/Users/b01252/Documents/Freescale/L4K/software/kinetis_kl46_sc/src/projects/TWRKL46_Demo/usb\usb_cdc.c **** 
  22:C:/Users/b01252/Documents/Freescale/L4K/software/kinetis_kl46_sc/src/projects/TWRKL46_Demo/usb\usb_cdc.c **** 
  23:C:/Users/b01252/Documents/Freescale/L4K/software/kinetis_kl46_sc/src/projects/TWRKL46_Demo/usb\usb_cdc.c **** 
  24:C:/Users/b01252/Documents/Freescale/L4K/software/kinetis_kl46_sc/src/projects/TWRKL46_Demo/usb\usb_cdc.c **** /**********************************************************/
  25:C:/Users/b01252/Documents/Freescale/L4K/software/kinetis_kl46_sc/src/projects/TWRKL46_Demo/usb\usb_cdc.c **** void CDC_Init(void)
  26:C:/Users/b01252/Documents/Freescale/L4K/software/kinetis_kl46_sc/src/projects/TWRKL46_Demo/usb\usb_cdc.c **** {
  34              		.loc 1 26 0
  35              		.cfi_startproc
  36 0000 80B5     		push	{r7, lr}
  37              	.LCFI0:
  38              		.cfi_def_cfa_offset 8
  39              		.cfi_offset 7, -8
  40              		.cfi_offset 14, -4
  41 0002 00AF     		add	r7, sp, #0
  42              	.LCFI1:
  43              		.cfi_def_cfa_register 7
  27:C:/Users/b01252/Documents/Freescale/L4K/software/kinetis_kl46_sc/src/projects/TWRKL46_Demo/usb\usb_cdc.c ****     u8CDCState=0;
  44              		.loc 1 27 0
  45 0004 0E4B     		ldr	r3, .L2
  46 0006 0022     		mov	r2, #0
  47 0008 1A70     		strb	r2, [r3]
  28:C:/Users/b01252/Documents/Freescale/L4K/software/kinetis_kl46_sc/src/projects/TWRKL46_Demo/usb\usb_cdc.c ****     
  29:C:/Users/b01252/Documents/Freescale/L4K/software/kinetis_kl46_sc/src/projects/TWRKL46_Demo/usb\usb_cdc.c ****     /* USB Initialization */
  30:C:/Users/b01252/Documents/Freescale/L4K/software/kinetis_kl46_sc/src/projects/TWRKL46_Demo/usb\usb_cdc.c ****     USB_Init();
  48              		.loc 1 30 0
  49 000a FFF7FEFF 		bl	USB_Init
  31:C:/Users/b01252/Documents/Freescale/L4K/software/kinetis_kl46_sc/src/projects/TWRKL46_Demo/usb\usb_cdc.c ****     
  32:C:/Users/b01252/Documents/Freescale/L4K/software/kinetis_kl46_sc/src/projects/TWRKL46_Demo/usb\usb_cdc.c ****     /** Enable SOF ouput */
  33:C:/Users/b01252/Documents/Freescale/L4K/software/kinetis_kl46_sc/src/projects/TWRKL46_Demo/usb\usb_cdc.c ****     //PORTC_PCR7 |= PORT_PCR_MUX(3);
  34:C:/Users/b01252/Documents/Freescale/L4K/software/kinetis_kl46_sc/src/projects/TWRKL46_Demo/usb\usb_cdc.c ****     
  35:C:/Users/b01252/Documents/Freescale/L4K/software/kinetis_kl46_sc/src/projects/TWRKL46_Demo/usb\usb_cdc.c ****     /* Line Coding Initialization */
  36:C:/Users/b01252/Documents/Freescale/L4K/software/kinetis_kl46_sc/src/projects/TWRKL46_Demo/usb\usb_cdc.c ****     LineCoding.DTERate=LWordSwap(9600);
  50              		.loc 1 36 0
  51 000e 9623     		mov	r3, #150
  52 0010 9B01     		lsl	r3, r3, #6
  53 0012 181C     		mov	r0, r3
  54 0014 FFF7FEFF 		bl	LWordSwap
  55 0018 021C     		mov	r2, r0
  56 001a 0A4B     		ldr	r3, .L2+4
  57 001c 1A60     		str	r2, [r3]
  37:C:/Users/b01252/Documents/Freescale/L4K/software/kinetis_kl46_sc/src/projects/TWRKL46_Demo/usb\usb_cdc.c ****     LineCoding.CharFormat=0;
  58              		.loc 1 37 0
  59 001e 094B     		ldr	r3, .L2+4
  60 0020 0022     		mov	r2, #0
  61 0022 1A71     		strb	r2, [r3, #4]
  38:C:/Users/b01252/Documents/Freescale/L4K/software/kinetis_kl46_sc/src/projects/TWRKL46_Demo/usb\usb_cdc.c ****     LineCoding.ParityType=0;
  62              		.loc 1 38 0
  63 0024 074B     		ldr	r3, .L2+4
  64 0026 0022     		mov	r2, #0
  65 0028 5A71     		strb	r2, [r3, #5]
  39:C:/Users/b01252/Documents/Freescale/L4K/software/kinetis_kl46_sc/src/projects/TWRKL46_Demo/usb\usb_cdc.c ****     LineCoding.Databits=0x08;
  66              		.loc 1 39 0
  67 002a 064B     		ldr	r3, .L2+4
  68 002c 0822     		mov	r2, #8
  69 002e 9A71     		strb	r2, [r3, #6]
  40:C:/Users/b01252/Documents/Freescale/L4K/software/kinetis_kl46_sc/src/projects/TWRKL46_Demo/usb\usb_cdc.c **** 
  41:C:/Users/b01252/Documents/Freescale/L4K/software/kinetis_kl46_sc/src/projects/TWRKL46_Demo/usb\usb_cdc.c ****     /* Initialize Data Buffers */
  42:C:/Users/b01252/Documents/Freescale/L4K/software/kinetis_kl46_sc/src/projects/TWRKL46_Demo/usb\usb_cdc.c ****     Buffer_Init(CDC_OUT_Data,CDC_BUFFER_SIZE);
  70              		.loc 1 42 0
  71 0030 054B     		ldr	r3, .L2+8
  72 0032 181C     		mov	r0, r3
  73 0034 8021     		mov	r1, #128
  74 0036 FFF7FEFF 		bl	Buffer_Init
  43:C:/Users/b01252/Documents/Freescale/L4K/software/kinetis_kl46_sc/src/projects/TWRKL46_Demo/usb\usb_cdc.c ****     
  44:C:/Users/b01252/Documents/Freescale/L4K/software/kinetis_kl46_sc/src/projects/TWRKL46_Demo/usb\usb_cdc.c **** }
  75              		.loc 1 44 0
  76 003a BD46     		mov	sp, r7
  77              		@ sp needed for prologue
  78 003c 80BD     		pop	{r7, pc}
  79              	.L3:
  80 003e C046     		.align	2
  81              	.L2:
  82 0040 00000000 		.word	u8CDCState
  83 0044 00000000 		.word	LineCoding
  84 0048 00000000 		.word	CDC_OUT_Data
  85              		.cfi_endproc
  86              	.LFE0:
  88              		.section	.text.CDC_Engine,"ax",%progbits
  89              		.align	2
  90              		.global	CDC_Engine
  91              		.code	16
  92              		.thumb_func
  94              	CDC_Engine:
  95              	.LFB1:
  45:C:/Users/b01252/Documents/Freescale/L4K/software/kinetis_kl46_sc/src/projects/TWRKL46_Demo/usb\usb_cdc.c **** 
  46:C:/Users/b01252/Documents/Freescale/L4K/software/kinetis_kl46_sc/src/projects/TWRKL46_Demo/usb\usb_cdc.c **** 
  47:C:/Users/b01252/Documents/Freescale/L4K/software/kinetis_kl46_sc/src/projects/TWRKL46_Demo/usb\usb_cdc.c **** /**********************************************************/
  48:C:/Users/b01252/Documents/Freescale/L4K/software/kinetis_kl46_sc/src/projects/TWRKL46_Demo/usb\usb_cdc.c **** void CDC_Engine(void)
  49:C:/Users/b01252/Documents/Freescale/L4K/software/kinetis_kl46_sc/src/projects/TWRKL46_Demo/usb\usb_cdc.c **** {
  96              		.loc 1 49 0
  97              		.cfi_startproc
  98 0000 80B5     		push	{r7, lr}
  99              	.LCFI2:
 100              		.cfi_def_cfa_offset 8
 101              		.cfi_offset 7, -8
 102              		.cfi_offset 14, -4
 103 0002 00AF     		add	r7, sp, #0
 104              	.LCFI3:
 105              		.cfi_def_cfa_register 7
  50:C:/Users/b01252/Documents/Freescale/L4K/software/kinetis_kl46_sc/src/projects/TWRKL46_Demo/usb\usb_cdc.c ****     //uint16 u8RecData;
  51:C:/Users/b01252/Documents/Freescale/L4K/software/kinetis_kl46_sc/src/projects/TWRKL46_Demo/usb\usb_cdc.c ****     /* control Stage */
  52:C:/Users/b01252/Documents/Freescale/L4K/software/kinetis_kl46_sc/src/projects/TWRKL46_Demo/usb\usb_cdc.c ****     switch(u8CDCState)
 106              		.loc 1 52 0
 107 0004 194B     		ldr	r3, .L13
 108 0006 1B78     		ldrb	r3, [r3]
 109 0008 202B     		cmp	r3, #32
 110 000a 0BD0     		beq	.L7
 111 000c 222B     		cmp	r3, #34
 112 000e 21D0     		beq	.L8
 113 0010 002B     		cmp	r3, #0
 114 0012 29D1     		bne	.L4
 115              	.L6:
  53:C:/Users/b01252/Documents/Freescale/L4K/software/kinetis_kl46_sc/src/projects/TWRKL46_Demo/usb\usb_cdc.c ****     {
  54:C:/Users/b01252/Documents/Freescale/L4K/software/kinetis_kl46_sc/src/projects/TWRKL46_Demo/usb\usb_cdc.c ****         case WAITING_FOR_ENUMERATION:
  55:C:/Users/b01252/Documents/Freescale/L4K/software/kinetis_kl46_sc/src/projects/TWRKL46_Demo/usb\usb_cdc.c ****             /* Wait for USB Enumeration */
  56:C:/Users/b01252/Documents/Freescale/L4K/software/kinetis_kl46_sc/src/projects/TWRKL46_Demo/usb\usb_cdc.c ****        /* Wait for USB Enumeration */
  57:C:/Users/b01252/Documents/Freescale/L4K/software/kinetis_kl46_sc/src/projects/TWRKL46_Demo/usb\usb_cdc.c ****           
  58:C:/Users/b01252/Documents/Freescale/L4K/software/kinetis_kl46_sc/src/projects/TWRKL46_Demo/usb\usb_cdc.c ****             if (gu8USB_State!=uENUMERATED)   (void)u8CDCState;
 116              		.loc 1 58 0
 117 0014 164B     		ldr	r3, .L13+4
 118 0016 1B78     		ldrb	r3, [r3]
 119 0018 012B     		cmp	r3, #1
 120 001a 22D1     		bne	.L11
  59:C:/Users/b01252/Documents/Freescale/L4K/software/kinetis_kl46_sc/src/projects/TWRKL46_Demo/usb\usb_cdc.c ****             else  u8CDCState=WAITING_FOR_ENUMERATION;
 121              		.loc 1 59 0
 122 001c 134B     		ldr	r3, .L13
 123 001e 0022     		mov	r2, #0
 124 0020 1A70     		strb	r2, [r3]
  60:C:/Users/b01252/Documents/Freescale/L4K/software/kinetis_kl46_sc/src/projects/TWRKL46_Demo/usb\usb_cdc.c ****          
  61:C:/Users/b01252/Documents/Freescale/L4K/software/kinetis_kl46_sc/src/projects/TWRKL46_Demo/usb\usb_cdc.c ****             break;
 125              		.loc 1 61 0
 126 0022 1EE0     		b	.L11
 127              	.L7:
  62:C:/Users/b01252/Documents/Freescale/L4K/software/kinetis_kl46_sc/src/projects/TWRKL46_Demo/usb\usb_cdc.c **** 
  63:C:/Users/b01252/Documents/Freescale/L4K/software/kinetis_kl46_sc/src/projects/TWRKL46_Demo/usb\usb_cdc.c ****         case SET_LINE_CODING:
  64:C:/Users/b01252/Documents/Freescale/L4K/software/kinetis_kl46_sc/src/projects/TWRKL46_Demo/usb\usb_cdc.c ****             if(FLAG_CHK(EP0,gu8USB_Flags))
 128              		.loc 1 64 0
 129 0024 134B     		ldr	r3, .L13+8
 130 0026 1B78     		ldrb	r3, [r3]
 131 0028 1A1C     		mov	r2, r3
 132 002a 0123     		mov	r3, #1
 133 002c 1340     		and	r3, r2
 134 002e 1AD0     		beq	.L12
  65:C:/Users/b01252/Documents/Freescale/L4K/software/kinetis_kl46_sc/src/projects/TWRKL46_Demo/usb\usb_cdc.c ****             {
  66:C:/Users/b01252/Documents/Freescale/L4K/software/kinetis_kl46_sc/src/projects/TWRKL46_Demo/usb\usb_cdc.c ****                 FLAG_CLR(EP0,gu8USB_Flags);
 135              		.loc 1 66 0
 136 0030 104B     		ldr	r3, .L13+8
 137 0032 1B78     		ldrb	r3, [r3]
 138 0034 0122     		mov	r2, #1
 139 0036 9343     		bic	r3, r2
 140 0038 DAB2     		uxtb	r2, r3
 141 003a 0E4B     		ldr	r3, .L13+8
 142 003c 1A70     		strb	r2, [r3]
  67:C:/Users/b01252/Documents/Freescale/L4K/software/kinetis_kl46_sc/src/projects/TWRKL46_Demo/usb\usb_cdc.c ****                 (void)EP_OUT_Transfer(EP0,(uint8*)&LineCoding);
 143              		.loc 1 67 0
 144 003e 0E4B     		ldr	r3, .L13+12
 145 0040 0020     		mov	r0, #0
 146 0042 191C     		mov	r1, r3
 147 0044 FFF7FEFF 		bl	EP_OUT_Transfer
  68:C:/Users/b01252/Documents/Freescale/L4K/software/kinetis_kl46_sc/src/projects/TWRKL46_Demo/usb\usb_cdc.c ****                 EP_IN_Transfer(EP0,0,0);       
 148              		.loc 1 68 0
 149 0048 0020     		mov	r0, #0
 150 004a 0021     		mov	r1, #0
 151 004c 0022     		mov	r2, #0
 152 004e FFF7FEFF 		bl	EP_IN_Transfer
  69:C:/Users/b01252/Documents/Freescale/L4K/software/kinetis_kl46_sc/src/projects/TWRKL46_Demo/usb\usb_cdc.c ****                 //vfnSCI1Init();
  70:C:/Users/b01252/Documents/Freescale/L4K/software/kinetis_kl46_sc/src/projects/TWRKL46_Demo/usb\usb_cdc.c ****             }
  71:C:/Users/b01252/Documents/Freescale/L4K/software/kinetis_kl46_sc/src/projects/TWRKL46_Demo/usb\usb_cdc.c ****             break;
 153              		.loc 1 71 0
 154 0052 08E0     		b	.L12
 155              	.L8:
  72:C:/Users/b01252/Documents/Freescale/L4K/software/kinetis_kl46_sc/src/projects/TWRKL46_Demo/usb\usb_cdc.c **** 
  73:C:/Users/b01252/Documents/Freescale/L4K/software/kinetis_kl46_sc/src/projects/TWRKL46_Demo/usb\usb_cdc.c ****         case SET_CONTROL_LINE_STATE:
  74:C:/Users/b01252/Documents/Freescale/L4K/software/kinetis_kl46_sc/src/projects/TWRKL46_Demo/usb\usb_cdc.c ****             EP_IN_Transfer(EP0,0,0);       
 156              		.loc 1 74 0
 157 0054 0020     		mov	r0, #0
 158 0056 0021     		mov	r1, #0
 159 0058 0022     		mov	r2, #0
 160 005a FFF7FEFF 		bl	EP_IN_Transfer
  75:C:/Users/b01252/Documents/Freescale/L4K/software/kinetis_kl46_sc/src/projects/TWRKL46_Demo/usb\usb_cdc.c ****             break;
 161              		.loc 1 75 0
 162 005e C046     		mov	r8, r8
 163 0060 02E0     		b	.L4
 164              	.L11:
  61:C:/Users/b01252/Documents/Freescale/L4K/software/kinetis_kl46_sc/src/projects/TWRKL46_Demo/usb\usb_cdc.c ****             break;
 165              		.loc 1 61 0
 166 0062 C046     		mov	r8, r8
 167 0064 00E0     		b	.L4
 168              	.L12:
  71:C:/Users/b01252/Documents/Freescale/L4K/software/kinetis_kl46_sc/src/projects/TWRKL46_Demo/usb\usb_cdc.c ****             break;
 169              		.loc 1 71 0
 170 0066 C046     		mov	r8, r8
 171              	.L4:
  76:C:/Users/b01252/Documents/Freescale/L4K/software/kinetis_kl46_sc/src/projects/TWRKL46_Demo/usb\usb_cdc.c ****        
  77:C:/Users/b01252/Documents/Freescale/L4K/software/kinetis_kl46_sc/src/projects/TWRKL46_Demo/usb\usb_cdc.c ****     }
  78:C:/Users/b01252/Documents/Freescale/L4K/software/kinetis_kl46_sc/src/projects/TWRKL46_Demo/usb\usb_cdc.c **** 
  79:C:/Users/b01252/Documents/Freescale/L4K/software/kinetis_kl46_sc/src/projects/TWRKL46_Demo/usb\usb_cdc.c ****     /* Data stage */
  80:C:/Users/b01252/Documents/Freescale/L4K/software/kinetis_kl46_sc/src/projects/TWRKL46_Demo/usb\usb_cdc.c **** /*
  81:C:/Users/b01252/Documents/Freescale/L4K/software/kinetis_kl46_sc/src/projects/TWRKL46_Demo/usb\usb_cdc.c ****     if(FLAG_CHK(EP_OUT,gu8USB_Flags))
  82:C:/Users/b01252/Documents/Freescale/L4K/software/kinetis_kl46_sc/src/projects/TWRKL46_Demo/usb\usb_cdc.c ****         {
  83:C:/Users/b01252/Documents/Freescale/L4K/software/kinetis_kl46_sc/src/projects/TWRKL46_Demo/usb\usb_cdc.c ****             u8RecData=USB_EP_OUT_SizeCheck(EP_OUT);         // Check how many bytes from the PC
  84:C:/Users/b01252/Documents/Freescale/L4K/software/kinetis_kl46_sc/src/projects/TWRKL46_Demo/usb\usb_cdc.c ****             usbEP_Reset(EP_OUT);
  85:C:/Users/b01252/Documents/Freescale/L4K/software/kinetis_kl46_sc/src/projects/TWRKL46_Demo/usb\usb_cdc.c ****             usbSIE_CONTROL(EP_OUT);
  86:C:/Users/b01252/Documents/Freescale/L4K/software/kinetis_kl46_sc/src/projects/TWRKL46_Demo/usb\usb_cdc.c ****             FLAG_CLR(EP_OUT,gu8USB_Flags);
  87:C:/Users/b01252/Documents/Freescale/L4K/software/kinetis_kl46_sc/src/projects/TWRKL46_Demo/usb\usb_cdc.c ****             EP_IN_Transfer(EP2,CDC_OUTPointer,2);
  88:C:/Users/b01252/Documents/Freescale/L4K/software/kinetis_kl46_sc/src/projects/TWRKL46_Demo/usb\usb_cdc.c ****             u8RecData=0;
  89:C:/Users/b01252/Documents/Freescale/L4K/software/kinetis_kl46_sc/src/projects/TWRKL46_Demo/usb\usb_cdc.c ****         }
  90:C:/Users/b01252/Documents/Freescale/L4K/software/kinetis_kl46_sc/src/projects/TWRKL46_Demo/usb\usb_cdc.c **** */
  91:C:/Users/b01252/Documents/Freescale/L4K/software/kinetis_kl46_sc/src/projects/TWRKL46_Demo/usb\usb_cdc.c **** }
 172              		.loc 1 91 0
 173 0068 BD46     		mov	sp, r7
 174              		@ sp needed for prologue
 175 006a 80BD     		pop	{r7, pc}
 176              	.L14:
 177              		.align	2
 178              	.L13:
 179 006c 00000000 		.word	u8CDCState
 180 0070 00000000 		.word	gu8USB_State
 181 0074 00000000 		.word	gu8USB_Flags
 182 0078 00000000 		.word	LineCoding
 183              		.cfi_endproc
 184              	.LFE1:
 186              		.section	.text.CDC_InterfaceReq_Handler,"ax",%progbits
 187              		.align	2
 188              		.global	CDC_InterfaceReq_Handler
 189              		.code	16
 190              		.thumb_func
 192              	CDC_InterfaceReq_Handler:
 193              	.LFB2:
  92:C:/Users/b01252/Documents/Freescale/L4K/software/kinetis_kl46_sc/src/projects/TWRKL46_Demo/usb\usb_cdc.c **** 
  93:C:/Users/b01252/Documents/Freescale/L4K/software/kinetis_kl46_sc/src/projects/TWRKL46_Demo/usb\usb_cdc.c **** /**********************************************************/
  94:C:/Users/b01252/Documents/Freescale/L4K/software/kinetis_kl46_sc/src/projects/TWRKL46_Demo/usb\usb_cdc.c **** uint8 CDC_InterfaceReq_Handler(void)
  95:C:/Users/b01252/Documents/Freescale/L4K/software/kinetis_kl46_sc/src/projects/TWRKL46_Demo/usb\usb_cdc.c **** {
 194              		.loc 1 95 0
 195              		.cfi_startproc
 196 0000 80B5     		push	{r7, lr}
 197              	.LCFI4:
 198              		.cfi_def_cfa_offset 8
 199              		.cfi_offset 7, -8
 200              		.cfi_offset 14, -4
 201 0002 82B0     		sub	sp, sp, #8
 202              	.LCFI5:
 203              		.cfi_def_cfa_offset 16
 204 0004 00AF     		add	r7, sp, #0
 205              	.LCFI6:
 206              		.cfi_def_cfa_register 7
  96:C:/Users/b01252/Documents/Freescale/L4K/software/kinetis_kl46_sc/src/projects/TWRKL46_Demo/usb\usb_cdc.c ****     uint8 u8State=uSETUP;
 207              		.loc 1 96 0
 208 0006 FB1D     		add	r3, r7, #7
 209 0008 0022     		mov	r2, #0
 210 000a 1A70     		strb	r2, [r3]
  97:C:/Users/b01252/Documents/Freescale/L4K/software/kinetis_kl46_sc/src/projects/TWRKL46_Demo/usb\usb_cdc.c ****     
  98:C:/Users/b01252/Documents/Freescale/L4K/software/kinetis_kl46_sc/src/projects/TWRKL46_Demo/usb\usb_cdc.c ****     switch(Setup_Pkt->bRequest)
 211              		.loc 1 98 0
 212 000c 214B     		ldr	r3, .L24
 213 000e 1B68     		ldr	r3, [r3]
 214 0010 5B78     		ldrb	r3, [r3, #1]
 215 0012 212B     		cmp	r3, #33
 216 0014 11D0     		beq	.L19
 217 0016 04DC     		bgt	.L22
 218 0018 0A2B     		cmp	r3, #10
 219 001a 07D0     		beq	.L17
 220 001c 202B     		cmp	r3, #32
 221 001e 13D0     		beq	.L18
 222 0020 31E0     		b	.L16
 223              	.L22:
 224 0022 222B     		cmp	r3, #34
 225 0024 17D0     		beq	.L20
 226 0026 AA2B     		cmp	r3, #170
 227 0028 1CD0     		beq	.L21
 228 002a 2CE0     		b	.L16
 229              	.L17:
  99:C:/Users/b01252/Documents/Freescale/L4K/software/kinetis_kl46_sc/src/projects/TWRKL46_Demo/usb\usb_cdc.c ****     {        
 100:C:/Users/b01252/Documents/Freescale/L4K/software/kinetis_kl46_sc/src/projects/TWRKL46_Demo/usb\usb_cdc.c ****         case GET_INTERFACE:
 101:C:/Users/b01252/Documents/Freescale/L4K/software/kinetis_kl46_sc/src/projects/TWRKL46_Demo/usb\usb_cdc.c ****             EP_IN_Transfer(EP0,&gu8Interface,1);
 230              		.loc 1 101 0
 231 002c 1A4B     		ldr	r3, .L24+4
 232 002e 0020     		mov	r0, #0
 233 0030 191C     		mov	r1, r3
 234 0032 0122     		mov	r2, #1
 235 0034 FFF7FEFF 		bl	EP_IN_Transfer
 102:C:/Users/b01252/Documents/Freescale/L4K/software/kinetis_kl46_sc/src/projects/TWRKL46_Demo/usb\usb_cdc.c ****             break;
 236              		.loc 1 102 0
 237 0038 25E0     		b	.L16
 238              	.L19:
 103:C:/Users/b01252/Documents/Freescale/L4K/software/kinetis_kl46_sc/src/projects/TWRKL46_Demo/usb\usb_cdc.c **** 
 104:C:/Users/b01252/Documents/Freescale/L4K/software/kinetis_kl46_sc/src/projects/TWRKL46_Demo/usb\usb_cdc.c ****         case GET_LINE_CODING:
 105:C:/Users/b01252/Documents/Freescale/L4K/software/kinetis_kl46_sc/src/projects/TWRKL46_Demo/usb\usb_cdc.c ****             EP_IN_Transfer(EP0,(uint8*)&LineCoding,7);
 239              		.loc 1 105 0
 240 003a 184B     		ldr	r3, .L24+8
 241 003c 0020     		mov	r0, #0
 242 003e 191C     		mov	r1, r3
 243 0040 0722     		mov	r2, #7
 244 0042 FFF7FEFF 		bl	EP_IN_Transfer
 106:C:/Users/b01252/Documents/Freescale/L4K/software/kinetis_kl46_sc/src/projects/TWRKL46_Demo/usb\usb_cdc.c ****             break;
 245              		.loc 1 106 0
 246 0046 1EE0     		b	.L16
 247              	.L18:
 107:C:/Users/b01252/Documents/Freescale/L4K/software/kinetis_kl46_sc/src/projects/TWRKL46_Demo/usb\usb_cdc.c **** 
 108:C:/Users/b01252/Documents/Freescale/L4K/software/kinetis_kl46_sc/src/projects/TWRKL46_Demo/usb\usb_cdc.c ****         case SET_LINE_CODING:
 109:C:/Users/b01252/Documents/Freescale/L4K/software/kinetis_kl46_sc/src/projects/TWRKL46_Demo/usb\usb_cdc.c ****             u8CDCState=SET_LINE_CODING;
 248              		.loc 1 109 0
 249 0048 154B     		ldr	r3, .L24+12
 250 004a 2022     		mov	r2, #32
 251 004c 1A70     		strb	r2, [r3]
 110:C:/Users/b01252/Documents/Freescale/L4K/software/kinetis_kl46_sc/src/projects/TWRKL46_Demo/usb\usb_cdc.c ****             u8State=uDATA;
 252              		.loc 1 110 0
 253 004e FB1D     		add	r3, r7, #7
 254 0050 0122     		mov	r2, #1
 255 0052 1A70     		strb	r2, [r3]
 111:C:/Users/b01252/Documents/Freescale/L4K/software/kinetis_kl46_sc/src/projects/TWRKL46_Demo/usb\usb_cdc.c ****             break;
 256              		.loc 1 111 0
 257 0054 17E0     		b	.L16
 258              	.L20:
 112:C:/Users/b01252/Documents/Freescale/L4K/software/kinetis_kl46_sc/src/projects/TWRKL46_Demo/usb\usb_cdc.c **** 
 113:C:/Users/b01252/Documents/Freescale/L4K/software/kinetis_kl46_sc/src/projects/TWRKL46_Demo/usb\usb_cdc.c ****         case SET_CONTROL_LINE_STATE:
 114:C:/Users/b01252/Documents/Freescale/L4K/software/kinetis_kl46_sc/src/projects/TWRKL46_Demo/usb\usb_cdc.c ****             u8CDCState=SET_CONTROL_LINE_STATE;
 259              		.loc 1 114 0
 260 0056 124B     		ldr	r3, .L24+12
 261 0058 2222     		mov	r2, #34
 262 005a 1A70     		strb	r2, [r3]
 115:C:/Users/b01252/Documents/Freescale/L4K/software/kinetis_kl46_sc/src/projects/TWRKL46_Demo/usb\usb_cdc.c ****             u8State=uSETUP;
 263              		.loc 1 115 0
 264 005c FB1D     		add	r3, r7, #7
 265 005e 0022     		mov	r2, #0
 266 0060 1A70     		strb	r2, [r3]
 116:C:/Users/b01252/Documents/Freescale/L4K/software/kinetis_kl46_sc/src/projects/TWRKL46_Demo/usb\usb_cdc.c ****             break;
 267              		.loc 1 116 0
 268 0062 10E0     		b	.L16
 269              	.L21:
 117:C:/Users/b01252/Documents/Freescale/L4K/software/kinetis_kl46_sc/src/projects/TWRKL46_Demo/usb\usb_cdc.c **** 
 118:C:/Users/b01252/Documents/Freescale/L4K/software/kinetis_kl46_sc/src/projects/TWRKL46_Demo/usb\usb_cdc.c **** 
 119:C:/Users/b01252/Documents/Freescale/L4K/software/kinetis_kl46_sc/src/projects/TWRKL46_Demo/usb\usb_cdc.c ****         case LOADER_MODE:
 120:C:/Users/b01252/Documents/Freescale/L4K/software/kinetis_kl46_sc/src/projects/TWRKL46_Demo/usb\usb_cdc.c ****             Buffer_Init(CDC_OUT_Data,CDC_BUFFER_SIZE);
 270              		.loc 1 120 0
 271 0064 0F4B     		ldr	r3, .L24+16
 272 0066 181C     		mov	r0, r3
 273 0068 8021     		mov	r1, #128
 274 006a FFF7FEFF 		bl	Buffer_Init
 121:C:/Users/b01252/Documents/Freescale/L4K/software/kinetis_kl46_sc/src/projects/TWRKL46_Demo/usb\usb_cdc.c ****             FLAG_SET(LOADER,gu8USB_Flags);
 275              		.loc 1 121 0
 276 006e 0E4B     		ldr	r3, .L24+20
 277 0070 1B78     		ldrb	r3, [r3]
 278 0072 8022     		mov	r2, #128
 279 0074 5242     		neg	r2, r2
 280 0076 1343     		orr	r3, r2
 281 0078 DAB2     		uxtb	r2, r3
 282 007a 0B4B     		ldr	r3, .L24+20
 283 007c 1A70     		strb	r2, [r3]
 122:C:/Users/b01252/Documents/Freescale/L4K/software/kinetis_kl46_sc/src/projects/TWRKL46_Demo/usb\usb_cdc.c ****             CDC_OUT_Data[0]=0xFF;
 284              		.loc 1 122 0
 285 007e 094B     		ldr	r3, .L24+16
 286 0080 FF22     		mov	r2, #255
 287 0082 1A70     		strb	r2, [r3]
 123:C:/Users/b01252/Documents/Freescale/L4K/software/kinetis_kl46_sc/src/projects/TWRKL46_Demo/usb\usb_cdc.c ****             break;
 288              		.loc 1 123 0
 289 0084 C046     		mov	r8, r8
 290              	.L16:
 124:C:/Users/b01252/Documents/Freescale/L4K/software/kinetis_kl46_sc/src/projects/TWRKL46_Demo/usb\usb_cdc.c **** 
 125:C:/Users/b01252/Documents/Freescale/L4K/software/kinetis_kl46_sc/src/projects/TWRKL46_Demo/usb\usb_cdc.c **** 
 126:C:/Users/b01252/Documents/Freescale/L4K/software/kinetis_kl46_sc/src/projects/TWRKL46_Demo/usb\usb_cdc.c ****     }
 127:C:/Users/b01252/Documents/Freescale/L4K/software/kinetis_kl46_sc/src/projects/TWRKL46_Demo/usb\usb_cdc.c ****     return(u8State);
 291              		.loc 1 127 0
 292 0086 FB1D     		add	r3, r7, #7
 293 0088 1B78     		ldrb	r3, [r3]
 128:C:/Users/b01252/Documents/Freescale/L4K/software/kinetis_kl46_sc/src/projects/TWRKL46_Demo/usb\usb_cdc.c **** }
 294              		.loc 1 128 0
 295 008a 181C     		mov	r0, r3
 296 008c BD46     		mov	sp, r7
 297 008e 02B0     		add	sp, sp, #8
 298              		@ sp needed for prologue
 299 0090 80BD     		pop	{r7, pc}
 300              	.L25:
 301 0092 C046     		.align	2
 302              	.L24:
 303 0094 00000000 		.word	Setup_Pkt
 304 0098 00000000 		.word	gu8Interface
 305 009c 00000000 		.word	LineCoding
 306 00a0 00000000 		.word	u8CDCState
 307 00a4 00000000 		.word	CDC_OUT_Data
 308 00a8 00000000 		.word	gu8USB_Flags
 309              		.cfi_endproc
 310              	.LFE2:
 312              		.section	.text.LWordSwap,"ax",%progbits
 313              		.align	2
 314              		.global	LWordSwap
 315              		.code	16
 316              		.thumb_func
 318              	LWordSwap:
 319              	.LFB3:
 129:C:/Users/b01252/Documents/Freescale/L4K/software/kinetis_kl46_sc/src/projects/TWRKL46_Demo/usb\usb_cdc.c **** 
 130:C:/Users/b01252/Documents/Freescale/L4K/software/kinetis_kl46_sc/src/projects/TWRKL46_Demo/usb\usb_cdc.c **** 
 131:C:/Users/b01252/Documents/Freescale/L4K/software/kinetis_kl46_sc/src/projects/TWRKL46_Demo/usb\usb_cdc.c **** /**********************************************************/
 132:C:/Users/b01252/Documents/Freescale/L4K/software/kinetis_kl46_sc/src/projects/TWRKL46_Demo/usb\usb_cdc.c **** uint32 LWordSwap(uint32 u32DataSwap)
 133:C:/Users/b01252/Documents/Freescale/L4K/software/kinetis_kl46_sc/src/projects/TWRKL46_Demo/usb\usb_cdc.c **** {
 320              		.loc 1 133 0
 321              		.cfi_startproc
 322 0000 80B5     		push	{r7, lr}
 323              	.LCFI7:
 324              		.cfi_def_cfa_offset 8
 325              		.cfi_offset 7, -8
 326              		.cfi_offset 14, -4
 327 0002 84B0     		sub	sp, sp, #16
 328              	.LCFI8:
 329              		.cfi_def_cfa_offset 24
 330 0004 00AF     		add	r7, sp, #0
 331              	.LCFI9:
 332              		.cfi_def_cfa_register 7
 333 0006 7860     		str	r0, [r7, #4]
 134:C:/Users/b01252/Documents/Freescale/L4K/software/kinetis_kl46_sc/src/projects/TWRKL46_Demo/usb\usb_cdc.c ****     uint32 u32Temp;
 135:C:/Users/b01252/Documents/Freescale/L4K/software/kinetis_kl46_sc/src/projects/TWRKL46_Demo/usb\usb_cdc.c ****     u32Temp= (u32DataSwap & 0xFF000000) >> 24;
 334              		.loc 1 135 0
 335 0008 7B68     		ldr	r3, [r7, #4]
 336 000a 1B0E     		lsr	r3, r3, #24
 337 000c FB60     		str	r3, [r7, #12]
 136:C:/Users/b01252/Documents/Freescale/L4K/software/kinetis_kl46_sc/src/projects/TWRKL46_Demo/usb\usb_cdc.c ****     u32Temp+=(u32DataSwap & 0xFF0000)   >> 8;
 338              		.loc 1 136 0
 339 000e 7A68     		ldr	r2, [r7, #4]
 340 0010 FF23     		mov	r3, #255
 341 0012 1B04     		lsl	r3, r3, #16
 342 0014 1340     		and	r3, r2
 343 0016 1B0A     		lsr	r3, r3, #8
 344 0018 FA68     		ldr	r2, [r7, #12]
 345 001a D318     		add	r3, r2, r3
 346 001c FB60     		str	r3, [r7, #12]
 137:C:/Users/b01252/Documents/Freescale/L4K/software/kinetis_kl46_sc/src/projects/TWRKL46_Demo/usb\usb_cdc.c ****     u32Temp+=(u32DataSwap & 0xFF00)     << 8;
 347              		.loc 1 137 0
 348 001e 7A68     		ldr	r2, [r7, #4]
 349 0020 FF23     		mov	r3, #255
 350 0022 1B02     		lsl	r3, r3, #8
 351 0024 1340     		and	r3, r2
 352 0026 1B02     		lsl	r3, r3, #8
 353 0028 FA68     		ldr	r2, [r7, #12]
 354 002a D318     		add	r3, r2, r3
 355 002c FB60     		str	r3, [r7, #12]
 138:C:/Users/b01252/Documents/Freescale/L4K/software/kinetis_kl46_sc/src/projects/TWRKL46_Demo/usb\usb_cdc.c ****     u32Temp+=(u32DataSwap & 0xFF)       << 24;
 356              		.loc 1 138 0
 357 002e 7B68     		ldr	r3, [r7, #4]
 358 0030 1B06     		lsl	r3, r3, #24
 359 0032 FA68     		ldr	r2, [r7, #12]
 360 0034 D318     		add	r3, r2, r3
 361 0036 FB60     		str	r3, [r7, #12]
 139:C:/Users/b01252/Documents/Freescale/L4K/software/kinetis_kl46_sc/src/projects/TWRKL46_Demo/usb\usb_cdc.c ****     return(u32Temp);    
 362              		.loc 1 139 0
 363 0038 FB68     		ldr	r3, [r7, #12]
 140:C:/Users/b01252/Documents/Freescale/L4K/software/kinetis_kl46_sc/src/projects/TWRKL46_Demo/usb\usb_cdc.c **** }
 364              		.loc 1 140 0
 365 003a 181C     		mov	r0, r3
 366 003c BD46     		mov	sp, r7
 367 003e 04B0     		add	sp, sp, #16
 368              		@ sp needed for prologue
 369 0040 80BD     		pop	{r7, pc}
 370              		.cfi_endproc
 371              	.LFE3:
 373 0042 C046     		.text
 374              	.Letext0:
 375              		.file 2 "C:/Users/b01252/Documents/Freescale/L4K/software/kinetis_kl46_sc/src/cpu/arm_cm0.h"
 376              		.file 3 "C:/Users/b01252/Documents/Freescale/L4K/software/kinetis_kl46_sc/src/projects/TWRKL46_Dem
 377              		.file 4 "C:/Users/b01252/Documents/Freescale/L4K/software/kinetis_kl46_sc/src/projects/TWRKL46_Dem
DEFINED SYMBOLS
                            *ABS*:00000000 usb_cdc.c
                            *COM*:00000008 LineCoding
C:\Users\b01252\AppData\Local\Temp\cc5mXQ28.s:22     .bss.u8CDCState:00000000 u8CDCState
C:\Users\b01252\AppData\Local\Temp\cc5mXQ28.s:23     .bss.u8CDCState:00000000 $d
                            *COM*:00000080 CDC_OUT_Data
C:\Users\b01252\AppData\Local\Temp\cc5mXQ28.s:26     .text.CDC_Init:00000000 $t
C:\Users\b01252\AppData\Local\Temp\cc5mXQ28.s:31     .text.CDC_Init:00000000 CDC_Init
C:\Users\b01252\AppData\Local\Temp\cc5mXQ28.s:318    .text.LWordSwap:00000000 LWordSwap
C:\Users\b01252\AppData\Local\Temp\cc5mXQ28.s:82     .text.CDC_Init:00000040 $d
C:\Users\b01252\AppData\Local\Temp\cc5mXQ28.s:89     .text.CDC_Engine:00000000 $t
C:\Users\b01252\AppData\Local\Temp\cc5mXQ28.s:94     .text.CDC_Engine:00000000 CDC_Engine
C:\Users\b01252\AppData\Local\Temp\cc5mXQ28.s:179    .text.CDC_Engine:0000006c $d
C:\Users\b01252\AppData\Local\Temp\cc5mXQ28.s:187    .text.CDC_InterfaceReq_Handler:00000000 $t
C:\Users\b01252\AppData\Local\Temp\cc5mXQ28.s:192    .text.CDC_InterfaceReq_Handler:00000000 CDC_InterfaceReq_Handler
C:\Users\b01252\AppData\Local\Temp\cc5mXQ28.s:303    .text.CDC_InterfaceReq_Handler:00000094 $d
C:\Users\b01252\AppData\Local\Temp\cc5mXQ28.s:313    .text.LWordSwap:00000000 $t
                     .debug_frame:00000010 $d

UNDEFINED SYMBOLS
USB_Init
Buffer_Init
EP_OUT_Transfer
EP_IN_Transfer
gu8USB_State
gu8USB_Flags
Setup_Pkt
gu8Interface
