   1              		.cpu cortex-m0
   2              		.fpu softvfp
   3              		.eabi_attribute 20, 1
   4              		.eabi_attribute 21, 1
   5              		.eabi_attribute 23, 3
   6              		.eabi_attribute 24, 1
   7              		.eabi_attribute 25, 1
   8              		.eabi_attribute 26, 1
   9              		.eabi_attribute 30, 6
  10              		.eabi_attribute 34, 0
  11              		.eabi_attribute 18, 4
  12              		.code	16
  13              		.file	"alloc.c"
  14              		.text
  15              	.Ltext0:
  16              		.cfi_sections	.debug_frame
  17              		.section	.bss.base,"aw",%nobits
  18              		.align	2
  21              	base:
  22 0000 00000000 		.space	16
  22      00000000 
  22      00000000 
  22      00000000 
  23              		.section	.bss.freep,"aw",%nobits
  24              		.align	2
  27              	freep:
  28 0000 00000000 		.space	4
  29              		.section	.text.free,"ax",%progbits
  30              		.align	2
  31              		.global	free
  32              		.code	16
  33              		.thumb_func
  35              	free:
  36              	.LFB0:
  37              		.file 1 "C:/Users/b01252/Documents/Freescale/L4K/software/kinetis_kl46_sc/src/common/alloc.c"
   1:C:/Users/b01252/Documents/Freescale/L4K/software/kinetis_kl46_sc/src/common\alloc.c **** /*
   2:C:/Users/b01252/Documents/Freescale/L4K/software/kinetis_kl46_sc/src/common\alloc.c ****  * File:        alloc.c
   3:C:/Users/b01252/Documents/Freescale/L4K/software/kinetis_kl46_sc/src/common\alloc.c ****  * Purpose:     generic malloc() and free() engine
   4:C:/Users/b01252/Documents/Freescale/L4K/software/kinetis_kl46_sc/src/common\alloc.c ****  *
   5:C:/Users/b01252/Documents/Freescale/L4K/software/kinetis_kl46_sc/src/common\alloc.c ****  *
   6:C:/Users/b01252/Documents/Freescale/L4K/software/kinetis_kl46_sc/src/common\alloc.c ****  */
   7:C:/Users/b01252/Documents/Freescale/L4K/software/kinetis_kl46_sc/src/common\alloc.c **** 
   8:C:/Users/b01252/Documents/Freescale/L4K/software/kinetis_kl46_sc/src/common\alloc.c **** #include "common.h"
   9:C:/Users/b01252/Documents/Freescale/L4K/software/kinetis_kl46_sc/src/common\alloc.c **** #include "stdlib.h"
  10:C:/Users/b01252/Documents/Freescale/L4K/software/kinetis_kl46_sc/src/common\alloc.c **** 
  11:C:/Users/b01252/Documents/Freescale/L4K/software/kinetis_kl46_sc/src/common\alloc.c **** #ifndef KEIL
  12:C:/Users/b01252/Documents/Freescale/L4K/software/kinetis_kl46_sc/src/common\alloc.c **** #pragma section = "HEAP"
  13:C:/Users/b01252/Documents/Freescale/L4K/software/kinetis_kl46_sc/src/common\alloc.c **** #endif
  14:C:/Users/b01252/Documents/Freescale/L4K/software/kinetis_kl46_sc/src/common\alloc.c **** 
  15:C:/Users/b01252/Documents/Freescale/L4K/software/kinetis_kl46_sc/src/common\alloc.c **** /********************************************************************/
  16:C:/Users/b01252/Documents/Freescale/L4K/software/kinetis_kl46_sc/src/common\alloc.c **** 
  17:C:/Users/b01252/Documents/Freescale/L4K/software/kinetis_kl46_sc/src/common\alloc.c **** /*
  18:C:/Users/b01252/Documents/Freescale/L4K/software/kinetis_kl46_sc/src/common\alloc.c ****  * This struct forms the minimum block size which is allocated, and
  19:C:/Users/b01252/Documents/Freescale/L4K/software/kinetis_kl46_sc/src/common\alloc.c ****  * also forms the linked list for the memory space used with alloc()
  20:C:/Users/b01252/Documents/Freescale/L4K/software/kinetis_kl46_sc/src/common\alloc.c ****  * and free().  It is padded so that on a 32-bit machine, all malloc'ed
  21:C:/Users/b01252/Documents/Freescale/L4K/software/kinetis_kl46_sc/src/common\alloc.c ****  * pointers are 16-byte aligned.
  22:C:/Users/b01252/Documents/Freescale/L4K/software/kinetis_kl46_sc/src/common\alloc.c ****  */
  23:C:/Users/b01252/Documents/Freescale/L4K/software/kinetis_kl46_sc/src/common\alloc.c **** typedef struct ALLOC_HDR
  24:C:/Users/b01252/Documents/Freescale/L4K/software/kinetis_kl46_sc/src/common\alloc.c **** {
  25:C:/Users/b01252/Documents/Freescale/L4K/software/kinetis_kl46_sc/src/common\alloc.c ****     struct
  26:C:/Users/b01252/Documents/Freescale/L4K/software/kinetis_kl46_sc/src/common\alloc.c ****     {
  27:C:/Users/b01252/Documents/Freescale/L4K/software/kinetis_kl46_sc/src/common\alloc.c ****         struct ALLOC_HDR     *ptr;
  28:C:/Users/b01252/Documents/Freescale/L4K/software/kinetis_kl46_sc/src/common\alloc.c ****         unsigned int size;
  29:C:/Users/b01252/Documents/Freescale/L4K/software/kinetis_kl46_sc/src/common\alloc.c ****     } s;
  30:C:/Users/b01252/Documents/Freescale/L4K/software/kinetis_kl46_sc/src/common\alloc.c ****     unsigned int align;
  31:C:/Users/b01252/Documents/Freescale/L4K/software/kinetis_kl46_sc/src/common\alloc.c ****     unsigned int pad;
  32:C:/Users/b01252/Documents/Freescale/L4K/software/kinetis_kl46_sc/src/common\alloc.c **** } ALLOC_HDR;
  33:C:/Users/b01252/Documents/Freescale/L4K/software/kinetis_kl46_sc/src/common\alloc.c **** 
  34:C:/Users/b01252/Documents/Freescale/L4K/software/kinetis_kl46_sc/src/common\alloc.c **** static ALLOC_HDR base;
  35:C:/Users/b01252/Documents/Freescale/L4K/software/kinetis_kl46_sc/src/common\alloc.c **** static ALLOC_HDR *freep = NULL;
  36:C:/Users/b01252/Documents/Freescale/L4K/software/kinetis_kl46_sc/src/common\alloc.c **** 
  37:C:/Users/b01252/Documents/Freescale/L4K/software/kinetis_kl46_sc/src/common\alloc.c **** /********************************************************************/
  38:C:/Users/b01252/Documents/Freescale/L4K/software/kinetis_kl46_sc/src/common\alloc.c **** void
  39:C:/Users/b01252/Documents/Freescale/L4K/software/kinetis_kl46_sc/src/common\alloc.c **** free (void *ap)
  40:C:/Users/b01252/Documents/Freescale/L4K/software/kinetis_kl46_sc/src/common\alloc.c **** {
  38              		.loc 1 40 0
  39              		.cfi_startproc
  40 0000 80B5     		push	{r7, lr}
  41              	.LCFI0:
  42              		.cfi_def_cfa_offset 8
  43              		.cfi_offset 7, -8
  44              		.cfi_offset 14, -4
  45 0002 84B0     		sub	sp, sp, #16
  46              	.LCFI1:
  47              		.cfi_def_cfa_offset 24
  48 0004 00AF     		add	r7, sp, #0
  49              	.LCFI2:
  50              		.cfi_def_cfa_register 7
  51 0006 7860     		str	r0, [r7, #4]
  41:C:/Users/b01252/Documents/Freescale/L4K/software/kinetis_kl46_sc/src/common\alloc.c ****     ALLOC_HDR *bp, *p;
  42:C:/Users/b01252/Documents/Freescale/L4K/software/kinetis_kl46_sc/src/common\alloc.c **** 
  43:C:/Users/b01252/Documents/Freescale/L4K/software/kinetis_kl46_sc/src/common\alloc.c ****     bp = (ALLOC_HDR *)ap - 1;   /* point to block header */
  52              		.loc 1 43 0
  53 0008 7B68     		ldr	r3, [r7, #4]
  54 000a 103B     		sub	r3, r3, #16
  55 000c BB60     		str	r3, [r7, #8]
  44:C:/Users/b01252/Documents/Freescale/L4K/software/kinetis_kl46_sc/src/common\alloc.c ****     for (p = freep; !((bp > p) && (bp < p->s.ptr)) ; p = p->s.ptr)
  56              		.loc 1 44 0
  57 000e 2B4B     		ldr	r3, .L10
  58 0010 1B68     		ldr	r3, [r3]
  59 0012 FB60     		str	r3, [r7, #12]
  60 0014 10E0     		b	.L2
  61              	.L5:
  45:C:/Users/b01252/Documents/Freescale/L4K/software/kinetis_kl46_sc/src/common\alloc.c ****     {
  46:C:/Users/b01252/Documents/Freescale/L4K/software/kinetis_kl46_sc/src/common\alloc.c ****         if ((p >= p->s.ptr) && ((bp > p) || (bp < p->s.ptr)))
  62              		.loc 1 46 0
  63 0016 FB68     		ldr	r3, [r7, #12]
  64 0018 1A68     		ldr	r2, [r3]
  65 001a FB68     		ldr	r3, [r7, #12]
  66 001c 9A42     		cmp	r2, r3
  67 001e 08D8     		bhi	.L3
  68              		.loc 1 46 0 is_stmt 0
  69 0020 BA68     		ldr	r2, [r7, #8]
  70 0022 FB68     		ldr	r3, [r7, #12]
  71 0024 9A42     		cmp	r2, r3
  72 0026 10D8     		bhi	.L4
  73 0028 FB68     		ldr	r3, [r7, #12]
  74 002a 1A68     		ldr	r2, [r3]
  75 002c BB68     		ldr	r3, [r7, #8]
  76 002e 9A42     		cmp	r2, r3
  77 0030 0BD8     		bhi	.L4
  78              	.L3:
  44:C:/Users/b01252/Documents/Freescale/L4K/software/kinetis_kl46_sc/src/common\alloc.c ****     for (p = freep; !((bp > p) && (bp < p->s.ptr)) ; p = p->s.ptr)
  79              		.loc 1 44 0 is_stmt 1
  80 0032 FB68     		ldr	r3, [r7, #12]
  81 0034 1B68     		ldr	r3, [r3]
  82 0036 FB60     		str	r3, [r7, #12]
  83              	.L2:
  44:C:/Users/b01252/Documents/Freescale/L4K/software/kinetis_kl46_sc/src/common\alloc.c ****     for (p = freep; !((bp > p) && (bp < p->s.ptr)) ; p = p->s.ptr)
  84              		.loc 1 44 0 is_stmt 0
  85 0038 BA68     		ldr	r2, [r7, #8]
  86 003a FB68     		ldr	r3, [r7, #12]
  87 003c 9A42     		cmp	r2, r3
  88 003e EAD9     		bls	.L5
  44:C:/Users/b01252/Documents/Freescale/L4K/software/kinetis_kl46_sc/src/common\alloc.c ****     for (p = freep; !((bp > p) && (bp < p->s.ptr)) ; p = p->s.ptr)
  89              		.loc 1 44 0
  90 0040 FB68     		ldr	r3, [r7, #12]
  91 0042 1A68     		ldr	r2, [r3]
  92 0044 BB68     		ldr	r3, [r7, #8]
  93 0046 9A42     		cmp	r2, r3
  94 0048 E5D9     		bls	.L5
  95              	.L4:
  47:C:/Users/b01252/Documents/Freescale/L4K/software/kinetis_kl46_sc/src/common\alloc.c ****         {
  48:C:/Users/b01252/Documents/Freescale/L4K/software/kinetis_kl46_sc/src/common\alloc.c ****             break; /* freed block at start or end of arena */
  49:C:/Users/b01252/Documents/Freescale/L4K/software/kinetis_kl46_sc/src/common\alloc.c ****         }
  50:C:/Users/b01252/Documents/Freescale/L4K/software/kinetis_kl46_sc/src/common\alloc.c ****     }
  51:C:/Users/b01252/Documents/Freescale/L4K/software/kinetis_kl46_sc/src/common\alloc.c **** 
  52:C:/Users/b01252/Documents/Freescale/L4K/software/kinetis_kl46_sc/src/common\alloc.c ****     if ((bp + bp->s.size) == p->s.ptr)
  96              		.loc 1 52 0 is_stmt 1
  97 004a BB68     		ldr	r3, [r7, #8]
  98 004c 5B68     		ldr	r3, [r3, #4]
  99 004e 1B01     		lsl	r3, r3, #4
 100 0050 BA68     		ldr	r2, [r7, #8]
 101 0052 D218     		add	r2, r2, r3
 102 0054 FB68     		ldr	r3, [r7, #12]
 103 0056 1B68     		ldr	r3, [r3]
 104 0058 9A42     		cmp	r2, r3
 105 005a 0DD1     		bne	.L6
  53:C:/Users/b01252/Documents/Freescale/L4K/software/kinetis_kl46_sc/src/common\alloc.c ****     {
  54:C:/Users/b01252/Documents/Freescale/L4K/software/kinetis_kl46_sc/src/common\alloc.c ****         bp->s.size += p->s.ptr->s.size;
 106              		.loc 1 54 0
 107 005c BB68     		ldr	r3, [r7, #8]
 108 005e 5A68     		ldr	r2, [r3, #4]
 109 0060 FB68     		ldr	r3, [r7, #12]
 110 0062 1B68     		ldr	r3, [r3]
 111 0064 5B68     		ldr	r3, [r3, #4]
 112 0066 D218     		add	r2, r2, r3
 113 0068 BB68     		ldr	r3, [r7, #8]
 114 006a 5A60     		str	r2, [r3, #4]
  55:C:/Users/b01252/Documents/Freescale/L4K/software/kinetis_kl46_sc/src/common\alloc.c ****         bp->s.ptr = p->s.ptr->s.ptr;
 115              		.loc 1 55 0
 116 006c FB68     		ldr	r3, [r7, #12]
 117 006e 1B68     		ldr	r3, [r3]
 118 0070 1A68     		ldr	r2, [r3]
 119 0072 BB68     		ldr	r3, [r7, #8]
 120 0074 1A60     		str	r2, [r3]
 121 0076 03E0     		b	.L7
 122              	.L6:
  56:C:/Users/b01252/Documents/Freescale/L4K/software/kinetis_kl46_sc/src/common\alloc.c ****     }
  57:C:/Users/b01252/Documents/Freescale/L4K/software/kinetis_kl46_sc/src/common\alloc.c ****     else
  58:C:/Users/b01252/Documents/Freescale/L4K/software/kinetis_kl46_sc/src/common\alloc.c ****     {
  59:C:/Users/b01252/Documents/Freescale/L4K/software/kinetis_kl46_sc/src/common\alloc.c ****         bp->s.ptr = p->s.ptr;
 123              		.loc 1 59 0
 124 0078 FB68     		ldr	r3, [r7, #12]
 125 007a 1A68     		ldr	r2, [r3]
 126 007c BB68     		ldr	r3, [r7, #8]
 127 007e 1A60     		str	r2, [r3]
 128              	.L7:
  60:C:/Users/b01252/Documents/Freescale/L4K/software/kinetis_kl46_sc/src/common\alloc.c ****     }
  61:C:/Users/b01252/Documents/Freescale/L4K/software/kinetis_kl46_sc/src/common\alloc.c **** 
  62:C:/Users/b01252/Documents/Freescale/L4K/software/kinetis_kl46_sc/src/common\alloc.c ****     if ((p + p->s.size) == bp)
 129              		.loc 1 62 0
 130 0080 FB68     		ldr	r3, [r7, #12]
 131 0082 5B68     		ldr	r3, [r3, #4]
 132 0084 1B01     		lsl	r3, r3, #4
 133 0086 FA68     		ldr	r2, [r7, #12]
 134 0088 D218     		add	r2, r2, r3
 135 008a BB68     		ldr	r3, [r7, #8]
 136 008c 9A42     		cmp	r2, r3
 137 008e 0BD1     		bne	.L8
  63:C:/Users/b01252/Documents/Freescale/L4K/software/kinetis_kl46_sc/src/common\alloc.c ****     {
  64:C:/Users/b01252/Documents/Freescale/L4K/software/kinetis_kl46_sc/src/common\alloc.c ****         p->s.size += bp->s.size;
 138              		.loc 1 64 0
 139 0090 FB68     		ldr	r3, [r7, #12]
 140 0092 5A68     		ldr	r2, [r3, #4]
 141 0094 BB68     		ldr	r3, [r7, #8]
 142 0096 5B68     		ldr	r3, [r3, #4]
 143 0098 D218     		add	r2, r2, r3
 144 009a FB68     		ldr	r3, [r7, #12]
 145 009c 5A60     		str	r2, [r3, #4]
  65:C:/Users/b01252/Documents/Freescale/L4K/software/kinetis_kl46_sc/src/common\alloc.c ****         p->s.ptr = bp->s.ptr;
 146              		.loc 1 65 0
 147 009e BB68     		ldr	r3, [r7, #8]
 148 00a0 1A68     		ldr	r2, [r3]
 149 00a2 FB68     		ldr	r3, [r7, #12]
 150 00a4 1A60     		str	r2, [r3]
 151 00a6 02E0     		b	.L9
 152              	.L8:
  66:C:/Users/b01252/Documents/Freescale/L4K/software/kinetis_kl46_sc/src/common\alloc.c ****     }
  67:C:/Users/b01252/Documents/Freescale/L4K/software/kinetis_kl46_sc/src/common\alloc.c ****     else
  68:C:/Users/b01252/Documents/Freescale/L4K/software/kinetis_kl46_sc/src/common\alloc.c ****     {
  69:C:/Users/b01252/Documents/Freescale/L4K/software/kinetis_kl46_sc/src/common\alloc.c ****         p->s.ptr = bp;
 153              		.loc 1 69 0
 154 00a8 FB68     		ldr	r3, [r7, #12]
 155 00aa BA68     		ldr	r2, [r7, #8]
 156 00ac 1A60     		str	r2, [r3]
 157              	.L9:
  70:C:/Users/b01252/Documents/Freescale/L4K/software/kinetis_kl46_sc/src/common\alloc.c ****     }
  71:C:/Users/b01252/Documents/Freescale/L4K/software/kinetis_kl46_sc/src/common\alloc.c **** 
  72:C:/Users/b01252/Documents/Freescale/L4K/software/kinetis_kl46_sc/src/common\alloc.c ****     freep = p;
 158              		.loc 1 72 0
 159 00ae 034B     		ldr	r3, .L10
 160 00b0 FA68     		ldr	r2, [r7, #12]
 161 00b2 1A60     		str	r2, [r3]
  73:C:/Users/b01252/Documents/Freescale/L4K/software/kinetis_kl46_sc/src/common\alloc.c **** }
 162              		.loc 1 73 0
 163 00b4 BD46     		mov	sp, r7
 164 00b6 04B0     		add	sp, sp, #16
 165              		@ sp needed for prologue
 166 00b8 80BD     		pop	{r7, pc}
 167              	.L11:
 168 00ba C046     		.align	2
 169              	.L10:
 170 00bc 00000000 		.word	freep
 171              		.cfi_endproc
 172              	.LFE0:
 174              		.section	.text.malloc,"ax",%progbits
 175              		.align	2
 176              		.global	malloc
 177              		.code	16
 178              		.thumb_func
 180              	malloc:
 181              	.LFB1:
  74:C:/Users/b01252/Documents/Freescale/L4K/software/kinetis_kl46_sc/src/common\alloc.c **** 
  75:C:/Users/b01252/Documents/Freescale/L4K/software/kinetis_kl46_sc/src/common\alloc.c **** /********************************************************************/
  76:C:/Users/b01252/Documents/Freescale/L4K/software/kinetis_kl46_sc/src/common\alloc.c **** void *
  77:C:/Users/b01252/Documents/Freescale/L4K/software/kinetis_kl46_sc/src/common\alloc.c **** malloc (unsigned nbytes)
  78:C:/Users/b01252/Documents/Freescale/L4K/software/kinetis_kl46_sc/src/common\alloc.c **** {
 182              		.loc 1 78 0
 183              		.cfi_startproc
 184 0000 80B5     		push	{r7, lr}
 185              	.LCFI3:
 186              		.cfi_def_cfa_offset 8
 187              		.cfi_offset 7, -8
 188              		.cfi_offset 14, -4
 189 0002 86B0     		sub	sp, sp, #24
 190              	.LCFI4:
 191              		.cfi_def_cfa_offset 32
 192 0004 00AF     		add	r7, sp, #0
 193              	.LCFI5:
 194              		.cfi_def_cfa_register 7
 195 0006 7860     		str	r0, [r7, #4]
  79:C:/Users/b01252/Documents/Freescale/L4K/software/kinetis_kl46_sc/src/common\alloc.c ****     /* Get addresses for the HEAP start and end */
  80:C:/Users/b01252/Documents/Freescale/L4K/software/kinetis_kl46_sc/src/common\alloc.c ****     #if defined(CW)  
  81:C:/Users/b01252/Documents/Freescale/L4K/software/kinetis_kl46_sc/src/common\alloc.c ****       extern char __HEAP_START[];
  82:C:/Users/b01252/Documents/Freescale/L4K/software/kinetis_kl46_sc/src/common\alloc.c ****       extern char __HEAP_END[];
  83:C:/Users/b01252/Documents/Freescale/L4K/software/kinetis_kl46_sc/src/common\alloc.c ****     #elif defined(IAR)
  84:C:/Users/b01252/Documents/Freescale/L4K/software/kinetis_kl46_sc/src/common\alloc.c ****       char* __HEAP_START = __section_begin("HEAP");
  85:C:/Users/b01252/Documents/Freescale/L4K/software/kinetis_kl46_sc/src/common\alloc.c ****       char* __HEAP_END = __section_end("HEAP");
  86:C:/Users/b01252/Documents/Freescale/L4K/software/kinetis_kl46_sc/src/common\alloc.c ****     #elif defined(KEIL)
  87:C:/Users/b01252/Documents/Freescale/L4K/software/kinetis_kl46_sc/src/common\alloc.c **** 	  extern uint32_t HEAP$$Base;
  88:C:/Users/b01252/Documents/Freescale/L4K/software/kinetis_kl46_sc/src/common\alloc.c **** 	  extern uint32_t HEAP$$Limit;
  89:C:/Users/b01252/Documents/Freescale/L4K/software/kinetis_kl46_sc/src/common\alloc.c **** 	  uint32_t __HEAP_START = (uint32_t)&HEAP$$Base;
  90:C:/Users/b01252/Documents/Freescale/L4K/software/kinetis_kl46_sc/src/common\alloc.c **** 	  uint32_t __HEAP_END = (uint32_t)&HEAP$$Limit;
  91:C:/Users/b01252/Documents/Freescale/L4K/software/kinetis_kl46_sc/src/common\alloc.c ****     #endif
  92:C:/Users/b01252/Documents/Freescale/L4K/software/kinetis_kl46_sc/src/common\alloc.c ****    
  93:C:/Users/b01252/Documents/Freescale/L4K/software/kinetis_kl46_sc/src/common\alloc.c ****     ALLOC_HDR *p, *prevp;
  94:C:/Users/b01252/Documents/Freescale/L4K/software/kinetis_kl46_sc/src/common\alloc.c ****     unsigned nunits;
  95:C:/Users/b01252/Documents/Freescale/L4K/software/kinetis_kl46_sc/src/common\alloc.c **** 
  96:C:/Users/b01252/Documents/Freescale/L4K/software/kinetis_kl46_sc/src/common\alloc.c ****     nunits = ((nbytes+sizeof(ALLOC_HDR)-1) / sizeof(ALLOC_HDR)) + 1;
 196              		.loc 1 96 0
 197 0008 7B68     		ldr	r3, [r7, #4]
 198 000a 0F33     		add	r3, r3, #15
 199 000c 1B09     		lsr	r3, r3, #4
 200 000e 0133     		add	r3, r3, #1
 201 0010 FB60     		str	r3, [r7, #12]
  97:C:/Users/b01252/Documents/Freescale/L4K/software/kinetis_kl46_sc/src/common\alloc.c **** 
  98:C:/Users/b01252/Documents/Freescale/L4K/software/kinetis_kl46_sc/src/common\alloc.c ****     if ((prevp = freep) == NULL)
 202              		.loc 1 98 0
 203 0012 2A4B     		ldr	r3, .L20
 204 0014 1B68     		ldr	r3, [r3]
 205 0016 3B61     		str	r3, [r7, #16]
 206 0018 3B69     		ldr	r3, [r7, #16]
 207 001a 002B     		cmp	r3, #0
 208 001c 16D1     		bne	.L13
  99:C:/Users/b01252/Documents/Freescale/L4K/software/kinetis_kl46_sc/src/common\alloc.c ****     {
 100:C:/Users/b01252/Documents/Freescale/L4K/software/kinetis_kl46_sc/src/common\alloc.c ****         p = (ALLOC_HDR *)__HEAP_START;
 209              		.loc 1 100 0
 210 001e 284B     		ldr	r3, .L20+4
 211 0020 7B61     		str	r3, [r7, #20]
 101:C:/Users/b01252/Documents/Freescale/L4K/software/kinetis_kl46_sc/src/common\alloc.c ****         p->s.size = ( ((uint32)__HEAP_END - (uint32)__HEAP_START)
 212              		.loc 1 101 0
 213 0022 284A     		ldr	r2, .L20+8
 214 0024 264B     		ldr	r3, .L20+4
 215 0026 D31A     		sub	r3, r2, r3
 102:C:/Users/b01252/Documents/Freescale/L4K/software/kinetis_kl46_sc/src/common\alloc.c ****             / sizeof(ALLOC_HDR) );
 216              		.loc 1 102 0
 217 0028 1A09     		lsr	r2, r3, #4
 101:C:/Users/b01252/Documents/Freescale/L4K/software/kinetis_kl46_sc/src/common\alloc.c ****         p->s.size = ( ((uint32)__HEAP_END - (uint32)__HEAP_START)
 218              		.loc 1 101 0
 219 002a 7B69     		ldr	r3, [r7, #20]
 220 002c 5A60     		str	r2, [r3, #4]
 103:C:/Users/b01252/Documents/Freescale/L4K/software/kinetis_kl46_sc/src/common\alloc.c ****         p->s.ptr = &base;
 221              		.loc 1 103 0
 222 002e 7B69     		ldr	r3, [r7, #20]
 223 0030 254A     		ldr	r2, .L20+12
 224 0032 1A60     		str	r2, [r3]
 104:C:/Users/b01252/Documents/Freescale/L4K/software/kinetis_kl46_sc/src/common\alloc.c ****         base.s.ptr = p;
 225              		.loc 1 104 0
 226 0034 244B     		ldr	r3, .L20+12
 227 0036 7A69     		ldr	r2, [r7, #20]
 228 0038 1A60     		str	r2, [r3]
 105:C:/Users/b01252/Documents/Freescale/L4K/software/kinetis_kl46_sc/src/common\alloc.c ****         base.s.size = 0;
 229              		.loc 1 105 0
 230 003a 234B     		ldr	r3, .L20+12
 231 003c 0022     		mov	r2, #0
 232 003e 5A60     		str	r2, [r3, #4]
 106:C:/Users/b01252/Documents/Freescale/L4K/software/kinetis_kl46_sc/src/common\alloc.c ****         prevp = freep = &base;
 233              		.loc 1 106 0
 234 0040 1E4B     		ldr	r3, .L20
 235 0042 214A     		ldr	r2, .L20+12
 236 0044 1A60     		str	r2, [r3]
 237 0046 1D4B     		ldr	r3, .L20
 238 0048 1B68     		ldr	r3, [r3]
 239 004a 3B61     		str	r3, [r7, #16]
 240              	.L13:
 107:C:/Users/b01252/Documents/Freescale/L4K/software/kinetis_kl46_sc/src/common\alloc.c ****     }
 108:C:/Users/b01252/Documents/Freescale/L4K/software/kinetis_kl46_sc/src/common\alloc.c **** 
 109:C:/Users/b01252/Documents/Freescale/L4K/software/kinetis_kl46_sc/src/common\alloc.c ****     for (p = prevp->s.ptr; ; prevp = p, p = p->s.ptr)
 241              		.loc 1 109 0
 242 004c 3B69     		ldr	r3, [r7, #16]
 243 004e 1B68     		ldr	r3, [r3]
 244 0050 7B61     		str	r3, [r7, #20]
 245              	.L19:
 110:C:/Users/b01252/Documents/Freescale/L4K/software/kinetis_kl46_sc/src/common\alloc.c ****     {
 111:C:/Users/b01252/Documents/Freescale/L4K/software/kinetis_kl46_sc/src/common\alloc.c ****         if (p->s.size >= nunits)
 246              		.loc 1 111 0
 247 0052 7B69     		ldr	r3, [r7, #20]
 248 0054 5A68     		ldr	r2, [r3, #4]
 249 0056 FB68     		ldr	r3, [r7, #12]
 250 0058 9A42     		cmp	r2, r3
 251 005a 1ED3     		bcc	.L14
 112:C:/Users/b01252/Documents/Freescale/L4K/software/kinetis_kl46_sc/src/common\alloc.c ****         {
 113:C:/Users/b01252/Documents/Freescale/L4K/software/kinetis_kl46_sc/src/common\alloc.c ****             if (p->s.size == nunits)
 252              		.loc 1 113 0
 253 005c 7B69     		ldr	r3, [r7, #20]
 254 005e 5A68     		ldr	r2, [r3, #4]
 255 0060 FB68     		ldr	r3, [r7, #12]
 256 0062 9A42     		cmp	r2, r3
 257 0064 04D1     		bne	.L15
 114:C:/Users/b01252/Documents/Freescale/L4K/software/kinetis_kl46_sc/src/common\alloc.c ****             {
 115:C:/Users/b01252/Documents/Freescale/L4K/software/kinetis_kl46_sc/src/common\alloc.c ****                 prevp->s.ptr = p->s.ptr;
 258              		.loc 1 115 0
 259 0066 7B69     		ldr	r3, [r7, #20]
 260 0068 1A68     		ldr	r2, [r3]
 261 006a 3B69     		ldr	r3, [r7, #16]
 262 006c 1A60     		str	r2, [r3]
 263 006e 0EE0     		b	.L16
 264              	.L15:
 116:C:/Users/b01252/Documents/Freescale/L4K/software/kinetis_kl46_sc/src/common\alloc.c ****             }
 117:C:/Users/b01252/Documents/Freescale/L4K/software/kinetis_kl46_sc/src/common\alloc.c ****             else
 118:C:/Users/b01252/Documents/Freescale/L4K/software/kinetis_kl46_sc/src/common\alloc.c ****             {
 119:C:/Users/b01252/Documents/Freescale/L4K/software/kinetis_kl46_sc/src/common\alloc.c ****                 p->s.size -= nunits;
 265              		.loc 1 119 0
 266 0070 7B69     		ldr	r3, [r7, #20]
 267 0072 5A68     		ldr	r2, [r3, #4]
 268 0074 FB68     		ldr	r3, [r7, #12]
 269 0076 D21A     		sub	r2, r2, r3
 270 0078 7B69     		ldr	r3, [r7, #20]
 271 007a 5A60     		str	r2, [r3, #4]
 120:C:/Users/b01252/Documents/Freescale/L4K/software/kinetis_kl46_sc/src/common\alloc.c ****                 p += p->s.size;
 272              		.loc 1 120 0
 273 007c 7B69     		ldr	r3, [r7, #20]
 274 007e 5B68     		ldr	r3, [r3, #4]
 275 0080 1B01     		lsl	r3, r3, #4
 276 0082 7A69     		ldr	r2, [r7, #20]
 277 0084 D318     		add	r3, r2, r3
 278 0086 7B61     		str	r3, [r7, #20]
 121:C:/Users/b01252/Documents/Freescale/L4K/software/kinetis_kl46_sc/src/common\alloc.c ****                 p->s.size = nunits;
 279              		.loc 1 121 0
 280 0088 7B69     		ldr	r3, [r7, #20]
 281 008a FA68     		ldr	r2, [r7, #12]
 282 008c 5A60     		str	r2, [r3, #4]
 283              	.L16:
 122:C:/Users/b01252/Documents/Freescale/L4K/software/kinetis_kl46_sc/src/common\alloc.c ****             }
 123:C:/Users/b01252/Documents/Freescale/L4K/software/kinetis_kl46_sc/src/common\alloc.c ****             freep = prevp;
 284              		.loc 1 123 0
 285 008e 0B4B     		ldr	r3, .L20
 286 0090 3A69     		ldr	r2, [r7, #16]
 287 0092 1A60     		str	r2, [r3]
 124:C:/Users/b01252/Documents/Freescale/L4K/software/kinetis_kl46_sc/src/common\alloc.c ****             return (void *)(p + 1);
 288              		.loc 1 124 0
 289 0094 7B69     		ldr	r3, [r7, #20]
 290 0096 1033     		add	r3, r3, #16
 291 0098 0CE0     		b	.L17
 292              	.L14:
 125:C:/Users/b01252/Documents/Freescale/L4K/software/kinetis_kl46_sc/src/common\alloc.c ****         }
 126:C:/Users/b01252/Documents/Freescale/L4K/software/kinetis_kl46_sc/src/common\alloc.c **** 
 127:C:/Users/b01252/Documents/Freescale/L4K/software/kinetis_kl46_sc/src/common\alloc.c ****         if (p == freep)
 293              		.loc 1 127 0
 294 009a 084B     		ldr	r3, .L20
 295 009c 1B68     		ldr	r3, [r3]
 296 009e 7A69     		ldr	r2, [r7, #20]
 297 00a0 9A42     		cmp	r2, r3
 298 00a2 01D1     		bne	.L18
 128:C:/Users/b01252/Documents/Freescale/L4K/software/kinetis_kl46_sc/src/common\alloc.c ****             return NULL;
 299              		.loc 1 128 0
 300 00a4 0023     		mov	r3, #0
 301 00a6 05E0     		b	.L17
 302              	.L18:
 109:C:/Users/b01252/Documents/Freescale/L4K/software/kinetis_kl46_sc/src/common\alloc.c ****     for (p = prevp->s.ptr; ; prevp = p, p = p->s.ptr)
 303              		.loc 1 109 0
 304 00a8 7B69     		ldr	r3, [r7, #20]
 305 00aa 3B61     		str	r3, [r7, #16]
 306 00ac 7B69     		ldr	r3, [r7, #20]
 307 00ae 1B68     		ldr	r3, [r3]
 308 00b0 7B61     		str	r3, [r7, #20]
 129:C:/Users/b01252/Documents/Freescale/L4K/software/kinetis_kl46_sc/src/common\alloc.c ****     }
 309              		.loc 1 129 0
 310 00b2 CEE7     		b	.L19
 311              	.L17:
 130:C:/Users/b01252/Documents/Freescale/L4K/software/kinetis_kl46_sc/src/common\alloc.c **** }
 312              		.loc 1 130 0
 313 00b4 181C     		mov	r0, r3
 314 00b6 BD46     		mov	sp, r7
 315 00b8 06B0     		add	sp, sp, #24
 316              		@ sp needed for prologue
 317 00ba 80BD     		pop	{r7, pc}
 318              	.L21:
 319              		.align	2
 320              	.L20:
 321 00bc 00000000 		.word	freep
 322 00c0 00000000 		.word	__HEAP_START
 323 00c4 00000000 		.word	__HEAP_END
 324 00c8 00000000 		.word	base
 325              		.cfi_endproc
 326              	.LFE1:
 328              		.text
 329              	.Letext0:
 330              		.file 2 "C:/Users/b01252/Documents/Freescale/L4K/software/kinetis_kl46_sc/src/cpu/arm_cm0.h"
DEFINED SYMBOLS
                            *ABS*:00000000 alloc.c
C:\Users\b01252\AppData\Local\Temp\ccfYzXMb.s:18     .bss.base:00000000 $d
C:\Users\b01252\AppData\Local\Temp\ccfYzXMb.s:21     .bss.base:00000000 base
C:\Users\b01252\AppData\Local\Temp\ccfYzXMb.s:24     .bss.freep:00000000 $d
C:\Users\b01252\AppData\Local\Temp\ccfYzXMb.s:27     .bss.freep:00000000 freep
C:\Users\b01252\AppData\Local\Temp\ccfYzXMb.s:30     .text.free:00000000 $t
C:\Users\b01252\AppData\Local\Temp\ccfYzXMb.s:35     .text.free:00000000 free
C:\Users\b01252\AppData\Local\Temp\ccfYzXMb.s:170    .text.free:000000bc $d
C:\Users\b01252\AppData\Local\Temp\ccfYzXMb.s:175    .text.malloc:00000000 $t
C:\Users\b01252\AppData\Local\Temp\ccfYzXMb.s:180    .text.malloc:00000000 malloc
C:\Users\b01252\AppData\Local\Temp\ccfYzXMb.s:321    .text.malloc:000000bc $d
                     .debug_frame:00000010 $d

UNDEFINED SYMBOLS
__HEAP_START
__HEAP_END
