   1              		.cpu cortex-m0
   2              		.fpu softvfp
   3              		.eabi_attribute 20, 1
   4              		.eabi_attribute 21, 1
   5              		.eabi_attribute 23, 3
   6              		.eabi_attribute 24, 1
   7              		.eabi_attribute 25, 1
   8              		.eabi_attribute 26, 1
   9              		.eabi_attribute 30, 6
  10              		.eabi_attribute 34, 0
  11              		.eabi_attribute 18, 4
  12              		.code	16
  13              		.file	"assert.c"
  14              		.text
  15              	.Ltext0:
  16              		.cfi_sections	.debug_frame
  17              		.global	ASSERT_FAILED_STR
  18              		.section	.rodata.ASSERT_FAILED_STR,"a",%progbits
  19              		.align	2
  22              	ASSERT_FAILED_STR:
  23 0000 41737365 		.ascii	"Assertion failed in %s at line %d\012\000"
  23      7274696F 
  23      6E206661 
  23      696C6564 
  23      20696E20 
  24 0023 00       		.section	.text.assert_failed,"ax",%progbits
  25              		.align	2
  26              		.global	assert_failed
  27              		.code	16
  28              		.thumb_func
  30              	assert_failed:
  31              	.LFB0:
  32              		.file 1 "C:/Users/b01252/Documents/Freescale/L4K/software/kinetis_kl46_sc/src/common/assert.c"
   1:C:/Users/b01252/Documents/Freescale/L4K/software/kinetis_kl46_sc/src/common\assert.c **** /*
   2:C:/Users/b01252/Documents/Freescale/L4K/software/kinetis_kl46_sc/src/common\assert.c ****  * File:        assert.c
   3:C:/Users/b01252/Documents/Freescale/L4K/software/kinetis_kl46_sc/src/common\assert.c ****  * Purpose:     Provide macro for software assertions
   4:C:/Users/b01252/Documents/Freescale/L4K/software/kinetis_kl46_sc/src/common\assert.c ****  *
   5:C:/Users/b01252/Documents/Freescale/L4K/software/kinetis_kl46_sc/src/common\assert.c ****  * Notes:       ASSERT macro defined in assert.h calls assert_failed()
   6:C:/Users/b01252/Documents/Freescale/L4K/software/kinetis_kl46_sc/src/common\assert.c ****  */
   7:C:/Users/b01252/Documents/Freescale/L4K/software/kinetis_kl46_sc/src/common\assert.c **** 
   8:C:/Users/b01252/Documents/Freescale/L4K/software/kinetis_kl46_sc/src/common\assert.c **** #include "common.h"
   9:C:/Users/b01252/Documents/Freescale/L4K/software/kinetis_kl46_sc/src/common\assert.c **** 
  10:C:/Users/b01252/Documents/Freescale/L4K/software/kinetis_kl46_sc/src/common\assert.c **** const char ASSERT_FAILED_STR[] = "Assertion failed in %s at line %d\n";
  11:C:/Users/b01252/Documents/Freescale/L4K/software/kinetis_kl46_sc/src/common\assert.c **** 
  12:C:/Users/b01252/Documents/Freescale/L4K/software/kinetis_kl46_sc/src/common\assert.c **** /********************************************************************/
  13:C:/Users/b01252/Documents/Freescale/L4K/software/kinetis_kl46_sc/src/common\assert.c **** void
  14:C:/Users/b01252/Documents/Freescale/L4K/software/kinetis_kl46_sc/src/common\assert.c **** assert_failed(char *file, int line)
  15:C:/Users/b01252/Documents/Freescale/L4K/software/kinetis_kl46_sc/src/common\assert.c **** {
  33              		.loc 1 15 0
  34              		.cfi_startproc
  35 0000 80B5     		push	{r7, lr}
  36              	.LCFI0:
  37              		.cfi_def_cfa_offset 8
  38              		.cfi_offset 7, -8
  39              		.cfi_offset 14, -4
  40 0002 84B0     		sub	sp, sp, #16
  41              	.LCFI1:
  42              		.cfi_def_cfa_offset 24
  43 0004 00AF     		add	r7, sp, #0
  44              	.LCFI2:
  45              		.cfi_def_cfa_register 7
  46 0006 7860     		str	r0, [r7, #4]
  47 0008 3960     		str	r1, [r7]
  16:C:/Users/b01252/Documents/Freescale/L4K/software/kinetis_kl46_sc/src/common\assert.c ****     int i;
  17:C:/Users/b01252/Documents/Freescale/L4K/software/kinetis_kl46_sc/src/common\assert.c ****     
  18:C:/Users/b01252/Documents/Freescale/L4K/software/kinetis_kl46_sc/src/common\assert.c ****     printf(ASSERT_FAILED_STR, file, line);
  48              		.loc 1 18 0
  49 000a 0D49     		ldr	r1, .L7
  50 000c 7A68     		ldr	r2, [r7, #4]
  51 000e 3B68     		ldr	r3, [r7]
  52 0010 081C     		mov	r0, r1
  53 0012 111C     		mov	r1, r2
  54 0014 1A1C     		mov	r2, r3
  55 0016 FFF7FEFF 		bl	printf
  56              	.L6:
  19:C:/Users/b01252/Documents/Freescale/L4K/software/kinetis_kl46_sc/src/common\assert.c **** 
  20:C:/Users/b01252/Documents/Freescale/L4K/software/kinetis_kl46_sc/src/common\assert.c ****     while (1)
  21:C:/Users/b01252/Documents/Freescale/L4K/software/kinetis_kl46_sc/src/common\assert.c ****     {
  22:C:/Users/b01252/Documents/Freescale/L4K/software/kinetis_kl46_sc/src/common\assert.c **** //        platform_led_display(0xFF);
  23:C:/Users/b01252/Documents/Freescale/L4K/software/kinetis_kl46_sc/src/common\assert.c ****         for (i = 100000; i; i--) ;
  57              		.loc 1 23 0
  58 001a 0A4B     		ldr	r3, .L7+4
  59 001c FB60     		str	r3, [r7, #12]
  60 001e 02E0     		b	.L2
  61              	.L3:
  62              		.loc 1 23 0 is_stmt 0
  63 0020 FB68     		ldr	r3, [r7, #12]
  64 0022 013B     		sub	r3, r3, #1
  65 0024 FB60     		str	r3, [r7, #12]
  66              	.L2:
  67              		.loc 1 23 0
  68 0026 FB68     		ldr	r3, [r7, #12]
  69 0028 002B     		cmp	r3, #0
  70 002a F9D1     		bne	.L3
  24:C:/Users/b01252/Documents/Freescale/L4K/software/kinetis_kl46_sc/src/common\assert.c **** //        platform_led_display(0x00);
  25:C:/Users/b01252/Documents/Freescale/L4K/software/kinetis_kl46_sc/src/common\assert.c ****         for (i = 100000; i; i--) ;
  71              		.loc 1 25 0 is_stmt 1
  72 002c 054B     		ldr	r3, .L7+4
  73 002e FB60     		str	r3, [r7, #12]
  74 0030 02E0     		b	.L4
  75              	.L5:
  76              		.loc 1 25 0 is_stmt 0
  77 0032 FB68     		ldr	r3, [r7, #12]
  78 0034 013B     		sub	r3, r3, #1
  79 0036 FB60     		str	r3, [r7, #12]
  80              	.L4:
  81              		.loc 1 25 0
  82 0038 FB68     		ldr	r3, [r7, #12]
  83 003a 002B     		cmp	r3, #0
  84 003c F9D1     		bne	.L5
  26:C:/Users/b01252/Documents/Freescale/L4K/software/kinetis_kl46_sc/src/common\assert.c ****     }
  85              		.loc 1 26 0 is_stmt 1
  86 003e ECE7     		b	.L6
  87              	.L8:
  88              		.align	2
  89              	.L7:
  90 0040 00000000 		.word	ASSERT_FAILED_STR
  91 0044 A0860100 		.word	100000
  92              		.cfi_endproc
  93              	.LFE0:
  95              		.text
  96              	.Letext0:
DEFINED SYMBOLS
                            *ABS*:00000000 assert.c
C:\Users\b01252\AppData\Local\Temp\ccJXPFQ8.s:22     .rodata.ASSERT_FAILED_STR:00000000 ASSERT_FAILED_STR
C:\Users\b01252\AppData\Local\Temp\ccJXPFQ8.s:19     .rodata.ASSERT_FAILED_STR:00000000 $d
C:\Users\b01252\AppData\Local\Temp\ccJXPFQ8.s:25     .text.assert_failed:00000000 $t
C:\Users\b01252\AppData\Local\Temp\ccJXPFQ8.s:30     .text.assert_failed:00000000 assert_failed
C:\Users\b01252\AppData\Local\Temp\ccJXPFQ8.s:90     .text.assert_failed:00000040 $d
                     .debug_frame:00000010 $d

UNDEFINED SYMBOLS
printf
