   1              		.cpu cortex-m0
   2              		.fpu softvfp
   3              		.eabi_attribute 20, 1
   4              		.eabi_attribute 21, 1
   5              		.eabi_attribute 23, 3
   6              		.eabi_attribute 24, 1
   7              		.eabi_attribute 25, 1
   8              		.eabi_attribute 26, 1
   9              		.eabi_attribute 30, 6
  10              		.eabi_attribute 34, 0
  11              		.eabi_attribute 18, 4
  12              		.code	16
  13              		.file	"io.c"
  14              		.text
  15              	.Ltext0:
  16              		.cfi_sections	.debug_frame
  17              		.section	.text.in_char,"ax",%progbits
  18              		.align	2
  19              		.global	in_char
  20              		.code	16
  21              		.thumb_func
  23              	in_char:
  24              	.LFB0:
  25              		.file 1 "C:/Users/b01252/Documents/Freescale/L4K/software/kinetis_kl46_sc/src/common/io.c"
   1:C:/Users/b01252/Documents/Freescale/L4K/software/kinetis_kl46_sc/src/common\io.c **** /*
   2:C:/Users/b01252/Documents/Freescale/L4K/software/kinetis_kl46_sc/src/common\io.c ****  * File:		io.c
   3:C:/Users/b01252/Documents/Freescale/L4K/software/kinetis_kl46_sc/src/common\io.c ****  * Purpose:		Serial Input/Output routines
   4:C:/Users/b01252/Documents/Freescale/L4K/software/kinetis_kl46_sc/src/common\io.c ****  *
   5:C:/Users/b01252/Documents/Freescale/L4K/software/kinetis_kl46_sc/src/common\io.c ****  * Notes:       TERMINAL_PORT defined in <board>.h
   6:C:/Users/b01252/Documents/Freescale/L4K/software/kinetis_kl46_sc/src/common\io.c ****  */
   7:C:/Users/b01252/Documents/Freescale/L4K/software/kinetis_kl46_sc/src/common\io.c **** 
   8:C:/Users/b01252/Documents/Freescale/L4K/software/kinetis_kl46_sc/src/common\io.c **** #include "common.h"
   9:C:/Users/b01252/Documents/Freescale/L4K/software/kinetis_kl46_sc/src/common\io.c **** #include "uart.h"
  10:C:/Users/b01252/Documents/Freescale/L4K/software/kinetis_kl46_sc/src/common\io.c **** 
  11:C:/Users/b01252/Documents/Freescale/L4K/software/kinetis_kl46_sc/src/common\io.c **** /********************************************************************/
  12:C:/Users/b01252/Documents/Freescale/L4K/software/kinetis_kl46_sc/src/common\io.c **** char
  13:C:/Users/b01252/Documents/Freescale/L4K/software/kinetis_kl46_sc/src/common\io.c **** in_char (void)
  14:C:/Users/b01252/Documents/Freescale/L4K/software/kinetis_kl46_sc/src/common\io.c **** {
  26              		.loc 1 14 0
  27              		.cfi_startproc
  28 0000 80B5     		push	{r7, lr}
  29              	.LCFI0:
  30              		.cfi_def_cfa_offset 8
  31              		.cfi_offset 7, -8
  32              		.cfi_offset 14, -4
  33 0002 00AF     		add	r7, sp, #0
  34              	.LCFI1:
  35              		.cfi_def_cfa_register 7
  15:C:/Users/b01252/Documents/Freescale/L4K/software/kinetis_kl46_sc/src/common\io.c ****   if (TERM_PORT_NUM == 0)
  16:C:/Users/b01252/Documents/Freescale/L4K/software/kinetis_kl46_sc/src/common\io.c ****     return uart0_getchar(UART0_BASE_PTR);
  17:C:/Users/b01252/Documents/Freescale/L4K/software/kinetis_kl46_sc/src/common\io.c ****   else if (TERM_PORT_NUM == 1)
  18:C:/Users/b01252/Documents/Freescale/L4K/software/kinetis_kl46_sc/src/common\io.c ****     return uart_getchar(UART1_BASE_PTR);
  19:C:/Users/b01252/Documents/Freescale/L4K/software/kinetis_kl46_sc/src/common\io.c ****   else
  20:C:/Users/b01252/Documents/Freescale/L4K/software/kinetis_kl46_sc/src/common\io.c ****     return uart_getchar(UART2_BASE_PTR);
  36              		.loc 1 20 0
  37 0004 034B     		ldr	r3, .L3
  38 0006 181C     		mov	r0, r3
  39 0008 FFF7FEFF 		bl	uart_getchar
  40 000c 031C     		mov	r3, r0
  21:C:/Users/b01252/Documents/Freescale/L4K/software/kinetis_kl46_sc/src/common\io.c ****  
  22:C:/Users/b01252/Documents/Freescale/L4K/software/kinetis_kl46_sc/src/common\io.c **** }
  41              		.loc 1 22 0
  42 000e 181C     		mov	r0, r3
  43 0010 BD46     		mov	sp, r7
  44              		@ sp needed for prologue
  45 0012 80BD     		pop	{r7, pc}
  46              	.L4:
  47              		.align	2
  48              	.L3:
  49 0014 00C00640 		.word	1074184192
  50              		.cfi_endproc
  51              	.LFE0:
  53              		.section	.text.out_char,"ax",%progbits
  54              		.align	2
  55              		.global	out_char
  56              		.code	16
  57              		.thumb_func
  59              	out_char:
  60              	.LFB1:
  23:C:/Users/b01252/Documents/Freescale/L4K/software/kinetis_kl46_sc/src/common\io.c **** /********************************************************************/
  24:C:/Users/b01252/Documents/Freescale/L4K/software/kinetis_kl46_sc/src/common\io.c **** void
  25:C:/Users/b01252/Documents/Freescale/L4K/software/kinetis_kl46_sc/src/common\io.c **** out_char (char ch)
  26:C:/Users/b01252/Documents/Freescale/L4K/software/kinetis_kl46_sc/src/common\io.c **** {
  61              		.loc 1 26 0
  62              		.cfi_startproc
  63 0000 80B5     		push	{r7, lr}
  64              	.LCFI2:
  65              		.cfi_def_cfa_offset 8
  66              		.cfi_offset 7, -8
  67              		.cfi_offset 14, -4
  68 0002 82B0     		sub	sp, sp, #8
  69              	.LCFI3:
  70              		.cfi_def_cfa_offset 16
  71 0004 00AF     		add	r7, sp, #0
  72              	.LCFI4:
  73              		.cfi_def_cfa_register 7
  74 0006 021C     		mov	r2, r0
  75 0008 FB1D     		add	r3, r7, #7
  76 000a 1A70     		strb	r2, [r3]
  27:C:/Users/b01252/Documents/Freescale/L4K/software/kinetis_kl46_sc/src/common\io.c ****   if (TERM_PORT_NUM == 0)
  28:C:/Users/b01252/Documents/Freescale/L4K/software/kinetis_kl46_sc/src/common\io.c ****     uart0_putchar(UART0_BASE_PTR, ch);
  29:C:/Users/b01252/Documents/Freescale/L4K/software/kinetis_kl46_sc/src/common\io.c ****   else if (TERM_PORT_NUM == 1)
  30:C:/Users/b01252/Documents/Freescale/L4K/software/kinetis_kl46_sc/src/common\io.c ****     uart_putchar(UART1_BASE_PTR, ch);
  31:C:/Users/b01252/Documents/Freescale/L4K/software/kinetis_kl46_sc/src/common\io.c ****   else
  32:C:/Users/b01252/Documents/Freescale/L4K/software/kinetis_kl46_sc/src/common\io.c ****     uart_putchar(UART2_BASE_PTR, ch);
  77              		.loc 1 32 0
  78 000c 044A     		ldr	r2, .L6
  79 000e FB1D     		add	r3, r7, #7
  80 0010 1B78     		ldrb	r3, [r3]
  81 0012 101C     		mov	r0, r2
  82 0014 191C     		mov	r1, r3
  83 0016 FFF7FEFF 		bl	uart_putchar
  33:C:/Users/b01252/Documents/Freescale/L4K/software/kinetis_kl46_sc/src/common\io.c ****   
  34:C:/Users/b01252/Documents/Freescale/L4K/software/kinetis_kl46_sc/src/common\io.c **** }
  84              		.loc 1 34 0
  85 001a BD46     		mov	sp, r7
  86 001c 02B0     		add	sp, sp, #8
  87              		@ sp needed for prologue
  88 001e 80BD     		pop	{r7, pc}
  89              	.L7:
  90              		.align	2
  91              	.L6:
  92 0020 00C00640 		.word	1074184192
  93              		.cfi_endproc
  94              	.LFE1:
  96              		.section	.text.char_present,"ax",%progbits
  97              		.align	2
  98              		.global	char_present
  99              		.code	16
 100              		.thumb_func
 102              	char_present:
 103              	.LFB2:
  35:C:/Users/b01252/Documents/Freescale/L4K/software/kinetis_kl46_sc/src/common\io.c **** 
  36:C:/Users/b01252/Documents/Freescale/L4K/software/kinetis_kl46_sc/src/common\io.c **** /********************************************************************/
  37:C:/Users/b01252/Documents/Freescale/L4K/software/kinetis_kl46_sc/src/common\io.c **** int
  38:C:/Users/b01252/Documents/Freescale/L4K/software/kinetis_kl46_sc/src/common\io.c **** char_present (void)
  39:C:/Users/b01252/Documents/Freescale/L4K/software/kinetis_kl46_sc/src/common\io.c **** {
 104              		.loc 1 39 0
 105              		.cfi_startproc
 106 0000 80B5     		push	{r7, lr}
 107              	.LCFI5:
 108              		.cfi_def_cfa_offset 8
 109              		.cfi_offset 7, -8
 110              		.cfi_offset 14, -4
 111 0002 00AF     		add	r7, sp, #0
 112              	.LCFI6:
 113              		.cfi_def_cfa_register 7
  40:C:/Users/b01252/Documents/Freescale/L4K/software/kinetis_kl46_sc/src/common\io.c ****   if (TERM_PORT_NUM == 0)
  41:C:/Users/b01252/Documents/Freescale/L4K/software/kinetis_kl46_sc/src/common\io.c ****     return uart0_getchar_present(UART0_BASE_PTR);
  42:C:/Users/b01252/Documents/Freescale/L4K/software/kinetis_kl46_sc/src/common\io.c ****   else if (TERM_PORT_NUM == 1)
  43:C:/Users/b01252/Documents/Freescale/L4K/software/kinetis_kl46_sc/src/common\io.c ****     return uart_getchar_present(UART1_BASE_PTR);
  44:C:/Users/b01252/Documents/Freescale/L4K/software/kinetis_kl46_sc/src/common\io.c ****   else
  45:C:/Users/b01252/Documents/Freescale/L4K/software/kinetis_kl46_sc/src/common\io.c ****     return uart_getchar_present(UART2_BASE_PTR);
 114              		.loc 1 45 0
 115 0004 034B     		ldr	r3, .L10
 116 0006 181C     		mov	r0, r3
 117 0008 FFF7FEFF 		bl	uart_getchar_present
 118 000c 031C     		mov	r3, r0
  46:C:/Users/b01252/Documents/Freescale/L4K/software/kinetis_kl46_sc/src/common\io.c ****   
  47:C:/Users/b01252/Documents/Freescale/L4K/software/kinetis_kl46_sc/src/common\io.c **** }
 119              		.loc 1 47 0
 120 000e 181C     		mov	r0, r3
 121 0010 BD46     		mov	sp, r7
 122              		@ sp needed for prologue
 123 0012 80BD     		pop	{r7, pc}
 124              	.L11:
 125              		.align	2
 126              	.L10:
 127 0014 00C00640 		.word	1074184192
 128              		.cfi_endproc
 129              	.LFE2:
 131              		.text
 132              	.Letext0:
 133              		.file 2 "C:/Users/b01252/Documents/Freescale/L4K/software/kinetis_kl46_sc/src/cpu/headers/MKL46Z4.
 134              		.file 3 "C:/Freescale/CW MCU v10.4/MCU/ARM_GCC_Support/ewl/EWL_C/include/cstdint"
DEFINED SYMBOLS
                            *ABS*:00000000 io.c
C:\Users\b01252\AppData\Local\Temp\ccuFLuUo.s:18     .text.in_char:00000000 $t
C:\Users\b01252\AppData\Local\Temp\ccuFLuUo.s:23     .text.in_char:00000000 in_char
C:\Users\b01252\AppData\Local\Temp\ccuFLuUo.s:49     .text.in_char:00000014 $d
C:\Users\b01252\AppData\Local\Temp\ccuFLuUo.s:54     .text.out_char:00000000 $t
C:\Users\b01252\AppData\Local\Temp\ccuFLuUo.s:59     .text.out_char:00000000 out_char
C:\Users\b01252\AppData\Local\Temp\ccuFLuUo.s:92     .text.out_char:00000020 $d
C:\Users\b01252\AppData\Local\Temp\ccuFLuUo.s:97     .text.char_present:00000000 $t
C:\Users\b01252\AppData\Local\Temp\ccuFLuUo.s:102    .text.char_present:00000000 char_present
C:\Users\b01252\AppData\Local\Temp\ccuFLuUo.s:127    .text.char_present:00000014 $d
                     .debug_frame:00000010 $d

UNDEFINED SYMBOLS
uart_getchar
uart_putchar
uart_getchar_present
