   1              		.cpu cortex-m0
   2              		.fpu softvfp
   3              		.eabi_attribute 20, 1
   4              		.eabi_attribute 21, 1
   5              		.eabi_attribute 23, 3
   6              		.eabi_attribute 24, 1
   7              		.eabi_attribute 25, 1
   8              		.eabi_attribute 26, 1
   9              		.eabi_attribute 30, 6
  10              		.eabi_attribute 34, 0
  11              		.eabi_attribute 18, 4
  12              		.code	16
  13              		.file	"task_mgr.c"
  14              		.text
  15              	.Ltext0:
  16              		.cfi_sections	.debug_frame
  17              		.comm	ptr_next_task,4,4
  18              		.comm	resp_ptr_next_task,4,4
  19              		.comm	task_status,4,4
  20              	.Letext0:
  21              		.file 1 "C:/Users/b01252/Documents/Freescale/L4K/software/kinetis_kl46_sc/src/projects/FRDMKL46_De
DEFINED SYMBOLS
                            *ABS*:00000000 task_mgr.c
                            *COM*:00000004 ptr_next_task
                            *COM*:00000004 resp_ptr_next_task
                            *COM*:00000004 task_status

NO UNDEFINED SYMBOLS
